[36mATRI[0m | 03-15 09:55:01 | WARNING nonebot >> Duplicated prefix rule "ï¼lottery"
[36mATRI[0m | 03-15 09:55:01 | WARNING nonebot >> Duplicated prefix rule "!lottery"
[36mATRI[0m | 03-15 09:55:01 | WARNING nonebot >> Duplicated prefix rule "/lottery"
[36mATRI[0m | 03-15 09:57:17 | ERROR nonebot >> Running matcher <Matcher from src.plugins.ping, type=message, priority=1, temp=False> failed.
Traceback (most recent call last):

  File "/usr/bin/nb", line 8, in <module>
    sys.exit(main())
    â”‚   â”‚    â”” <ClickAliasedGroup main>
    â”‚   â”” <built-in function exit>
    â”” <module 'sys' (built-in)>
  File "/usr/local/python3/lib/python3.8/site-packages/click/core.py", line 1128, in __call__
    return self.main(*args, **kwargs)
           â”‚    â”‚     â”‚       â”” {}
           â”‚    â”‚     â”” ()
           â”‚    â”” <function BaseCommand.main at 0x7ff3af27c040>
           â”” <ClickAliasedGroup main>
  File "/usr/local/python3/lib/python3.8/site-packages/click/core.py", line 1053, in main
    rv = self.invoke(ctx)
         â”‚    â”‚      â”” <click.core.Context object at 0x7ff3afb014f0>
         â”‚    â”” <function MultiCommand.invoke at 0x7ff3af2800d0>
         â”” <ClickAliasedGroup main>
  File "/usr/local/python3/lib/python3.8/site-packages/click/core.py", line 1659, in invoke
    return _process_result(sub_ctx.command.invoke(sub_ctx))
           â”‚               â”‚       â”‚       â”‚      â”” <click.core.Context object at 0x7ff3b73ee370>
           â”‚               â”‚       â”‚       â”” <function Command.invoke at 0x7ff3af27caf0>
           â”‚               â”‚       â”” <ClickAliasedCommand run>
           â”‚               â”” <click.core.Context object at 0x7ff3b73ee370>
           â”” <function MultiCommand.invoke.<locals>._process_result at 0x7ff3a61a7a60>
  File "/usr/local/python3/lib/python3.8/site-packages/click/core.py", line 1395, in invoke
    return ctx.invoke(self.callback, **ctx.params)
           â”‚   â”‚      â”‚    â”‚           â”‚   â”” {'file': 'bot.py', 'app': 'app'}
           â”‚   â”‚      â”‚    â”‚           â”” <click.core.Context object at 0x7ff3b73ee370>
           â”‚   â”‚      â”‚    â”” <function run at 0x7ff3a62d1940>
           â”‚   â”‚      â”” <ClickAliasedCommand run>
           â”‚   â”” <function Context.invoke at 0x7ff3af2788b0>
           â”” <click.core.Context object at 0x7ff3b73ee370>
  File "/usr/local/python3/lib/python3.8/site-packages/click/core.py", line 754, in invoke
    return __callback(*args, **kwargs)
                       â”‚       â”” {'file': 'bot.py', 'app': 'app'}
                       â”” ()
  File "/usr/local/python3/lib/python3.8/site-packages/nb_cli/commands/main.py", line 30, in run
    run_bot(file, app)
    â”‚       â”‚     â”” 'app'
    â”‚       â”” 'bot.py'
    â”” <function run_bot at 0x7ff3a62c2700>
  File "/usr/local/python3/lib/python3.8/site-packages/nb_cli/handlers/deploy.py", line 24, in run_bot
    nonebot.run(app=f"{module_name}:{app}")
    â”‚       â”” <function run at 0x7ff3a83c79d0>
    â”” <module 'nonebot' from '/usr/local/python3/lib/python3.8/site-packages/nonebot/__init__.py'>
  File "/usr/local/python3/lib/python3.8/site-packages/nonebot/__init__.py", line 258, in run
    get_driver().run(*args, **kwargs)
    â”‚                 â”‚       â”” {'app': 'bot:app'}
    â”‚                 â”” ()
    â”” <function get_driver at 0x7ff3a83c7550>
  File "/usr/local/python3/lib/python3.8/site-packages/nonebot/drivers/fastapi.py", line 168, in run
    uvicorn.run(
    â”‚       â”” <function run at 0x7ff3a60ce700>
    â”” <module 'uvicorn' from '/usr/local/python3/lib/python3.8/site-packages/uvicorn/__init__.py'>
  File "/usr/local/python3/lib/python3.8/site-packages/uvicorn/main.py", line 463, in run
    server.run()
    â”‚      â”” <function Server.run at 0x7ff3a60ceaf0>
    â”” <uvicorn.server.Server object at 0x7ff381704310>
  File "/usr/local/python3/lib/python3.8/site-packages/uvicorn/server.py", line 60, in run
    return asyncio.run(self.serve(sockets=sockets))
           â”‚       â”‚   â”‚    â”‚             â”” None
           â”‚       â”‚   â”‚    â”” <function Server.serve at 0x7ff3a60ceb80>
           â”‚       â”‚   â”” <uvicorn.server.Server object at 0x7ff381704310>
           â”‚       â”” <function run at 0x7ff3abb034c0>
           â”” <module 'asyncio' from '/usr/local/python3/lib/python3.8/asyncio/__init__.py'>
  File "/usr/local/python3/lib/python3.8/asyncio/runners.py", line 43, in run
    return loop.run_until_complete(main)
           â”‚    â”‚                  â”” <coroutine object Server.serve at 0x7ff381763ac0>
           â”‚    â”” <method 'run_until_complete' of 'uvloop.loop.Loop' objects>
           â”” <uvloop.Loop running=True closed=False debug=False>
  File "/usr/local/python3/lib/python3.8/site-packages/nonebot/message.py", line 153, in _check_matcher
    await _run_matcher(Matcher, bot, event, state, stack, dependency_cache)
          â”‚            â”‚        â”‚    â”‚      â”‚      â”‚      â”” {<function _event_to_me at 0x7ff3a836b0d0>: <Task finished name='Task-3882' coro=<_event_to_me() done, defined at /usr/local/...
          â”‚            â”‚        â”‚    â”‚      â”‚      â”” <contextlib.AsyncExitStack object at 0x7ff37de6a160>
          â”‚            â”‚        â”‚    â”‚      â”” {'_prefix': {'command': ('ping',), 'raw_command': '/ping', 'command_arg': []}}
          â”‚            â”‚        â”‚    â”” GroupMessageEvent(time=1647309431, self_id=507346814, post_type='message', sub_type='normal', user_id=2560359315, message_typ...
          â”‚            â”‚        â”” <nonebot.adapters.onebot.v11.bot.Bot object at 0x7ff380542340>
          â”‚            â”” <Matcher from src.plugins.ping, type=message, priority=1, temp=False>
          â”” <function _run_matcher at 0x7ff3a61e7700>
> File "/usr/local/python3/lib/python3.8/site-packages/nonebot/message.py", line 202, in _run_matcher
    await matcher.run(bot, event, state, stack, dependency_cache)
          â”‚       â”‚   â”‚    â”‚      â”‚      â”‚      â”” {<function _event_to_me at 0x7ff3a836b0d0>: <Task finished name='Task-3882' coro=<_event_to_me() done, defined at /usr/local/...
          â”‚       â”‚   â”‚    â”‚      â”‚      â”” <contextlib.AsyncExitStack object at 0x7ff37de6a160>
          â”‚       â”‚   â”‚    â”‚      â”” {'_prefix': {'command': ('ping',), 'raw_command': '/ping', 'command_arg': []}}
          â”‚       â”‚   â”‚    â”” GroupMessageEvent(time=1647309431, self_id=507346814, post_type='message', sub_type='normal', user_id=2560359315, message_typ...
          â”‚       â”‚   â”” <nonebot.adapters.onebot.v11.bot.Bot object at 0x7ff380542340>
          â”‚       â”” <function Matcher.run at 0x7ff3a83e7c10>
          â”” <Matcher from src.plugins.ping, type=message, priority=1, temp=False>
  File "/usr/local/python3/lib/python3.8/site-packages/nonebot/internal/matcher.py", line 668, in run
    await self.simple_run(bot, event, state, stack, dependency_cache)
          â”‚    â”‚          â”‚    â”‚      â”‚      â”‚      â”” {<function _event_to_me at 0x7ff3a836b0d0>: <Task finished name='Task-3882' coro=<_event_to_me() done, defined at /usr/local/...
          â”‚    â”‚          â”‚    â”‚      â”‚      â”” <contextlib.AsyncExitStack object at 0x7ff37de6a160>
          â”‚    â”‚          â”‚    â”‚      â”” {'_prefix': {'command': ('ping',), 'raw_command': '/ping', 'command_arg': []}}
          â”‚    â”‚          â”‚    â”” GroupMessageEvent(time=1647309431, self_id=507346814, post_type='message', sub_type='normal', user_id=2560359315, message_typ...
          â”‚    â”‚          â”” <nonebot.adapters.onebot.v11.bot.Bot object at 0x7ff380542340>
          â”‚    â”” <function Matcher.simple_run at 0x7ff3a83e7b80>
          â”” <Matcher from src.plugins.ping, type=message, priority=1, temp=False>
  File "/usr/local/python3/lib/python3.8/site-packages/nonebot/internal/matcher.py", line 635, in simple_run
    await handler(
          â”” <Dependent call=<function ping_handle at 0x7ff3911de3a0>, params=[ModelField(name='bot', type=Bot, required=True), ModelField...
  File "/usr/local/python3/lib/python3.8/site-packages/nonebot/dependencies/__init__.py", line 92, in __call__
    return await self.call(**values)
                 â”‚    â”‚      â”” {'bot': <nonebot.adapters.onebot.v11.bot.Bot object at 0x7ff380542340>, 'event': GroupMessageEvent(time=1647309431, self_id=5...
                 â”‚    â”” <function ping_handle at 0x7ff3911de3a0>
                 â”” <Dependent call=<function ping_handle at 0x7ff3911de3a0>, params=[ModelField(name='bot', type=Bot, required=True), ModelField...

  File "./src/plugins/ping.py", line 15, in ping_handle
    await ping.send(result)
          â”‚    â”‚    â”” 'Pong!   (280 ms)'
          â”‚    â”” <classmethod object at 0x7ff3a83e2be0>
          â”” <Matcher from src.plugins.ping, type=message, priority=1, temp=False>

  File "/usr/local/python3/lib/python3.8/site-packages/nonebot/internal/matcher.py", line 449, in send
    return await bot.send(event=event, message=_message, **kwargs)
                 â”‚   â”‚          â”‚              â”‚           â”” {}
                 â”‚   â”‚          â”‚              â”” 'Pong!   (280 ms)'
                 â”‚   â”‚          â”” GroupMessageEvent(time=1647309431, self_id=507346814, post_type='message', sub_type='normal', user_id=2560359315, message_typ...
                 â”‚   â”” <function Bot.send at 0x7ff3a61e7c10>
                 â”” <nonebot.adapters.onebot.v11.bot.Bot object at 0x7ff380542340>
  File "/usr/local/python3/lib/python3.8/site-packages/nonebot/adapters/onebot/v11/bot.py", line 247, in send
    return await self.__class__.send_handler(self, event, message, **kwargs)
                 â”‚    â”‚                      â”‚     â”‚      â”‚          â”” {}
                 â”‚    â”‚                      â”‚     â”‚      â”” 'Pong!   (280 ms)'
                 â”‚    â”‚                      â”‚     â”” GroupMessageEvent(time=1647309431, self_id=507346814, post_type='message', sub_type='normal', user_id=2560359315, message_typ...
                 â”‚    â”‚                      â”” <nonebot.adapters.onebot.v11.bot.Bot object at 0x7ff380542340>
                 â”‚    â”” <attribute '__class__' of 'object' objects>
                 â”” <nonebot.adapters.onebot.v11.bot.Bot object at 0x7ff380542340>
  File "/usr/local/python3/lib/python3.8/site-packages/nonebot/adapters/onebot/v11/bot.py", line 175, in send
    return await bot.send_msg(**params)
                 â”‚              â”” {'user_id': 2560359315, 'group_id': 277620613, 'message_type': 'group', 'message': [MessageSegment(type='text', data={'text':...
                 â”” <nonebot.adapters.onebot.v11.bot.Bot object at 0x7ff380542340>
  File "/usr/local/python3/lib/python3.8/site-packages/nonebot/adapters/onebot/v11/bot.py", line 208, in call_api
    return await super().call_api(api, **data)
                                  â”‚      â”” {'user_id': 2560359315, 'group_id': 277620613, 'message_type': 'group', 'message': [MessageSegment(type='text', data={'text':...
                                  â”” 'send_msg'
  File "/usr/local/python3/lib/python3.8/site-packages/nonebot/internal/adapter/bot.py", line 117, in call_api
    raise exception
          â”” <ActionFailed data=None, echo={'seq': 1}, msg=SEND_MSG_API_ERROR, retcode=100, status=failed, wording=è¯·å‚è€ƒ go-cqhttp ç«¯è¾“å‡º>
  File "/usr/local/python3/lib/python3.8/site-packages/nonebot/internal/adapter/bot.py", line 94, in call_api
    result = await self.adapter._call_api(self, api, **data)
                   â”‚    â”‚       â”‚         â”‚     â”‚      â”” {'user_id': 2560359315, 'group_id': 277620613, 'message_type': 'group', 'message': [MessageSegment(type='text', data={'text':...
                   â”‚    â”‚       â”‚         â”‚     â”” 'send_msg'
                   â”‚    â”‚       â”‚         â”” <nonebot.adapters.onebot.v11.bot.Bot object at 0x7ff380542340>
                   â”‚    â”‚       â”” <function Adapter._call_api at 0x7ff3a61f8040>
                   â”‚    â”” <nonebot.adapters.onebot.v11.adapter.Adapter object at 0x7ff3a62630a0>
                   â”” <nonebot.adapters.onebot.v11.bot.Bot object at 0x7ff380542340>
  File "/usr/local/python3/lib/python3.8/site-packages/nonebot/adapters/onebot/v11/adapter.py", line 107, in _call_api
    return _handle_api_result(
           â”” <function _handle_api_result at 0x7ff3a627c670>
  File "/usr/local/python3/lib/python3.8/site-packages/nonebot/adapters/onebot/v11/utils.py", line 81, in _handle_api_result
    raise ActionFailed(**result)
          â”‚              â”” {'data': None, 'echo': {'seq': 1}, 'msg': 'SEND_MSG_API_ERROR', 'retcode': 100, 'status': 'failed', 'wording': 'è¯·å‚è€ƒ go-cqhttp...
          â”” <class 'nonebot.adapters.onebot.v11.exception.ActionFailed'>

nonebot.adapters.onebot.v11.exception.ActionFailed: <ActionFailed data=None, echo={'seq': 1}, msg=SEND_MSG_API_ERROR, retcode=100, status=failed, wording=è¯·å‚è€ƒ go-cqhttp ç«¯è¾“å‡º>
[36mATRI[0m | 03-15 11:35:58 | ERROR nonebot >> Running matcher <Matcher from src.plugins.ping, type=message, priority=1, temp=False> failed.
Traceback (most recent call last):

  File "/usr/bin/nb", line 8, in <module>
    sys.exit(main())
    â”‚   â”‚    â”” <ClickAliasedGroup main>
    â”‚   â”” <built-in function exit>
    â”” <module 'sys' (built-in)>
  File "/usr/local/python3/lib/python3.8/site-packages/click/core.py", line 1128, in __call__
    return self.main(*args, **kwargs)
           â”‚    â”‚     â”‚       â”” {}
           â”‚    â”‚     â”” ()
           â”‚    â”” <function BaseCommand.main at 0x7ff3af27c040>
           â”” <ClickAliasedGroup main>
  File "/usr/local/python3/lib/python3.8/site-packages/click/core.py", line 1053, in main
    rv = self.invoke(ctx)
         â”‚    â”‚      â”” <click.core.Context object at 0x7ff3afb014f0>
         â”‚    â”” <function MultiCommand.invoke at 0x7ff3af2800d0>
         â”” <ClickAliasedGroup main>
  File "/usr/local/python3/lib/python3.8/site-packages/click/core.py", line 1659, in invoke
    return _process_result(sub_ctx.command.invoke(sub_ctx))
           â”‚               â”‚       â”‚       â”‚      â”” <click.core.Context object at 0x7ff3b73ee370>
           â”‚               â”‚       â”‚       â”” <function Command.invoke at 0x7ff3af27caf0>
           â”‚               â”‚       â”” <ClickAliasedCommand run>
           â”‚               â”” <click.core.Context object at 0x7ff3b73ee370>
           â”” <function MultiCommand.invoke.<locals>._process_result at 0x7ff3a61a7a60>
  File "/usr/local/python3/lib/python3.8/site-packages/click/core.py", line 1395, in invoke
    return ctx.invoke(self.callback, **ctx.params)
           â”‚   â”‚      â”‚    â”‚           â”‚   â”” {'file': 'bot.py', 'app': 'app'}
           â”‚   â”‚      â”‚    â”‚           â”” <click.core.Context object at 0x7ff3b73ee370>
           â”‚   â”‚      â”‚    â”” <function run at 0x7ff3a62d1940>
           â”‚   â”‚      â”” <ClickAliasedCommand run>
           â”‚   â”” <function Context.invoke at 0x7ff3af2788b0>
           â”” <click.core.Context object at 0x7ff3b73ee370>
  File "/usr/local/python3/lib/python3.8/site-packages/click/core.py", line 754, in invoke
    return __callback(*args, **kwargs)
                       â”‚       â”” {'file': 'bot.py', 'app': 'app'}
                       â”” ()
  File "/usr/local/python3/lib/python3.8/site-packages/nb_cli/commands/main.py", line 30, in run
    run_bot(file, app)
    â”‚       â”‚     â”” 'app'
    â”‚       â”” 'bot.py'
    â”” <function run_bot at 0x7ff3a62c2700>
  File "/usr/local/python3/lib/python3.8/site-packages/nb_cli/handlers/deploy.py", line 24, in run_bot
    nonebot.run(app=f"{module_name}:{app}")
    â”‚       â”” <function run at 0x7ff3a83c79d0>
    â”” <module 'nonebot' from '/usr/local/python3/lib/python3.8/site-packages/nonebot/__init__.py'>
  File "/usr/local/python3/lib/python3.8/site-packages/nonebot/__init__.py", line 258, in run
    get_driver().run(*args, **kwargs)
    â”‚                 â”‚       â”” {'app': 'bot:app'}
    â”‚                 â”” ()
    â”” <function get_driver at 0x7ff3a83c7550>
  File "/usr/local/python3/lib/python3.8/site-packages/nonebot/drivers/fastapi.py", line 168, in run
    uvicorn.run(
    â”‚       â”” <function run at 0x7ff3a60ce700>
    â”” <module 'uvicorn' from '/usr/local/python3/lib/python3.8/site-packages/uvicorn/__init__.py'>
  File "/usr/local/python3/lib/python3.8/site-packages/uvicorn/main.py", line 463, in run
    server.run()
    â”‚      â”” <function Server.run at 0x7ff3a60ceaf0>
    â”” <uvicorn.server.Server object at 0x7ff381704310>
  File "/usr/local/python3/lib/python3.8/site-packages/uvicorn/server.py", line 60, in run
    return asyncio.run(self.serve(sockets=sockets))
           â”‚       â”‚   â”‚    â”‚             â”” None
           â”‚       â”‚   â”‚    â”” <function Server.serve at 0x7ff3a60ceb80>
           â”‚       â”‚   â”” <uvicorn.server.Server object at 0x7ff381704310>
           â”‚       â”” <function run at 0x7ff3abb034c0>
           â”” <module 'asyncio' from '/usr/local/python3/lib/python3.8/asyncio/__init__.py'>
  File "/usr/local/python3/lib/python3.8/asyncio/runners.py", line 43, in run
    return loop.run_until_complete(main)
           â”‚    â”‚                  â”” <coroutine object Server.serve at 0x7ff381763ac0>
           â”‚    â”” <method 'run_until_complete' of 'uvloop.loop.Loop' objects>
           â”” <uvloop.Loop running=True closed=False debug=False>
  File "/usr/local/python3/lib/python3.8/site-packages/nonebot/message.py", line 153, in _check_matcher
    await _run_matcher(Matcher, bot, event, state, stack, dependency_cache)
          â”‚            â”‚        â”‚    â”‚      â”‚      â”‚      â”” {<function _event_to_me at 0x7ff3a836b0d0>: <Task finished name='Task-359336' coro=<_event_to_me() done, defined at /usr/loca...
          â”‚            â”‚        â”‚    â”‚      â”‚      â”” <contextlib.AsyncExitStack object at 0x7ff37eeb2070>
          â”‚            â”‚        â”‚    â”‚      â”” {'_prefix': {'command': ('ping',), 'raw_command': 'ï¼ping', 'command_arg': []}}
          â”‚            â”‚        â”‚    â”” GroupMessageEvent(time=1647315352, self_id=507346814, post_type='message', sub_type='normal', user_id=2316809418, message_typ...
          â”‚            â”‚        â”” <nonebot.adapters.onebot.v11.bot.Bot object at 0x7ff380542340>
          â”‚            â”” <Matcher from src.plugins.ping, type=message, priority=1, temp=False>
          â”” <function _run_matcher at 0x7ff3a61e7700>
> File "/usr/local/python3/lib/python3.8/site-packages/nonebot/message.py", line 202, in _run_matcher
    await matcher.run(bot, event, state, stack, dependency_cache)
          â”‚       â”‚   â”‚    â”‚      â”‚      â”‚      â”” {<function _event_to_me at 0x7ff3a836b0d0>: <Task finished name='Task-359336' coro=<_event_to_me() done, defined at /usr/loca...
          â”‚       â”‚   â”‚    â”‚      â”‚      â”” <contextlib.AsyncExitStack object at 0x7ff37eeb2070>
          â”‚       â”‚   â”‚    â”‚      â”” {'_prefix': {'command': ('ping',), 'raw_command': 'ï¼ping', 'command_arg': []}}
          â”‚       â”‚   â”‚    â”” GroupMessageEvent(time=1647315352, self_id=507346814, post_type='message', sub_type='normal', user_id=2316809418, message_typ...
          â”‚       â”‚   â”” <nonebot.adapters.onebot.v11.bot.Bot object at 0x7ff380542340>
          â”‚       â”” <function Matcher.run at 0x7ff3a83e7c10>
          â”” <Matcher from src.plugins.ping, type=message, priority=1, temp=False>
  File "/usr/local/python3/lib/python3.8/site-packages/nonebot/internal/matcher.py", line 668, in run
    await self.simple_run(bot, event, state, stack, dependency_cache)
          â”‚    â”‚          â”‚    â”‚      â”‚      â”‚      â”” {<function _event_to_me at 0x7ff3a836b0d0>: <Task finished name='Task-359336' coro=<_event_to_me() done, defined at /usr/loca...
          â”‚    â”‚          â”‚    â”‚      â”‚      â”” <contextlib.AsyncExitStack object at 0x7ff37eeb2070>
          â”‚    â”‚          â”‚    â”‚      â”” {'_prefix': {'command': ('ping',), 'raw_command': 'ï¼ping', 'command_arg': []}}
          â”‚    â”‚          â”‚    â”” GroupMessageEvent(time=1647315352, self_id=507346814, post_type='message', sub_type='normal', user_id=2316809418, message_typ...
          â”‚    â”‚          â”” <nonebot.adapters.onebot.v11.bot.Bot object at 0x7ff380542340>
          â”‚    â”” <function Matcher.simple_run at 0x7ff3a83e7b80>
          â”” <Matcher from src.plugins.ping, type=message, priority=1, temp=False>
  File "/usr/local/python3/lib/python3.8/site-packages/nonebot/internal/matcher.py", line 635, in simple_run
    await handler(
          â”” <Dependent call=<function ping_handle at 0x7ff3911de3a0>, params=[ModelField(name='bot', type=Bot, required=True), ModelField...
  File "/usr/local/python3/lib/python3.8/site-packages/nonebot/dependencies/__init__.py", line 92, in __call__
    return await self.call(**values)
                 â”‚    â”‚      â”” {'bot': <nonebot.adapters.onebot.v11.bot.Bot object at 0x7ff380542340>, 'event': GroupMessageEvent(time=1647315352, self_id=5...
                 â”‚    â”” <function ping_handle at 0x7ff3911de3a0>
                 â”” <Dependent call=<function ping_handle at 0x7ff3911de3a0>, params=[ModelField(name='bot', type=Bot, required=True), ModelField...

  File "./src/plugins/ping.py", line 15, in ping_handle
    await ping.send(result)
          â”‚    â”‚    â”” 'Pong!   (53 ms)'
          â”‚    â”” <classmethod object at 0x7ff3a83e2be0>
          â”” <Matcher from src.plugins.ping, type=message, priority=1, temp=False>

  File "/usr/local/python3/lib/python3.8/site-packages/nonebot/internal/matcher.py", line 449, in send
    return await bot.send(event=event, message=_message, **kwargs)
                 â”‚   â”‚          â”‚              â”‚           â”” {}
                 â”‚   â”‚          â”‚              â”” 'Pong!   (53 ms)'
                 â”‚   â”‚          â”” GroupMessageEvent(time=1647315352, self_id=507346814, post_type='message', sub_type='normal', user_id=2316809418, message_typ...
                 â”‚   â”” <function Bot.send at 0x7ff3a61e7c10>
                 â”” <nonebot.adapters.onebot.v11.bot.Bot object at 0x7ff380542340>
  File "/usr/local/python3/lib/python3.8/site-packages/nonebot/adapters/onebot/v11/bot.py", line 247, in send
    return await self.__class__.send_handler(self, event, message, **kwargs)
                 â”‚    â”‚                      â”‚     â”‚      â”‚          â”” {}
                 â”‚    â”‚                      â”‚     â”‚      â”” 'Pong!   (53 ms)'
                 â”‚    â”‚                      â”‚     â”” GroupMessageEvent(time=1647315352, self_id=507346814, post_type='message', sub_type='normal', user_id=2316809418, message_typ...
                 â”‚    â”‚                      â”” <nonebot.adapters.onebot.v11.bot.Bot object at 0x7ff380542340>
                 â”‚    â”” <attribute '__class__' of 'object' objects>
                 â”” <nonebot.adapters.onebot.v11.bot.Bot object at 0x7ff380542340>
  File "/usr/local/python3/lib/python3.8/site-packages/nonebot/adapters/onebot/v11/bot.py", line 175, in send
    return await bot.send_msg(**params)
                 â”‚              â”” {'user_id': 2316809418, 'group_id': 937760225, 'message_type': 'group', 'message': [MessageSegment(type='text', data={'text':...
                 â”” <nonebot.adapters.onebot.v11.bot.Bot object at 0x7ff380542340>
  File "/usr/local/python3/lib/python3.8/site-packages/nonebot/adapters/onebot/v11/bot.py", line 208, in call_api
    return await super().call_api(api, **data)
                                  â”‚      â”” {'user_id': 2316809418, 'group_id': 937760225, 'message_type': 'group', 'message': [MessageSegment(type='text', data={'text':...
                                  â”” 'send_msg'
  File "/usr/local/python3/lib/python3.8/site-packages/nonebot/internal/adapter/bot.py", line 117, in call_api
    raise exception
          â”” <ActionFailed data=None, echo={'seq': 107}, msg=SEND_MSG_API_ERROR, retcode=100, status=failed, wording=è¯·å‚è€ƒ go-cqhttp ç«¯è¾“å‡º>
  File "/usr/local/python3/lib/python3.8/site-packages/nonebot/internal/adapter/bot.py", line 94, in call_api
    result = await self.adapter._call_api(self, api, **data)
                   â”‚    â”‚       â”‚         â”‚     â”‚      â”” {'user_id': 2316809418, 'group_id': 937760225, 'message_type': 'group', 'message': [MessageSegment(type='text', data={'text':...
                   â”‚    â”‚       â”‚         â”‚     â”” 'send_msg'
                   â”‚    â”‚       â”‚         â”” <nonebot.adapters.onebot.v11.bot.Bot object at 0x7ff380542340>
                   â”‚    â”‚       â”” <function Adapter._call_api at 0x7ff3a61f8040>
                   â”‚    â”” <nonebot.adapters.onebot.v11.adapter.Adapter object at 0x7ff3a62630a0>
                   â”” <nonebot.adapters.onebot.v11.bot.Bot object at 0x7ff380542340>
  File "/usr/local/python3/lib/python3.8/site-packages/nonebot/adapters/onebot/v11/adapter.py", line 107, in _call_api
    return _handle_api_result(
           â”” <function _handle_api_result at 0x7ff3a627c670>
  File "/usr/local/python3/lib/python3.8/site-packages/nonebot/adapters/onebot/v11/utils.py", line 81, in _handle_api_result
    raise ActionFailed(**result)
          â”‚              â”” {'data': None, 'echo': {'seq': 107}, 'msg': 'SEND_MSG_API_ERROR', 'retcode': 100, 'status': 'failed', 'wording': 'è¯·å‚è€ƒ go-cqht...
          â”” <class 'nonebot.adapters.onebot.v11.exception.ActionFailed'>

nonebot.adapters.onebot.v11.exception.ActionFailed: <ActionFailed data=None, echo={'seq': 107}, msg=SEND_MSG_API_ERROR, retcode=100, status=failed, wording=è¯·å‚è€ƒ go-cqhttp ç«¯è¾“å‡º>
[36mATRI[0m | 03-15 11:40:27 | WARNING nonebot >> OneBot V11 | WebSocket for Bot 507346814 closed by peer
