[36mATRI[0m | 03-12 23:15:54 | ERROR nonebot >> Running matcher <Matcher from è€å©†, type=message, priority=1, temp=False> failed.
Traceback (most recent call last):

  File "/usr/bin/nb", line 8, in <module>
    sys.exit(main())
    â”‚   â”‚    â”” <ClickAliasedGroup main>
    â”‚   â”” <built-in function exit>
    â”” <module 'sys' (built-in)>
  File "/usr/local/python3/lib/python3.8/site-packages/click/core.py", line 1128, in __call__
    return self.main(*args, **kwargs)
           â”‚    â”‚     â”‚       â”” {}
           â”‚    â”‚     â”” ()
           â”‚    â”” <function BaseCommand.main at 0x7f233dd7d040>
           â”” <ClickAliasedGroup main>
  File "/usr/local/python3/lib/python3.8/site-packages/click/core.py", line 1053, in main
    rv = self.invoke(ctx)
         â”‚    â”‚      â”” <click.core.Context object at 0x7f233e6034f0>
         â”‚    â”” <function MultiCommand.invoke at 0x7f233dd810d0>
         â”” <ClickAliasedGroup main>
  File "/usr/local/python3/lib/python3.8/site-packages/click/core.py", line 1659, in invoke
    return _process_result(sub_ctx.command.invoke(sub_ctx))
           â”‚               â”‚       â”‚       â”‚      â”” <click.core.Context object at 0x7f2345ef0370>
           â”‚               â”‚       â”‚       â”” <function Command.invoke at 0x7f233dd7daf0>
           â”‚               â”‚       â”” <ClickAliasedCommand run>
           â”‚               â”” <click.core.Context object at 0x7f2345ef0370>
           â”” <function MultiCommand.invoke.<locals>._process_result at 0x7f2334ca8a60>
  File "/usr/local/python3/lib/python3.8/site-packages/click/core.py", line 1395, in invoke
    return ctx.invoke(self.callback, **ctx.params)
           â”‚   â”‚      â”‚    â”‚           â”‚   â”” {'file': 'bot.py', 'app': 'app'}
           â”‚   â”‚      â”‚    â”‚           â”” <click.core.Context object at 0x7f2345ef0370>
           â”‚   â”‚      â”‚    â”” <function run at 0x7f2334dd3940>
           â”‚   â”‚      â”” <ClickAliasedCommand run>
           â”‚   â”” <function Context.invoke at 0x7f233dd798b0>
           â”” <click.core.Context object at 0x7f2345ef0370>
  File "/usr/local/python3/lib/python3.8/site-packages/click/core.py", line 754, in invoke
    return __callback(*args, **kwargs)
                       â”‚       â”” {'file': 'bot.py', 'app': 'app'}
                       â”” ()
  File "/usr/local/python3/lib/python3.8/site-packages/nb_cli/commands/main.py", line 30, in run
    run_bot(file, app)
    â”‚       â”‚     â”” 'app'
    â”‚       â”” 'bot.py'
    â”” <function run_bot at 0x7f2334dc4700>
  File "/usr/local/python3/lib/python3.8/site-packages/nb_cli/handlers/deploy.py", line 24, in run_bot
    nonebot.run(app=f"{module_name}:{app}")
    â”‚       â”” <function run at 0x7f2336ec99d0>
    â”” <module 'nonebot' from '/usr/local/python3/lib/python3.8/site-packages/nonebot/__init__.py'>
  File "/usr/local/python3/lib/python3.8/site-packages/nonebot/__init__.py", line 258, in run
    get_driver().run(*args, **kwargs)
    â”‚                 â”‚       â”” {'app': 'bot:app'}
    â”‚                 â”” ()
    â”” <function get_driver at 0x7f2336ec9550>
  File "/usr/local/python3/lib/python3.8/site-packages/nonebot/drivers/fastapi.py", line 168, in run
    uvicorn.run(
    â”‚       â”” <function run at 0x7f2334bcf700>
    â”” <module 'uvicorn' from '/usr/local/python3/lib/python3.8/site-packages/uvicorn/__init__.py'>
  File "/usr/local/python3/lib/python3.8/site-packages/uvicorn/main.py", line 463, in run
    server.run()
    â”‚      â”” <function Server.run at 0x7f2334bcfaf0>
    â”” <uvicorn.server.Server object at 0x7f22c9022670>
  File "/usr/local/python3/lib/python3.8/site-packages/uvicorn/server.py", line 60, in run
    return asyncio.run(self.serve(sockets=sockets))
           â”‚       â”‚   â”‚    â”‚             â”” None
           â”‚       â”‚   â”‚    â”” <function Server.serve at 0x7f2334bcfb80>
           â”‚       â”‚   â”” <uvicorn.server.Server object at 0x7f22c9022670>
           â”‚       â”” <function run at 0x7f233a6054c0>
           â”” <module 'asyncio' from '/usr/local/python3/lib/python3.8/asyncio/__init__.py'>
  File "/usr/local/python3/lib/python3.8/asyncio/runners.py", line 43, in run
    return loop.run_until_complete(main)
           â”‚    â”‚                  â”” <coroutine object Server.serve at 0x7f22c8c26340>
           â”‚    â”” <method 'run_until_complete' of 'uvloop.loop.Loop' objects>
           â”” <uvloop.Loop running=True closed=False debug=False>
  File "/usr/local/python3/lib/python3.8/site-packages/nonebot/message.py", line 153, in _check_matcher
    await _run_matcher(Matcher, bot, event, state, stack, dependency_cache)
          â”‚            â”‚        â”‚    â”‚      â”‚      â”‚      â”” {<function _event_to_me at 0x7f2336e6d0d0>: <Task finished name='Task-261' coro=<_event_to_me() done, defined at /usr/local/p...
          â”‚            â”‚        â”‚    â”‚      â”‚      â”” <contextlib.AsyncExitStack object at 0x7f22c853d1c0>
          â”‚            â”‚        â”‚    â”‚      â”” {'_prefix': {'command': None, 'raw_command': None, 'command_arg': None}}
          â”‚            â”‚        â”‚    â”” GroupMessageEvent(time=1647098149, self_id=507346814, post_type='message', sub_type='normal', user_id=2560359315, message_typ...
          â”‚            â”‚        â”” <nonebot.adapters.onebot.v11.bot.Bot object at 0x7f22c85e3e80>
          â”‚            â”” <Matcher from è€å©†, type=message, priority=1, temp=False>
          â”” <function _run_matcher at 0x7f2334ce9700>
> File "/usr/local/python3/lib/python3.8/site-packages/nonebot/message.py", line 202, in _run_matcher
    await matcher.run(bot, event, state, stack, dependency_cache)
          â”‚       â”‚   â”‚    â”‚      â”‚      â”‚      â”” {<function _event_to_me at 0x7f2336e6d0d0>: <Task finished name='Task-261' coro=<_event_to_me() done, defined at /usr/local/p...
          â”‚       â”‚   â”‚    â”‚      â”‚      â”” <contextlib.AsyncExitStack object at 0x7f22c853d1c0>
          â”‚       â”‚   â”‚    â”‚      â”” {'_prefix': {'command': None, 'raw_command': None, 'command_arg': None}}
          â”‚       â”‚   â”‚    â”” GroupMessageEvent(time=1647098149, self_id=507346814, post_type='message', sub_type='normal', user_id=2560359315, message_typ...
          â”‚       â”‚   â”” <nonebot.adapters.onebot.v11.bot.Bot object at 0x7f22c85e3e80>
          â”‚       â”” <function Matcher.run at 0x7f2336ee9c10>
          â”” <Matcher from è€å©†, type=message, priority=1, temp=False>
  File "/usr/local/python3/lib/python3.8/site-packages/nonebot/internal/matcher.py", line 668, in run
    await self.simple_run(bot, event, state, stack, dependency_cache)
          â”‚    â”‚          â”‚    â”‚      â”‚      â”‚      â”” {<function _event_to_me at 0x7f2336e6d0d0>: <Task finished name='Task-261' coro=<_event_to_me() done, defined at /usr/local/p...
          â”‚    â”‚          â”‚    â”‚      â”‚      â”” <contextlib.AsyncExitStack object at 0x7f22c853d1c0>
          â”‚    â”‚          â”‚    â”‚      â”” {'_prefix': {'command': None, 'raw_command': None, 'command_arg': None}}
          â”‚    â”‚          â”‚    â”” GroupMessageEvent(time=1647098149, self_id=507346814, post_type='message', sub_type='normal', user_id=2560359315, message_typ...
          â”‚    â”‚          â”” <nonebot.adapters.onebot.v11.bot.Bot object at 0x7f22c85e3e80>
          â”‚    â”” <function Matcher.simple_run at 0x7f2336ee9b80>
          â”” <Matcher from è€å©†, type=message, priority=1, temp=False>
  File "/usr/local/python3/lib/python3.8/site-packages/nonebot/internal/matcher.py", line 635, in simple_run
    await handler(
          â”” <Dependent call=<function _tietie_superuser at 0x7f22c9080940>, params=[ModelField(name='event', type=MessageEvent, required=...
  File "/usr/local/python3/lib/python3.8/site-packages/nonebot/dependencies/__init__.py", line 92, in __call__
    return await self.call(**values)
                 â”‚    â”‚      â”” {'event': GroupMessageEvent(time=1647098149, self_id=507346814, post_type='message', sub_type='normal', user_id=2560359315, m...
                 â”‚    â”” <function _tietie_superuser at 0x7f22c9080940>
                 â”” <Dependent call=<function _tietie_superuser at 0x7f22c9080940>, params=[ModelField(name='event', type=MessageEvent, required=...

  File "./src/plugins/wife/__init__.py", line 34, in _tietie_superuser
    await tietie_superuser.finish(Message(result))
          â”‚                â”‚      â”‚       â”” [MessageSegment(type='at', data={'qq': '2560359315'}), MessageSegment(type='text', data={'text': 'muaï¼'})]
          â”‚                â”‚      â”” <class 'nonebot.adapters.onebot.v11.message.Message'>
          â”‚                â”” <classmethod object at 0x7f2336ee5c40>
          â”” <Matcher from è€å©†, type=message, priority=1, temp=False>

  File "/usr/local/python3/lib/python3.8/site-packages/nonebot/internal/matcher.py", line 464, in finish
    await cls.send(message, **kwargs)
          â”‚   â”‚    â”‚          â”” {}
          â”‚   â”‚    â”” [MessageSegment(type='at', data={'qq': '2560359315'}), MessageSegment(type='text', data={'text': 'muaï¼'})]
          â”‚   â”” <classmethod object at 0x7f2336ee5be0>
          â”” <Matcher from è€å©†, type=message, priority=1, temp=False>
  File "/usr/local/python3/lib/python3.8/site-packages/nonebot/internal/matcher.py", line 449, in send
    return await bot.send(event=event, message=_message, **kwargs)
                 â”‚   â”‚          â”‚              â”‚           â”” {}
                 â”‚   â”‚          â”‚              â”” [MessageSegment(type='at', data={'qq': '2560359315'}), MessageSegment(type='text', data={'text': 'muaï¼'})]
                 â”‚   â”‚          â”” GroupMessageEvent(time=1647098149, self_id=507346814, post_type='message', sub_type='normal', user_id=2560359315, message_typ...
                 â”‚   â”” <function Bot.send at 0x7f2334ce9c10>
                 â”” <nonebot.adapters.onebot.v11.bot.Bot object at 0x7f22c85e3e80>
  File "/usr/local/python3/lib/python3.8/site-packages/nonebot/adapters/onebot/v11/bot.py", line 247, in send
    return await self.__class__.send_handler(self, event, message, **kwargs)
                 â”‚    â”‚                      â”‚     â”‚      â”‚          â”” {}
                 â”‚    â”‚                      â”‚     â”‚      â”” [MessageSegment(type='at', data={'qq': '2560359315'}), MessageSegment(type='text', data={'text': 'muaï¼'})]
                 â”‚    â”‚                      â”‚     â”” GroupMessageEvent(time=1647098149, self_id=507346814, post_type='message', sub_type='normal', user_id=2560359315, message_typ...
                 â”‚    â”‚                      â”” <nonebot.adapters.onebot.v11.bot.Bot object at 0x7f22c85e3e80>
                 â”‚    â”” <attribute '__class__' of 'object' objects>
                 â”” <nonebot.adapters.onebot.v11.bot.Bot object at 0x7f22c85e3e80>
  File "/usr/local/python3/lib/python3.8/site-packages/nonebot/adapters/onebot/v11/bot.py", line 175, in send
    return await bot.send_msg(**params)
                 â”‚              â”” {'user_id': 2560359315, 'group_id': 277620613, 'message_type': 'group', 'message': [MessageSegment(type='at', data={'qq': '25...
                 â”” <nonebot.adapters.onebot.v11.bot.Bot object at 0x7f22c85e3e80>
  File "/usr/local/python3/lib/python3.8/site-packages/nonebot/adapters/onebot/v11/bot.py", line 208, in call_api
    return await super().call_api(api, **data)
                                  â”‚      â”” {'user_id': 2560359315, 'group_id': 277620613, 'message_type': 'group', 'message': [MessageSegment(type='at', data={'qq': '25...
                                  â”” 'send_msg'
  File "/usr/local/python3/lib/python3.8/site-packages/nonebot/internal/adapter/bot.py", line 117, in call_api
    raise exception
          â”” <ActionFailed data=None, echo={'seq': 1}, msg=SEND_MSG_API_ERROR, retcode=100, status=failed, wording=è¯·å‚è€ƒ go-cqhttp ç«¯è¾“å‡º>
  File "/usr/local/python3/lib/python3.8/site-packages/nonebot/internal/adapter/bot.py", line 94, in call_api
    result = await self.adapter._call_api(self, api, **data)
                   â”‚    â”‚       â”‚         â”‚     â”‚      â”” {'user_id': 2560359315, 'group_id': 277620613, 'message_type': 'group', 'message': [MessageSegment(type='at', data={'qq': '25...
                   â”‚    â”‚       â”‚         â”‚     â”” 'send_msg'
                   â”‚    â”‚       â”‚         â”” <nonebot.adapters.onebot.v11.bot.Bot object at 0x7f22c85e3e80>
                   â”‚    â”‚       â”” <function Adapter._call_api at 0x7f2334cf7040>
                   â”‚    â”” <nonebot.adapters.onebot.v11.adapter.Adapter object at 0x7f2334ddb850>
                   â”” <nonebot.adapters.onebot.v11.bot.Bot object at 0x7f22c85e3e80>
  File "/usr/local/python3/lib/python3.8/site-packages/nonebot/adapters/onebot/v11/adapter.py", line 107, in _call_api
    return _handle_api_result(
           â”” <function _handle_api_result at 0x7f2334d7d670>
  File "/usr/local/python3/lib/python3.8/site-packages/nonebot/adapters/onebot/v11/utils.py", line 81, in _handle_api_result
    raise ActionFailed(**result)
          â”‚              â”” {'data': None, 'echo': {'seq': 1}, 'msg': 'SEND_MSG_API_ERROR', 'retcode': 100, 'status': 'failed', 'wording': 'è¯·å‚è€ƒ go-cqhttp...
          â”” <class 'nonebot.adapters.onebot.v11.exception.ActionFailed'>

nonebot.adapters.onebot.v11.exception.ActionFailed: <ActionFailed data=None, echo={'seq': 1}, msg=SEND_MSG_API_ERROR, retcode=100, status=failed, wording=è¯·å‚è€ƒ go-cqhttp ç«¯è¾“å‡º>
[36mATRI[0m | 03-12 23:16:09 | WARNING nonebot >> OneBot V11 | WebSocket for Bot 507346814 closed by peer
[36mATRI[0m | 03-12 23:16:51 | WARNING nonebot >> Duplicated prefix rule "ï¼lottery"
[36mATRI[0m | 03-12 23:16:51 | WARNING nonebot >> Duplicated prefix rule "/lottery"
[36mATRI[0m | 03-12 23:16:51 | WARNING nonebot >> Duplicated prefix rule "!lottery"
[36mATRI[0m | 03-12 23:17:22 | ERROR nonebot >> Running matcher <Matcher from è€å©†, type=message, priority=1, temp=False> failed.
Traceback (most recent call last):

  File "/usr/bin/nb", line 8, in <module>
    sys.exit(main())
    â”‚   â”‚    â”” <ClickAliasedGroup main>
    â”‚   â”” <built-in function exit>
    â”” <module 'sys' (built-in)>
  File "/usr/local/python3/lib/python3.8/site-packages/click/core.py", line 1128, in __call__
    return self.main(*args, **kwargs)
           â”‚    â”‚     â”‚       â”” {}
           â”‚    â”‚     â”” ()
           â”‚    â”” <function BaseCommand.main at 0x7f1d6ce68040>
           â”” <ClickAliasedGroup main>
  File "/usr/local/python3/lib/python3.8/site-packages/click/core.py", line 1053, in main
    rv = self.invoke(ctx)
         â”‚    â”‚      â”” <click.core.Context object at 0x7f1d6d6ee4f0>
         â”‚    â”” <function MultiCommand.invoke at 0x7f1d6ce6c0d0>
         â”” <ClickAliasedGroup main>
  File "/usr/local/python3/lib/python3.8/site-packages/click/core.py", line 1659, in invoke
    return _process_result(sub_ctx.command.invoke(sub_ctx))
           â”‚               â”‚       â”‚       â”‚      â”” <click.core.Context object at 0x7f1d74fdb370>
           â”‚               â”‚       â”‚       â”” <function Command.invoke at 0x7f1d6ce68af0>
           â”‚               â”‚       â”” <ClickAliasedCommand run>
           â”‚               â”” <click.core.Context object at 0x7f1d74fdb370>
           â”” <function MultiCommand.invoke.<locals>._process_result at 0x7f1d63d93a60>
  File "/usr/local/python3/lib/python3.8/site-packages/click/core.py", line 1395, in invoke
    return ctx.invoke(self.callback, **ctx.params)
           â”‚   â”‚      â”‚    â”‚           â”‚   â”” {'file': 'bot.py', 'app': 'app'}
           â”‚   â”‚      â”‚    â”‚           â”” <click.core.Context object at 0x7f1d74fdb370>
           â”‚   â”‚      â”‚    â”” <function run at 0x7f1d63ebf940>
           â”‚   â”‚      â”” <ClickAliasedCommand run>
           â”‚   â”” <function Context.invoke at 0x7f1d6ce648b0>
           â”” <click.core.Context object at 0x7f1d74fdb370>
  File "/usr/local/python3/lib/python3.8/site-packages/click/core.py", line 754, in invoke
    return __callback(*args, **kwargs)
                       â”‚       â”” {'file': 'bot.py', 'app': 'app'}
                       â”” ()
  File "/usr/local/python3/lib/python3.8/site-packages/nb_cli/commands/main.py", line 30, in run
    run_bot(file, app)
    â”‚       â”‚     â”” 'app'
    â”‚       â”” 'bot.py'
    â”” <function run_bot at 0x7f1d63eaf700>
  File "/usr/local/python3/lib/python3.8/site-packages/nb_cli/handlers/deploy.py", line 24, in run_bot
    nonebot.run(app=f"{module_name}:{app}")
    â”‚       â”” <function run at 0x7f1d65fb49d0>
    â”” <module 'nonebot' from '/usr/local/python3/lib/python3.8/site-packages/nonebot/__init__.py'>
  File "/usr/local/python3/lib/python3.8/site-packages/nonebot/__init__.py", line 258, in run
    get_driver().run(*args, **kwargs)
    â”‚                 â”‚       â”” {'app': 'bot:app'}
    â”‚                 â”” ()
    â”” <function get_driver at 0x7f1d65fb4550>
  File "/usr/local/python3/lib/python3.8/site-packages/nonebot/drivers/fastapi.py", line 168, in run
    uvicorn.run(
    â”‚       â”” <function run at 0x7f1d63cba700>
    â”” <module 'uvicorn' from '/usr/local/python3/lib/python3.8/site-packages/uvicorn/__init__.py'>
  File "/usr/local/python3/lib/python3.8/site-packages/uvicorn/main.py", line 463, in run
    server.run()
    â”‚      â”” <function Server.run at 0x7f1d63cbaaf0>
    â”” <uvicorn.server.Server object at 0x7f1cf85d0040>
  File "/usr/local/python3/lib/python3.8/site-packages/uvicorn/server.py", line 60, in run
    return asyncio.run(self.serve(sockets=sockets))
           â”‚       â”‚   â”‚    â”‚             â”” None
           â”‚       â”‚   â”‚    â”” <function Server.serve at 0x7f1d63cbab80>
           â”‚       â”‚   â”” <uvicorn.server.Server object at 0x7f1cf85d0040>
           â”‚       â”” <function run at 0x7f1d696ef4c0>
           â”” <module 'asyncio' from '/usr/local/python3/lib/python3.8/asyncio/__init__.py'>
  File "/usr/local/python3/lib/python3.8/asyncio/runners.py", line 43, in run
    return loop.run_until_complete(main)
           â”‚    â”‚                  â”” <coroutine object Server.serve at 0x7f1cf85d91c0>
           â”‚    â”” <method 'run_until_complete' of 'uvloop.loop.Loop' objects>
           â”” <uvloop.Loop running=True closed=False debug=False>
  File "/usr/local/python3/lib/python3.8/site-packages/nonebot/message.py", line 153, in _check_matcher
    await _run_matcher(Matcher, bot, event, state, stack, dependency_cache)
          â”‚            â”‚        â”‚    â”‚      â”‚      â”‚      â”” {<function _command at 0x7f1d65f581f0>: <Task finished name='Task-418' coro=<_command() done, defined at /usr/local/python3/l...
          â”‚            â”‚        â”‚    â”‚      â”‚      â”” <contextlib.AsyncExitStack object at 0x7f1cf7b72cd0>
          â”‚            â”‚        â”‚    â”‚      â”” {'_prefix': {'command': None, 'raw_command': None, 'command_arg': None}}
          â”‚            â”‚        â”‚    â”” GroupMessageEvent(time=1647098236, self_id=2019189905, post_type='message', sub_type='normal', user_id=2560359315, message_ty...
          â”‚            â”‚        â”” <nonebot.adapters.onebot.v11.bot.Bot object at 0x7f1cf7b728e0>
          â”‚            â”” <Matcher from è€å©†, type=message, priority=1, temp=False>
          â”” <function _run_matcher at 0x7f1d63dd4700>
> File "/usr/local/python3/lib/python3.8/site-packages/nonebot/message.py", line 202, in _run_matcher
    await matcher.run(bot, event, state, stack, dependency_cache)
          â”‚       â”‚   â”‚    â”‚      â”‚      â”‚      â”” {<function _command at 0x7f1d65f581f0>: <Task finished name='Task-418' coro=<_command() done, defined at /usr/local/python3/l...
          â”‚       â”‚   â”‚    â”‚      â”‚      â”” <contextlib.AsyncExitStack object at 0x7f1cf7b72cd0>
          â”‚       â”‚   â”‚    â”‚      â”” {'_prefix': {'command': None, 'raw_command': None, 'command_arg': None}}
          â”‚       â”‚   â”‚    â”” GroupMessageEvent(time=1647098236, self_id=2019189905, post_type='message', sub_type='normal', user_id=2560359315, message_ty...
          â”‚       â”‚   â”” <nonebot.adapters.onebot.v11.bot.Bot object at 0x7f1cf7b728e0>
          â”‚       â”” <function Matcher.run at 0x7f1d65fd4c10>
          â”” <Matcher from è€å©†, type=message, priority=1, temp=False>
  File "/usr/local/python3/lib/python3.8/site-packages/nonebot/internal/matcher.py", line 668, in run
    await self.simple_run(bot, event, state, stack, dependency_cache)
          â”‚    â”‚          â”‚    â”‚      â”‚      â”‚      â”” {<function _command at 0x7f1d65f581f0>: <Task finished name='Task-418' coro=<_command() done, defined at /usr/local/python3/l...
          â”‚    â”‚          â”‚    â”‚      â”‚      â”” <contextlib.AsyncExitStack object at 0x7f1cf7b72cd0>
          â”‚    â”‚          â”‚    â”‚      â”” {'_prefix': {'command': None, 'raw_command': None, 'command_arg': None}}
          â”‚    â”‚          â”‚    â”” GroupMessageEvent(time=1647098236, self_id=2019189905, post_type='message', sub_type='normal', user_id=2560359315, message_ty...
          â”‚    â”‚          â”” <nonebot.adapters.onebot.v11.bot.Bot object at 0x7f1cf7b728e0>
          â”‚    â”” <function Matcher.simple_run at 0x7f1d65fd4b80>
          â”” <Matcher from è€å©†, type=message, priority=1, temp=False>
  File "/usr/local/python3/lib/python3.8/site-packages/nonebot/internal/matcher.py", line 635, in simple_run
    await handler(
          â”” <Dependent call=<function _tietie_superuser at 0x7f1d467d80d0>, params=[ModelField(name='event', type=MessageEvent, required=...
  File "/usr/local/python3/lib/python3.8/site-packages/nonebot/dependencies/__init__.py", line 92, in __call__
    return await self.call(**values)
                 â”‚    â”‚      â”” {'event': GroupMessageEvent(time=1647098236, self_id=2019189905, post_type='message', sub_type='normal', user_id=2560359315, ...
                 â”‚    â”” <function _tietie_superuser at 0x7f1d467d80d0>
                 â”” <Dependent call=<function _tietie_superuser at 0x7f1d467d80d0>, params=[ModelField(name='event', type=MessageEvent, required=...

  File "./src/plugins/wife/__init__.py", line 34, in _tietie_superuser
    await tietie_superuser.finish(Message(result))
          â”‚                â”‚      â”‚       â”” [MessageSegment(type='at', data={'qq': '2560359315'}), MessageSegment(type='text', data={'text': 'muaï¼'})]
          â”‚                â”‚      â”” <class 'nonebot.adapters.onebot.v11.message.Message'>
          â”‚                â”” <classmethod object at 0x7f1d65fcfc40>
          â”” <Matcher from è€å©†, type=message, priority=1, temp=False>

  File "/usr/local/python3/lib/python3.8/site-packages/nonebot/internal/matcher.py", line 464, in finish
    await cls.send(message, **kwargs)
          â”‚   â”‚    â”‚          â”” {}
          â”‚   â”‚    â”” [MessageSegment(type='at', data={'qq': '2560359315'}), MessageSegment(type='text', data={'text': 'muaï¼'})]
          â”‚   â”” <classmethod object at 0x7f1d65fcfbe0>
          â”” <Matcher from è€å©†, type=message, priority=1, temp=False>
  File "/usr/local/python3/lib/python3.8/site-packages/nonebot/internal/matcher.py", line 449, in send
    return await bot.send(event=event, message=_message, **kwargs)
                 â”‚   â”‚          â”‚              â”‚           â”” {}
                 â”‚   â”‚          â”‚              â”” [MessageSegment(type='at', data={'qq': '2560359315'}), MessageSegment(type='text', data={'text': 'muaï¼'})]
                 â”‚   â”‚          â”” GroupMessageEvent(time=1647098236, self_id=2019189905, post_type='message', sub_type='normal', user_id=2560359315, message_ty...
                 â”‚   â”” <function Bot.send at 0x7f1d63dd4c10>
                 â”” <nonebot.adapters.onebot.v11.bot.Bot object at 0x7f1cf7b728e0>
  File "/usr/local/python3/lib/python3.8/site-packages/nonebot/adapters/onebot/v11/bot.py", line 247, in send
    return await self.__class__.send_handler(self, event, message, **kwargs)
                 â”‚    â”‚                      â”‚     â”‚      â”‚          â”” {}
                 â”‚    â”‚                      â”‚     â”‚      â”” [MessageSegment(type='at', data={'qq': '2560359315'}), MessageSegment(type='text', data={'text': 'muaï¼'})]
                 â”‚    â”‚                      â”‚     â”” GroupMessageEvent(time=1647098236, self_id=2019189905, post_type='message', sub_type='normal', user_id=2560359315, message_ty...
                 â”‚    â”‚                      â”” <nonebot.adapters.onebot.v11.bot.Bot object at 0x7f1cf7b728e0>
                 â”‚    â”” <attribute '__class__' of 'object' objects>
                 â”” <nonebot.adapters.onebot.v11.bot.Bot object at 0x7f1cf7b728e0>
  File "/usr/local/python3/lib/python3.8/site-packages/nonebot/adapters/onebot/v11/bot.py", line 175, in send
    return await bot.send_msg(**params)
                 â”‚              â”” {'user_id': 2560359315, 'group_id': 277620613, 'message_type': 'group', 'message': [MessageSegment(type='at', data={'qq': '25...
                 â”” <nonebot.adapters.onebot.v11.bot.Bot object at 0x7f1cf7b728e0>
  File "/usr/local/python3/lib/python3.8/site-packages/nonebot/adapters/onebot/v11/bot.py", line 208, in call_api
    return await super().call_api(api, **data)
                                  â”‚      â”” {'user_id': 2560359315, 'group_id': 277620613, 'message_type': 'group', 'message': [MessageSegment(type='at', data={'qq': '25...
                                  â”” 'send_msg'
  File "/usr/local/python3/lib/python3.8/site-packages/nonebot/internal/adapter/bot.py", line 117, in call_api
    raise exception
          â”” <ActionFailed data=None, echo={'seq': 1}, msg=SEND_MSG_API_ERROR, retcode=100, status=failed, wording=è¯·å‚è€ƒ go-cqhttp ç«¯è¾“å‡º>
  File "/usr/local/python3/lib/python3.8/site-packages/nonebot/internal/adapter/bot.py", line 94, in call_api
    result = await self.adapter._call_api(self, api, **data)
                   â”‚    â”‚       â”‚         â”‚     â”‚      â”” {'user_id': 2560359315, 'group_id': 277620613, 'message_type': 'group', 'message': [MessageSegment(type='at', data={'qq': '25...
                   â”‚    â”‚       â”‚         â”‚     â”” 'send_msg'
                   â”‚    â”‚       â”‚         â”” <nonebot.adapters.onebot.v11.bot.Bot object at 0x7f1cf7b728e0>
                   â”‚    â”‚       â”” <function Adapter._call_api at 0x7f1d63de2040>
                   â”‚    â”” <nonebot.adapters.onebot.v11.adapter.Adapter object at 0x7f1d63ec57f0>
                   â”” <nonebot.adapters.onebot.v11.bot.Bot object at 0x7f1cf7b728e0>
  File "/usr/local/python3/lib/python3.8/site-packages/nonebot/adapters/onebot/v11/adapter.py", line 107, in _call_api
    return _handle_api_result(
           â”” <function _handle_api_result at 0x7f1d63e68670>
  File "/usr/local/python3/lib/python3.8/site-packages/nonebot/adapters/onebot/v11/utils.py", line 81, in _handle_api_result
    raise ActionFailed(**result)
          â”‚              â”” {'data': None, 'echo': {'seq': 1}, 'msg': 'SEND_MSG_API_ERROR', 'retcode': 100, 'status': 'failed', 'wording': 'è¯·å‚è€ƒ go-cqhttp...
          â”” <class 'nonebot.adapters.onebot.v11.exception.ActionFailed'>

nonebot.adapters.onebot.v11.exception.ActionFailed: <ActionFailed data=None, echo={'seq': 1}, msg=SEND_MSG_API_ERROR, retcode=100, status=failed, wording=è¯·å‚è€ƒ go-cqhttp ç«¯è¾“å‡º>
[36mATRI[0m | 03-12 23:19:15 | WARNING nonebot >> OneBot V11 | Error when getting message reply info: <ActionFailed data=None, echo={'seq': 4}, msg=MSG_NOT_FOUND, retcode=100, status=failed, wording=æ¶ˆæ¯ä¸å­˜åœ¨>
Traceback (most recent call last):

  File "/usr/bin/nb", line 8, in <module>
    sys.exit(main())
    â”‚   â”‚    â”” <ClickAliasedGroup main>
    â”‚   â”” <built-in function exit>
    â”” <module 'sys' (built-in)>
  File "/usr/local/python3/lib/python3.8/site-packages/click/core.py", line 1128, in __call__
    return self.main(*args, **kwargs)
           â”‚    â”‚     â”‚       â”” {}
           â”‚    â”‚     â”” ()
           â”‚    â”” <function BaseCommand.main at 0x7f1d6ce68040>
           â”” <ClickAliasedGroup main>
  File "/usr/local/python3/lib/python3.8/site-packages/click/core.py", line 1053, in main
    rv = self.invoke(ctx)
         â”‚    â”‚      â”” <click.core.Context object at 0x7f1d6d6ee4f0>
         â”‚    â”” <function MultiCommand.invoke at 0x7f1d6ce6c0d0>
         â”” <ClickAliasedGroup main>
  File "/usr/local/python3/lib/python3.8/site-packages/click/core.py", line 1659, in invoke
    return _process_result(sub_ctx.command.invoke(sub_ctx))
           â”‚               â”‚       â”‚       â”‚      â”” <click.core.Context object at 0x7f1d74fdb370>
           â”‚               â”‚       â”‚       â”” <function Command.invoke at 0x7f1d6ce68af0>
           â”‚               â”‚       â”” <ClickAliasedCommand run>
           â”‚               â”” <click.core.Context object at 0x7f1d74fdb370>
           â”” <function MultiCommand.invoke.<locals>._process_result at 0x7f1d63d93a60>
  File "/usr/local/python3/lib/python3.8/site-packages/click/core.py", line 1395, in invoke
    return ctx.invoke(self.callback, **ctx.params)
           â”‚   â”‚      â”‚    â”‚           â”‚   â”” {'file': 'bot.py', 'app': 'app'}
           â”‚   â”‚      â”‚    â”‚           â”” <click.core.Context object at 0x7f1d74fdb370>
           â”‚   â”‚      â”‚    â”” <function run at 0x7f1d63ebf940>
           â”‚   â”‚      â”” <ClickAliasedCommand run>
           â”‚   â”” <function Context.invoke at 0x7f1d6ce648b0>
           â”” <click.core.Context object at 0x7f1d74fdb370>
  File "/usr/local/python3/lib/python3.8/site-packages/click/core.py", line 754, in invoke
    return __callback(*args, **kwargs)
                       â”‚       â”” {'file': 'bot.py', 'app': 'app'}
                       â”” ()
  File "/usr/local/python3/lib/python3.8/site-packages/nb_cli/commands/main.py", line 30, in run
    run_bot(file, app)
    â”‚       â”‚     â”” 'app'
    â”‚       â”” 'bot.py'
    â”” <function run_bot at 0x7f1d63eaf700>
  File "/usr/local/python3/lib/python3.8/site-packages/nb_cli/handlers/deploy.py", line 24, in run_bot
    nonebot.run(app=f"{module_name}:{app}")
    â”‚       â”” <function run at 0x7f1d65fb49d0>
    â”” <module 'nonebot' from '/usr/local/python3/lib/python3.8/site-packages/nonebot/__init__.py'>
  File "/usr/local/python3/lib/python3.8/site-packages/nonebot/__init__.py", line 258, in run
    get_driver().run(*args, **kwargs)
    â”‚                 â”‚       â”” {'app': 'bot:app'}
    â”‚                 â”” ()
    â”” <function get_driver at 0x7f1d65fb4550>
  File "/usr/local/python3/lib/python3.8/site-packages/nonebot/drivers/fastapi.py", line 168, in run
    uvicorn.run(
    â”‚       â”” <function run at 0x7f1d63cba700>
    â”” <module 'uvicorn' from '/usr/local/python3/lib/python3.8/site-packages/uvicorn/__init__.py'>
  File "/usr/local/python3/lib/python3.8/site-packages/uvicorn/main.py", line 463, in run
    server.run()
    â”‚      â”” <function Server.run at 0x7f1d63cbaaf0>
    â”” <uvicorn.server.Server object at 0x7f1cf85d0040>
  File "/usr/local/python3/lib/python3.8/site-packages/uvicorn/server.py", line 60, in run
    return asyncio.run(self.serve(sockets=sockets))
           â”‚       â”‚   â”‚    â”‚             â”” None
           â”‚       â”‚   â”‚    â”” <function Server.serve at 0x7f1d63cbab80>
           â”‚       â”‚   â”” <uvicorn.server.Server object at 0x7f1cf85d0040>
           â”‚       â”” <function run at 0x7f1d696ef4c0>
           â”” <module 'asyncio' from '/usr/local/python3/lib/python3.8/asyncio/__init__.py'>
  File "/usr/local/python3/lib/python3.8/asyncio/runners.py", line 43, in run
    return loop.run_until_complete(main)
           â”‚    â”‚                  â”” <coroutine object Server.serve at 0x7f1cf85d91c0>
           â”‚    â”” <method 'run_until_complete' of 'uvloop.loop.Loop' objects>
           â”” <uvloop.Loop running=True closed=False debug=False>
  File "/usr/local/python3/lib/python3.8/site-packages/nonebot/adapters/onebot/v11/bot.py", line 212, in handle_event
    await _check_reply(self, event)
          â”‚            â”‚     â”” GroupMessageEvent(time=1647098354, self_id=2019189905, post_type='message', sub_type='normal', user_id=1020936395, message_ty...
          â”‚            â”” <nonebot.adapters.onebot.v11.bot.Bot object at 0x7f1cf7b728e0>
          â”” <function _check_reply at 0x7f1d63dd4040>
> File "/usr/local/python3/lib/python3.8/site-packages/nonebot/adapters/onebot/v11/bot.py", line 31, in _check_reply
    event.reply = Reply.parse_obj(await bot.get_msg(message_id=msg_seg.data["id"]))
    â”‚     â”‚       â”‚     â”‚               â”‚                      â”‚       â”” {'id': '855075682'}
    â”‚     â”‚       â”‚     â”‚               â”‚                      â”” MessageSegment(type='reply', data={'id': '855075682'})
    â”‚     â”‚       â”‚     â”‚               â”” <nonebot.adapters.onebot.v11.bot.Bot object at 0x7f1cf7b728e0>
    â”‚     â”‚       â”‚     â”” <classmethod object at 0x7f1d69bbe880>
    â”‚     â”‚       â”” <class 'nonebot.adapters.onebot.v11.event.Reply'>
    â”‚     â”” None
    â”” GroupMessageEvent(time=1647098354, self_id=2019189905, post_type='message', sub_type='normal', user_id=1020936395, message_ty...
  File "/usr/local/python3/lib/python3.8/site-packages/nonebot/adapters/onebot/v11/bot.py", line 208, in call_api
    return await super().call_api(api, **data)
                                  â”‚      â”” {'message_id': '855075682'}
                                  â”” 'get_msg'
  File "/usr/local/python3/lib/python3.8/site-packages/nonebot/internal/adapter/bot.py", line 117, in call_api
    raise exception
          â”” <ActionFailed data=None, echo={'seq': 4}, msg=MSG_NOT_FOUND, retcode=100, status=failed, wording=æ¶ˆæ¯ä¸å­˜åœ¨>
  File "/usr/local/python3/lib/python3.8/site-packages/nonebot/internal/adapter/bot.py", line 94, in call_api
    result = await self.adapter._call_api(self, api, **data)
                   â”‚    â”‚       â”‚         â”‚     â”‚      â”” {'message_id': '855075682'}
                   â”‚    â”‚       â”‚         â”‚     â”” 'get_msg'
                   â”‚    â”‚       â”‚         â”” <nonebot.adapters.onebot.v11.bot.Bot object at 0x7f1cf7b728e0>
                   â”‚    â”‚       â”” <function Adapter._call_api at 0x7f1d63de2040>
                   â”‚    â”” <nonebot.adapters.onebot.v11.adapter.Adapter object at 0x7f1d63ec57f0>
                   â”” <nonebot.adapters.onebot.v11.bot.Bot object at 0x7f1cf7b728e0>
  File "/usr/local/python3/lib/python3.8/site-packages/nonebot/adapters/onebot/v11/adapter.py", line 107, in _call_api
    return _handle_api_result(
           â”” <function _handle_api_result at 0x7f1d63e68670>
  File "/usr/local/python3/lib/python3.8/site-packages/nonebot/adapters/onebot/v11/utils.py", line 81, in _handle_api_result
    raise ActionFailed(**result)
          â”‚              â”” {'data': None, 'echo': {'seq': 4}, 'msg': 'MSG_NOT_FOUND', 'retcode': 100, 'status': 'failed', 'wording': 'æ¶ˆæ¯ä¸å­˜åœ¨'}
          â”” <class 'nonebot.adapters.onebot.v11.exception.ActionFailed'>

nonebot.adapters.onebot.v11.exception.ActionFailed: <ActionFailed data=None, echo={'seq': 4}, msg=MSG_NOT_FOUND, retcode=100, status=failed, wording=æ¶ˆæ¯ä¸å­˜åœ¨>
[36mATRI[0m | 03-12 23:30:42 | WARNING nonebot >> OneBot V11 | WebSocket for Bot 2019189905 closed by peer
[36mATRI[0m | 03-12 23:42:06 | WARNING nonebot >> OneBot V11 | WebSocket for Bot 3098828791 closed by peer
