[36mATRI[0m | 03-08 14:26:02 | ERROR plugin.manager >> Failed to import "nonebot_plugin_statistical"
Traceback (most recent call last):

  File "/usr/bin/nb", line 8, in <module>
    sys.exit(main())
    â”‚   â”‚    â”” <ClickAliasedGroup main>
    â”‚   â”” <built-in function exit>
    â”” <module 'sys' (built-in)>
  File "/usr/local/python3/lib/python3.8/site-packages/click/core.py", line 1128, in __call__
    return self.main(*args, **kwargs)
           â”‚    â”‚     â”‚       â”” {}
           â”‚    â”‚     â”” ()
           â”‚    â”” <function BaseCommand.main at 0x7fd93846b040>
           â”” <ClickAliasedGroup main>
  File "/usr/local/python3/lib/python3.8/site-packages/click/core.py", line 1053, in main
    rv = self.invoke(ctx)
         â”‚    â”‚      â”” <click.core.Context object at 0x7fd92f4c1f40>
         â”‚    â”” <function MultiCommand.invoke at 0x7fd93846f0d0>
         â”” <ClickAliasedGroup main>
  File "/usr/local/python3/lib/python3.8/site-packages/click/core.py", line 1659, in invoke
    return _process_result(sub_ctx.command.invoke(sub_ctx))
           â”‚               â”‚       â”‚       â”‚      â”” <click.core.Context object at 0x7fd9406316a0>
           â”‚               â”‚       â”‚       â”” <function Command.invoke at 0x7fd93846baf0>
           â”‚               â”‚       â”” <ClickAliasedCommand run>
           â”‚               â”” <click.core.Context object at 0x7fd9406316a0>
           â”” <function MultiCommand.invoke.<locals>._process_result at 0x7fd92f3969d0>
  File "/usr/local/python3/lib/python3.8/site-packages/click/core.py", line 1395, in invoke
    return ctx.invoke(self.callback, **ctx.params)
           â”‚   â”‚      â”‚    â”‚           â”‚   â”” {'file': 'bot.py', 'app': 'app'}
           â”‚   â”‚      â”‚    â”‚           â”” <click.core.Context object at 0x7fd9406316a0>
           â”‚   â”‚      â”‚    â”” <function run at 0x7fd92f4c08b0>
           â”‚   â”‚      â”” <ClickAliasedCommand run>
           â”‚   â”” <function Context.invoke at 0x7fd9384678b0>
           â”” <click.core.Context object at 0x7fd9406316a0>
  File "/usr/local/python3/lib/python3.8/site-packages/click/core.py", line 754, in invoke
    return __callback(*args, **kwargs)
                       â”‚       â”” {'file': 'bot.py', 'app': 'app'}
                       â”” ()
  File "/usr/local/python3/lib/python3.8/site-packages/nb_cli/commands/main.py", line 30, in run
    run_bot(file, app)
    â”‚       â”‚     â”” 'app'
    â”‚       â”” 'bot.py'
    â”” <function run_bot at 0x7fd92f4b0670>
  File "/usr/local/python3/lib/python3.8/site-packages/nb_cli/handlers/deploy.py", line 19, in run_bot
    module = importlib.import_module(module_name)
             â”‚         â”‚             â”” 'bot'
             â”‚         â”” <function import_module at 0x7fd94061f940>
             â”” <module 'importlib' from '/usr/local/python3/lib/python3.8/importlib/__init__.py'>
  File "/usr/local/python3/lib/python3.8/importlib/__init__.py", line 127, in import_module
    return _bootstrap._gcd_import(name[level:], package, level)
           â”‚          â”‚           â”‚    â”‚        â”‚        â”” 0
           â”‚          â”‚           â”‚    â”‚        â”” None
           â”‚          â”‚           â”‚    â”” 0
           â”‚          â”‚           â”” 'bot'
           â”‚          â”” <function _gcd_import at 0x7fd94074d430>
           â”” <module 'importlib._bootstrap' (frozen)>
  File "<frozen importlib._bootstrap>", line 1014, in _gcd_import
  File "<frozen importlib._bootstrap>", line 991, in _find_and_load
  File "<frozen importlib._bootstrap>", line 975, in _find_and_load_unlocked
  File "<frozen importlib._bootstrap>", line 671, in _load_unlocked
  File "<frozen importlib._bootstrap_external>", line 783, in exec_module
  File "<frozen importlib._bootstrap>", line 219, in _call_with_frames_removed

  File "./bot.py", line 29, in <module>
    nonebot.load_plugins("src/plugins")
    â”‚       â”” <function load_plugins at 0x7fd93632f790>
    â”” <module 'nonebot' from '/usr/local/python3/lib/python3.8/site-packages/nonebot/__init__.py'>

  File "/usr/local/python3/lib/python3.8/site-packages/nonebot/plugin/load.py", line 39, in load_plugins
    return manager.load_all_plugins()
           â”‚       â”” <function PluginManager.load_all_plugins at 0x7fd936329310>
           â”” <nonebot.plugin.manager.PluginManager object at 0x7fd92eca56d0>
  File "/usr/local/python3/lib/python3.8/site-packages/nonebot/plugin/manager.py", line 128, in load_all_plugins
    return set(
  File "/usr/local/python3/lib/python3.8/site-packages/nonebot/plugin/manager.py", line 129, in <genexpr>
    filter(None, (self.load_plugin(name) for name in self.list_plugins()))
                  â”‚    â”‚           â”‚         â”‚       â”‚    â”” <function PluginManager.list_plugins at 0x7fd9363291f0>
                  â”‚    â”‚           â”‚         â”‚       â”” <nonebot.plugin.manager.PluginManager object at 0x7fd92eca56d0>
                  â”‚    â”‚           â”‚         â”” 'nonebot_plugin_statistical'
                  â”‚    â”‚           â”” 'nonebot_plugin_statistical'
                  â”‚    â”” <function PluginManager.load_plugin at 0x7fd936329280>
                  â”” <nonebot.plugin.manager.PluginManager object at 0x7fd92eca56d0>
> File "/usr/local/python3/lib/python3.8/site-packages/nonebot/plugin/manager.py", line 106, in load_plugin
    module = importlib.import_module(
             â”‚         â”” <function import_module at 0x7fd94061f940>
             â”” <module 'importlib' from '/usr/local/python3/lib/python3.8/importlib/__init__.py'>
  File "/usr/local/python3/lib/python3.8/importlib/__init__.py", line 127, in import_module
    return _bootstrap._gcd_import(name[level:], package, level)
           â”‚          â”‚           â”‚    â”‚        â”‚        â”” 0
           â”‚          â”‚           â”‚    â”‚        â”” None
           â”‚          â”‚           â”‚    â”” 0
           â”‚          â”‚           â”” 'src.plugins.nonebot_plugin_statistical'
           â”‚          â”” <function _gcd_import at 0x7fd94074d430>
           â”” <module 'importlib._bootstrap' (frozen)>
  File "<frozen importlib._bootstrap>", line 1014, in _gcd_import
  File "<frozen importlib._bootstrap>", line 991, in _find_and_load
  File "<frozen importlib._bootstrap>", line 975, in _find_and_load_unlocked
  File "<frozen importlib._bootstrap>", line 671, in _load_unlocked
  File "/usr/local/python3/lib/python3.8/site-packages/nonebot/plugin/manager.py", line 194, in exec_module
    super().exec_module(module)
                        â”” <module 'src.plugins.nonebot_plugin_statistical' from './src/plugins/nonebot_plugin_statistical/__init__.py'>
  File "<frozen importlib._bootstrap_external>", line 783, in exec_module
  File "<frozen importlib._bootstrap>", line 219, in _call_with_frames_removed

  File "./src/plugins/nonebot_plugin_statistical/__init__.py", line 1, in <module>
    from .statistical_hook import *

  File "./src/plugins/nonebot_plugin_statistical/statistical_hook.py", line 7, in <module>
    from .config import save_data, get_prefix_group_count_dict, get_prefix_user_count_dict, \

  File "./src/plugins/nonebot_plugin_statistical/config.py", line 149, in <module>
    plugin2cmd: dict = json.load(f)
                       â”‚    â”‚    â”” <_io.TextIOWrapper name='/root/Projects/Kori-Bot/Kori-bot/data/statistical/plugin2cmd.json' mode='r' encoding='utf8'>
                       â”‚    â”” <built-in function load>
                       â”” <module 'ujson' from '/usr/local/python3/lib/python3.8/site-packages/ujson.cpython-38-x86_64-linux-gnu.so'>

ValueError: Expected object or value
[36mATRI[0m | 03-08 14:26:11 | WARNING nonebot >> Duplicated prefix rule "!lottery"
[36mATRI[0m | 03-08 14:26:11 | WARNING nonebot >> Duplicated prefix rule "/lottery"
[36mATRI[0m | 03-08 14:26:11 | WARNING nonebot >> Duplicated prefix rule "ï¼lottery"
[36mATRI[0m | 03-08 14:26:30 | ERROR apscheduler >> Job "change_price (trigger: cron[hour='8-22', minute='*', second='*/30'], next run at: 2022-03-08 14:27:00 CST)" raised an exception
Traceback (most recent call last):

  File "/usr/bin/nb", line 8, in <module>
    sys.exit(main())
    â”‚   â”‚    â”” <ClickAliasedGroup main>
    â”‚   â”” <built-in function exit>
    â”” <module 'sys' (built-in)>
  File "/usr/local/python3/lib/python3.8/site-packages/click/core.py", line 1128, in __call__
    return self.main(*args, **kwargs)
           â”‚    â”‚     â”‚       â”” {}
           â”‚    â”‚     â”” ()
           â”‚    â”” <function BaseCommand.main at 0x7fd93846b040>
           â”” <ClickAliasedGroup main>
  File "/usr/local/python3/lib/python3.8/site-packages/click/core.py", line 1053, in main
    rv = self.invoke(ctx)
         â”‚    â”‚      â”” <click.core.Context object at 0x7fd92f4c1f40>
         â”‚    â”” <function MultiCommand.invoke at 0x7fd93846f0d0>
         â”” <ClickAliasedGroup main>
  File "/usr/local/python3/lib/python3.8/site-packages/click/core.py", line 1659, in invoke
    return _process_result(sub_ctx.command.invoke(sub_ctx))
           â”‚               â”‚       â”‚       â”‚      â”” <click.core.Context object at 0x7fd9406316a0>
           â”‚               â”‚       â”‚       â”” <function Command.invoke at 0x7fd93846baf0>
           â”‚               â”‚       â”” <ClickAliasedCommand run>
           â”‚               â”” <click.core.Context object at 0x7fd9406316a0>
           â”” <function MultiCommand.invoke.<locals>._process_result at 0x7fd92f3969d0>
  File "/usr/local/python3/lib/python3.8/site-packages/click/core.py", line 1395, in invoke
    return ctx.invoke(self.callback, **ctx.params)
           â”‚   â”‚      â”‚    â”‚           â”‚   â”” {'file': 'bot.py', 'app': 'app'}
           â”‚   â”‚      â”‚    â”‚           â”” <click.core.Context object at 0x7fd9406316a0>
           â”‚   â”‚      â”‚    â”” <function run at 0x7fd92f4c08b0>
           â”‚   â”‚      â”” <ClickAliasedCommand run>
           â”‚   â”” <function Context.invoke at 0x7fd9384678b0>
           â”” <click.core.Context object at 0x7fd9406316a0>
  File "/usr/local/python3/lib/python3.8/site-packages/click/core.py", line 754, in invoke
    return __callback(*args, **kwargs)
                       â”‚       â”” {'file': 'bot.py', 'app': 'app'}
                       â”” ()
  File "/usr/local/python3/lib/python3.8/site-packages/nb_cli/commands/main.py", line 30, in run
    run_bot(file, app)
    â”‚       â”‚     â”” 'app'
    â”‚       â”” 'bot.py'
    â”” <function run_bot at 0x7fd92f4b0670>
  File "/usr/local/python3/lib/python3.8/site-packages/nb_cli/handlers/deploy.py", line 24, in run_bot
    nonebot.run(app=f"{module_name}:{app}")
    â”‚       â”” <function run at 0x7fd93159a940>
    â”” <module 'nonebot' from '/usr/local/python3/lib/python3.8/site-packages/nonebot/__init__.py'>
  File "/usr/local/python3/lib/python3.8/site-packages/nonebot/__init__.py", line 258, in run
    get_driver().run(*args, **kwargs)
    â”‚                 â”‚       â”” {'app': 'bot:app'}
    â”‚                 â”” ()
    â”” <function get_driver at 0x7fd93159a4c0>
  File "/usr/local/python3/lib/python3.8/site-packages/nonebot/drivers/fastapi.py", line 168, in run
    uvicorn.run(
    â”‚       â”” <function run at 0x7fd92f2bc670>
    â”” <module 'uvicorn' from '/usr/local/python3/lib/python3.8/site-packages/uvicorn/__init__.py'>
  File "/usr/local/python3/lib/python3.8/site-packages/uvicorn/main.py", line 463, in run
    server.run()
    â”‚      â”” <function Server.run at 0x7fd92f2bca60>
    â”” <uvicorn.server.Server object at 0x7fd8c36eda00>
  File "/usr/local/python3/lib/python3.8/site-packages/uvicorn/server.py", line 60, in run
    return asyncio.run(self.serve(sockets=sockets))
           â”‚       â”‚   â”‚    â”‚             â”” None
           â”‚       â”‚   â”‚    â”” <function Server.serve at 0x7fd92f2bcaf0>
           â”‚       â”‚   â”” <uvicorn.server.Server object at 0x7fd8c36eda00>
           â”‚       â”” <function run at 0x7fd934cf3430>
           â”” <module 'asyncio' from '/usr/local/python3/lib/python3.8/asyncio/__init__.py'>
  File "/usr/local/python3/lib/python3.8/asyncio/runners.py", line 43, in run
    return loop.run_until_complete(main)
           â”‚    â”‚                  â”” <coroutine object Server.serve at 0x7fd8c37b4b40>
           â”‚    â”” <method 'run_until_complete' of 'uvloop.loop.Loop' objects>
           â”” <uvloop.Loop running=True closed=False debug=False>
> File "/usr/local/python3/lib/python3.8/site-packages/apscheduler/executors/base_py3.py", line 30, in run_coroutine_job
    retval = await job.func(*job.args, **job.kwargs)
                   â”‚   â”‚     â”‚   â”‚       â”‚   â”” <member 'kwargs' of 'Job' objects>
                   â”‚   â”‚     â”‚   â”‚       â”” <Job (id=fe764b8330104f30a70440d94ba23991 name=change_price)>
                   â”‚   â”‚     â”‚   â”” <member 'args' of 'Job' objects>
                   â”‚   â”‚     â”” <Job (id=fe764b8330104f30a70440d94ba23991 name=change_price)>
                   â”‚   â”” <member 'func' of 'Job' objects>
                   â”” <Job (id=fe764b8330104f30a70440d94ba23991 name=change_price)>

  File "./src/plugins/nonebot_plugin_russian/__init__.py", line 483, in change_price
    russian_manager._price_change_handle()
    â”‚               â”” <function RussianManager._price_change_handle at 0x7fd8c3788ee0>
    â”” <src.plugins.nonebot_plugin_russian.data_source.RussianManager object at 0x7fd8c3779790>

  File "./src/plugins/nonebot_plugin_russian/data_source.py", line 668, in _price_change_handle
    update_price = float(self._check_stock_handle()["money_per_stock"])+delta
                         â”‚    â”‚                                         â”” -3.42
                         â”‚    â”” <function RussianManager._check_stock_handle at 0x7fd8c3788e50>
                         â”” <src.plugins.nonebot_plugin_russian.data_source.RussianManager object at 0x7fd8c3779790>

  File "./src/plugins/nonebot_plugin_russian/data_source.py", line 652, in _check_stock_handle
    money_per_stock = float(history_money_per_stock[-1])
                            â”” ['532.799', '540.088', '550.311', '545.3789999999999', '556.384', '569.893', '568.394', '559.432', '551.1189999999999', '555....

ValueError: could not convert string to float: ''
[36mATRI[0m | 03-08 14:26:32 | ERROR nonebot >> Running matcher <Matcher from src.plugins.nonebot_plugin_russian, type=message, priority=5, temp=False> failed.
Traceback (most recent call last):

  File "/usr/bin/nb", line 8, in <module>
    sys.exit(main())
    â”‚   â”‚    â”” <ClickAliasedGroup main>
    â”‚   â”” <built-in function exit>
    â”” <module 'sys' (built-in)>
  File "/usr/local/python3/lib/python3.8/site-packages/click/core.py", line 1128, in __call__
    return self.main(*args, **kwargs)
           â”‚    â”‚     â”‚       â”” {}
           â”‚    â”‚     â”” ()
           â”‚    â”” <function BaseCommand.main at 0x7fd93846b040>
           â”” <ClickAliasedGroup main>
  File "/usr/local/python3/lib/python3.8/site-packages/click/core.py", line 1053, in main
    rv = self.invoke(ctx)
         â”‚    â”‚      â”” <click.core.Context object at 0x7fd92f4c1f40>
         â”‚    â”” <function MultiCommand.invoke at 0x7fd93846f0d0>
         â”” <ClickAliasedGroup main>
  File "/usr/local/python3/lib/python3.8/site-packages/click/core.py", line 1659, in invoke
    return _process_result(sub_ctx.command.invoke(sub_ctx))
           â”‚               â”‚       â”‚       â”‚      â”” <click.core.Context object at 0x7fd9406316a0>
           â”‚               â”‚       â”‚       â”” <function Command.invoke at 0x7fd93846baf0>
           â”‚               â”‚       â”” <ClickAliasedCommand run>
           â”‚               â”” <click.core.Context object at 0x7fd9406316a0>
           â”” <function MultiCommand.invoke.<locals>._process_result at 0x7fd92f3969d0>
  File "/usr/local/python3/lib/python3.8/site-packages/click/core.py", line 1395, in invoke
    return ctx.invoke(self.callback, **ctx.params)
           â”‚   â”‚      â”‚    â”‚           â”‚   â”” {'file': 'bot.py', 'app': 'app'}
           â”‚   â”‚      â”‚    â”‚           â”” <click.core.Context object at 0x7fd9406316a0>
           â”‚   â”‚      â”‚    â”” <function run at 0x7fd92f4c08b0>
           â”‚   â”‚      â”” <ClickAliasedCommand run>
           â”‚   â”” <function Context.invoke at 0x7fd9384678b0>
           â”” <click.core.Context object at 0x7fd9406316a0>
  File "/usr/local/python3/lib/python3.8/site-packages/click/core.py", line 754, in invoke
    return __callback(*args, **kwargs)
                       â”‚       â”” {'file': 'bot.py', 'app': 'app'}
                       â”” ()
  File "/usr/local/python3/lib/python3.8/site-packages/nb_cli/commands/main.py", line 30, in run
    run_bot(file, app)
    â”‚       â”‚     â”” 'app'
    â”‚       â”” 'bot.py'
    â”” <function run_bot at 0x7fd92f4b0670>
  File "/usr/local/python3/lib/python3.8/site-packages/nb_cli/handlers/deploy.py", line 24, in run_bot
    nonebot.run(app=f"{module_name}:{app}")
    â”‚       â”” <function run at 0x7fd93159a940>
    â”” <module 'nonebot' from '/usr/local/python3/lib/python3.8/site-packages/nonebot/__init__.py'>
  File "/usr/local/python3/lib/python3.8/site-packages/nonebot/__init__.py", line 258, in run
    get_driver().run(*args, **kwargs)
    â”‚                 â”‚       â”” {'app': 'bot:app'}
    â”‚                 â”” ()
    â”” <function get_driver at 0x7fd93159a4c0>
  File "/usr/local/python3/lib/python3.8/site-packages/nonebot/drivers/fastapi.py", line 168, in run
    uvicorn.run(
    â”‚       â”” <function run at 0x7fd92f2bc670>
    â”” <module 'uvicorn' from '/usr/local/python3/lib/python3.8/site-packages/uvicorn/__init__.py'>
  File "/usr/local/python3/lib/python3.8/site-packages/uvicorn/main.py", line 463, in run
    server.run()
    â”‚      â”” <function Server.run at 0x7fd92f2bca60>
    â”” <uvicorn.server.Server object at 0x7fd8c36eda00>
  File "/usr/local/python3/lib/python3.8/site-packages/uvicorn/server.py", line 60, in run
    return asyncio.run(self.serve(sockets=sockets))
           â”‚       â”‚   â”‚    â”‚             â”” None
           â”‚       â”‚   â”‚    â”” <function Server.serve at 0x7fd92f2bcaf0>
           â”‚       â”‚   â”” <uvicorn.server.Server object at 0x7fd8c36eda00>
           â”‚       â”” <function run at 0x7fd934cf3430>
           â”” <module 'asyncio' from '/usr/local/python3/lib/python3.8/asyncio/__init__.py'>
  File "/usr/local/python3/lib/python3.8/asyncio/runners.py", line 43, in run
    return loop.run_until_complete(main)
           â”‚    â”‚                  â”” <coroutine object Server.serve at 0x7fd8c37b4b40>
           â”‚    â”” <method 'run_until_complete' of 'uvloop.loop.Loop' objects>
           â”” <uvloop.Loop running=True closed=False debug=False>
  File "/usr/local/python3/lib/python3.8/site-packages/nonebot/message.py", line 153, in _check_matcher
    await _run_matcher(Matcher, bot, event, state, stack, dependency_cache)
          â”‚            â”‚        â”‚    â”‚      â”‚      â”‚      â”” {<function _command at 0x7fd93155b160>: <Task finished name='Task-880' coro=<_command() done, defined at /usr/local/python3/l...
          â”‚            â”‚        â”‚    â”‚      â”‚      â”” <contextlib.AsyncExitStack object at 0x7fd8c2c85fa0>
          â”‚            â”‚        â”‚    â”‚      â”” {'_prefix': {'command': ('stock',), 'raw_command': '/stock', 'command_arg': []}}
          â”‚            â”‚        â”‚    â”” GroupMessageEvent(time=1646720791, self_id=507346814, post_type='message', sub_type='normal', user_id=2560359315, message_typ...
          â”‚            â”‚        â”” <nonebot.adapters.onebot.v11.bot.Bot object at 0x7fd8c2c857c0>
          â”‚            â”” <Matcher from src.plugins.nonebot_plugin_russian, type=message, priority=5, temp=False>
          â”” <function _run_matcher at 0x7fd92f3d8670>
> File "/usr/local/python3/lib/python3.8/site-packages/nonebot/message.py", line 202, in _run_matcher
    await matcher.run(bot, event, state, stack, dependency_cache)
          â”‚       â”‚   â”‚    â”‚      â”‚      â”‚      â”” {<function _command at 0x7fd93155b160>: <Task finished name='Task-880' coro=<_command() done, defined at /usr/local/python3/l...
          â”‚       â”‚   â”‚    â”‚      â”‚      â”” <contextlib.AsyncExitStack object at 0x7fd8c2c85fa0>
          â”‚       â”‚   â”‚    â”‚      â”” {'_prefix': {'command': ('stock',), 'raw_command': '/stock', 'command_arg': []}}
          â”‚       â”‚   â”‚    â”” GroupMessageEvent(time=1646720791, self_id=507346814, post_type='message', sub_type='normal', user_id=2560359315, message_typ...
          â”‚       â”‚   â”” <nonebot.adapters.onebot.v11.bot.Bot object at 0x7fd8c2c857c0>
          â”‚       â”” <function Matcher.run at 0x7fd9315d7b80>
          â”” <Matcher from src.plugins.nonebot_plugin_russian, type=message, priority=5, temp=False>
  File "/usr/local/python3/lib/python3.8/site-packages/nonebot/internal/matcher.py", line 668, in run
    await self.simple_run(bot, event, state, stack, dependency_cache)
          â”‚    â”‚          â”‚    â”‚      â”‚      â”‚      â”” {<function _command at 0x7fd93155b160>: <Task finished name='Task-880' coro=<_command() done, defined at /usr/local/python3/l...
          â”‚    â”‚          â”‚    â”‚      â”‚      â”” <contextlib.AsyncExitStack object at 0x7fd8c2c85fa0>
          â”‚    â”‚          â”‚    â”‚      â”” {'_prefix': {'command': ('stock',), 'raw_command': '/stock', 'command_arg': []}}
          â”‚    â”‚          â”‚    â”” GroupMessageEvent(time=1646720791, self_id=507346814, post_type='message', sub_type='normal', user_id=2560359315, message_typ...
          â”‚    â”‚          â”” <nonebot.adapters.onebot.v11.bot.Bot object at 0x7fd8c2c857c0>
          â”‚    â”” <function Matcher.simple_run at 0x7fd9315d7af0>
          â”” <Matcher from src.plugins.nonebot_plugin_russian, type=message, priority=5, temp=False>
  File "/usr/local/python3/lib/python3.8/site-packages/nonebot/internal/matcher.py", line 635, in simple_run
    await handler(
          â”” <Dependent call=<function _ at 0x7fd8c36e5310>, params=[ModelField(name='bot', type=Bot, required=True), ModelField(name='eve...
  File "/usr/local/python3/lib/python3.8/site-packages/nonebot/dependencies/__init__.py", line 92, in __call__
    return await self.call(**values)
                 â”‚    â”‚      â”” {'bot': <nonebot.adapters.onebot.v11.bot.Bot object at 0x7fd8c2c857c0>, 'event': GroupMessageEvent(time=1646720791, self_id=5...
                 â”‚    â”” <function _ at 0x7fd8c36e5310>
                 â”” <Dependent call=<function _ at 0x7fd8c36e5310>, params=[ModelField(name='bot', type=Bot, required=True), ModelField(name='eve...

  File "./src/plugins/nonebot_plugin_russian/__init__.py", line 432, in _
    money_per_stock = russian_manager._check_stock_handle()["money_per_stock"]
                      â”‚               â”” <function RussianManager._check_stock_handle at 0x7fd8c3788e50>
                      â”” <src.plugins.nonebot_plugin_russian.data_source.RussianManager object at 0x7fd8c3779790>

  File "./src/plugins/nonebot_plugin_russian/data_source.py", line 652, in _check_stock_handle
    money_per_stock = float(history_money_per_stock[-1])
                            â”” ['532.799', '540.088', '550.311', '545.3789999999999', '556.384', '569.893', '568.394', '559.432', '551.1189999999999', '555....

ValueError: could not convert string to float: ''
[36mATRI[0m | 03-08 14:27:00 | ERROR apscheduler >> Job "change_price (trigger: cron[hour='8-22', minute='*', second='*/30'], next run at: 2022-03-08 14:27:30 CST)" raised an exception
Traceback (most recent call last):

  File "/usr/bin/nb", line 8, in <module>
    sys.exit(main())
    â”‚   â”‚    â”” <ClickAliasedGroup main>
    â”‚   â”” <built-in function exit>
    â”” <module 'sys' (built-in)>
  File "/usr/local/python3/lib/python3.8/site-packages/click/core.py", line 1128, in __call__
    return self.main(*args, **kwargs)
           â”‚    â”‚     â”‚       â”” {}
           â”‚    â”‚     â”” ()
           â”‚    â”” <function BaseCommand.main at 0x7fd93846b040>
           â”” <ClickAliasedGroup main>
  File "/usr/local/python3/lib/python3.8/site-packages/click/core.py", line 1053, in main
    rv = self.invoke(ctx)
         â”‚    â”‚      â”” <click.core.Context object at 0x7fd92f4c1f40>
         â”‚    â”” <function MultiCommand.invoke at 0x7fd93846f0d0>
         â”” <ClickAliasedGroup main>
  File "/usr/local/python3/lib/python3.8/site-packages/click/core.py", line 1659, in invoke
    return _process_result(sub_ctx.command.invoke(sub_ctx))
           â”‚               â”‚       â”‚       â”‚      â”” <click.core.Context object at 0x7fd9406316a0>
           â”‚               â”‚       â”‚       â”” <function Command.invoke at 0x7fd93846baf0>
           â”‚               â”‚       â”” <ClickAliasedCommand run>
           â”‚               â”” <click.core.Context object at 0x7fd9406316a0>
           â”” <function MultiCommand.invoke.<locals>._process_result at 0x7fd92f3969d0>
  File "/usr/local/python3/lib/python3.8/site-packages/click/core.py", line 1395, in invoke
    return ctx.invoke(self.callback, **ctx.params)
           â”‚   â”‚      â”‚    â”‚           â”‚   â”” {'file': 'bot.py', 'app': 'app'}
           â”‚   â”‚      â”‚    â”‚           â”” <click.core.Context object at 0x7fd9406316a0>
           â”‚   â”‚      â”‚    â”” <function run at 0x7fd92f4c08b0>
           â”‚   â”‚      â”” <ClickAliasedCommand run>
           â”‚   â”” <function Context.invoke at 0x7fd9384678b0>
           â”” <click.core.Context object at 0x7fd9406316a0>
  File "/usr/local/python3/lib/python3.8/site-packages/click/core.py", line 754, in invoke
    return __callback(*args, **kwargs)
                       â”‚       â”” {'file': 'bot.py', 'app': 'app'}
                       â”” ()
  File "/usr/local/python3/lib/python3.8/site-packages/nb_cli/commands/main.py", line 30, in run
    run_bot(file, app)
    â”‚       â”‚     â”” 'app'
    â”‚       â”” 'bot.py'
    â”” <function run_bot at 0x7fd92f4b0670>
  File "/usr/local/python3/lib/python3.8/site-packages/nb_cli/handlers/deploy.py", line 24, in run_bot
    nonebot.run(app=f"{module_name}:{app}")
    â”‚       â”” <function run at 0x7fd93159a940>
    â”” <module 'nonebot' from '/usr/local/python3/lib/python3.8/site-packages/nonebot/__init__.py'>
  File "/usr/local/python3/lib/python3.8/site-packages/nonebot/__init__.py", line 258, in run
    get_driver().run(*args, **kwargs)
    â”‚                 â”‚       â”” {'app': 'bot:app'}
    â”‚                 â”” ()
    â”” <function get_driver at 0x7fd93159a4c0>
  File "/usr/local/python3/lib/python3.8/site-packages/nonebot/drivers/fastapi.py", line 168, in run
    uvicorn.run(
    â”‚       â”” <function run at 0x7fd92f2bc670>
    â”” <module 'uvicorn' from '/usr/local/python3/lib/python3.8/site-packages/uvicorn/__init__.py'>
  File "/usr/local/python3/lib/python3.8/site-packages/uvicorn/main.py", line 463, in run
    server.run()
    â”‚      â”” <function Server.run at 0x7fd92f2bca60>
    â”” <uvicorn.server.Server object at 0x7fd8c36eda00>
  File "/usr/local/python3/lib/python3.8/site-packages/uvicorn/server.py", line 60, in run
    return asyncio.run(self.serve(sockets=sockets))
           â”‚       â”‚   â”‚    â”‚             â”” None
           â”‚       â”‚   â”‚    â”” <function Server.serve at 0x7fd92f2bcaf0>
           â”‚       â”‚   â”” <uvicorn.server.Server object at 0x7fd8c36eda00>
           â”‚       â”” <function run at 0x7fd934cf3430>
           â”” <module 'asyncio' from '/usr/local/python3/lib/python3.8/asyncio/__init__.py'>
  File "/usr/local/python3/lib/python3.8/asyncio/runners.py", line 43, in run
    return loop.run_until_complete(main)
           â”‚    â”‚                  â”” <coroutine object Server.serve at 0x7fd8c37b4b40>
           â”‚    â”” <method 'run_until_complete' of 'uvloop.loop.Loop' objects>
           â”” <uvloop.Loop running=True closed=False debug=False>
> File "/usr/local/python3/lib/python3.8/site-packages/apscheduler/executors/base_py3.py", line 30, in run_coroutine_job
    retval = await job.func(*job.args, **job.kwargs)
                   â”‚   â”‚     â”‚   â”‚       â”‚   â”” <member 'kwargs' of 'Job' objects>
                   â”‚   â”‚     â”‚   â”‚       â”” <Job (id=fe764b8330104f30a70440d94ba23991 name=change_price)>
                   â”‚   â”‚     â”‚   â”” <member 'args' of 'Job' objects>
                   â”‚   â”‚     â”” <Job (id=fe764b8330104f30a70440d94ba23991 name=change_price)>
                   â”‚   â”” <member 'func' of 'Job' objects>
                   â”” <Job (id=fe764b8330104f30a70440d94ba23991 name=change_price)>

  File "./src/plugins/nonebot_plugin_russian/__init__.py", line 483, in change_price
    russian_manager._price_change_handle()
    â”‚               â”” <function RussianManager._price_change_handle at 0x7fd8c3788ee0>
    â”” <src.plugins.nonebot_plugin_russian.data_source.RussianManager object at 0x7fd8c3779790>

  File "./src/plugins/nonebot_plugin_russian/data_source.py", line 668, in _price_change_handle
    update_price = float(self._check_stock_handle()["money_per_stock"])+delta
                         â”‚    â”‚                                         â”” -5.804
                         â”‚    â”” <function RussianManager._check_stock_handle at 0x7fd8c3788e50>
                         â”” <src.plugins.nonebot_plugin_russian.data_source.RussianManager object at 0x7fd8c3779790>

  File "./src/plugins/nonebot_plugin_russian/data_source.py", line 652, in _check_stock_handle
    money_per_stock = float(history_money_per_stock[-1])
                            â”” ['532.799', '540.088', '550.311', '545.3789999999999', '556.384', '569.893', '568.394', '559.432', '551.1189999999999', '555....

ValueError: could not convert string to float: ''
[36mATRI[0m | 03-08 14:27:10 | ERROR nonebot >> Running matcher <Matcher from src.plugins.nonebot_plugin_russian, type=message, priority=5, temp=False> failed.
Traceback (most recent call last):

  File "/usr/bin/nb", line 8, in <module>
    sys.exit(main())
    â”‚   â”‚    â”” <ClickAliasedGroup main>
    â”‚   â”” <built-in function exit>
    â”” <module 'sys' (built-in)>
  File "/usr/local/python3/lib/python3.8/site-packages/click/core.py", line 1128, in __call__
    return self.main(*args, **kwargs)
           â”‚    â”‚     â”‚       â”” {}
           â”‚    â”‚     â”” ()
           â”‚    â”” <function BaseCommand.main at 0x7fd93846b040>
           â”” <ClickAliasedGroup main>
  File "/usr/local/python3/lib/python3.8/site-packages/click/core.py", line 1053, in main
    rv = self.invoke(ctx)
         â”‚    â”‚      â”” <click.core.Context object at 0x7fd92f4c1f40>
         â”‚    â”” <function MultiCommand.invoke at 0x7fd93846f0d0>
         â”” <ClickAliasedGroup main>
  File "/usr/local/python3/lib/python3.8/site-packages/click/core.py", line 1659, in invoke
    return _process_result(sub_ctx.command.invoke(sub_ctx))
           â”‚               â”‚       â”‚       â”‚      â”” <click.core.Context object at 0x7fd9406316a0>
           â”‚               â”‚       â”‚       â”” <function Command.invoke at 0x7fd93846baf0>
           â”‚               â”‚       â”” <ClickAliasedCommand run>
           â”‚               â”” <click.core.Context object at 0x7fd9406316a0>
           â”” <function MultiCommand.invoke.<locals>._process_result at 0x7fd92f3969d0>
  File "/usr/local/python3/lib/python3.8/site-packages/click/core.py", line 1395, in invoke
    return ctx.invoke(self.callback, **ctx.params)
           â”‚   â”‚      â”‚    â”‚           â”‚   â”” {'file': 'bot.py', 'app': 'app'}
           â”‚   â”‚      â”‚    â”‚           â”” <click.core.Context object at 0x7fd9406316a0>
           â”‚   â”‚      â”‚    â”” <function run at 0x7fd92f4c08b0>
           â”‚   â”‚      â”” <ClickAliasedCommand run>
           â”‚   â”” <function Context.invoke at 0x7fd9384678b0>
           â”” <click.core.Context object at 0x7fd9406316a0>
  File "/usr/local/python3/lib/python3.8/site-packages/click/core.py", line 754, in invoke
    return __callback(*args, **kwargs)
                       â”‚       â”” {'file': 'bot.py', 'app': 'app'}
                       â”” ()
  File "/usr/local/python3/lib/python3.8/site-packages/nb_cli/commands/main.py", line 30, in run
    run_bot(file, app)
    â”‚       â”‚     â”” 'app'
    â”‚       â”” 'bot.py'
    â”” <function run_bot at 0x7fd92f4b0670>
  File "/usr/local/python3/lib/python3.8/site-packages/nb_cli/handlers/deploy.py", line 24, in run_bot
    nonebot.run(app=f"{module_name}:{app}")
    â”‚       â”” <function run at 0x7fd93159a940>
    â”” <module 'nonebot' from '/usr/local/python3/lib/python3.8/site-packages/nonebot/__init__.py'>
  File "/usr/local/python3/lib/python3.8/site-packages/nonebot/__init__.py", line 258, in run
    get_driver().run(*args, **kwargs)
    â”‚                 â”‚       â”” {'app': 'bot:app'}
    â”‚                 â”” ()
    â”” <function get_driver at 0x7fd93159a4c0>
  File "/usr/local/python3/lib/python3.8/site-packages/nonebot/drivers/fastapi.py", line 168, in run
    uvicorn.run(
    â”‚       â”” <function run at 0x7fd92f2bc670>
    â”” <module 'uvicorn' from '/usr/local/python3/lib/python3.8/site-packages/uvicorn/__init__.py'>
  File "/usr/local/python3/lib/python3.8/site-packages/uvicorn/main.py", line 463, in run
    server.run()
    â”‚      â”” <function Server.run at 0x7fd92f2bca60>
    â”” <uvicorn.server.Server object at 0x7fd8c36eda00>
  File "/usr/local/python3/lib/python3.8/site-packages/uvicorn/server.py", line 60, in run
    return asyncio.run(self.serve(sockets=sockets))
           â”‚       â”‚   â”‚    â”‚             â”” None
           â”‚       â”‚   â”‚    â”” <function Server.serve at 0x7fd92f2bcaf0>
           â”‚       â”‚   â”” <uvicorn.server.Server object at 0x7fd8c36eda00>
           â”‚       â”” <function run at 0x7fd934cf3430>
           â”” <module 'asyncio' from '/usr/local/python3/lib/python3.8/asyncio/__init__.py'>
  File "/usr/local/python3/lib/python3.8/asyncio/runners.py", line 43, in run
    return loop.run_until_complete(main)
           â”‚    â”‚                  â”” <coroutine object Server.serve at 0x7fd8c37b4b40>
           â”‚    â”” <method 'run_until_complete' of 'uvloop.loop.Loop' objects>
           â”” <uvloop.Loop running=True closed=False debug=False>
  File "/usr/local/python3/lib/python3.8/site-packages/nonebot/message.py", line 153, in _check_matcher
    await _run_matcher(Matcher, bot, event, state, stack, dependency_cache)
          â”‚            â”‚        â”‚    â”‚      â”‚      â”‚      â”” {<function _command at 0x7fd93155b160>: <Task finished name='Task-2296' coro=<_command() done, defined at /usr/local/python3/...
          â”‚            â”‚        â”‚    â”‚      â”‚      â”” <contextlib.AsyncExitStack object at 0x7fd8c0bf67c0>
          â”‚            â”‚        â”‚    â”‚      â”” {'_prefix': {'command': ('stock',), 'raw_command': '/stock', 'command_arg': [MessageSegment(type='text', data={'text': 'me'})]}}
          â”‚            â”‚        â”‚    â”” GroupMessageEvent(time=1646720830, self_id=507346814, post_type='message', sub_type='normal', user_id=963046537, message_type...
          â”‚            â”‚        â”” <nonebot.adapters.onebot.v11.bot.Bot object at 0x7fd8c2c857c0>
          â”‚            â”” <Matcher from src.plugins.nonebot_plugin_russian, type=message, priority=5, temp=False>
          â”” <function _run_matcher at 0x7fd92f3d8670>
> File "/usr/local/python3/lib/python3.8/site-packages/nonebot/message.py", line 202, in _run_matcher
    await matcher.run(bot, event, state, stack, dependency_cache)
          â”‚       â”‚   â”‚    â”‚      â”‚      â”‚      â”” {<function _command at 0x7fd93155b160>: <Task finished name='Task-2296' coro=<_command() done, defined at /usr/local/python3/...
          â”‚       â”‚   â”‚    â”‚      â”‚      â”” <contextlib.AsyncExitStack object at 0x7fd8c0bf67c0>
          â”‚       â”‚   â”‚    â”‚      â”” {'_prefix': {'command': ('stock',), 'raw_command': '/stock', 'command_arg': [MessageSegment(type='text', data={'text': 'me'})]}}
          â”‚       â”‚   â”‚    â”” GroupMessageEvent(time=1646720830, self_id=507346814, post_type='message', sub_type='normal', user_id=963046537, message_type...
          â”‚       â”‚   â”” <nonebot.adapters.onebot.v11.bot.Bot object at 0x7fd8c2c857c0>
          â”‚       â”” <function Matcher.run at 0x7fd9315d7b80>
          â”” <Matcher from src.plugins.nonebot_plugin_russian, type=message, priority=5, temp=False>
  File "/usr/local/python3/lib/python3.8/site-packages/nonebot/internal/matcher.py", line 668, in run
    await self.simple_run(bot, event, state, stack, dependency_cache)
          â”‚    â”‚          â”‚    â”‚      â”‚      â”‚      â”” {<function _command at 0x7fd93155b160>: <Task finished name='Task-2296' coro=<_command() done, defined at /usr/local/python3/...
          â”‚    â”‚          â”‚    â”‚      â”‚      â”” <contextlib.AsyncExitStack object at 0x7fd8c0bf67c0>
          â”‚    â”‚          â”‚    â”‚      â”” {'_prefix': {'command': ('stock',), 'raw_command': '/stock', 'command_arg': [MessageSegment(type='text', data={'text': 'me'})]}}
          â”‚    â”‚          â”‚    â”” GroupMessageEvent(time=1646720830, self_id=507346814, post_type='message', sub_type='normal', user_id=963046537, message_type...
          â”‚    â”‚          â”” <nonebot.adapters.onebot.v11.bot.Bot object at 0x7fd8c2c857c0>
          â”‚    â”” <function Matcher.simple_run at 0x7fd9315d7af0>
          â”” <Matcher from src.plugins.nonebot_plugin_russian, type=message, priority=5, temp=False>
  File "/usr/local/python3/lib/python3.8/site-packages/nonebot/internal/matcher.py", line 635, in simple_run
    await handler(
          â”” <Dependent call=<function _ at 0x7fd8c36e5310>, params=[ModelField(name='bot', type=Bot, required=True), ModelField(name='eve...
  File "/usr/local/python3/lib/python3.8/site-packages/nonebot/dependencies/__init__.py", line 92, in __call__
    return await self.call(**values)
                 â”‚    â”‚      â”” {'bot': <nonebot.adapters.onebot.v11.bot.Bot object at 0x7fd8c2c857c0>, 'event': GroupMessageEvent(time=1646720830, self_id=5...
                 â”‚    â”” <function _ at 0x7fd8c36e5310>
                 â”” <Dependent call=<function _ at 0x7fd8c36e5310>, params=[ModelField(name='bot', type=Bot, required=True), ModelField(name='eve...

  File "./src/plugins/nonebot_plugin_russian/__init__.py", line 432, in _
    money_per_stock = russian_manager._check_stock_handle()["money_per_stock"]
                      â”‚               â”” <function RussianManager._check_stock_handle at 0x7fd8c3788e50>
                      â”” <src.plugins.nonebot_plugin_russian.data_source.RussianManager object at 0x7fd8c3779790>

  File "./src/plugins/nonebot_plugin_russian/data_source.py", line 652, in _check_stock_handle
    money_per_stock = float(history_money_per_stock[-1])
                            â”” ['532.799', '540.088', '550.311', '545.3789999999999', '556.384', '569.893', '568.394', '559.432', '551.1189999999999', '555....

ValueError: could not convert string to float: ''
[36mATRI[0m | 03-08 14:27:30 | ERROR apscheduler >> Job "change_price (trigger: cron[hour='8-22', minute='*', second='*/30'], next run at: 2022-03-08 14:28:00 CST)" raised an exception
Traceback (most recent call last):

  File "/usr/bin/nb", line 8, in <module>
    sys.exit(main())
    â”‚   â”‚    â”” <ClickAliasedGroup main>
    â”‚   â”” <built-in function exit>
    â”” <module 'sys' (built-in)>
  File "/usr/local/python3/lib/python3.8/site-packages/click/core.py", line 1128, in __call__
    return self.main(*args, **kwargs)
           â”‚    â”‚     â”‚       â”” {}
           â”‚    â”‚     â”” ()
           â”‚    â”” <function BaseCommand.main at 0x7fd93846b040>
           â”” <ClickAliasedGroup main>
  File "/usr/local/python3/lib/python3.8/site-packages/click/core.py", line 1053, in main
    rv = self.invoke(ctx)
         â”‚    â”‚      â”” <click.core.Context object at 0x7fd92f4c1f40>
         â”‚    â”” <function MultiCommand.invoke at 0x7fd93846f0d0>
         â”” <ClickAliasedGroup main>
  File "/usr/local/python3/lib/python3.8/site-packages/click/core.py", line 1659, in invoke
    return _process_result(sub_ctx.command.invoke(sub_ctx))
           â”‚               â”‚       â”‚       â”‚      â”” <click.core.Context object at 0x7fd9406316a0>
           â”‚               â”‚       â”‚       â”” <function Command.invoke at 0x7fd93846baf0>
           â”‚               â”‚       â”” <ClickAliasedCommand run>
           â”‚               â”” <click.core.Context object at 0x7fd9406316a0>
           â”” <function MultiCommand.invoke.<locals>._process_result at 0x7fd92f3969d0>
  File "/usr/local/python3/lib/python3.8/site-packages/click/core.py", line 1395, in invoke
    return ctx.invoke(self.callback, **ctx.params)
           â”‚   â”‚      â”‚    â”‚           â”‚   â”” {'file': 'bot.py', 'app': 'app'}
           â”‚   â”‚      â”‚    â”‚           â”” <click.core.Context object at 0x7fd9406316a0>
           â”‚   â”‚      â”‚    â”” <function run at 0x7fd92f4c08b0>
           â”‚   â”‚      â”” <ClickAliasedCommand run>
           â”‚   â”” <function Context.invoke at 0x7fd9384678b0>
           â”” <click.core.Context object at 0x7fd9406316a0>
  File "/usr/local/python3/lib/python3.8/site-packages/click/core.py", line 754, in invoke
    return __callback(*args, **kwargs)
                       â”‚       â”” {'file': 'bot.py', 'app': 'app'}
                       â”” ()
  File "/usr/local/python3/lib/python3.8/site-packages/nb_cli/commands/main.py", line 30, in run
    run_bot(file, app)
    â”‚       â”‚     â”” 'app'
    â”‚       â”” 'bot.py'
    â”” <function run_bot at 0x7fd92f4b0670>
  File "/usr/local/python3/lib/python3.8/site-packages/nb_cli/handlers/deploy.py", line 24, in run_bot
    nonebot.run(app=f"{module_name}:{app}")
    â”‚       â”” <function run at 0x7fd93159a940>
    â”” <module 'nonebot' from '/usr/local/python3/lib/python3.8/site-packages/nonebot/__init__.py'>
  File "/usr/local/python3/lib/python3.8/site-packages/nonebot/__init__.py", line 258, in run
    get_driver().run(*args, **kwargs)
    â”‚                 â”‚       â”” {'app': 'bot:app'}
    â”‚                 â”” ()
    â”” <function get_driver at 0x7fd93159a4c0>
  File "/usr/local/python3/lib/python3.8/site-packages/nonebot/drivers/fastapi.py", line 168, in run
    uvicorn.run(
    â”‚       â”” <function run at 0x7fd92f2bc670>
    â”” <module 'uvicorn' from '/usr/local/python3/lib/python3.8/site-packages/uvicorn/__init__.py'>
  File "/usr/local/python3/lib/python3.8/site-packages/uvicorn/main.py", line 463, in run
    server.run()
    â”‚      â”” <function Server.run at 0x7fd92f2bca60>
    â”” <uvicorn.server.Server object at 0x7fd8c36eda00>
  File "/usr/local/python3/lib/python3.8/site-packages/uvicorn/server.py", line 60, in run
    return asyncio.run(self.serve(sockets=sockets))
           â”‚       â”‚   â”‚    â”‚             â”” None
           â”‚       â”‚   â”‚    â”” <function Server.serve at 0x7fd92f2bcaf0>
           â”‚       â”‚   â”” <uvicorn.server.Server object at 0x7fd8c36eda00>
           â”‚       â”” <function run at 0x7fd934cf3430>
           â”” <module 'asyncio' from '/usr/local/python3/lib/python3.8/asyncio/__init__.py'>
  File "/usr/local/python3/lib/python3.8/asyncio/runners.py", line 43, in run
    return loop.run_until_complete(main)
           â”‚    â”‚                  â”” <coroutine object Server.serve at 0x7fd8c37b4b40>
           â”‚    â”” <method 'run_until_complete' of 'uvloop.loop.Loop' objects>
           â”” <uvloop.Loop running=True closed=False debug=False>
> File "/usr/local/python3/lib/python3.8/site-packages/apscheduler/executors/base_py3.py", line 30, in run_coroutine_job
    retval = await job.func(*job.args, **job.kwargs)
                   â”‚   â”‚     â”‚   â”‚       â”‚   â”” <member 'kwargs' of 'Job' objects>
                   â”‚   â”‚     â”‚   â”‚       â”” <Job (id=fe764b8330104f30a70440d94ba23991 name=change_price)>
                   â”‚   â”‚     â”‚   â”” <member 'args' of 'Job' objects>
                   â”‚   â”‚     â”” <Job (id=fe764b8330104f30a70440d94ba23991 name=change_price)>
                   â”‚   â”” <member 'func' of 'Job' objects>
                   â”” <Job (id=fe764b8330104f30a70440d94ba23991 name=change_price)>

  File "./src/plugins/nonebot_plugin_russian/__init__.py", line 483, in change_price
    russian_manager._price_change_handle()
    â”‚               â”” <function RussianManager._price_change_handle at 0x7fd8c3788ee0>
    â”” <src.plugins.nonebot_plugin_russian.data_source.RussianManager object at 0x7fd8c3779790>

  File "./src/plugins/nonebot_plugin_russian/data_source.py", line 668, in _price_change_handle
    update_price = float(self._check_stock_handle()["money_per_stock"])+delta
                         â”‚    â”‚                                         â”” -3.143
                         â”‚    â”” <function RussianManager._check_stock_handle at 0x7fd8c3788e50>
                         â”” <src.plugins.nonebot_plugin_russian.data_source.RussianManager object at 0x7fd8c3779790>

  File "./src/plugins/nonebot_plugin_russian/data_source.py", line 652, in _check_stock_handle
    money_per_stock = float(history_money_per_stock[-1])
                            â”” ['532.799', '540.088', '550.311', '545.3789999999999', '556.384', '569.893', '568.394', '559.432', '551.1189999999999', '555....

ValueError: could not convert string to float: ''
[36mATRI[0m | 03-08 14:27:30 | WARNING nonebot >> OneBot V11 | WebSocket for Bot 507346814 closed by peer
[36mATRI[0m | 03-08 14:33:36 | ERROR plugin.manager >> Failed to import "nonebot_plugin_russian"
Traceback (most recent call last):

  File "/usr/bin/nb", line 8, in <module>
    sys.exit(main())
    â”‚   â”‚    â”” <ClickAliasedGroup main>
    â”‚   â”” <built-in function exit>
    â”” <module 'sys' (built-in)>
  File "/usr/local/python3/lib/python3.8/site-packages/click/core.py", line 1128, in __call__
    return self.main(*args, **kwargs)
           â”‚    â”‚     â”‚       â”” {}
           â”‚    â”‚     â”” ()
           â”‚    â”” <function BaseCommand.main at 0x7f6c25db3040>
           â”” <ClickAliasedGroup main>
  File "/usr/local/python3/lib/python3.8/site-packages/click/core.py", line 1053, in main
    rv = self.invoke(ctx)
         â”‚    â”‚      â”” <click.core.Context object at 0x7f6c266394f0>
         â”‚    â”” <function MultiCommand.invoke at 0x7f6c25db70d0>
         â”” <ClickAliasedGroup main>
  File "/usr/local/python3/lib/python3.8/site-packages/click/core.py", line 1659, in invoke
    return _process_result(sub_ctx.command.invoke(sub_ctx))
           â”‚               â”‚       â”‚       â”‚      â”” <click.core.Context object at 0x7f6c2df26370>
           â”‚               â”‚       â”‚       â”” <function Command.invoke at 0x7f6c25db3af0>
           â”‚               â”‚       â”” <ClickAliasedCommand run>
           â”‚               â”” <click.core.Context object at 0x7f6c2df26370>
           â”” <function MultiCommand.invoke.<locals>._process_result at 0x7f6c1ccdf9d0>
  File "/usr/local/python3/lib/python3.8/site-packages/click/core.py", line 1395, in invoke
    return ctx.invoke(self.callback, **ctx.params)
           â”‚   â”‚      â”‚    â”‚           â”‚   â”” {'file': 'bot.py', 'app': 'app'}
           â”‚   â”‚      â”‚    â”‚           â”” <click.core.Context object at 0x7f6c2df26370>
           â”‚   â”‚      â”‚    â”” <function run at 0x7f6c1ce098b0>
           â”‚   â”‚      â”” <ClickAliasedCommand run>
           â”‚   â”” <function Context.invoke at 0x7f6c25daf8b0>
           â”” <click.core.Context object at 0x7f6c2df26370>
  File "/usr/local/python3/lib/python3.8/site-packages/click/core.py", line 754, in invoke
    return __callback(*args, **kwargs)
                       â”‚       â”” {'file': 'bot.py', 'app': 'app'}
                       â”” ()
  File "/usr/local/python3/lib/python3.8/site-packages/nb_cli/commands/main.py", line 30, in run
    run_bot(file, app)
    â”‚       â”‚     â”” 'app'
    â”‚       â”” 'bot.py'
    â”” <function run_bot at 0x7f6c1cdf8670>
  File "/usr/local/python3/lib/python3.8/site-packages/nb_cli/handlers/deploy.py", line 19, in run_bot
    module = importlib.import_module(module_name)
             â”‚         â”‚             â”” 'bot'
             â”‚         â”” <function import_module at 0x7f6c2df67940>
             â”” <module 'importlib' from '/usr/local/python3/lib/python3.8/importlib/__init__.py'>
  File "/usr/local/python3/lib/python3.8/importlib/__init__.py", line 127, in import_module
    return _bootstrap._gcd_import(name[level:], package, level)
           â”‚          â”‚           â”‚    â”‚        â”‚        â”” 0
           â”‚          â”‚           â”‚    â”‚        â”” None
           â”‚          â”‚           â”‚    â”” 0
           â”‚          â”‚           â”” 'bot'
           â”‚          â”” <function _gcd_import at 0x7f6c2e095430>
           â”” <module 'importlib._bootstrap' (frozen)>
  File "<frozen importlib._bootstrap>", line 1014, in _gcd_import
  File "<frozen importlib._bootstrap>", line 991, in _find_and_load
  File "<frozen importlib._bootstrap>", line 975, in _find_and_load_unlocked
  File "<frozen importlib._bootstrap>", line 671, in _load_unlocked
  File "<frozen importlib._bootstrap_external>", line 783, in exec_module
  File "<frozen importlib._bootstrap>", line 219, in _call_with_frames_removed

  File "./bot.py", line 29, in <module>
    nonebot.load_plugins("src/plugins")
    â”‚       â”” <function load_plugins at 0x7f6c23c77790>
    â”” <module 'nonebot' from '/usr/local/python3/lib/python3.8/site-packages/nonebot/__init__.py'>

  File "/usr/local/python3/lib/python3.8/site-packages/nonebot/plugin/load.py", line 39, in load_plugins
    return manager.load_all_plugins()
           â”‚       â”” <function PluginManager.load_all_plugins at 0x7f6c23c71310>
           â”” <nonebot.plugin.manager.PluginManager object at 0x7f6c1c5eba90>
  File "/usr/local/python3/lib/python3.8/site-packages/nonebot/plugin/manager.py", line 128, in load_all_plugins
    return set(
  File "/usr/local/python3/lib/python3.8/site-packages/nonebot/plugin/manager.py", line 129, in <genexpr>
    filter(None, (self.load_plugin(name) for name in self.list_plugins()))
                  â”‚    â”‚           â”‚         â”‚       â”‚    â”” <function PluginManager.list_plugins at 0x7f6c23c711f0>
                  â”‚    â”‚           â”‚         â”‚       â”” <nonebot.plugin.manager.PluginManager object at 0x7f6c1c5eba90>
                  â”‚    â”‚           â”‚         â”” 'nonebot_plugin_russian'
                  â”‚    â”‚           â”” 'nonebot_plugin_russian'
                  â”‚    â”” <function PluginManager.load_plugin at 0x7f6c23c71280>
                  â”” <nonebot.plugin.manager.PluginManager object at 0x7f6c1c5eba90>
> File "/usr/local/python3/lib/python3.8/site-packages/nonebot/plugin/manager.py", line 106, in load_plugin
    module = importlib.import_module(
             â”‚         â”” <function import_module at 0x7f6c2df67940>
             â”” <module 'importlib' from '/usr/local/python3/lib/python3.8/importlib/__init__.py'>
  File "/usr/local/python3/lib/python3.8/importlib/__init__.py", line 127, in import_module
    return _bootstrap._gcd_import(name[level:], package, level)
           â”‚          â”‚           â”‚    â”‚        â”‚        â”” 0
           â”‚          â”‚           â”‚    â”‚        â”” None
           â”‚          â”‚           â”‚    â”” 0
           â”‚          â”‚           â”” 'src.plugins.nonebot_plugin_russian'
           â”‚          â”” <function _gcd_import at 0x7f6c2e095430>
           â”” <module 'importlib._bootstrap' (frozen)>
  File "<frozen importlib._bootstrap>", line 1014, in _gcd_import
  File "<frozen importlib._bootstrap>", line 991, in _find_and_load
  File "<frozen importlib._bootstrap>", line 975, in _find_and_load_unlocked
  File "<frozen importlib._bootstrap>", line 671, in _load_unlocked
  File "/usr/local/python3/lib/python3.8/site-packages/nonebot/plugin/manager.py", line 194, in exec_module
    super().exec_module(module)
                        â”” <module 'src.plugins.nonebot_plugin_russian' from './src/plugins/nonebot_plugin_russian/__init__.py'>
  File "<frozen importlib._bootstrap_external>", line 783, in exec_module
  File "<frozen importlib._bootstrap>", line 219, in _call_with_frames_removed

  File "./src/plugins/nonebot_plugin_russian/__init__.py", line 15, in <module>
    from .data_source import russian_manager, max_bet_gold

  File "./src/plugins/nonebot_plugin_russian/data_source.py", line 652
    history_money_per_stock.remove('')
                                     ^

TabError: inconsistent use of tabs and spaces in indentation
[36mATRI[0m | 03-08 14:33:50 | ERROR plugin.manager >> Failed to import "nonebot_plugin_statistical"
Traceback (most recent call last):

  File "/usr/bin/nb", line 8, in <module>
    sys.exit(main())
    â”‚   â”‚    â”” <ClickAliasedGroup main>
    â”‚   â”” <built-in function exit>
    â”” <module 'sys' (built-in)>
  File "/usr/local/python3/lib/python3.8/site-packages/click/core.py", line 1128, in __call__
    return self.main(*args, **kwargs)
           â”‚    â”‚     â”‚       â”” {}
           â”‚    â”‚     â”” ()
           â”‚    â”” <function BaseCommand.main at 0x7f6c25db3040>
           â”” <ClickAliasedGroup main>
  File "/usr/local/python3/lib/python3.8/site-packages/click/core.py", line 1053, in main
    rv = self.invoke(ctx)
         â”‚    â”‚      â”” <click.core.Context object at 0x7f6c266394f0>
         â”‚    â”” <function MultiCommand.invoke at 0x7f6c25db70d0>
         â”” <ClickAliasedGroup main>
  File "/usr/local/python3/lib/python3.8/site-packages/click/core.py", line 1659, in invoke
    return _process_result(sub_ctx.command.invoke(sub_ctx))
           â”‚               â”‚       â”‚       â”‚      â”” <click.core.Context object at 0x7f6c2df26370>
           â”‚               â”‚       â”‚       â”” <function Command.invoke at 0x7f6c25db3af0>
           â”‚               â”‚       â”” <ClickAliasedCommand run>
           â”‚               â”” <click.core.Context object at 0x7f6c2df26370>
           â”” <function MultiCommand.invoke.<locals>._process_result at 0x7f6c1ccdf9d0>
  File "/usr/local/python3/lib/python3.8/site-packages/click/core.py", line 1395, in invoke
    return ctx.invoke(self.callback, **ctx.params)
           â”‚   â”‚      â”‚    â”‚           â”‚   â”” {'file': 'bot.py', 'app': 'app'}
           â”‚   â”‚      â”‚    â”‚           â”” <click.core.Context object at 0x7f6c2df26370>
           â”‚   â”‚      â”‚    â”” <function run at 0x7f6c1ce098b0>
           â”‚   â”‚      â”” <ClickAliasedCommand run>
           â”‚   â”” <function Context.invoke at 0x7f6c25daf8b0>
           â”” <click.core.Context object at 0x7f6c2df26370>
  File "/usr/local/python3/lib/python3.8/site-packages/click/core.py", line 754, in invoke
    return __callback(*args, **kwargs)
                       â”‚       â”” {'file': 'bot.py', 'app': 'app'}
                       â”” ()
  File "/usr/local/python3/lib/python3.8/site-packages/nb_cli/commands/main.py", line 30, in run
    run_bot(file, app)
    â”‚       â”‚     â”” 'app'
    â”‚       â”” 'bot.py'
    â”” <function run_bot at 0x7f6c1cdf8670>
  File "/usr/local/python3/lib/python3.8/site-packages/nb_cli/handlers/deploy.py", line 19, in run_bot
    module = importlib.import_module(module_name)
             â”‚         â”‚             â”” 'bot'
             â”‚         â”” <function import_module at 0x7f6c2df67940>
             â”” <module 'importlib' from '/usr/local/python3/lib/python3.8/importlib/__init__.py'>
  File "/usr/local/python3/lib/python3.8/importlib/__init__.py", line 127, in import_module
    return _bootstrap._gcd_import(name[level:], package, level)
           â”‚          â”‚           â”‚    â”‚        â”‚        â”” 0
           â”‚          â”‚           â”‚    â”‚        â”” None
           â”‚          â”‚           â”‚    â”” 0
           â”‚          â”‚           â”” 'bot'
           â”‚          â”” <function _gcd_import at 0x7f6c2e095430>
           â”” <module 'importlib._bootstrap' (frozen)>
  File "<frozen importlib._bootstrap>", line 1014, in _gcd_import
  File "<frozen importlib._bootstrap>", line 991, in _find_and_load
  File "<frozen importlib._bootstrap>", line 975, in _find_and_load_unlocked
  File "<frozen importlib._bootstrap>", line 671, in _load_unlocked
  File "<frozen importlib._bootstrap_external>", line 783, in exec_module
  File "<frozen importlib._bootstrap>", line 219, in _call_with_frames_removed

  File "./bot.py", line 29, in <module>
    nonebot.load_plugins("src/plugins")
    â”‚       â”” <function load_plugins at 0x7f6c23c77790>
    â”” <module 'nonebot' from '/usr/local/python3/lib/python3.8/site-packages/nonebot/__init__.py'>

  File "/usr/local/python3/lib/python3.8/site-packages/nonebot/plugin/load.py", line 39, in load_plugins
    return manager.load_all_plugins()
           â”‚       â”” <function PluginManager.load_all_plugins at 0x7f6c23c71310>
           â”” <nonebot.plugin.manager.PluginManager object at 0x7f6c1c5eba90>
  File "/usr/local/python3/lib/python3.8/site-packages/nonebot/plugin/manager.py", line 128, in load_all_plugins
    return set(
  File "/usr/local/python3/lib/python3.8/site-packages/nonebot/plugin/manager.py", line 129, in <genexpr>
    filter(None, (self.load_plugin(name) for name in self.list_plugins()))
                  â”‚    â”‚           â”‚         â”‚       â”‚    â”” <function PluginManager.list_plugins at 0x7f6c23c711f0>
                  â”‚    â”‚           â”‚         â”‚       â”” <nonebot.plugin.manager.PluginManager object at 0x7f6c1c5eba90>
                  â”‚    â”‚           â”‚         â”” 'nonebot_plugin_statistical'
                  â”‚    â”‚           â”” 'nonebot_plugin_statistical'
                  â”‚    â”” <function PluginManager.load_plugin at 0x7f6c23c71280>
                  â”” <nonebot.plugin.manager.PluginManager object at 0x7f6c1c5eba90>
> File "/usr/local/python3/lib/python3.8/site-packages/nonebot/plugin/manager.py", line 106, in load_plugin
    module = importlib.import_module(
             â”‚         â”” <function import_module at 0x7f6c2df67940>
             â”” <module 'importlib' from '/usr/local/python3/lib/python3.8/importlib/__init__.py'>
  File "/usr/local/python3/lib/python3.8/importlib/__init__.py", line 127, in import_module
    return _bootstrap._gcd_import(name[level:], package, level)
           â”‚          â”‚           â”‚    â”‚        â”‚        â”” 0
           â”‚          â”‚           â”‚    â”‚        â”” None
           â”‚          â”‚           â”‚    â”” 0
           â”‚          â”‚           â”” 'src.plugins.nonebot_plugin_statistical'
           â”‚          â”” <function _gcd_import at 0x7f6c2e095430>
           â”” <module 'importlib._bootstrap' (frozen)>
  File "<frozen importlib._bootstrap>", line 1014, in _gcd_import
  File "<frozen importlib._bootstrap>", line 991, in _find_and_load
  File "<frozen importlib._bootstrap>", line 975, in _find_and_load_unlocked
  File "<frozen importlib._bootstrap>", line 671, in _load_unlocked
  File "/usr/local/python3/lib/python3.8/site-packages/nonebot/plugin/manager.py", line 194, in exec_module
    super().exec_module(module)
                        â”” <module 'src.plugins.nonebot_plugin_statistical' from './src/plugins/nonebot_plugin_statistical/__init__.py'>
  File "<frozen importlib._bootstrap_external>", line 783, in exec_module
  File "<frozen importlib._bootstrap>", line 219, in _call_with_frames_removed

  File "./src/plugins/nonebot_plugin_statistical/__init__.py", line 1, in <module>
    from .statistical_hook import *

  File "./src/plugins/nonebot_plugin_statistical/statistical_hook.py", line 7, in <module>
    from .config import save_data, get_prefix_group_count_dict, get_prefix_user_count_dict, \

  File "./src/plugins/nonebot_plugin_statistical/config.py", line 149, in <module>
    plugin2cmd: dict = json.load(f)
                       â”‚    â”‚    â”” <_io.TextIOWrapper name='/root/Projects/Kori-Bot/Kori-bot/data/statistical/plugin2cmd.json' mode='r' encoding='utf8'>
                       â”‚    â”” <built-in function load>
                       â”” <module 'ujson' from '/usr/local/python3/lib/python3.8/site-packages/ujson.cpython-38-x86_64-linux-gnu.so'>

ValueError: Expected object or value
[36mATRI[0m | 03-08 15:09:20 | WARNING nonebot >> OneBot V11 | WebSocket for Bot 507346814 closed by peer
