[36mATRI[0m | 03-09 10:20:14 | ERROR plugin.manager >> Failed to import "nonebot_plugin_statistical"
Traceback (most recent call last):

  File "/usr/bin/nb", line 8, in <module>
    sys.exit(main())
    │   │    └ <ClickAliasedGroup main>
    │   └ <built-in function exit>
    └ <module 'sys' (built-in)>
  File "/usr/local/python3/lib/python3.8/site-packages/click/core.py", line 1128, in __call__
    return self.main(*args, **kwargs)
           │    │     │       └ {}
           │    │     └ ()
           │    └ <function BaseCommand.main at 0x7f70b176b040>
           └ <ClickAliasedGroup main>
  File "/usr/local/python3/lib/python3.8/site-packages/click/core.py", line 1053, in main
    rv = self.invoke(ctx)
         │    │      └ <click.core.Context object at 0x7f70b1ff14f0>
         │    └ <function MultiCommand.invoke at 0x7f70b176f0d0>
         └ <ClickAliasedGroup main>
  File "/usr/local/python3/lib/python3.8/site-packages/click/core.py", line 1659, in invoke
    return _process_result(sub_ctx.command.invoke(sub_ctx))
           │               │       │       │      └ <click.core.Context object at 0x7f70b98de370>
           │               │       │       └ <function Command.invoke at 0x7f70b176baf0>
           │               │       └ <ClickAliasedCommand run>
           │               └ <click.core.Context object at 0x7f70b98de370>
           └ <function MultiCommand.invoke.<locals>._process_result at 0x7f70a86969d0>
  File "/usr/local/python3/lib/python3.8/site-packages/click/core.py", line 1395, in invoke
    return ctx.invoke(self.callback, **ctx.params)
           │   │      │    │           │   └ {'file': 'bot.py', 'app': 'app'}
           │   │      │    │           └ <click.core.Context object at 0x7f70b98de370>
           │   │      │    └ <function run at 0x7f70a87c18b0>
           │   │      └ <ClickAliasedCommand run>
           │   └ <function Context.invoke at 0x7f70b17678b0>
           └ <click.core.Context object at 0x7f70b98de370>
  File "/usr/local/python3/lib/python3.8/site-packages/click/core.py", line 754, in invoke
    return __callback(*args, **kwargs)
                       │       └ {'file': 'bot.py', 'app': 'app'}
                       └ ()
  File "/usr/local/python3/lib/python3.8/site-packages/nb_cli/commands/main.py", line 30, in run
    run_bot(file, app)
    │       │     └ 'app'
    │       └ 'bot.py'
    └ <function run_bot at 0x7f70a87b0670>
  File "/usr/local/python3/lib/python3.8/site-packages/nb_cli/handlers/deploy.py", line 19, in run_bot
    module = importlib.import_module(module_name)
             │         │             └ 'bot'
             │         └ <function import_module at 0x7f70b991f940>
             └ <module 'importlib' from '/usr/local/python3/lib/python3.8/importlib/__init__.py'>
  File "/usr/local/python3/lib/python3.8/importlib/__init__.py", line 127, in import_module
    return _bootstrap._gcd_import(name[level:], package, level)
           │          │           │    │        │        └ 0
           │          │           │    │        └ None
           │          │           │    └ 0
           │          │           └ 'bot'
           │          └ <function _gcd_import at 0x7f70b9a4d430>
           └ <module 'importlib._bootstrap' (frozen)>
  File "<frozen importlib._bootstrap>", line 1014, in _gcd_import
  File "<frozen importlib._bootstrap>", line 991, in _find_and_load
  File "<frozen importlib._bootstrap>", line 975, in _find_and_load_unlocked
  File "<frozen importlib._bootstrap>", line 671, in _load_unlocked
  File "<frozen importlib._bootstrap_external>", line 783, in exec_module
  File "<frozen importlib._bootstrap>", line 219, in _call_with_frames_removed

  File "./bot.py", line 29, in <module>
    nonebot.load_plugins("src/plugins")
    │       └ <function load_plugins at 0x7f70af62f790>
    └ <module 'nonebot' from '/usr/local/python3/lib/python3.8/site-packages/nonebot/__init__.py'>

  File "/usr/local/python3/lib/python3.8/site-packages/nonebot/plugin/load.py", line 39, in load_plugins
    return manager.load_all_plugins()
           │       └ <function PluginManager.load_all_plugins at 0x7f70af629310>
           └ <nonebot.plugin.manager.PluginManager object at 0x7f70a7fa4a00>
  File "/usr/local/python3/lib/python3.8/site-packages/nonebot/plugin/manager.py", line 128, in load_all_plugins
    return set(
  File "/usr/local/python3/lib/python3.8/site-packages/nonebot/plugin/manager.py", line 129, in <genexpr>
    filter(None, (self.load_plugin(name) for name in self.list_plugins()))
                  │    │           │         │       │    └ <function PluginManager.list_plugins at 0x7f70af6291f0>
                  │    │           │         │       └ <nonebot.plugin.manager.PluginManager object at 0x7f70a7fa4a00>
                  │    │           │         └ 'nonebot_plugin_statistical'
                  │    │           └ 'nonebot_plugin_statistical'
                  │    └ <function PluginManager.load_plugin at 0x7f70af629280>
                  └ <nonebot.plugin.manager.PluginManager object at 0x7f70a7fa4a00>
> File "/usr/local/python3/lib/python3.8/site-packages/nonebot/plugin/manager.py", line 106, in load_plugin
    module = importlib.import_module(
             │         └ <function import_module at 0x7f70b991f940>
             └ <module 'importlib' from '/usr/local/python3/lib/python3.8/importlib/__init__.py'>
  File "/usr/local/python3/lib/python3.8/importlib/__init__.py", line 127, in import_module
    return _bootstrap._gcd_import(name[level:], package, level)
           │          │           │    │        │        └ 0
           │          │           │    │        └ None
           │          │           │    └ 0
           │          │           └ 'src.plugins.nonebot_plugin_statistical'
           │          └ <function _gcd_import at 0x7f70b9a4d430>
           └ <module 'importlib._bootstrap' (frozen)>
  File "<frozen importlib._bootstrap>", line 1014, in _gcd_import
  File "<frozen importlib._bootstrap>", line 991, in _find_and_load
  File "<frozen importlib._bootstrap>", line 975, in _find_and_load_unlocked
  File "<frozen importlib._bootstrap>", line 671, in _load_unlocked
  File "/usr/local/python3/lib/python3.8/site-packages/nonebot/plugin/manager.py", line 194, in exec_module
    super().exec_module(module)
                        └ <module 'src.plugins.nonebot_plugin_statistical' from './src/plugins/nonebot_plugin_statistical/__init__.py'>
  File "<frozen importlib._bootstrap_external>", line 783, in exec_module
  File "<frozen importlib._bootstrap>", line 219, in _call_with_frames_removed

  File "./src/plugins/nonebot_plugin_statistical/__init__.py", line 1, in <module>
    from .statistical_hook import *

  File "./src/plugins/nonebot_plugin_statistical/statistical_hook.py", line 7, in <module>
    from .config import save_data, get_prefix_group_count_dict, get_prefix_user_count_dict, \

  File "./src/plugins/nonebot_plugin_statistical/config.py", line 149, in <module>
    plugin2cmd: dict = json.load(f)
                       │    │    └ <_io.TextIOWrapper name='/root/Projects/Kori-Bot/Kori-bot/data/statistical/plugin2cmd.json' mode='r' encoding='utf8'>
                       │    └ <built-in function load>
                       └ <module 'ujson' from '/usr/local/python3/lib/python3.8/site-packages/ujson.cpython-38-x86_64-linux-gnu.so'>

ValueError: Expected object or value
[36mATRI[0m | 03-09 10:21:23 | ERROR nonebot >> Running matcher <Matcher from src.plugins.nonebot_plugin_songpicker2, type=message, priority=0, temp=True> failed.
Traceback (most recent call last):

  File "/usr/bin/nb", line 8, in <module>
    sys.exit(main())
    │   │    └ <ClickAliasedGroup main>
    │   └ <built-in function exit>
    └ <module 'sys' (built-in)>
  File "/usr/local/python3/lib/python3.8/site-packages/click/core.py", line 1128, in __call__
    return self.main(*args, **kwargs)
           │    │     │       └ {}
           │    │     └ ()
           │    └ <function BaseCommand.main at 0x7f70b176b040>
           └ <ClickAliasedGroup main>
  File "/usr/local/python3/lib/python3.8/site-packages/click/core.py", line 1053, in main
    rv = self.invoke(ctx)
         │    │      └ <click.core.Context object at 0x7f70b1ff14f0>
         │    └ <function MultiCommand.invoke at 0x7f70b176f0d0>
         └ <ClickAliasedGroup main>
  File "/usr/local/python3/lib/python3.8/site-packages/click/core.py", line 1659, in invoke
    return _process_result(sub_ctx.command.invoke(sub_ctx))
           │               │       │       │      └ <click.core.Context object at 0x7f70b98de370>
           │               │       │       └ <function Command.invoke at 0x7f70b176baf0>
           │               │       └ <ClickAliasedCommand run>
           │               └ <click.core.Context object at 0x7f70b98de370>
           └ <function MultiCommand.invoke.<locals>._process_result at 0x7f70a86969d0>
  File "/usr/local/python3/lib/python3.8/site-packages/click/core.py", line 1395, in invoke
    return ctx.invoke(self.callback, **ctx.params)
           │   │      │    │           │   └ {'file': 'bot.py', 'app': 'app'}
           │   │      │    │           └ <click.core.Context object at 0x7f70b98de370>
           │   │      │    └ <function run at 0x7f70a87c18b0>
           │   │      └ <ClickAliasedCommand run>
           │   └ <function Context.invoke at 0x7f70b17678b0>
           └ <click.core.Context object at 0x7f70b98de370>
  File "/usr/local/python3/lib/python3.8/site-packages/click/core.py", line 754, in invoke
    return __callback(*args, **kwargs)
                       │       └ {'file': 'bot.py', 'app': 'app'}
                       └ ()
  File "/usr/local/python3/lib/python3.8/site-packages/nb_cli/commands/main.py", line 30, in run
    run_bot(file, app)
    │       │     └ 'app'
    │       └ 'bot.py'
    └ <function run_bot at 0x7f70a87b0670>
  File "/usr/local/python3/lib/python3.8/site-packages/nb_cli/handlers/deploy.py", line 24, in run_bot
    nonebot.run(app=f"{module_name}:{app}")
    │       └ <function run at 0x7f70aa89a940>
    └ <module 'nonebot' from '/usr/local/python3/lib/python3.8/site-packages/nonebot/__init__.py'>
  File "/usr/local/python3/lib/python3.8/site-packages/nonebot/__init__.py", line 258, in run
    get_driver().run(*args, **kwargs)
    │                 │       └ {'app': 'bot:app'}
    │                 └ ()
    └ <function get_driver at 0x7f70aa89a4c0>
  File "/usr/local/python3/lib/python3.8/site-packages/nonebot/drivers/fastapi.py", line 168, in run
    uvicorn.run(
    │       └ <function run at 0x7f70a85bc670>
    └ <module 'uvicorn' from '/usr/local/python3/lib/python3.8/site-packages/uvicorn/__init__.py'>
  File "/usr/local/python3/lib/python3.8/site-packages/uvicorn/main.py", line 463, in run
    server.run()
    │      └ <function Server.run at 0x7f70a85bca60>
    └ <uvicorn.server.Server object at 0x7f703ca26fd0>
  File "/usr/local/python3/lib/python3.8/site-packages/uvicorn/server.py", line 60, in run
    return asyncio.run(self.serve(sockets=sockets))
           │       │   │    │             └ None
           │       │   │    └ <function Server.serve at 0x7f70a85bcaf0>
           │       │   └ <uvicorn.server.Server object at 0x7f703ca26fd0>
           │       └ <function run at 0x7f70adff2430>
           └ <module 'asyncio' from '/usr/local/python3/lib/python3.8/asyncio/__init__.py'>
  File "/usr/local/python3/lib/python3.8/asyncio/runners.py", line 43, in run
    return loop.run_until_complete(main)
           │    │                  └ <coroutine object Server.serve at 0x7f703ca56c40>
           │    └ <method 'run_until_complete' of 'uvloop.loop.Loop' objects>
           └ <uvloop.Loop running=True closed=False debug=False>
  File "/usr/local/python3/lib/python3.8/site-packages/nonebot/message.py", line 153, in _check_matcher
    await _run_matcher(Matcher, bot, event, state, stack, dependency_cache)
          │            │        │    │      │      │      └ {<function Matcher.got.<locals>._key_getter at 0x7f70405d2af0>: <Task finished name='Task-3146' coro=<Matcher.got.<locals>._k...
          │            │        │    │      │      └ <contextlib.AsyncExitStack object at 0x7f703aee8400>
          │            │        │    │      └ {'_prefix': {'command': None, 'raw_command': None, 'command_arg': None}}
          │            │        │    └ GroupMessageEvent(time=1646792483, self_id=507346814, post_type='message', sub_type='normal', user_id=2560359315, message_typ...
          │            │        └ <nonebot.adapters.onebot.v11.bot.Bot object at 0x7f703bf80b80>
          │            └ <Matcher from src.plugins.nonebot_plugin_songpicker2, type=message, priority=0, temp=True>
          └ <function _run_matcher at 0x7f70a86d8670>
> File "/usr/local/python3/lib/python3.8/site-packages/nonebot/message.py", line 202, in _run_matcher
    await matcher.run(bot, event, state, stack, dependency_cache)
          │       │   │    │      │      │      └ {<function Matcher.got.<locals>._key_getter at 0x7f70405d2af0>: <Task finished name='Task-3146' coro=<Matcher.got.<locals>._k...
          │       │   │    │      │      └ <contextlib.AsyncExitStack object at 0x7f703aee8400>
          │       │   │    │      └ {'_prefix': {'command': None, 'raw_command': None, 'command_arg': None}}
          │       │   │    └ GroupMessageEvent(time=1646792483, self_id=507346814, post_type='message', sub_type='normal', user_id=2560359315, message_typ...
          │       │   └ <nonebot.adapters.onebot.v11.bot.Bot object at 0x7f703bf80b80>
          │       └ <function Matcher.run at 0x7f70aa8d7b80>
          └ <Matcher from src.plugins.nonebot_plugin_songpicker2, type=message, priority=0, temp=True>
  File "/usr/local/python3/lib/python3.8/site-packages/nonebot/internal/matcher.py", line 668, in run
    await self.simple_run(bot, event, state, stack, dependency_cache)
          │    │          │    │      │      │      └ {<function Matcher.got.<locals>._key_getter at 0x7f70405d2af0>: <Task finished name='Task-3146' coro=<Matcher.got.<locals>._k...
          │    │          │    │      │      └ <contextlib.AsyncExitStack object at 0x7f703aee8400>
          │    │          │    │      └ {'_prefix': {'command': None, 'raw_command': None, 'command_arg': None}}
          │    │          │    └ GroupMessageEvent(time=1646792483, self_id=507346814, post_type='message', sub_type='normal', user_id=2560359315, message_typ...
          │    │          └ <nonebot.adapters.onebot.v11.bot.Bot object at 0x7f703bf80b80>
          │    └ <function Matcher.simple_run at 0x7f70aa8d7af0>
          └ <Matcher from src.plugins.nonebot_plugin_songpicker2, type=message, priority=0, temp=True>
  File "/usr/local/python3/lib/python3.8/site-packages/nonebot/internal/matcher.py", line 635, in simple_run
    await handler(
          └ <Dependent call=<function handle_songNum at 0x7f70405d2d30>, params=[ModelField(name='bot', type=Bot, required=True), ModelFi...
  File "/usr/local/python3/lib/python3.8/site-packages/nonebot/dependencies/__init__.py", line 92, in __call__
    return await self.call(**values)
                 │    │      └ {'bot': <nonebot.adapters.onebot.v11.bot.Bot object at 0x7f703bf80b80>, 'event': GroupMessageEvent(time=1646792483, self_id=5...
                 │    └ <function handle_songNum at 0x7f70405d2d30>
                 └ <Dependent call=<function handle_songNum at 0x7f70405d2d30>, params=[ModelField(name='bot', type=Bot, required=True), ModelFi...

  File "./src/plugins/nonebot_plugin_songpicker2/__init__.py", line 77, in handle_songNum
    loop.create_task(async_recall(bot, event_id))
    │    │           │            │    └ 0
    │    │           │            └ <nonebot.adapters.onebot.v11.bot.Bot object at 0x7f703bf80b80>
    │    │           └ <staticmethod object at 0x7f70405b2df0>
    │    └ <method 'create_task' of 'uvloop.loop.Loop' objects>
    └ <uvloop.Loop running=True closed=False debug=False>

TypeError: 'staticmethod' object is not callable
[36mATRI[0m | 03-09 10:21:53 | ERROR nonebot >> Running matcher <Matcher from src.plugins.nonebot_plugin_songpicker2, type=message, priority=0, temp=True> failed.
Traceback (most recent call last):

  File "/usr/bin/nb", line 8, in <module>
    sys.exit(main())
    │   │    └ <ClickAliasedGroup main>
    │   └ <built-in function exit>
    └ <module 'sys' (built-in)>
  File "/usr/local/python3/lib/python3.8/site-packages/click/core.py", line 1128, in __call__
    return self.main(*args, **kwargs)
           │    │     │       └ {}
           │    │     └ ()
           │    └ <function BaseCommand.main at 0x7f70b176b040>
           └ <ClickAliasedGroup main>
  File "/usr/local/python3/lib/python3.8/site-packages/click/core.py", line 1053, in main
    rv = self.invoke(ctx)
         │    │      └ <click.core.Context object at 0x7f70b1ff14f0>
         │    └ <function MultiCommand.invoke at 0x7f70b176f0d0>
         └ <ClickAliasedGroup main>
  File "/usr/local/python3/lib/python3.8/site-packages/click/core.py", line 1659, in invoke
    return _process_result(sub_ctx.command.invoke(sub_ctx))
           │               │       │       │      └ <click.core.Context object at 0x7f70b98de370>
           │               │       │       └ <function Command.invoke at 0x7f70b176baf0>
           │               │       └ <ClickAliasedCommand run>
           │               └ <click.core.Context object at 0x7f70b98de370>
           └ <function MultiCommand.invoke.<locals>._process_result at 0x7f70a86969d0>
  File "/usr/local/python3/lib/python3.8/site-packages/click/core.py", line 1395, in invoke
    return ctx.invoke(self.callback, **ctx.params)
           │   │      │    │           │   └ {'file': 'bot.py', 'app': 'app'}
           │   │      │    │           └ <click.core.Context object at 0x7f70b98de370>
           │   │      │    └ <function run at 0x7f70a87c18b0>
           │   │      └ <ClickAliasedCommand run>
           │   └ <function Context.invoke at 0x7f70b17678b0>
           └ <click.core.Context object at 0x7f70b98de370>
  File "/usr/local/python3/lib/python3.8/site-packages/click/core.py", line 754, in invoke
    return __callback(*args, **kwargs)
                       │       └ {'file': 'bot.py', 'app': 'app'}
                       └ ()
  File "/usr/local/python3/lib/python3.8/site-packages/nb_cli/commands/main.py", line 30, in run
    run_bot(file, app)
    │       │     └ 'app'
    │       └ 'bot.py'
    └ <function run_bot at 0x7f70a87b0670>
  File "/usr/local/python3/lib/python3.8/site-packages/nb_cli/handlers/deploy.py", line 24, in run_bot
    nonebot.run(app=f"{module_name}:{app}")
    │       └ <function run at 0x7f70aa89a940>
    └ <module 'nonebot' from '/usr/local/python3/lib/python3.8/site-packages/nonebot/__init__.py'>
  File "/usr/local/python3/lib/python3.8/site-packages/nonebot/__init__.py", line 258, in run
    get_driver().run(*args, **kwargs)
    │                 │       └ {'app': 'bot:app'}
    │                 └ ()
    └ <function get_driver at 0x7f70aa89a4c0>
  File "/usr/local/python3/lib/python3.8/site-packages/nonebot/drivers/fastapi.py", line 168, in run
    uvicorn.run(
    │       └ <function run at 0x7f70a85bc670>
    └ <module 'uvicorn' from '/usr/local/python3/lib/python3.8/site-packages/uvicorn/__init__.py'>
  File "/usr/local/python3/lib/python3.8/site-packages/uvicorn/main.py", line 463, in run
    server.run()
    │      └ <function Server.run at 0x7f70a85bca60>
    └ <uvicorn.server.Server object at 0x7f703ca26fd0>
  File "/usr/local/python3/lib/python3.8/site-packages/uvicorn/server.py", line 60, in run
    return asyncio.run(self.serve(sockets=sockets))
           │       │   │    │             └ None
           │       │   │    └ <function Server.serve at 0x7f70a85bcaf0>
           │       │   └ <uvicorn.server.Server object at 0x7f703ca26fd0>
           │       └ <function run at 0x7f70adff2430>
           └ <module 'asyncio' from '/usr/local/python3/lib/python3.8/asyncio/__init__.py'>
  File "/usr/local/python3/lib/python3.8/asyncio/runners.py", line 43, in run
    return loop.run_until_complete(main)
           │    │                  └ <coroutine object Server.serve at 0x7f703ca56c40>
           │    └ <method 'run_until_complete' of 'uvloop.loop.Loop' objects>
           └ <uvloop.Loop running=True closed=False debug=False>
  File "/usr/local/python3/lib/python3.8/site-packages/nonebot/message.py", line 153, in _check_matcher
    await _run_matcher(Matcher, bot, event, state, stack, dependency_cache)
          │            │        │    │      │      │      └ {<function Matcher.got.<locals>._key_getter at 0x7f70405d2af0>: <Task finished name='Task-4907' coro=<Matcher.got.<locals>._k...
          │            │        │    │      │      └ <contextlib.AsyncExitStack object at 0x7f703969bca0>
          │            │        │    │      └ {'_prefix': {'command': None, 'raw_command': None, 'command_arg': None}}
          │            │        │    └ GroupMessageEvent(time=1646792513, self_id=507346814, post_type='message', sub_type='normal', user_id=2560359315, message_typ...
          │            │        └ <nonebot.adapters.onebot.v11.bot.Bot object at 0x7f703bf80b80>
          │            └ <Matcher from src.plugins.nonebot_plugin_songpicker2, type=message, priority=0, temp=True>
          └ <function _run_matcher at 0x7f70a86d8670>
> File "/usr/local/python3/lib/python3.8/site-packages/nonebot/message.py", line 202, in _run_matcher
    await matcher.run(bot, event, state, stack, dependency_cache)
          │       │   │    │      │      │      └ {<function Matcher.got.<locals>._key_getter at 0x7f70405d2af0>: <Task finished name='Task-4907' coro=<Matcher.got.<locals>._k...
          │       │   │    │      │      └ <contextlib.AsyncExitStack object at 0x7f703969bca0>
          │       │   │    │      └ {'_prefix': {'command': None, 'raw_command': None, 'command_arg': None}}
          │       │   │    └ GroupMessageEvent(time=1646792513, self_id=507346814, post_type='message', sub_type='normal', user_id=2560359315, message_typ...
          │       │   └ <nonebot.adapters.onebot.v11.bot.Bot object at 0x7f703bf80b80>
          │       └ <function Matcher.run at 0x7f70aa8d7b80>
          └ <Matcher from src.plugins.nonebot_plugin_songpicker2, type=message, priority=0, temp=True>
  File "/usr/local/python3/lib/python3.8/site-packages/nonebot/internal/matcher.py", line 668, in run
    await self.simple_run(bot, event, state, stack, dependency_cache)
          │    │          │    │      │      │      └ {<function Matcher.got.<locals>._key_getter at 0x7f70405d2af0>: <Task finished name='Task-4907' coro=<Matcher.got.<locals>._k...
          │    │          │    │      │      └ <contextlib.AsyncExitStack object at 0x7f703969bca0>
          │    │          │    │      └ {'_prefix': {'command': None, 'raw_command': None, 'command_arg': None}}
          │    │          │    └ GroupMessageEvent(time=1646792513, self_id=507346814, post_type='message', sub_type='normal', user_id=2560359315, message_typ...
          │    │          └ <nonebot.adapters.onebot.v11.bot.Bot object at 0x7f703bf80b80>
          │    └ <function Matcher.simple_run at 0x7f70aa8d7af0>
          └ <Matcher from src.plugins.nonebot_plugin_songpicker2, type=message, priority=0, temp=True>
  File "/usr/local/python3/lib/python3.8/site-packages/nonebot/internal/matcher.py", line 635, in simple_run
    await handler(
          └ <Dependent call=<function handle_songNum at 0x7f70405d2d30>, params=[ModelField(name='bot', type=Bot, required=True), ModelFi...
  File "/usr/local/python3/lib/python3.8/site-packages/nonebot/dependencies/__init__.py", line 92, in __call__
    return await self.call(**values)
                 │    │      └ {'bot': <nonebot.adapters.onebot.v11.bot.Bot object at 0x7f703bf80b80>, 'event': GroupMessageEvent(time=1646792513, self_id=5...
                 │    └ <function handle_songNum at 0x7f70405d2d30>
                 └ <Dependent call=<function handle_songNum at 0x7f70405d2d30>, params=[ModelField(name='bot', type=Bot, required=True), ModelFi...

  File "./src/plugins/nonebot_plugin_songpicker2/__init__.py", line 77, in handle_songNum
    loop.create_task(async_recall(bot, event_id))
    │    │           │            │    └ 0
    │    │           │            └ <nonebot.adapters.onebot.v11.bot.Bot object at 0x7f703bf80b80>
    │    │           └ <staticmethod object at 0x7f70405b2df0>
    │    └ <method 'create_task' of 'uvloop.loop.Loop' objects>
    └ <uvloop.Loop running=True closed=False debug=False>

TypeError: 'staticmethod' object is not callable
[36mATRI[0m | 03-09 10:56:03 | WARNING apscheduler >> Run time of job "change_price (trigger: cron[hour='8-21', minute='*', second='*/30'], next run at: 2022-03-09 10:56:30 CST)" was missed by 0:00:03.754242
[36mATRI[0m | 03-09 10:56:03 | WARNING apscheduler >> Run time of job "_ (trigger: cron[minute='*'], next run at: 2022-03-09 10:57:00 CST)" was missed by 0:00:03.755305
[36mATRI[0m | 03-09 11:03:57 | WARNING nonebot >> OneBot V11 | WebSocket for Bot 507346814 closed by peer
