[36mATRI[0m | 03-04 02:15:59 | ERROR plugin.manager >> Failed to import "nonebot_plugin_statistical"
Traceback (most recent call last):

  File "/usr/bin/nb", line 8, in <module>
    sys.exit(main())
    │   │    └ <ClickAliasedGroup main>
    │   └ <built-in function exit>
    └ <module 'sys' (built-in)>
  File "/usr/local/python3/lib/python3.8/site-packages/click/core.py", line 1128, in __call__
    return self.main(*args, **kwargs)
           │    │     │       └ {}
           │    │     └ ()
           │    └ <function BaseCommand.main at 0x7f95dedb9040>
           └ <ClickAliasedGroup main>
  File "/usr/local/python3/lib/python3.8/site-packages/click/core.py", line 1053, in main
    rv = self.invoke(ctx)
         │    │      └ <click.core.Context object at 0x7f95df63f3d0>
         │    └ <function MultiCommand.invoke at 0x7f95dedbd0d0>
         └ <ClickAliasedGroup main>
  File "/usr/local/python3/lib/python3.8/site-packages/click/core.py", line 1659, in invoke
    return _process_result(sub_ctx.command.invoke(sub_ctx))
           │               │       │       │      └ <click.core.Context object at 0x7f95e6f2c250>
           │               │       │       └ <function Command.invoke at 0x7f95dedb9af0>
           │               │       └ <ClickAliasedCommand run>
           │               └ <click.core.Context object at 0x7f95e6f2c250>
           └ <function MultiCommand.invoke.<locals>._process_result at 0x7f95d5ce5940>
  File "/usr/local/python3/lib/python3.8/site-packages/click/core.py", line 1395, in invoke
    return ctx.invoke(self.callback, **ctx.params)
           │   │      │    │           │   └ {'file': 'bot.py', 'app': 'app'}
           │   │      │    │           └ <click.core.Context object at 0x7f95e6f2c250>
           │   │      │    └ <function run at 0x7f95d5e0f820>
           │   │      └ <ClickAliasedCommand run>
           │   └ <function Context.invoke at 0x7f95dedb58b0>
           └ <click.core.Context object at 0x7f95e6f2c250>
  File "/usr/local/python3/lib/python3.8/site-packages/click/core.py", line 754, in invoke
    return __callback(*args, **kwargs)
                       │       └ {'file': 'bot.py', 'app': 'app'}
                       └ ()
  File "/usr/local/python3/lib/python3.8/site-packages/nb_cli/commands/main.py", line 30, in run
    run_bot(file, app)
    │       │     └ 'app'
    │       └ 'bot.py'
    └ <function run_bot at 0x7f95d5dff5e0>
  File "/usr/local/python3/lib/python3.8/site-packages/nb_cli/handlers/deploy.py", line 19, in run_bot
    module = importlib.import_module(module_name)
             │         │             └ 'bot'
             │         └ <function import_module at 0x7f95e6f6c940>
             └ <module 'importlib' from '/usr/local/python3/lib/python3.8/importlib/__init__.py'>
  File "/usr/local/python3/lib/python3.8/importlib/__init__.py", line 127, in import_module
    return _bootstrap._gcd_import(name[level:], package, level)
           │          │           │    │        │        └ 0
           │          │           │    │        └ None
           │          │           │    └ 0
           │          │           └ 'bot'
           │          └ <function _gcd_import at 0x7f95e709b430>
           └ <module 'importlib._bootstrap' (frozen)>
  File "<frozen importlib._bootstrap>", line 1014, in _gcd_import
  File "<frozen importlib._bootstrap>", line 991, in _find_and_load
  File "<frozen importlib._bootstrap>", line 975, in _find_and_load_unlocked
  File "<frozen importlib._bootstrap>", line 671, in _load_unlocked
  File "<frozen importlib._bootstrap_external>", line 783, in exec_module
  File "<frozen importlib._bootstrap>", line 219, in _call_with_frames_removed

  File "./bot.py", line 29, in <module>
    nonebot.load_plugins("src/plugins")
    │       └ <function load_plugins at 0x7f95dcc7b700>
    └ <module 'nonebot' from '/usr/local/python3/lib/python3.8/site-packages/nonebot/__init__.py'>

  File "/usr/local/python3/lib/python3.8/site-packages/nonebot/plugin/load.py", line 39, in load_plugins
    return manager.load_all_plugins()
           │       └ <function PluginManager.load_all_plugins at 0x7f95dcc75280>
           └ <nonebot.plugin.manager.PluginManager object at 0x7f95d55f4670>
  File "/usr/local/python3/lib/python3.8/site-packages/nonebot/plugin/manager.py", line 128, in load_all_plugins
    return set(
  File "/usr/local/python3/lib/python3.8/site-packages/nonebot/plugin/manager.py", line 129, in <genexpr>
    filter(None, (self.load_plugin(name) for name in self.list_plugins()))
                  │    │           │         │       │    └ <function PluginManager.list_plugins at 0x7f95dcc75160>
                  │    │           │         │       └ <nonebot.plugin.manager.PluginManager object at 0x7f95d55f4670>
                  │    │           │         └ 'nonebot_plugin_statistical'
                  │    │           └ 'nonebot_plugin_statistical'
                  │    └ <function PluginManager.load_plugin at 0x7f95dcc751f0>
                  └ <nonebot.plugin.manager.PluginManager object at 0x7f95d55f4670>
> File "/usr/local/python3/lib/python3.8/site-packages/nonebot/plugin/manager.py", line 106, in load_plugin
    module = importlib.import_module(
             │         └ <function import_module at 0x7f95e6f6c940>
             └ <module 'importlib' from '/usr/local/python3/lib/python3.8/importlib/__init__.py'>
  File "/usr/local/python3/lib/python3.8/importlib/__init__.py", line 127, in import_module
    return _bootstrap._gcd_import(name[level:], package, level)
           │          │           │    │        │        └ 0
           │          │           │    │        └ None
           │          │           │    └ 0
           │          │           └ 'src.plugins.nonebot_plugin_statistical'
           │          └ <function _gcd_import at 0x7f95e709b430>
           └ <module 'importlib._bootstrap' (frozen)>
  File "<frozen importlib._bootstrap>", line 1014, in _gcd_import
  File "<frozen importlib._bootstrap>", line 991, in _find_and_load
  File "<frozen importlib._bootstrap>", line 975, in _find_and_load_unlocked
  File "<frozen importlib._bootstrap>", line 671, in _load_unlocked
  File "/usr/local/python3/lib/python3.8/site-packages/nonebot/plugin/manager.py", line 194, in exec_module
    super().exec_module(module)
                        └ <module 'src.plugins.nonebot_plugin_statistical' from './src/plugins/nonebot_plugin_statistical/__init__.py'>
  File "<frozen importlib._bootstrap_external>", line 783, in exec_module
  File "<frozen importlib._bootstrap>", line 219, in _call_with_frames_removed

  File "./src/plugins/nonebot_plugin_statistical/__init__.py", line 1, in <module>
    from .statistical_hook import *

  File "./src/plugins/nonebot_plugin_statistical/statistical_hook.py", line 7, in <module>
    from .config import save_data, get_prefix_group_count_dict, get_prefix_user_count_dict, \

  File "./src/plugins/nonebot_plugin_statistical/config.py", line 149, in <module>
    plugin2cmd: dict = json.load(f)
                       │    │    └ <_io.TextIOWrapper name='/root/Projects/Kori-Bot/Kori-bot/data/statistical/plugin2cmd.json' mode='r' encoding='utf8'>
                       │    └ <built-in function load>
                       └ <module 'ujson' from '/usr/local/python3/lib/python3.8/site-packages/ujson.cpython-38-x86_64-linux-gnu.so'>

ValueError: Expected object or value
[36mATRI[0m | 03-04 02:22:18 | ERROR plugin.manager >> Failed to import "nonebot_plugin_statistical"
Traceback (most recent call last):

  File "/usr/bin/nb", line 8, in <module>
    sys.exit(main())
    │   │    └ <ClickAliasedGroup main>
    │   └ <built-in function exit>
    └ <module 'sys' (built-in)>
  File "/usr/local/python3/lib/python3.8/site-packages/click/core.py", line 1128, in __call__
    return self.main(*args, **kwargs)
           │    │     │       └ {}
           │    │     └ ()
           │    └ <function BaseCommand.main at 0x7f40e0876040>
           └ <ClickAliasedGroup main>
  File "/usr/local/python3/lib/python3.8/site-packages/click/core.py", line 1053, in main
    rv = self.invoke(ctx)
         │    │      └ <click.core.Context object at 0x7f40e10fc3d0>
         │    └ <function MultiCommand.invoke at 0x7f40e087a0d0>
         └ <ClickAliasedGroup main>
  File "/usr/local/python3/lib/python3.8/site-packages/click/core.py", line 1659, in invoke
    return _process_result(sub_ctx.command.invoke(sub_ctx))
           │               │       │       │      └ <click.core.Context object at 0x7f40e89e9250>
           │               │       │       └ <function Command.invoke at 0x7f40e0876af0>
           │               │       └ <ClickAliasedCommand run>
           │               └ <click.core.Context object at 0x7f40e89e9250>
           └ <function MultiCommand.invoke.<locals>._process_result at 0x7f40d77a2940>
  File "/usr/local/python3/lib/python3.8/site-packages/click/core.py", line 1395, in invoke
    return ctx.invoke(self.callback, **ctx.params)
           │   │      │    │           │   └ {'file': 'bot.py', 'app': 'app'}
           │   │      │    │           └ <click.core.Context object at 0x7f40e89e9250>
           │   │      │    └ <function run at 0x7f40d78cd820>
           │   │      └ <ClickAliasedCommand run>
           │   └ <function Context.invoke at 0x7f40e08728b0>
           └ <click.core.Context object at 0x7f40e89e9250>
  File "/usr/local/python3/lib/python3.8/site-packages/click/core.py", line 754, in invoke
    return __callback(*args, **kwargs)
                       │       └ {'file': 'bot.py', 'app': 'app'}
                       └ ()
  File "/usr/local/python3/lib/python3.8/site-packages/nb_cli/commands/main.py", line 30, in run
    run_bot(file, app)
    │       │     └ 'app'
    │       └ 'bot.py'
    └ <function run_bot at 0x7f40d78bd5e0>
  File "/usr/local/python3/lib/python3.8/site-packages/nb_cli/handlers/deploy.py", line 19, in run_bot
    module = importlib.import_module(module_name)
             │         │             └ 'bot'
             │         └ <function import_module at 0x7f40e8a29940>
             └ <module 'importlib' from '/usr/local/python3/lib/python3.8/importlib/__init__.py'>
  File "/usr/local/python3/lib/python3.8/importlib/__init__.py", line 127, in import_module
    return _bootstrap._gcd_import(name[level:], package, level)
           │          │           │    │        │        └ 0
           │          │           │    │        └ None
           │          │           │    └ 0
           │          │           └ 'bot'
           │          └ <function _gcd_import at 0x7f40e8b58430>
           └ <module 'importlib._bootstrap' (frozen)>
  File "<frozen importlib._bootstrap>", line 1014, in _gcd_import
  File "<frozen importlib._bootstrap>", line 991, in _find_and_load
  File "<frozen importlib._bootstrap>", line 975, in _find_and_load_unlocked
  File "<frozen importlib._bootstrap>", line 671, in _load_unlocked
  File "<frozen importlib._bootstrap_external>", line 783, in exec_module
  File "<frozen importlib._bootstrap>", line 219, in _call_with_frames_removed

  File "./bot.py", line 29, in <module>
    nonebot.load_plugins("src/plugins")
    │       └ <function load_plugins at 0x7f40de739700>
    └ <module 'nonebot' from '/usr/local/python3/lib/python3.8/site-packages/nonebot/__init__.py'>

  File "/usr/local/python3/lib/python3.8/site-packages/nonebot/plugin/load.py", line 39, in load_plugins
    return manager.load_all_plugins()
           │       └ <function PluginManager.load_all_plugins at 0x7f40de732280>
           └ <nonebot.plugin.manager.PluginManager object at 0x7f40d70b2580>
  File "/usr/local/python3/lib/python3.8/site-packages/nonebot/plugin/manager.py", line 128, in load_all_plugins
    return set(
  File "/usr/local/python3/lib/python3.8/site-packages/nonebot/plugin/manager.py", line 129, in <genexpr>
    filter(None, (self.load_plugin(name) for name in self.list_plugins()))
                  │    │           │         │       │    └ <function PluginManager.list_plugins at 0x7f40de732160>
                  │    │           │         │       └ <nonebot.plugin.manager.PluginManager object at 0x7f40d70b2580>
                  │    │           │         └ 'nonebot_plugin_statistical'
                  │    │           └ 'nonebot_plugin_statistical'
                  │    └ <function PluginManager.load_plugin at 0x7f40de7321f0>
                  └ <nonebot.plugin.manager.PluginManager object at 0x7f40d70b2580>
> File "/usr/local/python3/lib/python3.8/site-packages/nonebot/plugin/manager.py", line 106, in load_plugin
    module = importlib.import_module(
             │         └ <function import_module at 0x7f40e8a29940>
             └ <module 'importlib' from '/usr/local/python3/lib/python3.8/importlib/__init__.py'>
  File "/usr/local/python3/lib/python3.8/importlib/__init__.py", line 127, in import_module
    return _bootstrap._gcd_import(name[level:], package, level)
           │          │           │    │        │        └ 0
           │          │           │    │        └ None
           │          │           │    └ 0
           │          │           └ 'src.plugins.nonebot_plugin_statistical'
           │          └ <function _gcd_import at 0x7f40e8b58430>
           └ <module 'importlib._bootstrap' (frozen)>
  File "<frozen importlib._bootstrap>", line 1014, in _gcd_import
  File "<frozen importlib._bootstrap>", line 991, in _find_and_load
  File "<frozen importlib._bootstrap>", line 975, in _find_and_load_unlocked
  File "<frozen importlib._bootstrap>", line 671, in _load_unlocked
  File "/usr/local/python3/lib/python3.8/site-packages/nonebot/plugin/manager.py", line 194, in exec_module
    super().exec_module(module)
                        └ <module 'src.plugins.nonebot_plugin_statistical' from './src/plugins/nonebot_plugin_statistical/__init__.py'>
  File "<frozen importlib._bootstrap_external>", line 783, in exec_module
  File "<frozen importlib._bootstrap>", line 219, in _call_with_frames_removed

  File "./src/plugins/nonebot_plugin_statistical/__init__.py", line 1, in <module>
    from .statistical_hook import *

  File "./src/plugins/nonebot_plugin_statistical/statistical_hook.py", line 7, in <module>
    from .config import save_data, get_prefix_group_count_dict, get_prefix_user_count_dict, \

  File "./src/plugins/nonebot_plugin_statistical/config.py", line 149, in <module>
    plugin2cmd: dict = json.load(f)
                       │    │    └ <_io.TextIOWrapper name='/root/Projects/Kori-Bot/Kori-bot/data/statistical/plugin2cmd.json' mode='r' encoding='utf8'>
                       │    └ <built-in function load>
                       └ <module 'ujson' from '/usr/local/python3/lib/python3.8/site-packages/ujson.cpython-38-x86_64-linux-gnu.so'>

ValueError: Expected object or value
