[36mATRI[0m | 03-03 17:56:01 | ERROR plugin.manager >> Failed to import "whitenight_from_feiyucans_space"
Traceback (most recent call last):

  File "/usr/bin/nb", line 8, in <module>
    sys.exit(main())
    │   │    └ <ClickAliasedGroup main>
    │   └ <built-in function exit>
    └ <module 'sys' (built-in)>
  File "/usr/local/python3/lib/python3.8/site-packages/click/core.py", line 1128, in __call__
    return self.main(*args, **kwargs)
           │    │     │       └ {}
           │    │     └ ()
           │    └ <function BaseCommand.main at 0x7fe6b9340040>
           └ <ClickAliasedGroup main>
  File "/usr/local/python3/lib/python3.8/site-packages/click/core.py", line 1053, in main
    rv = self.invoke(ctx)
         │    │      └ <click.core.Context object at 0x7fe6c14b4130>
         │    └ <function MultiCommand.invoke at 0x7fe6b93440d0>
         └ <ClickAliasedGroup main>
  File "/usr/local/python3/lib/python3.8/site-packages/click/core.py", line 1659, in invoke
    return _process_result(sub_ctx.command.invoke(sub_ctx))
           │               │       │       │      └ <click.core.Context object at 0x7fe6c14b9ca0>
           │               │       │       └ <function Command.invoke at 0x7fe6b9340af0>
           │               │       └ <ClickAliasedCommand run>
           │               └ <click.core.Context object at 0x7fe6c14b9ca0>
           └ <function MultiCommand.invoke.<locals>._process_result at 0x7fe6b9b8da60>
  File "/usr/local/python3/lib/python3.8/site-packages/click/core.py", line 1395, in invoke
    return ctx.invoke(self.callback, **ctx.params)
           │   │      │    │           │   └ {'file': 'bot.py', 'app': 'app'}
           │   │      │    │           └ <click.core.Context object at 0x7fe6c14b9ca0>
           │   │      │    └ <function run at 0x7fe6b038c5e0>
           │   │      └ <ClickAliasedCommand run>
           │   └ <function Context.invoke at 0x7fe6b95bd8b0>
           └ <click.core.Context object at 0x7fe6c14b9ca0>
  File "/usr/local/python3/lib/python3.8/site-packages/click/core.py", line 754, in invoke
    return __callback(*args, **kwargs)
                       │       └ {'file': 'bot.py', 'app': 'app'}
                       └ ()
  File "/usr/local/python3/lib/python3.8/site-packages/nb_cli/commands/main.py", line 30, in run
    run_bot(file, app)
    │       │     └ 'app'
    │       └ 'bot.py'
    └ <function run_bot at 0x7fe6b037c3a0>
  File "/usr/local/python3/lib/python3.8/site-packages/nb_cli/handlers/deploy.py", line 19, in run_bot
    module = importlib.import_module(module_name)
             │         │             └ 'bot'
             │         └ <function import_module at 0x7fe6c14f48b0>
             └ <module 'importlib' from '/usr/local/python3/lib/python3.8/importlib/__init__.py'>
  File "/usr/local/python3/lib/python3.8/importlib/__init__.py", line 127, in import_module
    return _bootstrap._gcd_import(name[level:], package, level)
           │          │           │    │        │        └ 0
           │          │           │    │        └ None
           │          │           │    └ 0
           │          │           └ 'bot'
           │          └ <function _gcd_import at 0x7fe6c1623430>
           └ <module 'importlib._bootstrap' (frozen)>
  File "<frozen importlib._bootstrap>", line 1014, in _gcd_import
  File "<frozen importlib._bootstrap>", line 991, in _find_and_load
  File "<frozen importlib._bootstrap>", line 975, in _find_and_load_unlocked
  File "<frozen importlib._bootstrap>", line 671, in _load_unlocked
  File "<frozen importlib._bootstrap_external>", line 783, in exec_module
  File "<frozen importlib._bootstrap>", line 219, in _call_with_frames_removed

  File "./bot.py", line 29, in <module>
    nonebot.load_plugins("src/plugins")
    │       └ <function load_plugins at 0x7fe6b71bc3a0>
    └ <module 'nonebot' from '/usr/local/python3/lib/python3.8/site-packages/nonebot/__init__.py'>

  File "/usr/local/python3/lib/python3.8/site-packages/nonebot/plugin/load.py", line 39, in load_plugins
    return manager.load_all_plugins()
           │       └ <function PluginManager.load_all_plugins at 0x7fe6b71adee0>
           └ <nonebot.plugin.manager.PluginManager object at 0x7fe6afb71a00>
  File "/usr/local/python3/lib/python3.8/site-packages/nonebot/plugin/manager.py", line 128, in load_all_plugins
    return set(
  File "/usr/local/python3/lib/python3.8/site-packages/nonebot/plugin/manager.py", line 129, in <genexpr>
    filter(None, (self.load_plugin(name) for name in self.list_plugins()))
                  │    │           │         │       │    └ <function PluginManager.list_plugins at 0x7fe6b71addc0>
                  │    │           │         │       └ <nonebot.plugin.manager.PluginManager object at 0x7fe6afb71a00>
                  │    │           │         └ 'whitenight_from_feiyucans_space'
                  │    │           └ 'whitenight_from_feiyucans_space'
                  │    └ <function PluginManager.load_plugin at 0x7fe6b71ade50>
                  └ <nonebot.plugin.manager.PluginManager object at 0x7fe6afb71a00>
> File "/usr/local/python3/lib/python3.8/site-packages/nonebot/plugin/manager.py", line 106, in load_plugin
    module = importlib.import_module(
             │         └ <function import_module at 0x7fe6c14f48b0>
             └ <module 'importlib' from '/usr/local/python3/lib/python3.8/importlib/__init__.py'>
  File "/usr/local/python3/lib/python3.8/importlib/__init__.py", line 127, in import_module
    return _bootstrap._gcd_import(name[level:], package, level)
           │          │           │    │        │        └ 0
           │          │           │    │        └ None
           │          │           │    └ 0
           │          │           └ 'src.plugins.whitenight_from_feiyucans_space'
           │          └ <function _gcd_import at 0x7fe6c1623430>
           └ <module 'importlib._bootstrap' (frozen)>
  File "<frozen importlib._bootstrap>", line 1014, in _gcd_import
  File "<frozen importlib._bootstrap>", line 991, in _find_and_load
  File "<frozen importlib._bootstrap>", line 975, in _find_and_load_unlocked
  File "<frozen importlib._bootstrap>", line 671, in _load_unlocked
  File "/usr/local/python3/lib/python3.8/site-packages/nonebot/plugin/manager.py", line 194, in exec_module
    super().exec_module(module)
                        └ <module 'src.plugins.whitenight_from_feiyucans_space' from './src/plugins/whitenight_from_feiyucans_space/__init__.py'>
  File "<frozen importlib._bootstrap_external>", line 783, in exec_module
  File "<frozen importlib._bootstrap>", line 219, in _call_with_frames_removed

  File "./src/plugins/whitenight_from_feiyucans_space/__init__.py", line 78, in <module>
    scheduler.add_job(whitenight, "cron", hour=22, minute=30, id=146487)
    │         │       └ <function whitenight at 0x7fe696210dc0>
    │         └ <function BaseScheduler.add_job at 0x7fe6af0c50d0>
    └ <apscheduler.schedulers.asyncio.AsyncIOScheduler object at 0x7fe6af375550>

  File "/usr/local/python3/lib/python3.8/site-packages/apscheduler/schedulers/base.py", line 439, in add_job
    job = Job(self, **job_kwargs)
          │   │       └ {'trigger': <CronTrigger (hour='22', minute='30', timezone='Asia/Shanghai')>, 'executor': 'default', 'func': <function whiten...
          │   └ <apscheduler.schedulers.asyncio.AsyncIOScheduler object at 0x7fe6af375550>
          └ <class 'apscheduler.job.Job'>
  File "/usr/local/python3/lib/python3.8/site-packages/apscheduler/job.py", line 49, in __init__
    self._modify(id=id or uuid4().hex, **kwargs)
    │    │          │     │              └ {'trigger': <CronTrigger (hour='22', minute='30', timezone='Asia/Shanghai')>, 'executor': 'default', 'func': <function whiten...
    │    │          │     └ <function uuid4 at 0x7fe6b695df70>
    │    │          └ 146487
    │    └ <function Job._modify at 0x7fe6af0a18b0>
    └ <unprintable Job object>
  File "/usr/local/python3/lib/python3.8/site-packages/apscheduler/job.py", line 150, in _modify
    raise TypeError("id must be a nonempty string")

TypeError: id must be a nonempty string
[36mATRI[0m | 03-03 17:56:01 | ERROR plugin.manager >> Failed to import "nonebot_plugin_statistical"
Traceback (most recent call last):

  File "/usr/bin/nb", line 8, in <module>
    sys.exit(main())
    │   │    └ <ClickAliasedGroup main>
    │   └ <built-in function exit>
    └ <module 'sys' (built-in)>
  File "/usr/local/python3/lib/python3.8/site-packages/click/core.py", line 1128, in __call__
    return self.main(*args, **kwargs)
           │    │     │       └ {}
           │    │     └ ()
           │    └ <function BaseCommand.main at 0x7fe6b9340040>
           └ <ClickAliasedGroup main>
  File "/usr/local/python3/lib/python3.8/site-packages/click/core.py", line 1053, in main
    rv = self.invoke(ctx)
         │    │      └ <click.core.Context object at 0x7fe6c14b4130>
         │    └ <function MultiCommand.invoke at 0x7fe6b93440d0>
         └ <ClickAliasedGroup main>
  File "/usr/local/python3/lib/python3.8/site-packages/click/core.py", line 1659, in invoke
    return _process_result(sub_ctx.command.invoke(sub_ctx))
           │               │       │       │      └ <click.core.Context object at 0x7fe6c14b9ca0>
           │               │       │       └ <function Command.invoke at 0x7fe6b9340af0>
           │               │       └ <ClickAliasedCommand run>
           │               └ <click.core.Context object at 0x7fe6c14b9ca0>
           └ <function MultiCommand.invoke.<locals>._process_result at 0x7fe6b9b8da60>
  File "/usr/local/python3/lib/python3.8/site-packages/click/core.py", line 1395, in invoke
    return ctx.invoke(self.callback, **ctx.params)
           │   │      │    │           │   └ {'file': 'bot.py', 'app': 'app'}
           │   │      │    │           └ <click.core.Context object at 0x7fe6c14b9ca0>
           │   │      │    └ <function run at 0x7fe6b038c5e0>
           │   │      └ <ClickAliasedCommand run>
           │   └ <function Context.invoke at 0x7fe6b95bd8b0>
           └ <click.core.Context object at 0x7fe6c14b9ca0>
  File "/usr/local/python3/lib/python3.8/site-packages/click/core.py", line 754, in invoke
    return __callback(*args, **kwargs)
                       │       └ {'file': 'bot.py', 'app': 'app'}
                       └ ()
  File "/usr/local/python3/lib/python3.8/site-packages/nb_cli/commands/main.py", line 30, in run
    run_bot(file, app)
    │       │     └ 'app'
    │       └ 'bot.py'
    └ <function run_bot at 0x7fe6b037c3a0>
  File "/usr/local/python3/lib/python3.8/site-packages/nb_cli/handlers/deploy.py", line 19, in run_bot
    module = importlib.import_module(module_name)
             │         │             └ 'bot'
             │         └ <function import_module at 0x7fe6c14f48b0>
             └ <module 'importlib' from '/usr/local/python3/lib/python3.8/importlib/__init__.py'>
  File "/usr/local/python3/lib/python3.8/importlib/__init__.py", line 127, in import_module
    return _bootstrap._gcd_import(name[level:], package, level)
           │          │           │    │        │        └ 0
           │          │           │    │        └ None
           │          │           │    └ 0
           │          │           └ 'bot'
           │          └ <function _gcd_import at 0x7fe6c1623430>
           └ <module 'importlib._bootstrap' (frozen)>
  File "<frozen importlib._bootstrap>", line 1014, in _gcd_import
  File "<frozen importlib._bootstrap>", line 991, in _find_and_load
  File "<frozen importlib._bootstrap>", line 975, in _find_and_load_unlocked
  File "<frozen importlib._bootstrap>", line 671, in _load_unlocked
  File "<frozen importlib._bootstrap_external>", line 783, in exec_module
  File "<frozen importlib._bootstrap>", line 219, in _call_with_frames_removed

  File "./bot.py", line 29, in <module>
    nonebot.load_plugins("src/plugins")
    │       └ <function load_plugins at 0x7fe6b71bc3a0>
    └ <module 'nonebot' from '/usr/local/python3/lib/python3.8/site-packages/nonebot/__init__.py'>

  File "/usr/local/python3/lib/python3.8/site-packages/nonebot/plugin/load.py", line 39, in load_plugins
    return manager.load_all_plugins()
           │       └ <function PluginManager.load_all_plugins at 0x7fe6b71adee0>
           └ <nonebot.plugin.manager.PluginManager object at 0x7fe6afb71a00>
  File "/usr/local/python3/lib/python3.8/site-packages/nonebot/plugin/manager.py", line 128, in load_all_plugins
    return set(
  File "/usr/local/python3/lib/python3.8/site-packages/nonebot/plugin/manager.py", line 129, in <genexpr>
    filter(None, (self.load_plugin(name) for name in self.list_plugins()))
                  │    │           │         │       │    └ <function PluginManager.list_plugins at 0x7fe6b71addc0>
                  │    │           │         │       └ <nonebot.plugin.manager.PluginManager object at 0x7fe6afb71a00>
                  │    │           │         └ 'nonebot_plugin_statistical'
                  │    │           └ 'nonebot_plugin_statistical'
                  │    └ <function PluginManager.load_plugin at 0x7fe6b71ade50>
                  └ <nonebot.plugin.manager.PluginManager object at 0x7fe6afb71a00>
> File "/usr/local/python3/lib/python3.8/site-packages/nonebot/plugin/manager.py", line 106, in load_plugin
    module = importlib.import_module(
             │         └ <function import_module at 0x7fe6c14f48b0>
             └ <module 'importlib' from '/usr/local/python3/lib/python3.8/importlib/__init__.py'>
  File "/usr/local/python3/lib/python3.8/importlib/__init__.py", line 127, in import_module
    return _bootstrap._gcd_import(name[level:], package, level)
           │          │           │    │        │        └ 0
           │          │           │    │        └ None
           │          │           │    └ 0
           │          │           └ 'src.plugins.nonebot_plugin_statistical'
           │          └ <function _gcd_import at 0x7fe6c1623430>
           └ <module 'importlib._bootstrap' (frozen)>
  File "<frozen importlib._bootstrap>", line 1014, in _gcd_import
  File "<frozen importlib._bootstrap>", line 991, in _find_and_load
  File "<frozen importlib._bootstrap>", line 975, in _find_and_load_unlocked
  File "<frozen importlib._bootstrap>", line 671, in _load_unlocked
  File "/usr/local/python3/lib/python3.8/site-packages/nonebot/plugin/manager.py", line 194, in exec_module
    super().exec_module(module)
                        └ <module 'src.plugins.nonebot_plugin_statistical' from './src/plugins/nonebot_plugin_statistical/__init__.py'>
  File "<frozen importlib._bootstrap_external>", line 783, in exec_module
  File "<frozen importlib._bootstrap>", line 219, in _call_with_frames_removed

  File "./src/plugins/nonebot_plugin_statistical/__init__.py", line 1, in <module>
    from .statistical_hook import *

  File "./src/plugins/nonebot_plugin_statistical/statistical_hook.py", line 7, in <module>
    from .config import save_data, get_prefix_group_count_dict, get_prefix_user_count_dict, \

  File "./src/plugins/nonebot_plugin_statistical/config.py", line 149, in <module>
    plugin2cmd: dict = json.load(f)
                       │    │    └ <_io.TextIOWrapper name='/root/Projects/Kori-Bot/Kori-bot/data/statistical/plugin2cmd.json' mode='r' encoding='utf8'>
                       │    └ <built-in function load>
                       └ <module 'ujson' from '/usr/local/python3/lib/python3.8/site-packages/ujson.cpython-38-x86_64-linux-gnu.so'>

ValueError: Expected object or value
[36mATRI[0m | 03-03 17:56:02 | ERROR uvicorn >> Traceback (most recent call last):
  File "/usr/local/python3/lib/python3.8/site-packages/starlette/routing.py", line 621, in lifespan
    async with self.lifespan_context(app):
  File "/usr/local/python3/lib/python3.8/site-packages/starlette/routing.py", line 518, in __aenter__
    await self._router.startup()
  File "/usr/local/python3/lib/python3.8/site-packages/starlette/routing.py", line 598, in startup
    await handler()
  File "./src/plugins/nonebot_plugin_apscheduler/__init__.py", line 20, in _start_scheduler
    scheduler.start()
  File "/usr/local/python3/lib/python3.8/site-packages/apscheduler/schedulers/asyncio.py", line 45, in start
    super(AsyncIOScheduler, self).start(paused)
  File "/usr/local/python3/lib/python3.8/site-packages/apscheduler/schedulers/base.py", line 167, in start
    self._real_add_job(job, jobstore_alias, replace_existing)
  File "/usr/local/python3/lib/python3.8/site-packages/apscheduler/schedulers/base.py", line 872, in _real_add_job
    store.add_job(job)
  File "/usr/local/python3/lib/python3.8/site-packages/apscheduler/jobstores/memory.py", line 41, in add_job
    raise ConflictingIdError(job.id)
apscheduler.jobstores.base.ConflictingIdError: 'Job identifier (0) conflicts with an existing job'

[36mATRI[0m | 03-03 17:56:02 | ERROR uvicorn >> Application startup failed. Exiting.
[36mATRI[0m | 03-03 17:59:33 | ERROR plugin.manager >> Failed to import "memes_from_feiyucans_space"
Traceback (most recent call last):

  File "/usr/bin/nb", line 8, in <module>
    sys.exit(main())
    │   │    └ <ClickAliasedGroup main>
    │   └ <built-in function exit>
    └ <module 'sys' (built-in)>
  File "/usr/local/python3/lib/python3.8/site-packages/click/core.py", line 1128, in __call__
    return self.main(*args, **kwargs)
           │    │     │       └ {}
           │    │     └ ()
           │    └ <function BaseCommand.main at 0x7f73606ba040>
           └ <ClickAliasedGroup main>
  File "/usr/local/python3/lib/python3.8/site-packages/click/core.py", line 1053, in main
    rv = self.invoke(ctx)
         │    │      └ <click.core.Context object at 0x7f736882e130>
         │    └ <function MultiCommand.invoke at 0x7f73606be0d0>
         └ <ClickAliasedGroup main>
  File "/usr/local/python3/lib/python3.8/site-packages/click/core.py", line 1659, in invoke
    return _process_result(sub_ctx.command.invoke(sub_ctx))
           │               │       │       │      └ <click.core.Context object at 0x7f7368833ca0>
           │               │       │       └ <function Command.invoke at 0x7f73606baaf0>
           │               │       └ <ClickAliasedCommand run>
           │               └ <click.core.Context object at 0x7f7368833ca0>
           └ <function MultiCommand.invoke.<locals>._process_result at 0x7f7360f07a60>
  File "/usr/local/python3/lib/python3.8/site-packages/click/core.py", line 1395, in invoke
    return ctx.invoke(self.callback, **ctx.params)
           │   │      │    │           │   └ {'file': 'bot.py', 'app': 'app'}
           │   │      │    │           └ <click.core.Context object at 0x7f7368833ca0>
           │   │      │    └ <function run at 0x7f73577065e0>
           │   │      └ <ClickAliasedCommand run>
           │   └ <function Context.invoke at 0x7f73609378b0>
           └ <click.core.Context object at 0x7f7368833ca0>
  File "/usr/local/python3/lib/python3.8/site-packages/click/core.py", line 754, in invoke
    return __callback(*args, **kwargs)
                       │       └ {'file': 'bot.py', 'app': 'app'}
                       └ ()
  File "/usr/local/python3/lib/python3.8/site-packages/nb_cli/commands/main.py", line 30, in run
    run_bot(file, app)
    │       │     └ 'app'
    │       └ 'bot.py'
    └ <function run_bot at 0x7f73576f63a0>
  File "/usr/local/python3/lib/python3.8/site-packages/nb_cli/handlers/deploy.py", line 19, in run_bot
    module = importlib.import_module(module_name)
             │         │             └ 'bot'
             │         └ <function import_module at 0x7f736886e8b0>
             └ <module 'importlib' from '/usr/local/python3/lib/python3.8/importlib/__init__.py'>
  File "/usr/local/python3/lib/python3.8/importlib/__init__.py", line 127, in import_module
    return _bootstrap._gcd_import(name[level:], package, level)
           │          │           │    │        │        └ 0
           │          │           │    │        └ None
           │          │           │    └ 0
           │          │           └ 'bot'
           │          └ <function _gcd_import at 0x7f736899d430>
           └ <module 'importlib._bootstrap' (frozen)>
  File "<frozen importlib._bootstrap>", line 1014, in _gcd_import
  File "<frozen importlib._bootstrap>", line 991, in _find_and_load
  File "<frozen importlib._bootstrap>", line 975, in _find_and_load_unlocked
  File "<frozen importlib._bootstrap>", line 671, in _load_unlocked
  File "<frozen importlib._bootstrap_external>", line 783, in exec_module
  File "<frozen importlib._bootstrap>", line 219, in _call_with_frames_removed

  File "./bot.py", line 29, in <module>
    nonebot.load_plugins("src/plugins")
    │       └ <function load_plugins at 0x7f735e5363a0>
    └ <module 'nonebot' from '/usr/local/python3/lib/python3.8/site-packages/nonebot/__init__.py'>

  File "/usr/local/python3/lib/python3.8/site-packages/nonebot/plugin/load.py", line 39, in load_plugins
    return manager.load_all_plugins()
           │       └ <function PluginManager.load_all_plugins at 0x7f735e528ee0>
           └ <nonebot.plugin.manager.PluginManager object at 0x7f7356eeb970>
  File "/usr/local/python3/lib/python3.8/site-packages/nonebot/plugin/manager.py", line 128, in load_all_plugins
    return set(
  File "/usr/local/python3/lib/python3.8/site-packages/nonebot/plugin/manager.py", line 129, in <genexpr>
    filter(None, (self.load_plugin(name) for name in self.list_plugins()))
                  │    │           │         │       │    └ <function PluginManager.list_plugins at 0x7f735e528dc0>
                  │    │           │         │       └ <nonebot.plugin.manager.PluginManager object at 0x7f7356eeb970>
                  │    │           │         └ 'memes_from_feiyucans_space'
                  │    │           └ 'memes_from_feiyucans_space'
                  │    └ <function PluginManager.load_plugin at 0x7f735e528e50>
                  └ <nonebot.plugin.manager.PluginManager object at 0x7f7356eeb970>
> File "/usr/local/python3/lib/python3.8/site-packages/nonebot/plugin/manager.py", line 106, in load_plugin
    module = importlib.import_module(
             │         └ <function import_module at 0x7f736886e8b0>
             └ <module 'importlib' from '/usr/local/python3/lib/python3.8/importlib/__init__.py'>
  File "/usr/local/python3/lib/python3.8/importlib/__init__.py", line 127, in import_module
    return _bootstrap._gcd_import(name[level:], package, level)
           │          │           │    │        │        └ 0
           │          │           │    │        └ None
           │          │           │    └ 0
           │          │           └ 'src.plugins.memes_from_feiyucans_space'
           │          └ <function _gcd_import at 0x7f736899d430>
           └ <module 'importlib._bootstrap' (frozen)>
  File "<frozen importlib._bootstrap>", line 1014, in _gcd_import
  File "<frozen importlib._bootstrap>", line 991, in _find_and_load
  File "<frozen importlib._bootstrap>", line 975, in _find_and_load_unlocked
  File "<frozen importlib._bootstrap>", line 671, in _load_unlocked
  File "/usr/local/python3/lib/python3.8/site-packages/nonebot/plugin/manager.py", line 194, in exec_module
    super().exec_module(module)
                        └ <module 'src.plugins.memes_from_feiyucans_space' from './src/plugins/memes_from_feiyucans_space/__init__.py'>
  File "<frozen importlib._bootstrap_external>", line 783, in exec_module
  File "<frozen importlib._bootstrap>", line 219, in _call_with_frames_removed

  File "./src/plugins/memes_from_feiyucans_space/__init__.py", line 81, in <module>
    scheduler.add_job(memesfeiyu, "cron", hour=18, minute=00, id=12745)
    │         │       └ <function memesfeiyu at 0x7f734e8fb280>
    │         └ <function BaseScheduler.add_job at 0x7f73564148b0>
    └ <apscheduler.schedulers.asyncio.AsyncIOScheduler object at 0x7f73566f8940>

  File "/usr/local/python3/lib/python3.8/site-packages/apscheduler/schedulers/base.py", line 439, in add_job
    job = Job(self, **job_kwargs)
          │   │       └ {'trigger': <CronTrigger (hour='18', minute='0', timezone='Asia/Shanghai')>, 'executor': 'default', 'func': <function memesfe...
          │   └ <apscheduler.schedulers.asyncio.AsyncIOScheduler object at 0x7f73566f8940>
          └ <class 'apscheduler.job.Job'>
  File "/usr/local/python3/lib/python3.8/site-packages/apscheduler/job.py", line 49, in __init__
    self._modify(id=id or uuid4().hex, **kwargs)
    │    │          │     │              └ {'trigger': <CronTrigger (hour='18', minute='0', timezone='Asia/Shanghai')>, 'executor': 'default', 'func': <function memesfe...
    │    │          │     └ <function uuid4 at 0x7f735dcd8f70>
    │    │          └ 12745
    │    └ <function Job._modify at 0x7f7356414280>
    └ <unprintable Job object>
  File "/usr/local/python3/lib/python3.8/site-packages/apscheduler/job.py", line 150, in _modify
    raise TypeError("id must be a nonempty string")

TypeError: id must be a nonempty string
[36mATRI[0m | 03-03 17:59:34 | ERROR plugin.manager >> Failed to import "whitenight_from_feiyucans_space"
Traceback (most recent call last):

  File "/usr/bin/nb", line 8, in <module>
    sys.exit(main())
    │   │    └ <ClickAliasedGroup main>
    │   └ <built-in function exit>
    └ <module 'sys' (built-in)>
  File "/usr/local/python3/lib/python3.8/site-packages/click/core.py", line 1128, in __call__
    return self.main(*args, **kwargs)
           │    │     │       └ {}
           │    │     └ ()
           │    └ <function BaseCommand.main at 0x7f73606ba040>
           └ <ClickAliasedGroup main>
  File "/usr/local/python3/lib/python3.8/site-packages/click/core.py", line 1053, in main
    rv = self.invoke(ctx)
         │    │      └ <click.core.Context object at 0x7f736882e130>
         │    └ <function MultiCommand.invoke at 0x7f73606be0d0>
         └ <ClickAliasedGroup main>
  File "/usr/local/python3/lib/python3.8/site-packages/click/core.py", line 1659, in invoke
    return _process_result(sub_ctx.command.invoke(sub_ctx))
           │               │       │       │      └ <click.core.Context object at 0x7f7368833ca0>
           │               │       │       └ <function Command.invoke at 0x7f73606baaf0>
           │               │       └ <ClickAliasedCommand run>
           │               └ <click.core.Context object at 0x7f7368833ca0>
           └ <function MultiCommand.invoke.<locals>._process_result at 0x7f7360f07a60>
  File "/usr/local/python3/lib/python3.8/site-packages/click/core.py", line 1395, in invoke
    return ctx.invoke(self.callback, **ctx.params)
           │   │      │    │           │   └ {'file': 'bot.py', 'app': 'app'}
           │   │      │    │           └ <click.core.Context object at 0x7f7368833ca0>
           │   │      │    └ <function run at 0x7f73577065e0>
           │   │      └ <ClickAliasedCommand run>
           │   └ <function Context.invoke at 0x7f73609378b0>
           └ <click.core.Context object at 0x7f7368833ca0>
  File "/usr/local/python3/lib/python3.8/site-packages/click/core.py", line 754, in invoke
    return __callback(*args, **kwargs)
                       │       └ {'file': 'bot.py', 'app': 'app'}
                       └ ()
  File "/usr/local/python3/lib/python3.8/site-packages/nb_cli/commands/main.py", line 30, in run
    run_bot(file, app)
    │       │     └ 'app'
    │       └ 'bot.py'
    └ <function run_bot at 0x7f73576f63a0>
  File "/usr/local/python3/lib/python3.8/site-packages/nb_cli/handlers/deploy.py", line 19, in run_bot
    module = importlib.import_module(module_name)
             │         │             └ 'bot'
             │         └ <function import_module at 0x7f736886e8b0>
             └ <module 'importlib' from '/usr/local/python3/lib/python3.8/importlib/__init__.py'>
  File "/usr/local/python3/lib/python3.8/importlib/__init__.py", line 127, in import_module
    return _bootstrap._gcd_import(name[level:], package, level)
           │          │           │    │        │        └ 0
           │          │           │    │        └ None
           │          │           │    └ 0
           │          │           └ 'bot'
           │          └ <function _gcd_import at 0x7f736899d430>
           └ <module 'importlib._bootstrap' (frozen)>
  File "<frozen importlib._bootstrap>", line 1014, in _gcd_import
  File "<frozen importlib._bootstrap>", line 991, in _find_and_load
  File "<frozen importlib._bootstrap>", line 975, in _find_and_load_unlocked
  File "<frozen importlib._bootstrap>", line 671, in _load_unlocked
  File "<frozen importlib._bootstrap_external>", line 783, in exec_module
  File "<frozen importlib._bootstrap>", line 219, in _call_with_frames_removed

  File "./bot.py", line 29, in <module>
    nonebot.load_plugins("src/plugins")
    │       └ <function load_plugins at 0x7f735e5363a0>
    └ <module 'nonebot' from '/usr/local/python3/lib/python3.8/site-packages/nonebot/__init__.py'>

  File "/usr/local/python3/lib/python3.8/site-packages/nonebot/plugin/load.py", line 39, in load_plugins
    return manager.load_all_plugins()
           │       └ <function PluginManager.load_all_plugins at 0x7f735e528ee0>
           └ <nonebot.plugin.manager.PluginManager object at 0x7f7356eeb970>
  File "/usr/local/python3/lib/python3.8/site-packages/nonebot/plugin/manager.py", line 128, in load_all_plugins
    return set(
  File "/usr/local/python3/lib/python3.8/site-packages/nonebot/plugin/manager.py", line 129, in <genexpr>
    filter(None, (self.load_plugin(name) for name in self.list_plugins()))
                  │    │           │         │       │    └ <function PluginManager.list_plugins at 0x7f735e528dc0>
                  │    │           │         │       └ <nonebot.plugin.manager.PluginManager object at 0x7f7356eeb970>
                  │    │           │         └ 'whitenight_from_feiyucans_space'
                  │    │           └ 'whitenight_from_feiyucans_space'
                  │    └ <function PluginManager.load_plugin at 0x7f735e528e50>
                  └ <nonebot.plugin.manager.PluginManager object at 0x7f7356eeb970>
> File "/usr/local/python3/lib/python3.8/site-packages/nonebot/plugin/manager.py", line 106, in load_plugin
    module = importlib.import_module(
             │         └ <function import_module at 0x7f736886e8b0>
             └ <module 'importlib' from '/usr/local/python3/lib/python3.8/importlib/__init__.py'>
  File "/usr/local/python3/lib/python3.8/importlib/__init__.py", line 127, in import_module
    return _bootstrap._gcd_import(name[level:], package, level)
           │          │           │    │        │        └ 0
           │          │           │    │        └ None
           │          │           │    └ 0
           │          │           └ 'src.plugins.whitenight_from_feiyucans_space'
           │          └ <function _gcd_import at 0x7f736899d430>
           └ <module 'importlib._bootstrap' (frozen)>
  File "<frozen importlib._bootstrap>", line 1014, in _gcd_import
  File "<frozen importlib._bootstrap>", line 991, in _find_and_load
  File "<frozen importlib._bootstrap>", line 975, in _find_and_load_unlocked
  File "<frozen importlib._bootstrap>", line 671, in _load_unlocked
  File "/usr/local/python3/lib/python3.8/site-packages/nonebot/plugin/manager.py", line 194, in exec_module
    super().exec_module(module)
                        └ <module 'src.plugins.whitenight_from_feiyucans_space' from './src/plugins/whitenight_from_feiyucans_space/__init__.py'>
  File "<frozen importlib._bootstrap_external>", line 783, in exec_module
  File "<frozen importlib._bootstrap>", line 219, in _call_with_frames_removed

  File "./src/plugins/whitenight_from_feiyucans_space/__init__.py", line 78, in <module>
    scheduler.add_job(whitenight, "cron", hour=22, minute=30, id=146487)
    │         │       └ <function whitenight at 0x7f734e8773a0>
    │         └ <function BaseScheduler.add_job at 0x7f73564148b0>
    └ <apscheduler.schedulers.asyncio.AsyncIOScheduler object at 0x7f73566f8940>

  File "/usr/local/python3/lib/python3.8/site-packages/apscheduler/schedulers/base.py", line 439, in add_job
    job = Job(self, **job_kwargs)
          │   │       └ {'trigger': <CronTrigger (hour='22', minute='30', timezone='Asia/Shanghai')>, 'executor': 'default', 'func': <function whiten...
          │   └ <apscheduler.schedulers.asyncio.AsyncIOScheduler object at 0x7f73566f8940>
          └ <class 'apscheduler.job.Job'>
  File "/usr/local/python3/lib/python3.8/site-packages/apscheduler/job.py", line 49, in __init__
    self._modify(id=id or uuid4().hex, **kwargs)
    │    │          │     │              └ {'trigger': <CronTrigger (hour='22', minute='30', timezone='Asia/Shanghai')>, 'executor': 'default', 'func': <function whiten...
    │    │          │     └ <function uuid4 at 0x7f735dcd8f70>
    │    │          └ 146487
    │    └ <function Job._modify at 0x7f7356414280>
    └ <unprintable Job object>
  File "/usr/local/python3/lib/python3.8/site-packages/apscheduler/job.py", line 150, in _modify
    raise TypeError("id must be a nonempty string")

TypeError: id must be a nonempty string
[36mATRI[0m | 03-03 17:59:37 | ERROR plugin.manager >> Failed to import "nonebot_plugin_statistical"
Traceback (most recent call last):

  File "/usr/bin/nb", line 8, in <module>
    sys.exit(main())
    │   │    └ <ClickAliasedGroup main>
    │   └ <built-in function exit>
    └ <module 'sys' (built-in)>
  File "/usr/local/python3/lib/python3.8/site-packages/click/core.py", line 1128, in __call__
    return self.main(*args, **kwargs)
           │    │     │       └ {}
           │    │     └ ()
           │    └ <function BaseCommand.main at 0x7f73606ba040>
           └ <ClickAliasedGroup main>
  File "/usr/local/python3/lib/python3.8/site-packages/click/core.py", line 1053, in main
    rv = self.invoke(ctx)
         │    │      └ <click.core.Context object at 0x7f736882e130>
         │    └ <function MultiCommand.invoke at 0x7f73606be0d0>
         └ <ClickAliasedGroup main>
  File "/usr/local/python3/lib/python3.8/site-packages/click/core.py", line 1659, in invoke
    return _process_result(sub_ctx.command.invoke(sub_ctx))
           │               │       │       │      └ <click.core.Context object at 0x7f7368833ca0>
           │               │       │       └ <function Command.invoke at 0x7f73606baaf0>
           │               │       └ <ClickAliasedCommand run>
           │               └ <click.core.Context object at 0x7f7368833ca0>
           └ <function MultiCommand.invoke.<locals>._process_result at 0x7f7360f07a60>
  File "/usr/local/python3/lib/python3.8/site-packages/click/core.py", line 1395, in invoke
    return ctx.invoke(self.callback, **ctx.params)
           │   │      │    │           │   └ {'file': 'bot.py', 'app': 'app'}
           │   │      │    │           └ <click.core.Context object at 0x7f7368833ca0>
           │   │      │    └ <function run at 0x7f73577065e0>
           │   │      └ <ClickAliasedCommand run>
           │   └ <function Context.invoke at 0x7f73609378b0>
           └ <click.core.Context object at 0x7f7368833ca0>
  File "/usr/local/python3/lib/python3.8/site-packages/click/core.py", line 754, in invoke
    return __callback(*args, **kwargs)
                       │       └ {'file': 'bot.py', 'app': 'app'}
                       └ ()
  File "/usr/local/python3/lib/python3.8/site-packages/nb_cli/commands/main.py", line 30, in run
    run_bot(file, app)
    │       │     └ 'app'
    │       └ 'bot.py'
    └ <function run_bot at 0x7f73576f63a0>
  File "/usr/local/python3/lib/python3.8/site-packages/nb_cli/handlers/deploy.py", line 19, in run_bot
    module = importlib.import_module(module_name)
             │         │             └ 'bot'
             │         └ <function import_module at 0x7f736886e8b0>
             └ <module 'importlib' from '/usr/local/python3/lib/python3.8/importlib/__init__.py'>
  File "/usr/local/python3/lib/python3.8/importlib/__init__.py", line 127, in import_module
    return _bootstrap._gcd_import(name[level:], package, level)
           │          │           │    │        │        └ 0
           │          │           │    │        └ None
           │          │           │    └ 0
           │          │           └ 'bot'
           │          └ <function _gcd_import at 0x7f736899d430>
           └ <module 'importlib._bootstrap' (frozen)>
  File "<frozen importlib._bootstrap>", line 1014, in _gcd_import
  File "<frozen importlib._bootstrap>", line 991, in _find_and_load
  File "<frozen importlib._bootstrap>", line 975, in _find_and_load_unlocked
  File "<frozen importlib._bootstrap>", line 671, in _load_unlocked
  File "<frozen importlib._bootstrap_external>", line 783, in exec_module
  File "<frozen importlib._bootstrap>", line 219, in _call_with_frames_removed

  File "./bot.py", line 29, in <module>
    nonebot.load_plugins("src/plugins")
    │       └ <function load_plugins at 0x7f735e5363a0>
    └ <module 'nonebot' from '/usr/local/python3/lib/python3.8/site-packages/nonebot/__init__.py'>

  File "/usr/local/python3/lib/python3.8/site-packages/nonebot/plugin/load.py", line 39, in load_plugins
    return manager.load_all_plugins()
           │       └ <function PluginManager.load_all_plugins at 0x7f735e528ee0>
           └ <nonebot.plugin.manager.PluginManager object at 0x7f7356eeb970>
  File "/usr/local/python3/lib/python3.8/site-packages/nonebot/plugin/manager.py", line 128, in load_all_plugins
    return set(
  File "/usr/local/python3/lib/python3.8/site-packages/nonebot/plugin/manager.py", line 129, in <genexpr>
    filter(None, (self.load_plugin(name) for name in self.list_plugins()))
                  │    │           │         │       │    └ <function PluginManager.list_plugins at 0x7f735e528dc0>
                  │    │           │         │       └ <nonebot.plugin.manager.PluginManager object at 0x7f7356eeb970>
                  │    │           │         └ 'nonebot_plugin_statistical'
                  │    │           └ 'nonebot_plugin_statistical'
                  │    └ <function PluginManager.load_plugin at 0x7f735e528e50>
                  └ <nonebot.plugin.manager.PluginManager object at 0x7f7356eeb970>
> File "/usr/local/python3/lib/python3.8/site-packages/nonebot/plugin/manager.py", line 106, in load_plugin
    module = importlib.import_module(
             │         └ <function import_module at 0x7f736886e8b0>
             └ <module 'importlib' from '/usr/local/python3/lib/python3.8/importlib/__init__.py'>
  File "/usr/local/python3/lib/python3.8/importlib/__init__.py", line 127, in import_module
    return _bootstrap._gcd_import(name[level:], package, level)
           │          │           │    │        │        └ 0
           │          │           │    │        └ None
           │          │           │    └ 0
           │          │           └ 'src.plugins.nonebot_plugin_statistical'
           │          └ <function _gcd_import at 0x7f736899d430>
           └ <module 'importlib._bootstrap' (frozen)>
  File "<frozen importlib._bootstrap>", line 1014, in _gcd_import
  File "<frozen importlib._bootstrap>", line 991, in _find_and_load
  File "<frozen importlib._bootstrap>", line 975, in _find_and_load_unlocked
  File "<frozen importlib._bootstrap>", line 671, in _load_unlocked
  File "/usr/local/python3/lib/python3.8/site-packages/nonebot/plugin/manager.py", line 194, in exec_module
    super().exec_module(module)
                        └ <module 'src.plugins.nonebot_plugin_statistical' from './src/plugins/nonebot_plugin_statistical/__init__.py'>
  File "<frozen importlib._bootstrap_external>", line 783, in exec_module
  File "<frozen importlib._bootstrap>", line 219, in _call_with_frames_removed

  File "./src/plugins/nonebot_plugin_statistical/__init__.py", line 1, in <module>
    from .statistical_hook import *

  File "./src/plugins/nonebot_plugin_statistical/statistical_hook.py", line 7, in <module>
    from .config import save_data, get_prefix_group_count_dict, get_prefix_user_count_dict, \

  File "./src/plugins/nonebot_plugin_statistical/config.py", line 149, in <module>
    plugin2cmd: dict = json.load(f)
                       │    │    └ <_io.TextIOWrapper name='/root/Projects/Kori-Bot/Kori-bot/data/statistical/plugin2cmd.json' mode='r' encoding='utf8'>
                       │    └ <built-in function load>
                       └ <module 'ujson' from '/usr/local/python3/lib/python3.8/site-packages/ujson.cpython-38-x86_64-linux-gnu.so'>

ValueError: Expected object or value
