[36mATRI[0m | 03-04 00:23:59 | INFO apscheduler >> Adding job tentatively -- it will be properly scheduled when the scheduler starts
[36mATRI[0m | 03-04 00:23:59 | SUCCESS plugin.manager >> Succeeded to import "chat"
[36mATRI[0m | 03-04 00:23:59 | SUCCESS plugin.manager >> Succeeded to import "cp"
[36mATRI[0m | 03-04 00:23:59 | INFO apscheduler >> Adding job tentatively -- it will be properly scheduled when the scheduler starts
[36mATRI[0m | 03-04 00:23:59 | INFO apscheduler >> Adding job tentatively -- it will be properly scheduled when the scheduler starts
[36mATRI[0m | 03-04 00:23:59 | INFO apscheduler >> Adding job tentatively -- it will be properly scheduled when the scheduler starts
[36mATRI[0m | 03-04 00:23:59 | INFO apscheduler >> Adding job tentatively -- it will be properly scheduled when the scheduler starts
[36mATRI[0m | 03-04 00:23:59 | INFO apscheduler >> Adding job tentatively -- it will be properly scheduled when the scheduler starts
[36mATRI[0m | 03-04 00:23:59 | INFO apscheduler >> Adding job tentatively -- it will be properly scheduled when the scheduler starts
[36mATRI[0m | 03-04 00:23:59 | SUCCESS plugin.manager >> Succeeded to import "nonebot_plugin_what2eat-2"
[36mATRI[0m | 03-04 00:24:00 | SUCCESS plugin.manager >> Succeeded to import "nonebot_plugin_wordcloud"
[36mATRI[0m | 03-04 00:24:00 | SUCCESS plugin.manager >> Succeeded to import "wife"
[36mATRI[0m | 03-04 00:24:00 | SUCCESS plugin.manager >> Succeeded to import "nonebot_plugin_code"
[36mATRI[0m | 03-04 00:24:01 | SUCCESS plugin.manager >> Succeeded to import "nonebot_plugin_petpet"
[36mATRI[0m | 03-04 00:24:01 | SUCCESS plugin.manager >> Succeeded to import "nonebot_plugin_remake"
[36mATRI[0m | 03-04 00:24:01 | SUCCESS plugin.manager >> Succeeded to import "nonebot_plugin_repeater"
[36mATRI[0m | 03-04 00:24:01 | SUCCESS plugin.manager >> Succeeded to import "nonebot_plugin_emojimix"
[36mATRI[0m | 03-04 00:24:01 | INFO src >> å·²é…ç½®httpä»£ç†
[36mATRI[0m | 03-04 00:24:01 | SUCCESS plugin.manager >> Succeeded to import "nonebot_plugin_setu-2"
[36mATRI[0m | 03-04 00:24:01 | SUCCESS plugin.manager >> Succeeded to import "nonebot_plugin_biliav"
[36mATRI[0m | 03-04 00:24:01 | SUCCESS plugin.manager >> Succeeded to import "nonebot_plugin_apscheduler"
[36mATRI[0m | 03-04 00:24:01 | SUCCESS plugin.manager >> Succeeded to import "ping"
[36mATRI[0m | 03-04 00:24:01 | SUCCESS plugin.manager >> Succeeded to import "nonebot_plugin_htmlrender"
[36mATRI[0m | 03-04 00:24:01 | SUCCESS plugin.manager >> Succeeded to import "nonebot_plugin_abbrreply"
[36mATRI[0m | 03-04 00:24:02 | SUCCESS plugin.manager >> Succeeded to import "nonebot_plugin_logo"
[36mATRI[0m | 03-04 00:24:02 | SUCCESS plugin.manager >> Succeeded to import "saying"
[36mATRI[0m | 03-04 00:24:02 | SUCCESS plugin.manager >> Succeeded to import "nonebot_plugin_caiyunai"
[36mATRI[0m | 03-04 00:24:02 | SUCCESS plugin.manager >> Succeeded to import "nonebot_plugin_chatrecorder"
[36mATRI[0m | 03-04 00:24:02 | ERROR plugin.manager >> Failed to import "nonebot_plugin_statistical"
Traceback (most recent call last):

  File "/usr/bin/nb", line 8, in <module>
    sys.exit(main())
    â”‚   â”‚    â”” <ClickAliasedGroup main>
    â”‚   â”” <built-in function exit>
    â”” <module 'sys' (built-in)>
  File "/usr/local/python3/lib/python3.8/site-packages/click/core.py", line 1128, in __call__
    return self.main(*args, **kwargs)
           â”‚    â”‚     â”‚       â”” {}
           â”‚    â”‚     â”” ()
           â”‚    â”” <function BaseCommand.main at 0x7fa977742040>
           â”” <ClickAliasedGroup main>
  File "/usr/local/python3/lib/python3.8/site-packages/click/core.py", line 1053, in main
    rv = self.invoke(ctx)
         â”‚    â”‚      â”” <click.core.Context object at 0x7fa97f8b6130>
         â”‚    â”” <function MultiCommand.invoke at 0x7fa9777460d0>
         â”” <ClickAliasedGroup main>
  File "/usr/local/python3/lib/python3.8/site-packages/click/core.py", line 1659, in invoke
    return _process_result(sub_ctx.command.invoke(sub_ctx))
           â”‚               â”‚       â”‚       â”‚      â”” <click.core.Context object at 0x7fa97f8baca0>
           â”‚               â”‚       â”‚       â”” <function Command.invoke at 0x7fa977742af0>
           â”‚               â”‚       â”” <ClickAliasedCommand run>
           â”‚               â”” <click.core.Context object at 0x7fa97f8baca0>
           â”” <function MultiCommand.invoke.<locals>._process_result at 0x7fa977f8ea60>
  File "/usr/local/python3/lib/python3.8/site-packages/click/core.py", line 1395, in invoke
    return ctx.invoke(self.callback, **ctx.params)
           â”‚   â”‚      â”‚    â”‚           â”‚   â”” {'file': 'bot.py', 'app': 'app'}
           â”‚   â”‚      â”‚    â”‚           â”” <click.core.Context object at 0x7fa97f8baca0>
           â”‚   â”‚      â”‚    â”” <function run at 0x7fa96e78e5e0>
           â”‚   â”‚      â”” <ClickAliasedCommand run>
           â”‚   â”” <function Context.invoke at 0x7fa9779bf8b0>
           â”” <click.core.Context object at 0x7fa97f8baca0>
  File "/usr/local/python3/lib/python3.8/site-packages/click/core.py", line 754, in invoke
    return __callback(*args, **kwargs)
                       â”‚       â”” {'file': 'bot.py', 'app': 'app'}
                       â”” ()
  File "/usr/local/python3/lib/python3.8/site-packages/nb_cli/commands/main.py", line 30, in run
    run_bot(file, app)
    â”‚       â”‚     â”” 'app'
    â”‚       â”” 'bot.py'
    â”” <function run_bot at 0x7fa96e77e3a0>
  File "/usr/local/python3/lib/python3.8/site-packages/nb_cli/handlers/deploy.py", line 19, in run_bot
    module = importlib.import_module(module_name)
             â”‚         â”‚             â”” 'bot'
             â”‚         â”” <function import_module at 0x7fa97f8f68b0>
             â”” <module 'importlib' from '/usr/local/python3/lib/python3.8/importlib/__init__.py'>
  File "/usr/local/python3/lib/python3.8/importlib/__init__.py", line 127, in import_module
    return _bootstrap._gcd_import(name[level:], package, level)
           â”‚          â”‚           â”‚    â”‚        â”‚        â”” 0
           â”‚          â”‚           â”‚    â”‚        â”” None
           â”‚          â”‚           â”‚    â”” 0
           â”‚          â”‚           â”” 'bot'
           â”‚          â”” <function _gcd_import at 0x7fa97fa25430>
           â”” <module 'importlib._bootstrap' (frozen)>
  File "<frozen importlib._bootstrap>", line 1014, in _gcd_import
  File "<frozen importlib._bootstrap>", line 991, in _find_and_load
  File "<frozen importlib._bootstrap>", line 975, in _find_and_load_unlocked
  File "<frozen importlib._bootstrap>", line 671, in _load_unlocked
  File "<frozen importlib._bootstrap_external>", line 783, in exec_module
  File "<frozen importlib._bootstrap>", line 219, in _call_with_frames_removed

  File "./bot.py", line 29, in <module>
    nonebot.load_plugins("src/plugins")
    â”‚       â”” <function load_plugins at 0x7fa9755be3a0>
    â”” <module 'nonebot' from '/usr/local/python3/lib/python3.8/site-packages/nonebot/__init__.py'>

  File "/usr/local/python3/lib/python3.8/site-packages/nonebot/plugin/load.py", line 39, in load_plugins
    return manager.load_all_plugins()
           â”‚       â”” <function PluginManager.load_all_plugins at 0x7fa9755b0ee0>
           â”” <nonebot.plugin.manager.PluginManager object at 0x7fa96df73910>
  File "/usr/local/python3/lib/python3.8/site-packages/nonebot/plugin/manager.py", line 128, in load_all_plugins
    return set(
  File "/usr/local/python3/lib/python3.8/site-packages/nonebot/plugin/manager.py", line 129, in <genexpr>
    filter(None, (self.load_plugin(name) for name in self.list_plugins()))
                  â”‚    â”‚           â”‚         â”‚       â”‚    â”” <function PluginManager.list_plugins at 0x7fa9755b0dc0>
                  â”‚    â”‚           â”‚         â”‚       â”” <nonebot.plugin.manager.PluginManager object at 0x7fa96df73910>
                  â”‚    â”‚           â”‚         â”” 'nonebot_plugin_statistical'
                  â”‚    â”‚           â”” 'nonebot_plugin_statistical'
                  â”‚    â”” <function PluginManager.load_plugin at 0x7fa9755b0e50>
                  â”” <nonebot.plugin.manager.PluginManager object at 0x7fa96df73910>
> File "/usr/local/python3/lib/python3.8/site-packages/nonebot/plugin/manager.py", line 106, in load_plugin
    module = importlib.import_module(
             â”‚         â”” <function import_module at 0x7fa97f8f68b0>
             â”” <module 'importlib' from '/usr/local/python3/lib/python3.8/importlib/__init__.py'>
  File "/usr/local/python3/lib/python3.8/importlib/__init__.py", line 127, in import_module
    return _bootstrap._gcd_import(name[level:], package, level)
           â”‚          â”‚           â”‚    â”‚        â”‚        â”” 0
           â”‚          â”‚           â”‚    â”‚        â”” None
           â”‚          â”‚           â”‚    â”” 0
           â”‚          â”‚           â”” 'src.plugins.nonebot_plugin_statistical'
           â”‚          â”” <function _gcd_import at 0x7fa97fa25430>
           â”” <module 'importlib._bootstrap' (frozen)>
  File "<frozen importlib._bootstrap>", line 1014, in _gcd_import
  File "<frozen importlib._bootstrap>", line 991, in _find_and_load
  File "<frozen importlib._bootstrap>", line 975, in _find_and_load_unlocked
  File "<frozen importlib._bootstrap>", line 671, in _load_unlocked
  File "/usr/local/python3/lib/python3.8/site-packages/nonebot/plugin/manager.py", line 194, in exec_module
    super().exec_module(module)
                        â”” <module 'src.plugins.nonebot_plugin_statistical' from './src/plugins/nonebot_plugin_statistical/__init__.py'>
  File "<frozen importlib._bootstrap_external>", line 783, in exec_module
  File "<frozen importlib._bootstrap>", line 219, in _call_with_frames_removed

  File "./src/plugins/nonebot_plugin_statistical/__init__.py", line 1, in <module>
    from .statistical_hook import *

  File "./src/plugins/nonebot_plugin_statistical/statistical_hook.py", line 7, in <module>
    from .config import save_data, get_prefix_group_count_dict, get_prefix_user_count_dict, \

  File "./src/plugins/nonebot_plugin_statistical/config.py", line 149, in <module>
    plugin2cmd: dict = json.load(f)
                       â”‚    â”‚    â”” <_io.TextIOWrapper name='/root/Projects/Kori-Bot/Kori-bot/data/statistical/plugin2cmd.json' mode='r' encoding='utf8'>
                       â”‚    â”” <built-in function load>
                       â”” <module 'ujson' from '/usr/local/python3/lib/python3.8/site-packages/ujson.cpython-38-x86_64-linux-gnu.so'>

ValueError: Expected object or value
[36mATRI[0m | 03-04 00:24:02 | SUCCESS plugin.manager >> Succeeded to import "text2pic"
[36mATRI[0m | 03-04 00:24:02 | INFO apscheduler >> Adding job tentatively -- it will be properly scheduled when the scheduler starts
[36mATRI[0m | 03-04 00:24:02 | SUCCESS plugin.manager >> Succeeded to import "nonebot_plugin_fortune"
[36mATRI[0m | 03-04 00:24:03 | SUCCESS plugin.manager >> Succeeded to import "nonebot_plugin_chess"
[36mATRI[0m | 03-04 00:24:03 | SUCCESS plugin.manager >> Succeeded to import "test"
[36mATRI[0m | 03-04 00:24:03 | INFO src >> global_config:driver='~fastapi' host=IPv4Address('127.0.0.1') port=9165 log_level='INFO' api_timeout=30.0 superusers={'2560359315'} nickname={'bot', 'Kori', 'Kori Bot'} command_start={'!', '/', 'ï¼'} command_sep={'.', ' '} session_expire_timeout=datetime.timedelta(seconds=120) read_qq_groups=[277620613, 937760225, 958866763] read_qq_friends=[0, 0] groups_id=[] pcr_flag=True server_status_only_superusers='False' arknights_flag=True proxies_http='http://127.0.0.1:20171' read_inform_time=[{'HOUR': 7, 'MINUTE': 30}] statistical_black_model=['nonebot_plugin_repeater'] dc4_flag=False azure_flag=True what2eat_path='./src/plugins/nonebot_plugin_what2eat-2/resource/' statistical_black_priority=[] hoshizora_flag=True onmyoji_flag=True granblue_fantasy_flag=True einstein_flag=True repeater_minlen=1 sweet_illusion_flag=True qweather_apitype=0 liqingge_flag=True caiyunai_apikey='62142754f02461188d58b88f' genshin_flag=True touhou_old_flag=False setu_cd=180 morning_path='/usr/local/python3/lib/python3.8/site-packages/nonebot_plugin_morning/resource/' statistical_path='data/statistical/' punishing_flag=True environment='prod' dir='~/Project/Kori-Bot/Kori-Bot' server_status_per_cpu='True' qweather_apikey='ae2434efa50048cdb5e92ecb9a1c6b14' debug='True' asoul_flag=True touhou_flag=True eating_limit=5 fortune_path='/usr/local/python3/lib/python3.8/site-packages/nonebot_plugin_fortune/resource/' pretty_derby_flag=True vtuber_flag=True sakura_flag=True
[36mATRI[0m | 03-04 00:24:03 | INFO src >> plugin_config:plugin_setting='default' command_sep={'.', ' '} read_qq_groups=[277620613, 937760225, 958866763] read_qq_friends=[0, 0] groups_id=[] host=IPv4Address('127.0.0.1') pcr_flag=True server_status_only_superusers='False' arknights_flag=True driver='~fastapi' proxies_http='http://127.0.0.1:20171' read_inform_time=[{'HOUR': 7, 'MINUTE': 30}] nickname={'bot', 'Kori', 'Kori Bot'} statistical_black_model=['nonebot_plugin_repeater'] dc4_flag=False api_timeout=30.0 azure_flag=True what2eat_path='./src/plugins/nonebot_plugin_what2eat-2/resource/' statistical_black_priority=[] hoshizora_flag=True onmyoji_flag=True granblue_fantasy_flag=True einstein_flag=True repeater_minlen=1 session_expire_timeout=datetime.timedelta(seconds=120) sweet_illusion_flag=True qweather_apitype=0 liqingge_flag=True caiyunai_apikey='62142754f02461188d58b88f' genshin_flag=True touhou_old_flag=False setu_cd=180 morning_path='/usr/local/python3/lib/python3.8/site-packages/nonebot_plugin_morning/resource/' log_level='INFO' statistical_path='data/statistical/' punishing_flag=True pretty_derby_flag=True environment='prod' dir='~/Project/Kori-Bot/Kori-Bot' server_status_per_cpu='True' qweather_apikey='ae2434efa50048cdb5e92ecb9a1c6b14' debug='True' asoul_flag=True touhou_flag=True superusers={'2560359315'} eating_limit=5 command_start={'!', '/', 'ï¼'} fortune_path='/usr/local/python3/lib/python3.8/site-packages/nonebot_plugin_fortune/resource/' port=9165 vtuber_flag=True sakura_flag=True
[36mATRI[0m | 03-04 00:24:03 | INFO src >> id:0,time:{'HOUR': 7, 'MINUTE': 30}
[36mATRI[0m | 03-04 00:24:03 | INFO apscheduler >> Adding job tentatively -- it will be properly scheduled when the scheduler starts
[36mATRI[0m | 03-04 00:24:03 | SUCCESS plugin.manager >> Succeeded to import "nonebot_plugin_read_60s"
[36mATRI[0m | 03-04 00:24:04 | WARNING nonebot >> Duplicated prefix rule "!lottery"
[36mATRI[0m | 03-04 00:24:04 | WARNING nonebot >> Duplicated prefix rule "/lottery"
[36mATRI[0m | 03-04 00:24:04 | WARNING nonebot >> Duplicated prefix rule "ï¼lottery"
[36mATRI[0m | 03-04 00:24:04 | INFO apscheduler >> Adding job tentatively -- it will be properly scheduled when the scheduler starts
[36mATRI[0m | 03-04 00:24:04 | SUCCESS plugin.manager >> Succeeded to import "nonebot_plugin_russian"
[36mATRI[0m | 03-04 00:24:04 | SUCCESS plugin.manager >> Succeeded to import "help"
[36mATRI[0m | 03-04 00:24:04 | SUCCESS plugin.manager >> Succeeded to import "nonebot_plugin_songpicker2"
[36mATRI[0m | 03-04 00:24:04 | SUCCESS plugin.manager >> Succeeded to import "wolfram"
[36mATRI[0m | 03-04 00:24:04 | INFO src >> global_config:driver='~fastapi' host=IPv4Address('127.0.0.1') port=9165 log_level='INFO' api_timeout=30.0 superusers={'2560359315'} nickname={'bot', 'Kori', 'Kori Bot'} command_start={'!', '/', 'ï¼'} command_sep={'.', ' '} session_expire_timeout=datetime.timedelta(seconds=120) read_qq_groups=[277620613, 937760225, 958866763] read_qq_friends=[0, 0] groups_id=[] pcr_flag=True server_status_only_superusers='False' arknights_flag=True proxies_http='http://127.0.0.1:20171' read_inform_time=[{'HOUR': 7, 'MINUTE': 30}] statistical_black_model=['nonebot_plugin_repeater'] dc4_flag=False azure_flag=True what2eat_path='./src/plugins/nonebot_plugin_what2eat-2/resource/' statistical_black_priority=[] hoshizora_flag=True onmyoji_flag=True granblue_fantasy_flag=True einstein_flag=True repeater_minlen=1 sweet_illusion_flag=True qweather_apitype=0 liqingge_flag=True caiyunai_apikey='62142754f02461188d58b88f' genshin_flag=True touhou_old_flag=False setu_cd=180 morning_path='/usr/local/python3/lib/python3.8/site-packages/nonebot_plugin_morning/resource/' statistical_path='data/statistical/' punishing_flag=True environment='prod' dir='~/Project/Kori-Bot/Kori-Bot' server_status_per_cpu='True' qweather_apikey='ae2434efa50048cdb5e92ecb9a1c6b14' debug='True' asoul_flag=True touhou_flag=True eating_limit=5 fortune_path='/usr/local/python3/lib/python3.8/site-packages/nonebot_plugin_fortune/resource/' pretty_derby_flag=True vtuber_flag=True sakura_flag=True
[36mATRI[0m | 03-04 00:24:04 | INFO src >> plugin_config:plugin_setting='default' command_sep={'.', ' '} read_qq_groups=[277620613, 937760225, 958866763] read_qq_friends=[0, 0] groups_id=[] host=IPv4Address('127.0.0.1') pcr_flag=True server_status_only_superusers='False' arknights_flag=True driver='~fastapi' proxies_http='http://127.0.0.1:20171' read_inform_time=[{'HOUR': 7, 'MINUTE': 30}] nickname={'bot', 'Kori', 'Kori Bot'} statistical_black_model=['nonebot_plugin_repeater'] dc4_flag=False api_timeout=30.0 azure_flag=True what2eat_path='./src/plugins/nonebot_plugin_what2eat-2/resource/' statistical_black_priority=[] hoshizora_flag=True onmyoji_flag=True granblue_fantasy_flag=True einstein_flag=True repeater_minlen=1 session_expire_timeout=datetime.timedelta(seconds=120) sweet_illusion_flag=True qweather_apitype=0 liqingge_flag=True caiyunai_apikey='62142754f02461188d58b88f' genshin_flag=True touhou_old_flag=False setu_cd=180 morning_path='/usr/local/python3/lib/python3.8/site-packages/nonebot_plugin_morning/resource/' log_level='INFO' statistical_path='data/statistical/' punishing_flag=True pretty_derby_flag=True environment='prod' dir='~/Project/Kori-Bot/Kori-Bot' server_status_per_cpu='True' qweather_apikey='ae2434efa50048cdb5e92ecb9a1c6b14' debug='True' asoul_flag=True touhou_flag=True superusers={'2560359315'} eating_limit=5 command_start={'!', '/', 'ï¼'} fortune_path='/usr/local/python3/lib/python3.8/site-packages/nonebot_plugin_fortune/resource/' port=9165 vtuber_flag=True sakura_flag=True
[36mATRI[0m | 03-04 00:24:04 | INFO src >> id:0,time:{'HOUR': 7, 'MINUTE': 30}
[36mATRI[0m | 03-04 00:24:04 | INFO apscheduler >> Adding job tentatively -- it will be properly scheduled when the scheduler starts
[36mATRI[0m | 03-04 00:24:04 | SUCCESS plugin.manager >> Succeeded to import "memes_from_feiyucans_space"
[36mATRI[0m | 03-04 00:24:04 | SUCCESS plugin.manager >> Succeeded to import "nonebot_plugin_withdraw"
[36mATRI[0m | 03-04 00:24:04 | INFO apscheduler >> Adding job tentatively -- it will be properly scheduled when the scheduler starts
[36mATRI[0m | 03-04 00:24:04 | SUCCESS plugin.manager >> Succeeded to import "status"
[36mATRI[0m | 03-04 00:24:04 | SUCCESS plugin.manager >> Succeeded to import "nonebot_plugin_heweather"
[36mATRI[0m | 03-04 00:24:04 | SUCCESS plugin.manager >> Succeeded to import "trigger_memes_from_feiyucans_space"
[36mATRI[0m | 03-04 00:24:04 | SUCCESS plugin.manager >> Succeeded to import "nonebot_plugin_analysis_bilibili"
[36mATRI[0m | 03-04 00:24:05 | INFO apscheduler >> Adding job tentatively -- it will be properly scheduled when the scheduler starts
[36mATRI[0m | 03-04 00:24:05 | SUCCESS plugin.manager >> Succeeded to import "nonebot_plugin_morning"
[36mATRI[0m | 03-04 00:24:06 | SUCCESS plugin.manager >> Succeeded to import "nonebot_plugin_memes"
[36mATRI[0m | 03-04 00:24:06 | INFO apscheduler >> Adding job tentatively -- it will be properly scheduled when the scheduler starts
[36mATRI[0m | 03-04 00:24:06 | SUCCESS plugin.manager >> Succeeded to import "nonebot_plugin_epicfree"
[36mATRI[0m | 03-04 00:24:06 | SUCCESS plugin.manager >> Succeeded to import "nonebot_plugin_datastore"
[36mATRI[0m | 03-04 00:24:06 | SUCCESS nonebot >> Running NoneBot...
[36mATRI[0m | 03-04 00:24:06 | INFO uvicorn >> Started server process [23270]
[36mATRI[0m | 03-04 00:24:06 | INFO uvicorn >> Waiting for application startup.
[36mATRI[0m | 03-04 00:24:06 | INFO apscheduler >> Added job "whitenight" to job store "default"
[36mATRI[0m | 03-04 00:24:06 | INFO apscheduler >> Added job "_" to job store "default"
[36mATRI[0m | 03-04 00:24:06 | INFO apscheduler >> Added job "time_for_breakfast" to job store "default"
[36mATRI[0m | 03-04 00:24:06 | INFO apscheduler >> Added job "time_for_lunch" to job store "default"
[36mATRI[0m | 03-04 00:24:06 | INFO apscheduler >> Added job "time_for_snack" to job store "default"
[36mATRI[0m | 03-04 00:24:06 | INFO apscheduler >> Added job "time_for_dinner" to job store "default"
[36mATRI[0m | 03-04 00:24:06 | INFO apscheduler >> Added job "time_for_midnight" to job store "default"
[36mATRI[0m | 03-04 00:24:06 | INFO apscheduler >> Added job "_" to job store "default"
[36mATRI[0m | 03-04 00:24:06 | INFO apscheduler >> Added job "read60s" to job store "default"
[36mATRI[0m | 03-04 00:24:06 | INFO apscheduler >> Added job "_" to job store "default"
[36mATRI[0m | 03-04 00:24:06 | INFO apscheduler >> Added job "memesfeiyu" to job store "default"
[36mATRI[0m | 03-04 00:24:06 | INFO apscheduler >> Added job "_" to job store "default"
[36mATRI[0m | 03-04 00:24:06 | INFO apscheduler >> Added job "weeklyEpic" to job store "default"
[36mATRI[0m | 03-04 00:24:06 | INFO apscheduler >> Scheduler started
[36mATRI[0m | 03-04 00:24:06 | INFO src >> Scheduler Started
[36mATRI[0m | 03-04 00:24:06 | INFO apscheduler >> Added job "é—²èŠè¯åº“æ£€æŸ¥æ›´æ–°" to job store "default"
[36mATRI[0m | 03-04 00:24:06 | INFO apscheduler >> Added job "çŠ¶æ€æ£€æŸ¥" to job store "default"
[36mATRI[0m | 03-04 00:24:06 | INFO apscheduler >> Scheduler started
[36mATRI[0m | 03-04 00:24:06 | INFO ATRI >> Scheduler Started.
[36mATRI[0m | 03-04 00:24:06 | INFO nonebot_plugin_datastore >> æ•°æ®åº“åˆå§‹åŒ–å®Œæˆ
[36mATRI[0m | 03-04 00:24:07 | INFO src >> Browser Started.
[36mATRI[0m | 03-04 00:24:07 | INFO nonebot_plugin_htmlrender >> Browser Started.
[36mATRI[0m | 03-04 00:24:07 | INFO src >> æ•°æ®åº“åˆå§‹åŒ–å®Œæˆ
[36mATRI[0m | 03-04 00:24:07 | INFO uvicorn >> Application startup complete.
[36mATRI[0m | 03-04 00:24:07 | INFO uvicorn >> Uvicorn running on http://127.0.0.1:9165 (Press CTRL+C to quit)
[36mATRI[0m | 03-04 00:24:08 | INFO uvicorn >> ('127.0.0.1', 45040) - "WebSocket /onebot/v11/ws/" [accepted]
[36mATRI[0m | 03-04 00:24:08 | INFO nonebot >> OneBot V11 | Bot 507346814 connected
[36mATRI[0m | 03-04 00:24:08 | INFO websockets >> connection open
[36mATRI[0m | 03-04 00:25:44 | SUCCESS nonebot >> ONEBOT V11 507346814 | [message.group.normal]: Message -299382525 from 2560359315@[ç¾¤:277620613] "/status"
[36mATRI[0m | 03-04 00:25:44 | INFO nonebot >> Event will be handled by <Matcher from è€å©†, type=message, priority=1, temp=False>
[36mATRI[0m | 03-04 00:25:45 | INFO nonebot >> Matcher <Matcher from è€å©†, type=message, priority=1, temp=False> running complete
[36mATRI[0m | 03-04 00:25:45 | INFO nonebot >> Event will be handled by <Matcher from src.plugins.nonebot_plugin_repeater, type=message, priority=10, temp=False>
[36mATRI[0m | 03-04 00:25:45 | INFO nonebot >> Matcher <Matcher from src.plugins.nonebot_plugin_repeater, type=message, priority=10, temp=False> running complete
[36mATRI[0m | 03-04 00:26:09 | SUCCESS nonebot >> ONEBOT V11 507346814 | [message.group.normal]: Message 121924662 from 2560359315@[ç¾¤:277620613] "/ping"
[36mATRI[0m | 03-04 00:26:09 | INFO nonebot >> Event will be handled by <Matcher from è€å©†, type=message, priority=1, temp=False>
[36mATRI[0m | 03-04 00:26:09 | INFO nonebot >> Matcher <Matcher from è€å©†, type=message, priority=1, temp=False> running complete
[36mATRI[0m | 03-04 00:26:09 | INFO nonebot >> Event will be handled by <Matcher from src.plugins.ping, type=message, priority=1, temp=False>
[36mATRI[0m | 03-04 00:26:09 | INFO nonebot >> Matcher <Matcher from src.plugins.ping, type=message, priority=1, temp=False> running complete
[36mATRI[0m | 03-04 00:26:09 | INFO nonebot >> Event will be handled by <Matcher from src.plugins.nonebot_plugin_repeater, type=message, priority=10, temp=False>
[36mATRI[0m | 03-04 00:26:09 | INFO nonebot >> Matcher <Matcher from src.plugins.nonebot_plugin_repeater, type=message, priority=10, temp=False> running complete
[36mATRI[0m | 03-04 00:28:47 | INFO uvicorn >> Shutting down
[36mATRI[0m | 03-04 00:28:47 | WARNING nonebot >> OneBot V11 | WebSocket for Bot 507346814 closed by peer
[36mATRI[0m | 03-04 00:28:47 | INFO websockets >> connection closed
[36mATRI[0m | 03-04 00:28:47 | INFO uvicorn >> Waiting for application shutdown.
[36mATRI[0m | 03-04 00:28:47 | INFO src >> Browser Stoped.
[36mATRI[0m | 03-04 00:28:47 | INFO nonebot_plugin_htmlrender >> Browser Stoped.
[36mATRI[0m | 03-04 00:28:47 | INFO uvicorn >> Application shutdown complete.
[36mATRI[0m | 03-04 00:28:47 | INFO uvicorn >> Finished server process [23270]
[36mATRI[0m | 03-04 00:28:52 | INFO apscheduler >> Adding job tentatively -- it will be properly scheduled when the scheduler starts
[36mATRI[0m | 03-04 00:28:52 | SUCCESS plugin.manager >> Succeeded to import "chat"
[36mATRI[0m | 03-04 00:28:52 | INFO apscheduler >> Adding job tentatively -- it will be properly scheduled when the scheduler starts
[36mATRI[0m | 03-04 00:28:52 | SUCCESS plugin.manager >> Succeeded to import "atri_plugin_status"
[36mATRI[0m | 03-04 00:28:52 | SUCCESS plugin.manager >> Succeeded to import "nonebot_plugin_withdraw"
[36mATRI[0m | 03-04 00:28:53 | SUCCESS plugin.manager >> Succeeded to import "ping"
[36mATRI[0m | 03-04 00:28:53 | INFO src >> global_config:driver='~fastapi' host=IPv4Address('127.0.0.1') port=9165 log_level='INFO' api_timeout=30.0 superusers={'2560359315'} nickname={'Kori', 'Kori Bot', 'bot'} command_start={'!', 'ï¼', '/'} command_sep={' ', '.'} session_expire_timeout=datetime.timedelta(seconds=120) liqingge_flag=True read_qq_groups=[277620613, 937760225, 958866763] server_status_per_cpu='True' read_qq_friends=[0, 0] repeater_minlen=1 caiyunai_apikey='62142754f02461188d58b88f' punishing_flag=True dc4_flag=False statistical_black_model=['nonebot_plugin_repeater'] einstein_flag=True debug='True' statistical_black_priority=[] pcr_flag=True groups_id=[] touhou_flag=True sweet_illusion_flag=True fortune_path='/usr/local/python3/lib/python3.8/site-packages/nonebot_plugin_fortune/resource/' morning_path='/usr/local/python3/lib/python3.8/site-packages/nonebot_plugin_morning/resource/' touhou_old_flag=False granblue_fantasy_flag=True asoul_flag=True sakura_flag=True server_status_only_superusers='False' proxies_http='http://127.0.0.1:20171' pretty_derby_flag=True azure_flag=True read_inform_time=[{'HOUR': 7, 'MINUTE': 30}] qweather_apikey='ae2434efa50048cdb5e92ecb9a1c6b14' hoshizora_flag=True eating_limit=5 environment='prod' what2eat_path='./src/plugins/nonebot_plugin_what2eat-2/resource/' qweather_apitype=0 dir='~/Project/Kori-Bot/Kori-Bot' arknights_flag=True genshin_flag=True statistical_path='data/statistical/' onmyoji_flag=True vtuber_flag=True setu_cd=180
[36mATRI[0m | 03-04 00:28:53 | INFO src >> plugin_config:plugin_setting='default' liqingge_flag=True driver='~fastapi' read_qq_groups=[277620613, 937760225, 958866763] server_status_per_cpu='True' port=9165 read_qq_friends=[0, 0] repeater_minlen=1 caiyunai_apikey='62142754f02461188d58b88f' punishing_flag=True command_sep={' ', '.'} dc4_flag=False statistical_black_model=['nonebot_plugin_repeater'] einstein_flag=True debug='True' log_level='INFO' api_timeout=30.0 statistical_black_priority=[] pcr_flag=True groups_id=[] touhou_flag=True superusers={'2560359315'} sweet_illusion_flag=True command_start={'ï¼', '!', '/'} fortune_path='/usr/local/python3/lib/python3.8/site-packages/nonebot_plugin_fortune/resource/' morning_path='/usr/local/python3/lib/python3.8/site-packages/nonebot_plugin_morning/resource/' touhou_old_flag=False granblue_fantasy_flag=True asoul_flag=True sakura_flag=True server_status_only_superusers='False' proxies_http='http://127.0.0.1:20171' host=IPv4Address('127.0.0.1') pretty_derby_flag=True azure_flag=True read_inform_time=[{'HOUR': 7, 'MINUTE': 30}] qweather_apikey='ae2434efa50048cdb5e92ecb9a1c6b14' hoshizora_flag=True eating_limit=5 environment='prod' what2eat_path='./src/plugins/nonebot_plugin_what2eat-2/resource/' qweather_apitype=0 dir='~/Project/Kori-Bot/Kori-Bot' arknights_flag=True session_expire_timeout=datetime.timedelta(seconds=120) nickname={'Kori', 'Kori Bot', 'bot'} genshin_flag=True statistical_path='data/statistical/' onmyoji_flag=True vtuber_flag=True setu_cd=180
[36mATRI[0m | 03-04 00:28:53 | INFO src >> id:0,time:{'HOUR': 7, 'MINUTE': 30}
[36mATRI[0m | 03-04 00:28:53 | INFO apscheduler >> Adding job tentatively -- it will be properly scheduled when the scheduler starts
[36mATRI[0m | 03-04 00:28:53 | SUCCESS plugin.manager >> Succeeded to import "whitenight_from_feiyucans_space"
[36mATRI[0m | 03-04 00:28:53 | SUCCESS plugin.manager >> Succeeded to import "wife"
[36mATRI[0m | 03-04 00:28:53 | SUCCESS plugin.manager >> Succeeded to import "nonebot_plugin_apscheduler"
[36mATRI[0m | 03-04 00:28:53 | INFO apscheduler >> Adding job tentatively -- it will be properly scheduled when the scheduler starts
[36mATRI[0m | 03-04 00:28:53 | SUCCESS plugin.manager >> Succeeded to import "nonebot_plugin_epicfree"
[36mATRI[0m | 03-04 00:28:53 | ERROR plugin.manager >> Failed to import "nonebot_plugin_statistical"
Traceback (most recent call last):

  File "/usr/bin/nb", line 8, in <module>
    sys.exit(main())
    â”‚   â”‚    â”” <ClickAliasedGroup main>
    â”‚   â”” <built-in function exit>
    â”” <module 'sys' (built-in)>
  File "/usr/local/python3/lib/python3.8/site-packages/click/core.py", line 1128, in __call__
    return self.main(*args, **kwargs)
           â”‚    â”‚     â”‚       â”” {}
           â”‚    â”‚     â”” ()
           â”‚    â”” <function BaseCommand.main at 0x7fdb87c76040>
           â”” <ClickAliasedGroup main>
  File "/usr/local/python3/lib/python3.8/site-packages/click/core.py", line 1053, in main
    rv = self.invoke(ctx)
         â”‚    â”‚      â”” <click.core.Context object at 0x7fdb8fdea130>
         â”‚    â”” <function MultiCommand.invoke at 0x7fdb87c7a0d0>
         â”” <ClickAliasedGroup main>
  File "/usr/local/python3/lib/python3.8/site-packages/click/core.py", line 1659, in invoke
    return _process_result(sub_ctx.command.invoke(sub_ctx))
           â”‚               â”‚       â”‚       â”‚      â”” <click.core.Context object at 0x7fdb8fdefca0>
           â”‚               â”‚       â”‚       â”” <function Command.invoke at 0x7fdb87c76af0>
           â”‚               â”‚       â”” <ClickAliasedCommand run>
           â”‚               â”” <click.core.Context object at 0x7fdb8fdefca0>
           â”” <function MultiCommand.invoke.<locals>._process_result at 0x7fdb884c2a60>
  File "/usr/local/python3/lib/python3.8/site-packages/click/core.py", line 1395, in invoke
    return ctx.invoke(self.callback, **ctx.params)
           â”‚   â”‚      â”‚    â”‚           â”‚   â”” {'file': 'bot.py', 'app': 'app'}
           â”‚   â”‚      â”‚    â”‚           â”” <click.core.Context object at 0x7fdb8fdefca0>
           â”‚   â”‚      â”‚    â”” <function run at 0x7fdb7ecc25e0>
           â”‚   â”‚      â”” <ClickAliasedCommand run>
           â”‚   â”” <function Context.invoke at 0x7fdb87ef38b0>
           â”” <click.core.Context object at 0x7fdb8fdefca0>
  File "/usr/local/python3/lib/python3.8/site-packages/click/core.py", line 754, in invoke
    return __callback(*args, **kwargs)
                       â”‚       â”” {'file': 'bot.py', 'app': 'app'}
                       â”” ()
  File "/usr/local/python3/lib/python3.8/site-packages/nb_cli/commands/main.py", line 30, in run
    run_bot(file, app)
    â”‚       â”‚     â”” 'app'
    â”‚       â”” 'bot.py'
    â”” <function run_bot at 0x7fdb7ecb23a0>
  File "/usr/local/python3/lib/python3.8/site-packages/nb_cli/handlers/deploy.py", line 19, in run_bot
    module = importlib.import_module(module_name)
             â”‚         â”‚             â”” 'bot'
             â”‚         â”” <function import_module at 0x7fdb8fe2a8b0>
             â”” <module 'importlib' from '/usr/local/python3/lib/python3.8/importlib/__init__.py'>
  File "/usr/local/python3/lib/python3.8/importlib/__init__.py", line 127, in import_module
    return _bootstrap._gcd_import(name[level:], package, level)
           â”‚          â”‚           â”‚    â”‚        â”‚        â”” 0
           â”‚          â”‚           â”‚    â”‚        â”” None
           â”‚          â”‚           â”‚    â”” 0
           â”‚          â”‚           â”” 'bot'
           â”‚          â”” <function _gcd_import at 0x7fdb8ff59430>
           â”” <module 'importlib._bootstrap' (frozen)>
  File "<frozen importlib._bootstrap>", line 1014, in _gcd_import
  File "<frozen importlib._bootstrap>", line 991, in _find_and_load
  File "<frozen importlib._bootstrap>", line 975, in _find_and_load_unlocked
  File "<frozen importlib._bootstrap>", line 671, in _load_unlocked
  File "<frozen importlib._bootstrap_external>", line 783, in exec_module
  File "<frozen importlib._bootstrap>", line 219, in _call_with_frames_removed

  File "./bot.py", line 29, in <module>
    nonebot.load_plugins("src/plugins")
    â”‚       â”” <function load_plugins at 0x7fdb85af23a0>
    â”” <module 'nonebot' from '/usr/local/python3/lib/python3.8/site-packages/nonebot/__init__.py'>

  File "/usr/local/python3/lib/python3.8/site-packages/nonebot/plugin/load.py", line 39, in load_plugins
    return manager.load_all_plugins()
           â”‚       â”” <function PluginManager.load_all_plugins at 0x7fdb85ae4ee0>
           â”” <nonebot.plugin.manager.PluginManager object at 0x7fdb7e4a79d0>
  File "/usr/local/python3/lib/python3.8/site-packages/nonebot/plugin/manager.py", line 128, in load_all_plugins
    return set(
  File "/usr/local/python3/lib/python3.8/site-packages/nonebot/plugin/manager.py", line 129, in <genexpr>
    filter(None, (self.load_plugin(name) for name in self.list_plugins()))
                  â”‚    â”‚           â”‚         â”‚       â”‚    â”” <function PluginManager.list_plugins at 0x7fdb85ae4dc0>
                  â”‚    â”‚           â”‚         â”‚       â”” <nonebot.plugin.manager.PluginManager object at 0x7fdb7e4a79d0>
                  â”‚    â”‚           â”‚         â”” 'nonebot_plugin_statistical'
                  â”‚    â”‚           â”” 'nonebot_plugin_statistical'
                  â”‚    â”” <function PluginManager.load_plugin at 0x7fdb85ae4e50>
                  â”” <nonebot.plugin.manager.PluginManager object at 0x7fdb7e4a79d0>
> File "/usr/local/python3/lib/python3.8/site-packages/nonebot/plugin/manager.py", line 106, in load_plugin
    module = importlib.import_module(
             â”‚         â”” <function import_module at 0x7fdb8fe2a8b0>
             â”” <module 'importlib' from '/usr/local/python3/lib/python3.8/importlib/__init__.py'>
  File "/usr/local/python3/lib/python3.8/importlib/__init__.py", line 127, in import_module
    return _bootstrap._gcd_import(name[level:], package, level)
           â”‚          â”‚           â”‚    â”‚        â”‚        â”” 0
           â”‚          â”‚           â”‚    â”‚        â”” None
           â”‚          â”‚           â”‚    â”” 0
           â”‚          â”‚           â”” 'src.plugins.nonebot_plugin_statistical'
           â”‚          â”” <function _gcd_import at 0x7fdb8ff59430>
           â”” <module 'importlib._bootstrap' (frozen)>
  File "<frozen importlib._bootstrap>", line 1014, in _gcd_import
  File "<frozen importlib._bootstrap>", line 991, in _find_and_load
  File "<frozen importlib._bootstrap>", line 975, in _find_and_load_unlocked
  File "<frozen importlib._bootstrap>", line 671, in _load_unlocked
  File "/usr/local/python3/lib/python3.8/site-packages/nonebot/plugin/manager.py", line 194, in exec_module
    super().exec_module(module)
                        â”” <module 'src.plugins.nonebot_plugin_statistical' from './src/plugins/nonebot_plugin_statistical/__init__.py'>
  File "<frozen importlib._bootstrap_external>", line 783, in exec_module
  File "<frozen importlib._bootstrap>", line 219, in _call_with_frames_removed

  File "./src/plugins/nonebot_plugin_statistical/__init__.py", line 1, in <module>
    from .statistical_hook import *

  File "./src/plugins/nonebot_plugin_statistical/statistical_hook.py", line 7, in <module>
    from .config import save_data, get_prefix_group_count_dict, get_prefix_user_count_dict, \

  File "./src/plugins/nonebot_plugin_statistical/config.py", line 149, in <module>
    plugin2cmd: dict = json.load(f)
                       â”‚    â”‚    â”” <_io.TextIOWrapper name='/root/Projects/Kori-Bot/Kori-bot/data/statistical/plugin2cmd.json' mode='r' encoding='utf8'>
                       â”‚    â”” <built-in function load>
                       â”” <module 'ujson' from '/usr/local/python3/lib/python3.8/site-packages/ujson.cpython-38-x86_64-linux-gnu.so'>

ValueError: Expected object or value
[36mATRI[0m | 03-04 00:28:53 | SUCCESS plugin.manager >> Succeeded to import "nonebot_plugin_emojimix"
[36mATRI[0m | 03-04 00:28:53 | SUCCESS plugin.manager >> Succeeded to import "nonebot_plugin_localstore"
[36mATRI[0m | 03-04 00:28:53 | SUCCESS plugin.manager >> Succeeded to import "nonebot_plugin_analysis_bilibili"
[36mATRI[0m | 03-04 00:28:53 | INFO apscheduler >> Adding job tentatively -- it will be properly scheduled when the scheduler starts
[36mATRI[0m | 03-04 00:28:53 | INFO apscheduler >> Adding job tentatively -- it will be properly scheduled when the scheduler starts
[36mATRI[0m | 03-04 00:28:53 | INFO apscheduler >> Adding job tentatively -- it will be properly scheduled when the scheduler starts
[36mATRI[0m | 03-04 00:28:53 | INFO apscheduler >> Adding job tentatively -- it will be properly scheduled when the scheduler starts
[36mATRI[0m | 03-04 00:28:53 | INFO apscheduler >> Adding job tentatively -- it will be properly scheduled when the scheduler starts
[36mATRI[0m | 03-04 00:28:53 | INFO apscheduler >> Adding job tentatively -- it will be properly scheduled when the scheduler starts
[36mATRI[0m | 03-04 00:28:53 | SUCCESS plugin.manager >> Succeeded to import "nonebot_plugin_what2eat-2"
[36mATRI[0m | 03-04 00:28:53 | SUCCESS plugin.manager >> Succeeded to import "help"
[36mATRI[0m | 03-04 00:28:53 | SUCCESS plugin.manager >> Succeeded to import "trigger_memes_from_feiyucans_space"
[36mATRI[0m | 03-04 00:28:53 | SUCCESS plugin.manager >> Succeeded to import "nonebot_plugin_htmlrender"
[36mATRI[0m | 03-04 00:28:53 | SUCCESS plugin.manager >> Succeeded to import "saying"
[36mATRI[0m | 03-04 00:28:53 | SUCCESS plugin.manager >> Succeeded to import "nonebot_plugin_biliav"
[36mATRI[0m | 03-04 00:28:54 | SUCCESS plugin.manager >> Succeeded to import "nonebot_plugin_memes"
[36mATRI[0m | 03-04 00:28:55 | SUCCESS plugin.manager >> Succeeded to import "nonebot_plugin_logo"
[36mATRI[0m | 03-04 00:28:56 | SUCCESS plugin.manager >> Succeeded to import "nonebot_plugin_petpet"
[36mATRI[0m | 03-04 00:28:56 | INFO src >> å·²é…ç½®httpä»£ç†
[36mATRI[0m | 03-04 00:28:56 | SUCCESS plugin.manager >> Succeeded to import "nonebot_plugin_setu-2"
[36mATRI[0m | 03-04 00:28:56 | SUCCESS plugin.manager >> Succeeded to import "nonebot_plugin_wordcloud"
[36mATRI[0m | 03-04 00:28:56 | SUCCESS plugin.manager >> Succeeded to import "nonebot_plugin_songpicker2"
[36mATRI[0m | 03-04 00:28:56 | SUCCESS plugin.manager >> Succeeded to import "nonebot_plugin_repeater"
[36mATRI[0m | 03-04 00:28:56 | INFO src >> global_config:driver='~fastapi' host=IPv4Address('127.0.0.1') port=9165 log_level='INFO' api_timeout=30.0 superusers={'2560359315'} nickname={'Kori', 'Kori Bot', 'bot'} command_start={'!', 'ï¼', '/'} command_sep={' ', '.'} session_expire_timeout=datetime.timedelta(seconds=120) liqingge_flag=True read_qq_groups=[277620613, 937760225, 958866763] server_status_per_cpu='True' read_qq_friends=[0, 0] repeater_minlen=1 caiyunai_apikey='62142754f02461188d58b88f' punishing_flag=True dc4_flag=False statistical_black_model=['nonebot_plugin_repeater'] einstein_flag=True debug='True' statistical_black_priority=[] pcr_flag=True groups_id=[] touhou_flag=True sweet_illusion_flag=True fortune_path='/usr/local/python3/lib/python3.8/site-packages/nonebot_plugin_fortune/resource/' morning_path='/usr/local/python3/lib/python3.8/site-packages/nonebot_plugin_morning/resource/' touhou_old_flag=False granblue_fantasy_flag=True asoul_flag=True sakura_flag=True server_status_only_superusers='False' proxies_http='http://127.0.0.1:20171' pretty_derby_flag=True azure_flag=True read_inform_time=[{'HOUR': 7, 'MINUTE': 30}] qweather_apikey='ae2434efa50048cdb5e92ecb9a1c6b14' hoshizora_flag=True eating_limit=5 environment='prod' what2eat_path='./src/plugins/nonebot_plugin_what2eat-2/resource/' qweather_apitype=0 dir='~/Project/Kori-Bot/Kori-Bot' arknights_flag=True genshin_flag=True statistical_path='data/statistical/' onmyoji_flag=True vtuber_flag=True setu_cd=180
[36mATRI[0m | 03-04 00:28:56 | INFO src >> plugin_config:plugin_setting='default' liqingge_flag=True driver='~fastapi' read_qq_groups=[277620613, 937760225, 958866763] server_status_per_cpu='True' port=9165 read_qq_friends=[0, 0] repeater_minlen=1 caiyunai_apikey='62142754f02461188d58b88f' punishing_flag=True command_sep={' ', '.'} dc4_flag=False statistical_black_model=['nonebot_plugin_repeater'] einstein_flag=True debug='True' log_level='INFO' api_timeout=30.0 statistical_black_priority=[] pcr_flag=True groups_id=[] touhou_flag=True superusers={'2560359315'} sweet_illusion_flag=True command_start={'ï¼', '!', '/'} fortune_path='/usr/local/python3/lib/python3.8/site-packages/nonebot_plugin_fortune/resource/' morning_path='/usr/local/python3/lib/python3.8/site-packages/nonebot_plugin_morning/resource/' touhou_old_flag=False granblue_fantasy_flag=True asoul_flag=True sakura_flag=True server_status_only_superusers='False' proxies_http='http://127.0.0.1:20171' host=IPv4Address('127.0.0.1') pretty_derby_flag=True azure_flag=True read_inform_time=[{'HOUR': 7, 'MINUTE': 30}] qweather_apikey='ae2434efa50048cdb5e92ecb9a1c6b14' hoshizora_flag=True eating_limit=5 environment='prod' what2eat_path='./src/plugins/nonebot_plugin_what2eat-2/resource/' qweather_apitype=0 dir='~/Project/Kori-Bot/Kori-Bot' arknights_flag=True session_expire_timeout=datetime.timedelta(seconds=120) nickname={'Kori', 'Kori Bot', 'bot'} genshin_flag=True statistical_path='data/statistical/' onmyoji_flag=True vtuber_flag=True setu_cd=180
[36mATRI[0m | 03-04 00:28:56 | INFO src >> id:0,time:{'HOUR': 7, 'MINUTE': 30}
[36mATRI[0m | 03-04 00:28:56 | INFO apscheduler >> Adding job tentatively -- it will be properly scheduled when the scheduler starts
[36mATRI[0m | 03-04 00:28:56 | SUCCESS plugin.manager >> Succeeded to import "nonebot_plugin_read_60s"
[36mATRI[0m | 03-04 00:28:56 | SUCCESS plugin.manager >> Succeeded to import "cp"
[36mATRI[0m | 03-04 00:28:56 | INFO src >> global_config:driver='~fastapi' host=IPv4Address('127.0.0.1') port=9165 log_level='INFO' api_timeout=30.0 superusers={'2560359315'} nickname={'Kori', 'Kori Bot', 'bot'} command_start={'!', 'ï¼', '/'} command_sep={' ', '.'} session_expire_timeout=datetime.timedelta(seconds=120) liqingge_flag=True read_qq_groups=[277620613, 937760225, 958866763] server_status_per_cpu='True' read_qq_friends=[0, 0] repeater_minlen=1 caiyunai_apikey='62142754f02461188d58b88f' punishing_flag=True dc4_flag=False statistical_black_model=['nonebot_plugin_repeater'] einstein_flag=True debug='True' statistical_black_priority=[] pcr_flag=True groups_id=[] touhou_flag=True sweet_illusion_flag=True fortune_path='/usr/local/python3/lib/python3.8/site-packages/nonebot_plugin_fortune/resource/' morning_path='/usr/local/python3/lib/python3.8/site-packages/nonebot_plugin_morning/resource/' touhou_old_flag=False granblue_fantasy_flag=True asoul_flag=True sakura_flag=True server_status_only_superusers='False' proxies_http='http://127.0.0.1:20171' pretty_derby_flag=True azure_flag=True read_inform_time=[{'HOUR': 7, 'MINUTE': 30}] qweather_apikey='ae2434efa50048cdb5e92ecb9a1c6b14' hoshizora_flag=True eating_limit=5 environment='prod' what2eat_path='./src/plugins/nonebot_plugin_what2eat-2/resource/' qweather_apitype=0 dir='~/Project/Kori-Bot/Kori-Bot' arknights_flag=True genshin_flag=True statistical_path='data/statistical/' onmyoji_flag=True vtuber_flag=True setu_cd=180
[36mATRI[0m | 03-04 00:28:56 | INFO src >> plugin_config:plugin_setting='default' liqingge_flag=True driver='~fastapi' read_qq_groups=[277620613, 937760225, 958866763] server_status_per_cpu='True' port=9165 read_qq_friends=[0, 0] repeater_minlen=1 caiyunai_apikey='62142754f02461188d58b88f' punishing_flag=True command_sep={' ', '.'} dc4_flag=False statistical_black_model=['nonebot_plugin_repeater'] einstein_flag=True debug='True' log_level='INFO' api_timeout=30.0 statistical_black_priority=[] pcr_flag=True groups_id=[] touhou_flag=True superusers={'2560359315'} sweet_illusion_flag=True command_start={'ï¼', '!', '/'} fortune_path='/usr/local/python3/lib/python3.8/site-packages/nonebot_plugin_fortune/resource/' morning_path='/usr/local/python3/lib/python3.8/site-packages/nonebot_plugin_morning/resource/' touhou_old_flag=False granblue_fantasy_flag=True asoul_flag=True sakura_flag=True server_status_only_superusers='False' proxies_http='http://127.0.0.1:20171' host=IPv4Address('127.0.0.1') pretty_derby_flag=True azure_flag=True read_inform_time=[{'HOUR': 7, 'MINUTE': 30}] qweather_apikey='ae2434efa50048cdb5e92ecb9a1c6b14' hoshizora_flag=True eating_limit=5 environment='prod' what2eat_path='./src/plugins/nonebot_plugin_what2eat-2/resource/' qweather_apitype=0 dir='~/Project/Kori-Bot/Kori-Bot' arknights_flag=True session_expire_timeout=datetime.timedelta(seconds=120) nickname={'Kori', 'Kori Bot', 'bot'} genshin_flag=True statistical_path='data/statistical/' onmyoji_flag=True vtuber_flag=True setu_cd=180
[36mATRI[0m | 03-04 00:28:56 | INFO src >> id:0,time:{'HOUR': 7, 'MINUTE': 30}
[36mATRI[0m | 03-04 00:28:56 | INFO apscheduler >> Adding job tentatively -- it will be properly scheduled when the scheduler starts
[36mATRI[0m | 03-04 00:28:56 | SUCCESS plugin.manager >> Succeeded to import "memes_from_feiyucans_space"
[36mATRI[0m | 03-04 00:28:56 | SUCCESS plugin.manager >> Succeeded to import "nonebot_plugin_code"
[36mATRI[0m | 03-04 00:28:57 | INFO apscheduler >> Adding job tentatively -- it will be properly scheduled when the scheduler starts
[36mATRI[0m | 03-04 00:28:57 | SUCCESS plugin.manager >> Succeeded to import "nonebot_plugin_morning"
[36mATRI[0m | 03-04 00:28:57 | SUCCESS plugin.manager >> Succeeded to import "nonebot_plugin_roll"
[36mATRI[0m | 03-04 00:28:57 | SUCCESS plugin.manager >> Succeeded to import "nonebot_plugin_datastore"
[36mATRI[0m | 03-04 00:28:57 | SUCCESS plugin.manager >> Succeeded to import "nonebot_plugin_remake"
[36mATRI[0m | 03-04 00:28:57 | SUCCESS plugin.manager >> Succeeded to import "wolfram"
[36mATRI[0m | 03-04 00:28:57 | SUCCESS plugin.manager >> Succeeded to import "nonebot_plugin_chess"
[36mATRI[0m | 03-04 00:28:57 | SUCCESS plugin.manager >> Succeeded to import "nonebot_plugin_abbrreply"
[36mATRI[0m | 03-04 00:28:58 | WARNING nonebot >> Duplicated prefix rule "!lottery"
[36mATRI[0m | 03-04 00:28:58 | WARNING nonebot >> Duplicated prefix rule "ï¼lottery"
[36mATRI[0m | 03-04 00:28:58 | WARNING nonebot >> Duplicated prefix rule "/lottery"
[36mATRI[0m | 03-04 00:28:58 | INFO apscheduler >> Adding job tentatively -- it will be properly scheduled when the scheduler starts
[36mATRI[0m | 03-04 00:28:58 | SUCCESS plugin.manager >> Succeeded to import "nonebot_plugin_russian"
[36mATRI[0m | 03-04 00:28:58 | SUCCESS nonebot >> Running NoneBot...
[36mATRI[0m | 03-04 00:28:58 | INFO uvicorn >> Started server process [25315]
[36mATRI[0m | 03-04 00:28:58 | INFO uvicorn >> Waiting for application startup.
[36mATRI[0m | 03-04 00:28:58 | INFO nonebot_plugin_datastore >> æ•°æ®åº“åˆå§‹åŒ–å®Œæˆ
[36mATRI[0m | 03-04 00:28:59 | INFO nonebot_plugin_htmlrender >> Browser Started.
[36mATRI[0m | 03-04 00:28:59 | INFO apscheduler >> Added job "_" to job store "default"
[36mATRI[0m | 03-04 00:28:59 | INFO apscheduler >> Added job "whitenight" to job store "default"
[36mATRI[0m | 03-04 00:28:59 | INFO apscheduler >> Added job "weeklyEpic" to job store "default"
[36mATRI[0m | 03-04 00:28:59 | INFO apscheduler >> Added job "_" to job store "default"
[36mATRI[0m | 03-04 00:28:59 | INFO apscheduler >> Added job "time_for_breakfast" to job store "default"
[36mATRI[0m | 03-04 00:28:59 | INFO apscheduler >> Added job "time_for_lunch" to job store "default"
[36mATRI[0m | 03-04 00:28:59 | INFO apscheduler >> Added job "time_for_snack" to job store "default"
[36mATRI[0m | 03-04 00:28:59 | INFO apscheduler >> Added job "time_for_dinner" to job store "default"
[36mATRI[0m | 03-04 00:28:59 | INFO apscheduler >> Added job "time_for_midnight" to job store "default"
[36mATRI[0m | 03-04 00:28:59 | INFO apscheduler >> Added job "read60s" to job store "default"
[36mATRI[0m | 03-04 00:28:59 | INFO apscheduler >> Added job "memesfeiyu" to job store "default"
[36mATRI[0m | 03-04 00:28:59 | INFO apscheduler >> Added job "_" to job store "default"
[36mATRI[0m | 03-04 00:28:59 | INFO apscheduler >> Added job "_" to job store "default"
[36mATRI[0m | 03-04 00:28:59 | INFO apscheduler >> Scheduler started
[36mATRI[0m | 03-04 00:28:59 | INFO src >> Scheduler Started
[36mATRI[0m | 03-04 00:28:59 | INFO apscheduler >> Added job "é—²èŠè¯åº“æ£€æŸ¥æ›´æ–°" to job store "default"
[36mATRI[0m | 03-04 00:28:59 | INFO apscheduler >> Added job "çŠ¶æ€æ£€æŸ¥" to job store "default"
[36mATRI[0m | 03-04 00:28:59 | INFO apscheduler >> Scheduler started
[36mATRI[0m | 03-04 00:28:59 | INFO ATRI >> Scheduler Started.
[36mATRI[0m | 03-04 00:28:59 | INFO src >> Browser Started.
[36mATRI[0m | 03-04 00:28:59 | INFO src >> æ•°æ®åº“åˆå§‹åŒ–å®Œæˆ
[36mATRI[0m | 03-04 00:28:59 | INFO uvicorn >> Application startup complete.
[36mATRI[0m | 03-04 00:28:59 | INFO uvicorn >> Uvicorn running on http://127.0.0.1:9165 (Press CTRL+C to quit)
[36mATRI[0m | 03-04 00:29:01 | INFO uvicorn >> ('127.0.0.1', 45414) - "WebSocket /onebot/v11/ws/" [accepted]
[36mATRI[0m | 03-04 00:29:01 | INFO nonebot >> OneBot V11 | Bot 507346814 connected
[36mATRI[0m | 03-04 00:29:01 | INFO websockets >> connection open
[36mATRI[0m | 03-04 00:30:23 | SUCCESS nonebot >> ONEBOT V11 507346814 | [message.group.normal]: Message -381022950 from 2560359315@[ç¾¤:277620613] "/status"
[36mATRI[0m | 03-04 00:30:23 | INFO nonebot >> Event will be handled by <Matcher from è€å©†, type=message, priority=1, temp=False>
[36mATRI[0m | 03-04 00:30:24 | INFO nonebot >> Matcher <Matcher from è€å©†, type=message, priority=1, temp=False> running complete
[36mATRI[0m | 03-04 00:30:24 | INFO nonebot >> Event will be handled by <Matcher from src.plugins.nonebot_plugin_repeater, type=message, priority=10, temp=False>
[36mATRI[0m | 03-04 00:30:24 | INFO nonebot >> Matcher <Matcher from src.plugins.nonebot_plugin_repeater, type=message, priority=10, temp=False> running complete
[36mATRI[0m | 03-04 00:38:52 | INFO apscheduler >> Running job "çŠ¶æ€æ£€æŸ¥ (trigger: interval[0:10:00], next run at: 2022-03-04 00:48:52 CST)" (scheduled at 2022-03-04 00:38:52.836320+08:00)
[36mATRI[0m | 03-04 00:38:52 | INFO src >> å¼€å§‹æ£€æŸ¥èµ„æºæ¶ˆè€—...
[36mATRI[0m | 03-04 00:38:53 | INFO src >> èµ„æºå ç”¨æ­£å¸¸
[36mATRI[0m | 03-04 00:38:53 | INFO apscheduler >> Job "çŠ¶æ€æ£€æŸ¥ (trigger: interval[0:10:00], next run at: 2022-03-04 00:48:52 CST)" executed successfully
[36mATRI[0m | 03-04 00:43:27 | SUCCESS nonebot >> ONEBOT V11 507346814 | [message.group.normal]: Message 287371072 from 2548226969@[ç¾¤:937760225] "åƒå®Œäº†"
[36mATRI[0m | 03-04 00:43:27 | INFO nonebot >> Event will be handled by <Matcher from src.plugins.nonebot_plugin_repeater, type=message, priority=10, temp=False>
[36mATRI[0m | 03-04 00:43:27 | INFO nonebot >> Matcher <Matcher from src.plugins.nonebot_plugin_repeater, type=message, priority=10, temp=False> running complete
[36mATRI[0m | 03-04 00:43:31 | SUCCESS nonebot >> ONEBOT V11 507346814 | [message.group.normal]: Message 1713889238 from 2548226969@[ç¾¤:937760225] "/æŠ½ç­¾"
[36mATRI[0m | 03-04 00:43:31 | INFO nonebot >> Event will be handled by <Matcher from src.plugins.nonebot_plugin_fortune, type=message, priority=8, temp=False>
[36mATRI[0m | 03-04 00:43:31 | INFO src >> User 2548226969 | Group 937760225 å åœäº†ä»Šæ—¥è¿åŠ¿
[36mATRI[0m | 03-04 00:43:33 | INFO nonebot >> Matcher <Matcher from src.plugins.nonebot_plugin_fortune, type=message, priority=8, temp=False> running complete
[36mATRI[0m | 03-04 00:46:50 | SUCCESS nonebot >> ONEBOT V11 507346814 | [message.group.normal]: Message -2010530054 from 1774148881@[ç¾¤:937760225] "/æŠ½ç­¾"
[36mATRI[0m | 03-04 00:46:50 | INFO nonebot >> Event will be handled by <Matcher from src.plugins.nonebot_plugin_fortune, type=message, priority=8, temp=False>
[36mATRI[0m | 03-04 00:46:50 | INFO src >> User 1774148881 | Group 937760225 å åœäº†ä»Šæ—¥è¿åŠ¿
[36mATRI[0m | 03-04 00:46:51 | INFO nonebot >> Matcher <Matcher from src.plugins.nonebot_plugin_fortune, type=message, priority=8, temp=False> running complete
[36mATRI[0m | 03-04 00:48:07 | SUCCESS nonebot >> ONEBOT V11 507346814 | [message.group.normal]: Message 1632246735 from 2560359315@[ç¾¤:937760225] "/æŠ½ç­¾"
[36mATRI[0m | 03-04 00:48:07 | INFO nonebot >> Event will be handled by <Matcher from è€å©†, type=message, priority=1, temp=False>
[36mATRI[0m | 03-04 00:48:10 | INFO nonebot >> Matcher <Matcher from è€å©†, type=message, priority=1, temp=False> running complete
[36mATRI[0m | 03-04 00:48:10 | INFO nonebot >> Event will be handled by <Matcher from src.plugins.nonebot_plugin_fortune, type=message, priority=8, temp=False>
[36mATRI[0m | 03-04 00:48:10 | INFO src >> User 2560359315 | Group 937760225 å åœäº†ä»Šæ—¥è¿åŠ¿
[36mATRI[0m | 03-04 00:48:11 | INFO nonebot >> Matcher <Matcher from src.plugins.nonebot_plugin_fortune, type=message, priority=8, temp=False> running complete
[36mATRI[0m | 03-04 00:48:23 | SUCCESS nonebot >> ONEBOT V11 507346814 | [message.group.normal]: Message 536569714 from 2560359315@[ç¾¤:937760225] "[CQ:at,qq=2548226969] å¦‚ä½•"
[36mATRI[0m | 03-04 00:48:23 | INFO nonebot >> Event will be handled by <Matcher from è€å©†, type=message, priority=1, temp=False>
[36mATRI[0m | 03-04 00:48:23 | INFO nonebot >> Matcher <Matcher from è€å©†, type=message, priority=1, temp=False> running complete
[36mATRI[0m | 03-04 00:48:23 | INFO nonebot >> Event will be handled by <Matcher from src.plugins.nonebot_plugin_repeater, type=message, priority=10, temp=False>
[36mATRI[0m | 03-04 00:48:23 | INFO nonebot >> Matcher <Matcher from src.plugins.nonebot_plugin_repeater, type=message, priority=10, temp=False> running complete
[36mATRI[0m | 03-04 00:48:36 | SUCCESS nonebot >> ONEBOT V11 507346814 | [message.group.normal]: Message 1761368036 from 2560359315@[ç¾¤:937760225] "/è½®ç›˜ç­¾åˆ°"
[36mATRI[0m | 03-04 00:48:36 | INFO nonebot >> Event will be handled by <Matcher from è€å©†, type=message, priority=1, temp=False>
[36mATRI[0m | 03-04 00:48:36 | INFO nonebot >> Matcher <Matcher from è€å©†, type=message, priority=1, temp=False> running complete
[36mATRI[0m | 03-04 00:48:36 | INFO nonebot >> Event will be handled by <Matcher from src.plugins.nonebot_plugin_russian, type=message, priority=5, temp=False>
[36mATRI[0m | 03-04 00:48:36 | INFO src >> USER 2560359315 | GROUP 937760225 èŽ·å– 33 é‡‘å¸
[36mATRI[0m | 03-04 00:48:36 | INFO nonebot >> Matcher <Matcher from src.plugins.nonebot_plugin_russian, type=message, priority=5, temp=False> running complete
[36mATRI[0m | 03-04 00:48:52 | INFO apscheduler >> Running job "çŠ¶æ€æ£€æŸ¥ (trigger: interval[0:10:00], next run at: 2022-03-04 00:58:52 CST)" (scheduled at 2022-03-04 00:48:52.836320+08:00)
[36mATRI[0m | 03-04 00:48:52 | INFO src >> å¼€å§‹æ£€æŸ¥èµ„æºæ¶ˆè€—...
[36mATRI[0m | 03-04 00:48:53 | INFO src >> èµ„æºå ç”¨æ­£å¸¸
[36mATRI[0m | 03-04 00:48:53 | INFO apscheduler >> Job "çŠ¶æ€æ£€æŸ¥ (trigger: interval[0:10:00], next run at: 2022-03-04 00:58:52 CST)" executed successfully
[36mATRI[0m | 03-04 00:50:49 | SUCCESS nonebot >> ONEBOT V11 507346814 | [message.group.normal]: Message -1238954328 from 2548226969@[ç¾¤:937760225] "æŒºå¥½åƒçš„"
[36mATRI[0m | 03-04 00:50:49 | INFO nonebot >> Event will be handled by <Matcher from src.plugins.nonebot_plugin_repeater, type=message, priority=10, temp=False>
[36mATRI[0m | 03-04 00:50:49 | INFO nonebot >> Matcher <Matcher from src.plugins.nonebot_plugin_repeater, type=message, priority=10, temp=False> running complete
[36mATRI[0m | 03-04 00:50:56 | SUCCESS nonebot >> ONEBOT V11 507346814 | [message.group.normal]: Message 791568146 from 2548226969@[ç¾¤:937760225] "ä½†æ˜¯ä»–æŠŠé†‹å’Œè¾£åŒ…æ··åˆ°ä¸€èµ·äº†"
[36mATRI[0m | 03-04 00:50:56 | INFO nonebot >> Event will be handled by <Matcher from src.plugins.nonebot_plugin_repeater, type=message, priority=10, temp=False>
[36mATRI[0m | 03-04 00:50:56 | INFO nonebot >> Matcher <Matcher from src.plugins.nonebot_plugin_repeater, type=message, priority=10, temp=False> running complete
[36mATRI[0m | 03-04 00:51:03 | SUCCESS nonebot >> ONEBOT V11 507346814 | [message.group.normal]: Message 1479110532 from 2548226969@[ç¾¤:937760225] "ç‰¹åˆ«é…¸"
[36mATRI[0m | 03-04 00:51:03 | INFO nonebot >> Event will be handled by <Matcher from src.plugins.nonebot_plugin_repeater, type=message, priority=10, temp=False>
[36mATRI[0m | 03-04 00:51:03 | INFO nonebot >> Matcher <Matcher from src.plugins.nonebot_plugin_repeater, type=message, priority=10, temp=False> running complete
[36mATRI[0m | 03-04 00:52:36 | SUCCESS nonebot >> ONEBOT V11 507346814 | [message.group.normal]: Message -967968217 from 2560359315@[ç¾¤:937760225] "[CQ:image,file=f747280c8a030eda8b8eb6942bf4759a.image,url=https://gchat.qpic.cn/gchatpic_new/2560359315/937760225-2249496767-F747280C8A030EDA8B8EB6942BF4759A/0?term=3,subType=1]"
[36mATRI[0m | 03-04 00:52:36 | INFO nonebot >> Event will be handled by <Matcher from è€å©†, type=message, priority=1, temp=False>
[36mATRI[0m | 03-04 00:52:36 | INFO nonebot >> Matcher <Matcher from è€å©†, type=message, priority=1, temp=False> running complete
[36mATRI[0m | 03-04 00:52:36 | INFO nonebot >> Event will be handled by <Matcher from src.plugins.nonebot_plugin_repeater, type=message, priority=10, temp=False>
[36mATRI[0m | 03-04 00:52:36 | INFO nonebot >> Matcher <Matcher from src.plugins.nonebot_plugin_repeater, type=message, priority=10, temp=False> running complete
[36mATRI[0m | 03-04 00:53:02 | SUCCESS nonebot >> ONEBOT V11 507346814 | [message.group.normal]: Message -1320498511 from 2560359315@[ç¾¤:937760225] "åƒæžäº†æˆ‘ç†„ç¯ä¹‹åŽåœ¨å®¿èˆåƒæ³¡é¢çš„æ ·å­"
[36mATRI[0m | 03-04 00:53:02 | INFO nonebot >> Event will be handled by <Matcher from è€å©†, type=message, priority=1, temp=False>
[36mATRI[0m | 03-04 00:53:02 | INFO nonebot >> Matcher <Matcher from è€å©†, type=message, priority=1, temp=False> running complete
[36mATRI[0m | 03-04 00:53:02 | INFO nonebot >> Event will be handled by <Matcher from src.plugins.nonebot_plugin_repeater, type=message, priority=10, temp=False>
[36mATRI[0m | 03-04 00:53:02 | INFO nonebot >> Matcher <Matcher from src.plugins.nonebot_plugin_repeater, type=message, priority=10, temp=False> running complete
[36mATRI[0m | 03-04 00:53:39 | INFO uvicorn >> Shutting down
[36mATRI[0m | 03-04 00:53:39 | WARNING nonebot >> OneBot V11 | WebSocket for Bot 507346814 closed by peer
[36mATRI[0m | 03-04 00:53:39 | INFO websockets >> connection closed
[36mATRI[0m | 03-04 00:53:39 | INFO uvicorn >> Waiting for application shutdown.
[36mATRI[0m | 03-04 00:53:39 | INFO nonebot_plugin_htmlrender >> Browser Stoped.
[36mATRI[0m | 03-04 00:53:39 | INFO src >> Browser Stoped.
[36mATRI[0m | 03-04 00:53:39 | INFO uvicorn >> Application shutdown complete.
[36mATRI[0m | 03-04 00:53:39 | INFO uvicorn >> Finished server process [25315]
[36mATRI[0m | 03-04 00:53:45 | INFO apscheduler >> Adding job tentatively -- it will be properly scheduled when the scheduler starts
[36mATRI[0m | 03-04 00:53:45 | SUCCESS plugin.manager >> Succeeded to import "chat"
[36mATRI[0m | 03-04 00:53:45 | SUCCESS plugin.manager >> Succeeded to import "nonebot_plugin_apscheduler"
[36mATRI[0m | 03-04 00:53:45 | SUCCESS plugin.manager >> Succeeded to import "nonebot_plugin_fortune"
[36mATRI[0m | 03-04 00:53:45 | SUCCESS plugin.manager >> Succeeded to import "nonebot_plugin_roll"
[36mATRI[0m | 03-04 00:53:45 | SUCCESS plugin.manager >> Succeeded to import "nonebot_plugin_htmlrender"
[36mATRI[0m | 03-04 00:53:45 | SUCCESS plugin.manager >> Succeeded to import "nonebot_plugin_code"
[36mATRI[0m | 03-04 00:53:46 | SUCCESS plugin.manager >> Succeeded to import "nonebot_plugin_memes"
[36mATRI[0m | 03-04 00:53:46 | INFO src >> global_config:driver='~fastapi' host=IPv4Address('127.0.0.1') port=9165 log_level='INFO' api_timeout=30.0 superusers={'2560359315'} nickname={'Kori Bot', 'bot', 'Kori'} command_start={'/', 'ï¼', '!'} command_sep={'.', ' '} session_expire_timeout=datetime.timedelta(seconds=120) pretty_derby_flag=True dc4_flag=False read_qq_friends=[0, 0] server_status_only_superusers='False' caiyunai_apikey='62142754f02461188d58b88f' genshin_flag=True touhou_flag=True statistical_black_priority=[] proxies_http='http://127.0.0.1:20171' dir='~/Project/Kori-Bot/Kori-Bot' statistical_black_model=['nonebot_plugin_repeater'] vtuber_flag=True environment='prod' what2eat_path='./src/plugins/nonebot_plugin_what2eat-2/resource/' fortune_path='/usr/local/python3/lib/python3.8/site-packages/nonebot_plugin_fortune/resource/' repeater_minlen=1 touhou_old_flag=False morning_path='/usr/local/python3/lib/python3.8/site-packages/nonebot_plugin_morning/resource/' einstein_flag=True granblue_fantasy_flag=True setu_cd=180 hoshizora_flag=True asoul_flag=True read_inform_time=[{'HOUR': 7, 'MINUTE': 30}] arknights_flag=True groups_id=[] qweather_apitype=0 punishing_flag=True debug='True' statistical_path='data/statistical/' read_qq_groups=[277620613, 937760225, 958866763] sakura_flag=True eating_limit=5 qweather_apikey='ae2434efa50048cdb5e92ecb9a1c6b14' sweet_illusion_flag=True azure_flag=True server_status_per_cpu='True' pcr_flag=True liqingge_flag=True onmyoji_flag=True
[36mATRI[0m | 03-04 00:53:46 | INFO src >> plugin_config:plugin_setting='default' pretty_derby_flag=True dc4_flag=False read_qq_friends=[0, 0] server_status_only_superusers='False' port=9165 caiyunai_apikey='62142754f02461188d58b88f' genshin_flag=True pcr_flag=True touhou_flag=True statistical_black_priority=[] proxies_http='http://127.0.0.1:20171' dir='~/Project/Kori-Bot/Kori-Bot' statistical_black_model=['nonebot_plugin_repeater'] superusers={'2560359315'} vtuber_flag=True environment='prod' what2eat_path='./src/plugins/nonebot_plugin_what2eat-2/resource/' fortune_path='/usr/local/python3/lib/python3.8/site-packages/nonebot_plugin_fortune/resource/' repeater_minlen=1 session_expire_timeout=datetime.timedelta(seconds=120) touhou_old_flag=False nickname={'Kori Bot', 'bot', 'Kori'} einstein_flag=True granblue_fantasy_flag=True setu_cd=180 hoshizora_flag=True asoul_flag=True host=IPv4Address('127.0.0.1') read_inform_time=[{'HOUR': 7, 'MINUTE': 30}] api_timeout=30.0 arknights_flag=True driver='~fastapi' groups_id=[] qweather_apitype=0 log_level='INFO' command_start={'/', 'ï¼', '!'} punishing_flag=True debug='True' statistical_path='data/statistical/' read_qq_groups=[277620613, 937760225, 958866763] sakura_flag=True eating_limit=5 qweather_apikey='ae2434efa50048cdb5e92ecb9a1c6b14' command_sep={'.', ' '} sweet_illusion_flag=True azure_flag=True server_status_per_cpu='True' morning_path='/usr/local/python3/lib/python3.8/site-packages/nonebot_plugin_morning/resource/' liqingge_flag=True onmyoji_flag=True
[36mATRI[0m | 03-04 00:53:46 | INFO src >> id:0,time:{'HOUR': 7, 'MINUTE': 30}
[36mATRI[0m | 03-04 00:53:46 | SUCCESS plugin.manager >> Succeeded to import "whitenight_from_feiyucans_space"
[36mATRI[0m | 03-04 00:53:46 | SUCCESS plugin.manager >> Succeeded to import "nonebot_plugin_caiyunai"
[36mATRI[0m | 03-04 00:53:46 | SUCCESS plugin.manager >> Succeeded to import "cp"
[36mATRI[0m | 03-04 00:53:46 | SUCCESS plugin.manager >> Succeeded to import "nonebot_plugin_localstore"
[36mATRI[0m | 03-04 00:53:46 | SUCCESS plugin.manager >> Succeeded to import "nonebot_plugin_datastore"
[36mATRI[0m | 03-04 00:53:47 | SUCCESS plugin.manager >> Succeeded to import "nonebot_plugin_morning"
[36mATRI[0m | 03-04 00:53:47 | SUCCESS plugin.manager >> Succeeded to import "nonebot_plugin_heweather"
[36mATRI[0m | 03-04 00:53:47 | SUCCESS plugin.manager >> Succeeded to import "nonebot_plugin_wordcloud"
[36mATRI[0m | 03-04 00:53:47 | INFO src >> å·²é…ç½®httpä»£ç†
[36mATRI[0m | 03-04 00:53:47 | SUCCESS plugin.manager >> Succeeded to import "nonebot_plugin_setu-2"
[36mATRI[0m | 03-04 00:53:48 | SUCCESS plugin.manager >> Succeeded to import "nonebot_plugin_what2eat-2"
[36mATRI[0m | 03-04 00:53:48 | SUCCESS plugin.manager >> Succeeded to import "atri_plugin_status"
[36mATRI[0m | 03-04 00:53:48 | SUCCESS plugin.manager >> Succeeded to import "nonebot_plugin_emojimix"
[36mATRI[0m | 03-04 00:53:48 | SUCCESS plugin.manager >> Succeeded to import "nonebot_plugin_chatrecorder"
[36mATRI[0m | 03-04 00:53:48 | SUCCESS plugin.manager >> Succeeded to import "nonebot_plugin_epicfree"
[36mATRI[0m | 03-04 00:53:48 | SUCCESS plugin.manager >> Succeeded to import "nonebot_plugin_analysis_bilibili"
[36mATRI[0m | 03-04 00:53:48 | SUCCESS plugin.manager >> Succeeded to import "nonebot_plugin_repeater"
[36mATRI[0m | 03-04 00:53:48 | SUCCESS plugin.manager >> Succeeded to import "nonebot_plugin_remake"
[36mATRI[0m | 03-04 00:53:48 | SUCCESS plugin.manager >> Succeeded to import "trigger_memes_from_feiyucans_space"
[36mATRI[0m | 03-04 00:53:48 | SUCCESS plugin.manager >> Succeeded to import "nonebot_plugin_biliav"
[36mATRI[0m | 03-04 00:53:48 | SUCCESS plugin.manager >> Succeeded to import "nonebot_plugin_songpicker2"
[36mATRI[0m | 03-04 00:53:48 | SUCCESS plugin.manager >> Succeeded to import "nonebot_plugin_abbrreply"
[36mATRI[0m | 03-04 00:53:49 | SUCCESS plugin.manager >> Succeeded to import "nonebot_plugin_petpet"
[36mATRI[0m | 03-04 00:53:49 | INFO src >> global_config:driver='~fastapi' host=IPv4Address('127.0.0.1') port=9165 log_level='INFO' api_timeout=30.0 superusers={'2560359315'} nickname={'Kori Bot', 'bot', 'Kori'} command_start={'/', 'ï¼', '!'} command_sep={'.', ' '} session_expire_timeout=datetime.timedelta(seconds=120) pretty_derby_flag=True dc4_flag=False read_qq_friends=[0, 0] server_status_only_superusers='False' caiyunai_apikey='62142754f02461188d58b88f' genshin_flag=True touhou_flag=True statistical_black_priority=[] proxies_http='http://127.0.0.1:20171' dir='~/Project/Kori-Bot/Kori-Bot' statistical_black_model=['nonebot_plugin_repeater'] vtuber_flag=True environment='prod' what2eat_path='./src/plugins/nonebot_plugin_what2eat-2/resource/' fortune_path='/usr/local/python3/lib/python3.8/site-packages/nonebot_plugin_fortune/resource/' repeater_minlen=1 touhou_old_flag=False morning_path='/usr/local/python3/lib/python3.8/site-packages/nonebot_plugin_morning/resource/' einstein_flag=True granblue_fantasy_flag=True setu_cd=180 hoshizora_flag=True asoul_flag=True read_inform_time=[{'HOUR': 7, 'MINUTE': 30}] arknights_flag=True groups_id=[] qweather_apitype=0 punishing_flag=True debug='True' statistical_path='data/statistical/' read_qq_groups=[277620613, 937760225, 958866763] sakura_flag=True eating_limit=5 qweather_apikey='ae2434efa50048cdb5e92ecb9a1c6b14' sweet_illusion_flag=True azure_flag=True server_status_per_cpu='True' pcr_flag=True liqingge_flag=True onmyoji_flag=True
[36mATRI[0m | 03-04 00:53:49 | INFO src >> plugin_config:plugin_setting='default' pretty_derby_flag=True dc4_flag=False read_qq_friends=[0, 0] server_status_only_superusers='False' port=9165 caiyunai_apikey='62142754f02461188d58b88f' genshin_flag=True pcr_flag=True touhou_flag=True statistical_black_priority=[] proxies_http='http://127.0.0.1:20171' dir='~/Project/Kori-Bot/Kori-Bot' statistical_black_model=['nonebot_plugin_repeater'] superusers={'2560359315'} vtuber_flag=True environment='prod' what2eat_path='./src/plugins/nonebot_plugin_what2eat-2/resource/' fortune_path='/usr/local/python3/lib/python3.8/site-packages/nonebot_plugin_fortune/resource/' repeater_minlen=1 session_expire_timeout=datetime.timedelta(seconds=120) touhou_old_flag=False nickname={'Kori Bot', 'bot', 'Kori'} einstein_flag=True granblue_fantasy_flag=True setu_cd=180 hoshizora_flag=True asoul_flag=True host=IPv4Address('127.0.0.1') read_inform_time=[{'HOUR': 7, 'MINUTE': 30}] api_timeout=30.0 arknights_flag=True driver='~fastapi' groups_id=[] qweather_apitype=0 log_level='INFO' command_start={'/', 'ï¼', '!'} punishing_flag=True debug='True' statistical_path='data/statistical/' read_qq_groups=[277620613, 937760225, 958866763] sakura_flag=True eating_limit=5 qweather_apikey='ae2434efa50048cdb5e92ecb9a1c6b14' command_sep={'.', ' '} sweet_illusion_flag=True azure_flag=True server_status_per_cpu='True' morning_path='/usr/local/python3/lib/python3.8/site-packages/nonebot_plugin_morning/resource/' liqingge_flag=True onmyoji_flag=True
[36mATRI[0m | 03-04 00:53:49 | INFO src >> id:0,time:{'HOUR': 7, 'MINUTE': 30}
[36mATRI[0m | 03-04 00:53:49 | SUCCESS plugin.manager >> Succeeded to import "memes_from_feiyucans_space"
[36mATRI[0m | 03-04 00:53:49 | ERROR plugin.manager >> Failed to import "nonebot_plugin_statistical"
Traceback (most recent call last):

  File "/usr/bin/nb", line 8, in <module>
    sys.exit(main())
    â”‚   â”‚    â”” <ClickAliasedGroup main>
    â”‚   â”” <built-in function exit>
    â”” <module 'sys' (built-in)>
  File "/usr/local/python3/lib/python3.8/site-packages/click/core.py", line 1128, in __call__
    return self.main(*args, **kwargs)
           â”‚    â”‚     â”‚       â”” {}
           â”‚    â”‚     â”” ()
           â”‚    â”” <function BaseCommand.main at 0x7f785eeb9040>
           â”” <ClickAliasedGroup main>
  File "/usr/local/python3/lib/python3.8/site-packages/click/core.py", line 1053, in main
    rv = self.invoke(ctx)
         â”‚    â”‚      â”” <click.core.Context object at 0x7f786702d130>
         â”‚    â”” <function MultiCommand.invoke at 0x7f785eebd0d0>
         â”” <ClickAliasedGroup main>
  File "/usr/local/python3/lib/python3.8/site-packages/click/core.py", line 1659, in invoke
    return _process_result(sub_ctx.command.invoke(sub_ctx))
           â”‚               â”‚       â”‚       â”‚      â”” <click.core.Context object at 0x7f7867032ca0>
           â”‚               â”‚       â”‚       â”” <function Command.invoke at 0x7f785eeb9af0>
           â”‚               â”‚       â”” <ClickAliasedCommand run>
           â”‚               â”” <click.core.Context object at 0x7f7867032ca0>
           â”” <function MultiCommand.invoke.<locals>._process_result at 0x7f785f706a60>
  File "/usr/local/python3/lib/python3.8/site-packages/click/core.py", line 1395, in invoke
    return ctx.invoke(self.callback, **ctx.params)
           â”‚   â”‚      â”‚    â”‚           â”‚   â”” {'file': 'bot.py', 'app': 'app'}
           â”‚   â”‚      â”‚    â”‚           â”” <click.core.Context object at 0x7f7867032ca0>
           â”‚   â”‚      â”‚    â”” <function run at 0x7f7855f055e0>
           â”‚   â”‚      â”” <ClickAliasedCommand run>
           â”‚   â”” <function Context.invoke at 0x7f785f1368b0>
           â”” <click.core.Context object at 0x7f7867032ca0>
  File "/usr/local/python3/lib/python3.8/site-packages/click/core.py", line 754, in invoke
    return __callback(*args, **kwargs)
                       â”‚       â”” {'file': 'bot.py', 'app': 'app'}
                       â”” ()
  File "/usr/local/python3/lib/python3.8/site-packages/nb_cli/commands/main.py", line 30, in run
    run_bot(file, app)
    â”‚       â”‚     â”” 'app'
    â”‚       â”” 'bot.py'
    â”” <function run_bot at 0x7f7855ef53a0>
  File "/usr/local/python3/lib/python3.8/site-packages/nb_cli/handlers/deploy.py", line 19, in run_bot
    module = importlib.import_module(module_name)
             â”‚         â”‚             â”” 'bot'
             â”‚         â”” <function import_module at 0x7f786706d8b0>
             â”” <module 'importlib' from '/usr/local/python3/lib/python3.8/importlib/__init__.py'>
  File "/usr/local/python3/lib/python3.8/importlib/__init__.py", line 127, in import_module
    return _bootstrap._gcd_import(name[level:], package, level)
           â”‚          â”‚           â”‚    â”‚        â”‚        â”” 0
           â”‚          â”‚           â”‚    â”‚        â”” None
           â”‚          â”‚           â”‚    â”” 0
           â”‚          â”‚           â”” 'bot'
           â”‚          â”” <function _gcd_import at 0x7f786719c430>
           â”” <module 'importlib._bootstrap' (frozen)>
  File "<frozen importlib._bootstrap>", line 1014, in _gcd_import
  File "<frozen importlib._bootstrap>", line 991, in _find_and_load
  File "<frozen importlib._bootstrap>", line 975, in _find_and_load_unlocked
  File "<frozen importlib._bootstrap>", line 671, in _load_unlocked
  File "<frozen importlib._bootstrap_external>", line 783, in exec_module
  File "<frozen importlib._bootstrap>", line 219, in _call_with_frames_removed

  File "./bot.py", line 29, in <module>
    nonebot.load_plugins("src/plugins")
    â”‚       â”” <function load_plugins at 0x7f785cd353a0>
    â”” <module 'nonebot' from '/usr/local/python3/lib/python3.8/site-packages/nonebot/__init__.py'>

  File "/usr/local/python3/lib/python3.8/site-packages/nonebot/plugin/load.py", line 39, in load_plugins
    return manager.load_all_plugins()
           â”‚       â”” <function PluginManager.load_all_plugins at 0x7f785cd26ee0>
           â”” <nonebot.plugin.manager.PluginManager object at 0x7f78556e8c10>
  File "/usr/local/python3/lib/python3.8/site-packages/nonebot/plugin/manager.py", line 128, in load_all_plugins
    return set(
  File "/usr/local/python3/lib/python3.8/site-packages/nonebot/plugin/manager.py", line 129, in <genexpr>
    filter(None, (self.load_plugin(name) for name in self.list_plugins()))
                  â”‚    â”‚           â”‚         â”‚       â”‚    â”” <function PluginManager.list_plugins at 0x7f785cd26dc0>
                  â”‚    â”‚           â”‚         â”‚       â”” <nonebot.plugin.manager.PluginManager object at 0x7f78556e8c10>
                  â”‚    â”‚           â”‚         â”” 'nonebot_plugin_statistical'
                  â”‚    â”‚           â”” 'nonebot_plugin_statistical'
                  â”‚    â”” <function PluginManager.load_plugin at 0x7f785cd26e50>
                  â”” <nonebot.plugin.manager.PluginManager object at 0x7f78556e8c10>
> File "/usr/local/python3/lib/python3.8/site-packages/nonebot/plugin/manager.py", line 106, in load_plugin
    module = importlib.import_module(
             â”‚         â”” <function import_module at 0x7f786706d8b0>
             â”” <module 'importlib' from '/usr/local/python3/lib/python3.8/importlib/__init__.py'>
  File "/usr/local/python3/lib/python3.8/importlib/__init__.py", line 127, in import_module
    return _bootstrap._gcd_import(name[level:], package, level)
           â”‚          â”‚           â”‚    â”‚        â”‚        â”” 0
           â”‚          â”‚           â”‚    â”‚        â”” None
           â”‚          â”‚           â”‚    â”” 0
           â”‚          â”‚           â”” 'src.plugins.nonebot_plugin_statistical'
           â”‚          â”” <function _gcd_import at 0x7f786719c430>
           â”” <module 'importlib._bootstrap' (frozen)>
  File "<frozen importlib._bootstrap>", line 1014, in _gcd_import
  File "<frozen importlib._bootstrap>", line 991, in _find_and_load
  File "<frozen importlib._bootstrap>", line 975, in _find_and_load_unlocked
  File "<frozen importlib._bootstrap>", line 671, in _load_unlocked
  File "/usr/local/python3/lib/python3.8/site-packages/nonebot/plugin/manager.py", line 194, in exec_module
    super().exec_module(module)
                        â”” <module 'src.plugins.nonebot_plugin_statistical' from './src/plugins/nonebot_plugin_statistical/__init__.py'>
  File "<frozen importlib._bootstrap_external>", line 783, in exec_module
  File "<frozen importlib._bootstrap>", line 219, in _call_with_frames_removed

  File "./src/plugins/nonebot_plugin_statistical/__init__.py", line 1, in <module>
    from .statistical_hook import *

  File "./src/plugins/nonebot_plugin_statistical/statistical_hook.py", line 7, in <module>
    from .config import save_data, get_prefix_group_count_dict, get_prefix_user_count_dict, \

  File "./src/plugins/nonebot_plugin_statistical/config.py", line 149, in <module>
    plugin2cmd: dict = json.load(f)
                       â”‚    â”‚    â”” <_io.TextIOWrapper name='/root/Projects/Kori-Bot/Kori-bot/data/statistical/plugin2cmd.json' mode='r' encoding='utf8'>
                       â”‚    â”” <built-in function load>
                       â”” <module 'ujson' from '/usr/local/python3/lib/python3.8/site-packages/ujson.cpython-38-x86_64-linux-gnu.so'>

ValueError: Expected object or value
[36mATRI[0m | 03-04 00:53:49 | SUCCESS plugin.manager >> Succeeded to import "ping"
[36mATRI[0m | 03-04 00:53:49 | SUCCESS plugin.manager >> Succeeded to import "test"
[36mATRI[0m | 03-04 00:53:49 | SUCCESS plugin.manager >> Succeeded to import "nonebot_plugin_apscheduler"
[36mATRI[0m | 03-04 00:53:49 | SUCCESS plugin.manager >> Succeeded to import "wife"
[36mATRI[0m | 03-04 00:53:49 | SUCCESS plugin.manager >> Succeeded to import "nonebot_plugin_localstore"
[36mATRI[0m | 03-04 00:53:50 | SUCCESS plugin.manager >> Succeeded to import "saying"
[36mATRI[0m | 03-04 00:53:50 | INFO src >> global_config:driver='~fastapi' host=IPv4Address('127.0.0.1') port=9165 log_level='INFO' api_timeout=30.0 superusers={'2560359315'} nickname={'Kori Bot', 'bot', 'Kori'} command_start={'/', 'ï¼', '!'} command_sep={'.', ' '} session_expire_timeout=datetime.timedelta(seconds=120) pretty_derby_flag=True dc4_flag=False read_qq_friends=[0, 0] server_status_only_superusers='False' caiyunai_apikey='62142754f02461188d58b88f' genshin_flag=True touhou_flag=True statistical_black_priority=[] proxies_http='http://127.0.0.1:20171' dir='~/Project/Kori-Bot/Kori-Bot' statistical_black_model=['nonebot_plugin_repeater'] vtuber_flag=True environment='prod' what2eat_path='./src/plugins/nonebot_plugin_what2eat-2/resource/' fortune_path='/usr/local/python3/lib/python3.8/site-packages/nonebot_plugin_fortune/resource/' repeater_minlen=1 touhou_old_flag=False morning_path='/usr/local/python3/lib/python3.8/site-packages/nonebot_plugin_morning/resource/' einstein_flag=True granblue_fantasy_flag=True setu_cd=180 hoshizora_flag=True asoul_flag=True read_inform_time=[{'HOUR': 7, 'MINUTE': 30}] arknights_flag=True groups_id=[] qweather_apitype=0 punishing_flag=True debug='True' statistical_path='data/statistical/' read_qq_groups=[277620613, 937760225, 958866763] sakura_flag=True eating_limit=5 qweather_apikey='ae2434efa50048cdb5e92ecb9a1c6b14' sweet_illusion_flag=True azure_flag=True server_status_per_cpu='True' pcr_flag=True liqingge_flag=True onmyoji_flag=True
[36mATRI[0m | 03-04 00:53:50 | INFO src >> plugin_config:plugin_setting='default' pretty_derby_flag=True dc4_flag=False read_qq_friends=[0, 0] server_status_only_superusers='False' port=9165 caiyunai_apikey='62142754f02461188d58b88f' genshin_flag=True pcr_flag=True touhou_flag=True statistical_black_priority=[] proxies_http='http://127.0.0.1:20171' dir='~/Project/Kori-Bot/Kori-Bot' statistical_black_model=['nonebot_plugin_repeater'] superusers={'2560359315'} vtuber_flag=True environment='prod' what2eat_path='./src/plugins/nonebot_plugin_what2eat-2/resource/' fortune_path='/usr/local/python3/lib/python3.8/site-packages/nonebot_plugin_fortune/resource/' repeater_minlen=1 session_expire_timeout=datetime.timedelta(seconds=120) touhou_old_flag=False nickname={'Kori Bot', 'bot', 'Kori'} einstein_flag=True granblue_fantasy_flag=True setu_cd=180 hoshizora_flag=True asoul_flag=True host=IPv4Address('127.0.0.1') read_inform_time=[{'HOUR': 7, 'MINUTE': 30}] api_timeout=30.0 arknights_flag=True driver='~fastapi' groups_id=[] qweather_apitype=0 log_level='INFO' command_start={'/', 'ï¼', '!'} punishing_flag=True debug='True' statistical_path='data/statistical/' read_qq_groups=[277620613, 937760225, 958866763] sakura_flag=True eating_limit=5 qweather_apikey='ae2434efa50048cdb5e92ecb9a1c6b14' command_sep={'.', ' '} sweet_illusion_flag=True azure_flag=True server_status_per_cpu='True' morning_path='/usr/local/python3/lib/python3.8/site-packages/nonebot_plugin_morning/resource/' liqingge_flag=True onmyoji_flag=True
[36mATRI[0m | 03-04 00:53:50 | INFO src >> id:0,time:{'HOUR': 7, 'MINUTE': 30}
[36mATRI[0m | 03-04 00:53:50 | SUCCESS plugin.manager >> Succeeded to import "nonebot_plugin_read_60s"
[36mATRI[0m | 03-04 00:53:50 | SUCCESS plugin.manager >> Succeeded to import "wolfram"
[36mATRI[0m | 03-04 00:53:50 | WARNING nonebot >> Duplicated prefix rule "/lottery"
[36mATRI[0m | 03-04 00:53:50 | WARNING nonebot >> Duplicated prefix rule "ï¼lottery"
[36mATRI[0m | 03-04 00:53:50 | WARNING nonebot >> Duplicated prefix rule "!lottery"
[36mATRI[0m | 03-04 00:53:50 | SUCCESS plugin.manager >> Succeeded to import "nonebot_plugin_russian"
[36mATRI[0m | 03-04 00:53:51 | SUCCESS plugin.manager >> Succeeded to import "nonebot_plugin_logo"
[36mATRI[0m | 03-04 00:53:51 | SUCCESS nonebot >> Running NoneBot...
[36mATRI[0m | 03-04 00:53:51 | INFO uvicorn >> Started server process [691]
[36mATRI[0m | 03-04 00:53:51 | INFO uvicorn >> Waiting for application startup.
[36mATRI[0m | 03-04 00:53:51 | INFO nonebot_plugin_htmlrender >> Browser Started.
[36mATRI[0m | 03-04 00:53:51 | INFO ATRI >> Scheduler Started.
[36mATRI[0m | 03-04 00:53:51 | INFO src >> Scheduler Started
[36mATRI[0m | 03-04 00:53:52 | INFO src >> Browser Started.
[36mATRI[0m | 03-04 00:53:52 | INFO src >> æ•°æ®åº“åˆå§‹åŒ–å®Œæˆ
[36mATRI[0m | 03-04 00:53:52 | INFO nonebot_plugin_datastore >> æ•°æ®åº“åˆå§‹åŒ–å®Œæˆ
[36mATRI[0m | 03-04 00:53:52 | INFO uvicorn >> Application startup complete.
[36mATRI[0m | 03-04 00:53:52 | INFO uvicorn >> Uvicorn running on http://127.0.0.1:9165 (Press CTRL+C to quit)
[36mATRI[0m | 03-04 00:53:53 | INFO uvicorn >> ('127.0.0.1', 47288) - "WebSocket /onebot/v11/ws/" [accepted]
[36mATRI[0m | 03-04 00:53:53 | INFO nonebot >> OneBot V11 | Bot 507346814 connected
[36mATRI[0m | 03-04 00:53:53 | INFO websockets >> connection open
[36mATRI[0m | 03-04 00:53:56 | SUCCESS nonebot >> ONEBOT V11 507346814 | [message.group.normal]: Message 675519243 from 1774148881@[ç¾¤:937760225] "è°ç†„ç¯äº†æ‰åƒæ³¡é¢"
[36mATRI[0m | 03-04 00:53:56 | INFO nonebot >> Event will be handled by <Matcher from src.plugins.nonebot_plugin_repeater, type=message, priority=10, temp=False>
[36mATRI[0m | 03-04 00:53:56 | INFO nonebot >> Matcher <Matcher from src.plugins.nonebot_plugin_repeater, type=message, priority=10, temp=False> running complete
[36mATRI[0m | 03-04 00:54:01 | SUCCESS nonebot >> ONEBOT V11 507346814 | [message.group.normal]: Message 1598335901 from 1774148881@[ç¾¤:937760225] "æ—©å¹²å˜›åŽ»äº†"
[36mATRI[0m | 03-04 00:54:01 | INFO nonebot >> Event will be handled by <Matcher from src.plugins.nonebot_plugin_repeater, type=message, priority=10, temp=False>
[36mATRI[0m | 03-04 00:54:01 | INFO nonebot >> Matcher <Matcher from src.plugins.nonebot_plugin_repeater, type=message, priority=10, temp=False> running complete
[36mATRI[0m | 03-04 00:54:23 | SUCCESS nonebot >> ONEBOT V11 507346814 | [message.group.normal]: Message -805587444 from 2560359315@[ç¾¤:937760225] "ç†„ç¯ä¹‹åŽåƒæ¯”è¾ƒé¦™"
[36mATRI[0m | 03-04 00:54:23 | INFO nonebot >> Event will be handled by <Matcher from è€å©†, type=message, priority=1, temp=False>
[36mATRI[0m | 03-04 00:54:24 | INFO nonebot >> Matcher <Matcher from è€å©†, type=message, priority=1, temp=False> running complete
[36mATRI[0m | 03-04 00:54:24 | INFO nonebot >> Event will be handled by <Matcher from src.plugins.nonebot_plugin_repeater, type=message, priority=10, temp=False>
[36mATRI[0m | 03-04 00:54:24 | INFO nonebot >> Matcher <Matcher from src.plugins.nonebot_plugin_repeater, type=message, priority=10, temp=False> running complete
[36mATRI[0m | 03-04 00:54:42 | SUCCESS nonebot >> ONEBOT V11 507346814 | [message.group.normal]: Message 250748957 from 2560359315@[ç¾¤:277620613] "/status"
[36mATRI[0m | 03-04 00:54:42 | INFO nonebot >> Event will be handled by <Matcher from è€å©†, type=message, priority=1, temp=False>
[36mATRI[0m | 03-04 00:54:42 | INFO nonebot >> Matcher <Matcher from è€å©†, type=message, priority=1, temp=False> running complete
[36mATRI[0m | 03-04 00:54:42 | INFO nonebot >> Event will be handled by <Matcher from src.plugins.nonebot_plugin_repeater, type=message, priority=10, temp=False>
[36mATRI[0m | 03-04 00:54:42 | INFO nonebot >> Matcher <Matcher from src.plugins.nonebot_plugin_repeater, type=message, priority=10, temp=False> running complete
[36mATRI[0m | 03-04 00:58:32 | SUCCESS nonebot >> ONEBOT V11 507346814 | [message.group.normal]: Message -667218049 from 1774148881@[ç¾¤:937760225] "ðŸ‘Ž"
[36mATRI[0m | 03-04 00:58:32 | INFO nonebot >> Event will be handled by <Matcher from src.plugins.nonebot_plugin_repeater, type=message, priority=10, temp=False>
[36mATRI[0m | 03-04 00:58:32 | INFO nonebot >> Matcher <Matcher from src.plugins.nonebot_plugin_repeater, type=message, priority=10, temp=False> running complete
[36mATRI[0m | 03-04 00:59:10 | SUCCESS nonebot >> ONEBOT V11 507346814 | [message.group.normal]: Message -1355005975 from 1774148881@[ç¾¤:937760225] "ä½ ä»¬å››æ¥¼æ¯å¤©éƒ½è´¼å®‰é™"
[36mATRI[0m | 03-04 00:59:10 | INFO nonebot >> Event will be handled by <Matcher from src.plugins.nonebot_plugin_repeater, type=message, priority=10, temp=False>
[36mATRI[0m | 03-04 00:59:10 | INFO nonebot >> Matcher <Matcher from src.plugins.nonebot_plugin_repeater, type=message, priority=10, temp=False> running complete
[36mATRI[0m | 03-04 00:59:14 | SUCCESS nonebot >> ONEBOT V11 507346814 | [message.group.normal]: Message 909471315 from 1774148881@[ç¾¤:937760225] "ä¸‰æ¥¼"
[36mATRI[0m | 03-04 00:59:14 | INFO nonebot >> Event will be handled by <Matcher from src.plugins.nonebot_plugin_repeater, type=message, priority=10, temp=False>
[36mATRI[0m | 03-04 00:59:14 | INFO nonebot >> Matcher <Matcher from src.plugins.nonebot_plugin_repeater, type=message, priority=10, temp=False> running complete
[36mATRI[0m | 03-04 00:59:37 | SUCCESS nonebot >> ONEBOT V11 507346814 | [message.group.normal]: Message 1093820101 from 1774148881@[ç¾¤:937760225] "å±žäºŽå¤šå°‘æ²¾ç‚¹"
[36mATRI[0m | 03-04 00:59:37 | INFO nonebot >> Event will be handled by <Matcher from src.plugins.nonebot_plugin_repeater, type=message, priority=10, temp=False>
[36mATRI[0m | 03-04 00:59:37 | INFO nonebot >> Matcher <Matcher from src.plugins.nonebot_plugin_repeater, type=message, priority=10, temp=False> running complete
[36mATRI[0m | 03-04 01:01:48 | SUCCESS nonebot >> ONEBOT V11 507346814 | [message.group.normal]: Message -547959962 from 2560359315@[ç¾¤:937760225] "?????"
[36mATRI[0m | 03-04 01:01:48 | INFO nonebot >> Event will be handled by <Matcher from è€å©†, type=message, priority=1, temp=False>
[36mATRI[0m | 03-04 01:01:48 | INFO nonebot >> Matcher <Matcher from è€å©†, type=message, priority=1, temp=False> running complete
[36mATRI[0m | 03-04 01:01:48 | INFO nonebot >> Event will be handled by <Matcher from src.plugins.nonebot_plugin_repeater, type=message, priority=10, temp=False>
[36mATRI[0m | 03-04 01:01:48 | INFO nonebot >> Matcher <Matcher from src.plugins.nonebot_plugin_repeater, type=message, priority=10, temp=False> running complete
[36mATRI[0m | 03-04 01:01:56 | SUCCESS nonebot >> ONEBOT V11 507346814 | [message.group.normal]: Message -1471022096 from 2560359315@[ç¾¤:937760225] "å››æ¥¼ä¹Ÿä¸å®‰é™å•Š"
[36mATRI[0m | 03-04 01:01:56 | INFO nonebot >> Event will be handled by <Matcher from è€å©†, type=message, priority=1, temp=False>
[36mATRI[0m | 03-04 01:01:56 | INFO nonebot >> Matcher <Matcher from è€å©†, type=message, priority=1, temp=False> running complete
[36mATRI[0m | 03-04 01:01:56 | INFO nonebot >> Event will be handled by <Matcher from src.plugins.nonebot_plugin_repeater, type=message, priority=10, temp=False>
[36mATRI[0m | 03-04 01:01:56 | INFO nonebot >> Matcher <Matcher from src.plugins.nonebot_plugin_repeater, type=message, priority=10, temp=False> running complete
[36mATRI[0m | 03-04 01:02:15 | INFO uvicorn >> Shutting down
[36mATRI[0m | 03-04 01:02:15 | WARNING nonebot >> OneBot V11 | WebSocket for Bot 507346814 closed by peer
[36mATRI[0m | 03-04 01:02:15 | INFO websockets >> connection closed
[36mATRI[0m | 03-04 01:02:15 | INFO uvicorn >> Waiting for application shutdown.
[36mATRI[0m | 03-04 01:02:15 | INFO nonebot_plugin_htmlrender >> Browser Stoped.
[36mATRI[0m | 03-04 01:02:15 | INFO src >> Browser Stoped.
[36mATRI[0m | 03-04 01:02:15 | INFO uvicorn >> Application shutdown complete.
[36mATRI[0m | 03-04 01:02:15 | INFO uvicorn >> Finished server process [691]
