[36mATRI[0m | 03-03 20:35:47 | INFO apscheduler >> Adding job tentatively -- it will be properly scheduled when the scheduler starts
[36mATRI[0m | 03-03 20:35:47 | SUCCESS plugin.manager >> Succeeded to import "chat"
[36mATRI[0m | 03-03 20:35:47 | INFO apscheduler >> Adding job tentatively -- it will be properly scheduled when the scheduler starts
[36mATRI[0m | 03-03 20:35:47 | SUCCESS plugin.manager >> Succeeded to import "nonebot_plugin_fortune"
[36mATRI[0m | 03-03 20:35:47 | SUCCESS plugin.manager >> Succeeded to import "nonebot_plugin_remake"
[36mATRI[0m | 03-03 20:35:47 | SUCCESS plugin.manager >> Succeeded to import "nonebot_plugin_emojimix"
[36mATRI[0m | 03-03 20:35:47 | SUCCESS plugin.manager >> Succeeded to import "nonebot_plugin_status"
[36mATRI[0m | 03-03 20:35:47 | SUCCESS plugin.manager >> Succeeded to import "help"
[36mATRI[0m | 03-03 20:35:48 | SUCCESS plugin.manager >> Succeeded to import "nonebot_plugin_memes"
[36mATRI[0m | 03-03 20:35:48 | SUCCESS plugin.manager >> Succeeded to import "nonebot_plugin_localstore"
[36mATRI[0m | 03-03 20:35:48 | SUCCESS plugin.manager >> Succeeded to import "nonebot_plugin_wordcloud"
[36mATRI[0m | 03-03 20:35:49 | SUCCESS plugin.manager >> Succeeded to import "cp"
[36mATRI[0m | 03-03 20:35:49 | SUCCESS plugin.manager >> Succeeded to import "nonebot_plugin_htmlrender"
[36mATRI[0m | 03-03 20:35:49 | INFO src >> global_config:driver='~fastapi' host=IPv4Address('127.0.0.1') port=9165 log_level='INFO' api_timeout=30.0 superusers={'2560359315'} nickname={'bot', 'Kori Bot', 'Kori'} command_start={'!', 'ï¼', '/'} command_sep={' ', '.'} session_expire_timeout=datetime.timedelta(seconds=120) dc4_flag=False repeater_minlen=1 asoul_flag=True what2eat_path='./src/plugins/nonebot_plugin_what2eat-2/resource/' statistical_path='data/statistical/' groups_id=[] statistical_black_priority=[] setu_cd=180 granblue_fantasy_flag=True azure_flag=True read_qq_friends=[0, 0] environment='prod' fortune_path='/usr/local/python3/lib/python3.8/site-packages/nonebot_plugin_fortune/resource/' onmyoji_flag=True read_qq_groups=[277620613, 937760225, 958866763] debug='True' statistical_black_model=['nonebot_plugin_repeater'] qweather_apitype=0 vtuber_flag=True touhou_flag=True einstein_flag=True sweet_illusion_flag=True caiyunai_apikey='62142754f02461188d58b88f' sakura_flag=True server_status_only_superusers='False' hoshizora_flag=True punishing_flag=True pretty_derby_flag=True liqingge_flag=True eating_limit=5 touhou_old_flag=False genshin_flag=True dir='~/Project/Kori-Bot/Kori-Bot' morning_path='/usr/local/python3/lib/python3.8/site-packages/nonebot_plugin_morning/resource/' pcr_flag=True server_status_per_cpu='True' read_inform_time=[{'HOUR': 7, 'MINUTE': 30}] qweather_apikey='ae2434efa50048cdb5e92ecb9a1c6b14' arknights_flag=True proxies_http='http://127.0.0.1:20171'
[36mATRI[0m | 03-03 20:35:49 | INFO src >> plugin_config:plugin_setting='default' driver='~fastapi' dc4_flag=False repeater_minlen=1 what2eat_path='./src/plugins/nonebot_plugin_what2eat-2/resource/' statistical_path='data/statistical/' groups_id=[] statistical_black_priority=[] command_start={'!', '/', 'ï¼'} setu_cd=180 granblue_fantasy_flag=True log_level='INFO' azure_flag=True read_qq_friends=[0, 0] arknights_flag=True session_expire_timeout=datetime.timedelta(seconds=120) environment='prod' fortune_path='/usr/local/python3/lib/python3.8/site-packages/nonebot_plugin_fortune/resource/' onmyoji_flag=True read_qq_groups=[277620613, 937760225, 958866763] debug='True' statistical_black_model=['nonebot_plugin_repeater'] qweather_apitype=0 vtuber_flag=True command_sep={' ', '.'} touhou_flag=True einstein_flag=True sweet_illusion_flag=True caiyunai_apikey='62142754f02461188d58b88f' sakura_flag=True server_status_only_superusers='False' hoshizora_flag=True punishing_flag=True pretty_derby_flag=True liqingge_flag=True eating_limit=5 touhou_old_flag=False port=9165 genshin_flag=True dir='~/Project/Kori-Bot/Kori-Bot' host=IPv4Address('127.0.0.1') nickname={'bot', 'Kori Bot', 'Kori'} superusers={'2560359315'} morning_path='/usr/local/python3/lib/python3.8/site-packages/nonebot_plugin_morning/resource/' pcr_flag=True api_timeout=30.0 server_status_per_cpu='True' read_inform_time=[{'HOUR': 7, 'MINUTE': 30}] qweather_apikey='ae2434efa50048cdb5e92ecb9a1c6b14' asoul_flag=True proxies_http='http://127.0.0.1:20171'
[36mATRI[0m | 03-03 20:35:49 | INFO src >> id:0,time:{'HOUR': 7, 'MINUTE': 30}
[36mATRI[0m | 03-03 20:35:49 | INFO apscheduler >> Adding job tentatively -- it will be properly scheduled when the scheduler starts
[36mATRI[0m | 03-03 20:35:49 | SUCCESS plugin.manager >> Succeeded to import "nonebot_plugin_read_60s"
[36mATRI[0m | 03-03 20:35:49 | WARNING nonebot >> Duplicated prefix rule "!lottery"
[36mATRI[0m | 03-03 20:35:49 | WARNING nonebot >> Duplicated prefix rule "ï¼lottery"
[36mATRI[0m | 03-03 20:35:49 | WARNING nonebot >> Duplicated prefix rule "/lottery"
[36mATRI[0m | 03-03 20:35:49 | INFO apscheduler >> Adding job tentatively -- it will be properly scheduled when the scheduler starts
[36mATRI[0m | 03-03 20:35:49 | SUCCESS plugin.manager >> Succeeded to import "nonebot_plugin_russian"
[36mATRI[0m | 03-03 20:35:49 | ERROR plugin.manager >> Failed to import "nonebot_plugin_statistical"
Traceback (most recent call last):

  File "/usr/bin/nb", line 8, in <module>
    sys.exit(main())
    â”‚   â”‚    â”” <ClickAliasedGroup main>
    â”‚   â”” <built-in function exit>
    â”” <module 'sys' (built-in)>
  File "/usr/local/python3/lib/python3.8/site-packages/click/core.py", line 1128, in __call__
    return self.main(*args, **kwargs)
           â”‚    â”‚     â”‚       â”” {}
           â”‚    â”‚     â”” ()
           â”‚    â”” <function BaseCommand.main at 0x7f7966be8040>
           â”” <ClickAliasedGroup main>
  File "/usr/local/python3/lib/python3.8/site-packages/click/core.py", line 1053, in main
    rv = self.invoke(ctx)
         â”‚    â”‚      â”” <click.core.Context object at 0x7f796ed5c130>
         â”‚    â”” <function MultiCommand.invoke at 0x7f7966bec0d0>
         â”” <ClickAliasedGroup main>
  File "/usr/local/python3/lib/python3.8/site-packages/click/core.py", line 1659, in invoke
    return _process_result(sub_ctx.command.invoke(sub_ctx))
           â”‚               â”‚       â”‚       â”‚      â”” <click.core.Context object at 0x7f796ed61ca0>
           â”‚               â”‚       â”‚       â”” <function Command.invoke at 0x7f7966be8af0>
           â”‚               â”‚       â”” <ClickAliasedCommand run>
           â”‚               â”” <click.core.Context object at 0x7f796ed61ca0>
           â”” <function MultiCommand.invoke.<locals>._process_result at 0x7f7967435a60>
  File "/usr/local/python3/lib/python3.8/site-packages/click/core.py", line 1395, in invoke
    return ctx.invoke(self.callback, **ctx.params)
           â”‚   â”‚      â”‚    â”‚           â”‚   â”” {'file': 'bot.py', 'app': 'app'}
           â”‚   â”‚      â”‚    â”‚           â”” <click.core.Context object at 0x7f796ed61ca0>
           â”‚   â”‚      â”‚    â”” <function run at 0x7f795dc345e0>
           â”‚   â”‚      â”” <ClickAliasedCommand run>
           â”‚   â”” <function Context.invoke at 0x7f7966e648b0>
           â”” <click.core.Context object at 0x7f796ed61ca0>
  File "/usr/local/python3/lib/python3.8/site-packages/click/core.py", line 754, in invoke
    return __callback(*args, **kwargs)
                       â”‚       â”” {'file': 'bot.py', 'app': 'app'}
                       â”” ()
  File "/usr/local/python3/lib/python3.8/site-packages/nb_cli/commands/main.py", line 30, in run
    run_bot(file, app)
    â”‚       â”‚     â”” 'app'
    â”‚       â”” 'bot.py'
    â”” <function run_bot at 0x7f795dc243a0>
  File "/usr/local/python3/lib/python3.8/site-packages/nb_cli/handlers/deploy.py", line 19, in run_bot
    module = importlib.import_module(module_name)
             â”‚         â”‚             â”” 'bot'
             â”‚         â”” <function import_module at 0x7f796ed9c8b0>
             â”” <module 'importlib' from '/usr/local/python3/lib/python3.8/importlib/__init__.py'>
  File "/usr/local/python3/lib/python3.8/importlib/__init__.py", line 127, in import_module
    return _bootstrap._gcd_import(name[level:], package, level)
           â”‚          â”‚           â”‚    â”‚        â”‚        â”” 0
           â”‚          â”‚           â”‚    â”‚        â”” None
           â”‚          â”‚           â”‚    â”” 0
           â”‚          â”‚           â”” 'bot'
           â”‚          â”” <function _gcd_import at 0x7f796eecb430>
           â”” <module 'importlib._bootstrap' (frozen)>
  File "<frozen importlib._bootstrap>", line 1014, in _gcd_import
  File "<frozen importlib._bootstrap>", line 991, in _find_and_load
  File "<frozen importlib._bootstrap>", line 975, in _find_and_load_unlocked
  File "<frozen importlib._bootstrap>", line 671, in _load_unlocked
  File "<frozen importlib._bootstrap_external>", line 783, in exec_module
  File "<frozen importlib._bootstrap>", line 219, in _call_with_frames_removed

  File "./bot.py", line 29, in <module>
    nonebot.load_plugins("src/plugins")
    â”‚       â”” <function load_plugins at 0x7f7964a643a0>
    â”” <module 'nonebot' from '/usr/local/python3/lib/python3.8/site-packages/nonebot/__init__.py'>

  File "/usr/local/python3/lib/python3.8/site-packages/nonebot/plugin/load.py", line 39, in load_plugins
    return manager.load_all_plugins()
           â”‚       â”” <function PluginManager.load_all_plugins at 0x7f7964a55ee0>
           â”” <nonebot.plugin.manager.PluginManager object at 0x7f795d418a60>
  File "/usr/local/python3/lib/python3.8/site-packages/nonebot/plugin/manager.py", line 128, in load_all_plugins
    return set(
  File "/usr/local/python3/lib/python3.8/site-packages/nonebot/plugin/manager.py", line 129, in <genexpr>
    filter(None, (self.load_plugin(name) for name in self.list_plugins()))
                  â”‚    â”‚           â”‚         â”‚       â”‚    â”” <function PluginManager.list_plugins at 0x7f7964a55dc0>
                  â”‚    â”‚           â”‚         â”‚       â”” <nonebot.plugin.manager.PluginManager object at 0x7f795d418a60>
                  â”‚    â”‚           â”‚         â”” 'nonebot_plugin_statistical'
                  â”‚    â”‚           â”” 'nonebot_plugin_statistical'
                  â”‚    â”” <function PluginManager.load_plugin at 0x7f7964a55e50>
                  â”” <nonebot.plugin.manager.PluginManager object at 0x7f795d418a60>
> File "/usr/local/python3/lib/python3.8/site-packages/nonebot/plugin/manager.py", line 106, in load_plugin
    module = importlib.import_module(
             â”‚         â”” <function import_module at 0x7f796ed9c8b0>
             â”” <module 'importlib' from '/usr/local/python3/lib/python3.8/importlib/__init__.py'>
  File "/usr/local/python3/lib/python3.8/importlib/__init__.py", line 127, in import_module
    return _bootstrap._gcd_import(name[level:], package, level)
           â”‚          â”‚           â”‚    â”‚        â”‚        â”” 0
           â”‚          â”‚           â”‚    â”‚        â”” None
           â”‚          â”‚           â”‚    â”” 0
           â”‚          â”‚           â”” 'src.plugins.nonebot_plugin_statistical'
           â”‚          â”” <function _gcd_import at 0x7f796eecb430>
           â”” <module 'importlib._bootstrap' (frozen)>
  File "<frozen importlib._bootstrap>", line 1014, in _gcd_import
  File "<frozen importlib._bootstrap>", line 991, in _find_and_load
  File "<frozen importlib._bootstrap>", line 975, in _find_and_load_unlocked
  File "<frozen importlib._bootstrap>", line 671, in _load_unlocked
  File "/usr/local/python3/lib/python3.8/site-packages/nonebot/plugin/manager.py", line 194, in exec_module
    super().exec_module(module)
                        â”” <module 'src.plugins.nonebot_plugin_statistical' from './src/plugins/nonebot_plugin_statistical/__init__.py'>
  File "<frozen importlib._bootstrap_external>", line 783, in exec_module
  File "<frozen importlib._bootstrap>", line 219, in _call_with_frames_removed

  File "./src/plugins/nonebot_plugin_statistical/__init__.py", line 1, in <module>
    from .statistical_hook import *

  File "./src/plugins/nonebot_plugin_statistical/statistical_hook.py", line 7, in <module>
    from .config import save_data, get_prefix_group_count_dict, get_prefix_user_count_dict, \

  File "./src/plugins/nonebot_plugin_statistical/config.py", line 149, in <module>
    plugin2cmd: dict = json.load(f)
                       â”‚    â”‚    â”” <_io.TextIOWrapper name='/root/Projects/Kori-Bot/Kori-bot/data/statistical/plugin2cmd.json' mode='r' encoding='utf8'>
                       â”‚    â”” <built-in function load>
                       â”” <module 'ujson' from '/usr/local/python3/lib/python3.8/site-packages/ujson.cpython-38-x86_64-linux-gnu.so'>

ValueError: Expected object or value
[36mATRI[0m | 03-03 20:35:49 | INFO src >> global_config:driver='~fastapi' host=IPv4Address('127.0.0.1') port=9165 log_level='INFO' api_timeout=30.0 superusers={'2560359315'} nickname={'bot', 'Kori Bot', 'Kori'} command_start={'!', 'ï¼', '/'} command_sep={' ', '.'} session_expire_timeout=datetime.timedelta(seconds=120) dc4_flag=False repeater_minlen=1 asoul_flag=True what2eat_path='./src/plugins/nonebot_plugin_what2eat-2/resource/' statistical_path='data/statistical/' groups_id=[] statistical_black_priority=[] setu_cd=180 granblue_fantasy_flag=True azure_flag=True read_qq_friends=[0, 0] environment='prod' fortune_path='/usr/local/python3/lib/python3.8/site-packages/nonebot_plugin_fortune/resource/' onmyoji_flag=True read_qq_groups=[277620613, 937760225, 958866763] debug='True' statistical_black_model=['nonebot_plugin_repeater'] qweather_apitype=0 vtuber_flag=True touhou_flag=True einstein_flag=True sweet_illusion_flag=True caiyunai_apikey='62142754f02461188d58b88f' sakura_flag=True server_status_only_superusers='False' hoshizora_flag=True punishing_flag=True pretty_derby_flag=True liqingge_flag=True eating_limit=5 touhou_old_flag=False genshin_flag=True dir='~/Project/Kori-Bot/Kori-Bot' morning_path='/usr/local/python3/lib/python3.8/site-packages/nonebot_plugin_morning/resource/' pcr_flag=True server_status_per_cpu='True' read_inform_time=[{'HOUR': 7, 'MINUTE': 30}] qweather_apikey='ae2434efa50048cdb5e92ecb9a1c6b14' arknights_flag=True proxies_http='http://127.0.0.1:20171'
[36mATRI[0m | 03-03 20:35:49 | INFO src >> plugin_config:plugin_setting='default' driver='~fastapi' dc4_flag=False repeater_minlen=1 what2eat_path='./src/plugins/nonebot_plugin_what2eat-2/resource/' statistical_path='data/statistical/' groups_id=[] statistical_black_priority=[] command_start={'!', '/', 'ï¼'} setu_cd=180 granblue_fantasy_flag=True log_level='INFO' azure_flag=True read_qq_friends=[0, 0] arknights_flag=True session_expire_timeout=datetime.timedelta(seconds=120) environment='prod' fortune_path='/usr/local/python3/lib/python3.8/site-packages/nonebot_plugin_fortune/resource/' onmyoji_flag=True read_qq_groups=[277620613, 937760225, 958866763] debug='True' statistical_black_model=['nonebot_plugin_repeater'] qweather_apitype=0 vtuber_flag=True command_sep={' ', '.'} touhou_flag=True einstein_flag=True sweet_illusion_flag=True caiyunai_apikey='62142754f02461188d58b88f' sakura_flag=True server_status_only_superusers='False' hoshizora_flag=True punishing_flag=True pretty_derby_flag=True liqingge_flag=True eating_limit=5 touhou_old_flag=False port=9165 genshin_flag=True dir='~/Project/Kori-Bot/Kori-Bot' host=IPv4Address('127.0.0.1') nickname={'bot', 'Kori Bot', 'Kori'} superusers={'2560359315'} morning_path='/usr/local/python3/lib/python3.8/site-packages/nonebot_plugin_morning/resource/' pcr_flag=True api_timeout=30.0 server_status_per_cpu='True' read_inform_time=[{'HOUR': 7, 'MINUTE': 30}] qweather_apikey='ae2434efa50048cdb5e92ecb9a1c6b14' asoul_flag=True proxies_http='http://127.0.0.1:20171'
[36mATRI[0m | 03-03 20:35:49 | INFO src >> id:0,time:{'HOUR': 7, 'MINUTE': 30}
[36mATRI[0m | 03-03 20:35:49 | INFO apscheduler >> Adding job tentatively -- it will be properly scheduled when the scheduler starts
[36mATRI[0m | 03-03 20:35:49 | SUCCESS plugin.manager >> Succeeded to import "whitenight_from_feiyucans_space"
[36mATRI[0m | 03-03 20:35:49 | SUCCESS plugin.manager >> Succeeded to import "nonebot_plugin_analysis_bilibili"
[36mATRI[0m | 03-03 20:35:49 | SUCCESS plugin.manager >> Succeeded to import "test"
[36mATRI[0m | 03-03 20:35:49 | SUCCESS plugin.manager >> Succeeded to import "wife"
[36mATRI[0m | 03-03 20:35:49 | SUCCESS plugin.manager >> Succeeded to import "nonebot_plugin_apscheduler"
[36mATRI[0m | 03-03 20:35:50 | SUCCESS plugin.manager >> Succeeded to import "wolfram"
[36mATRI[0m | 03-03 20:35:50 | INFO src >> global_config:driver='~fastapi' host=IPv4Address('127.0.0.1') port=9165 log_level='INFO' api_timeout=30.0 superusers={'2560359315'} nickname={'bot', 'Kori Bot', 'Kori'} command_start={'!', 'ï¼', '/'} command_sep={' ', '.'} session_expire_timeout=datetime.timedelta(seconds=120) dc4_flag=False repeater_minlen=1 asoul_flag=True what2eat_path='./src/plugins/nonebot_plugin_what2eat-2/resource/' statistical_path='data/statistical/' groups_id=[] statistical_black_priority=[] setu_cd=180 granblue_fantasy_flag=True azure_flag=True read_qq_friends=[0, 0] environment='prod' fortune_path='/usr/local/python3/lib/python3.8/site-packages/nonebot_plugin_fortune/resource/' onmyoji_flag=True read_qq_groups=[277620613, 937760225, 958866763] debug='True' statistical_black_model=['nonebot_plugin_repeater'] qweather_apitype=0 vtuber_flag=True touhou_flag=True einstein_flag=True sweet_illusion_flag=True caiyunai_apikey='62142754f02461188d58b88f' sakura_flag=True server_status_only_superusers='False' hoshizora_flag=True punishing_flag=True pretty_derby_flag=True liqingge_flag=True eating_limit=5 touhou_old_flag=False genshin_flag=True dir='~/Project/Kori-Bot/Kori-Bot' morning_path='/usr/local/python3/lib/python3.8/site-packages/nonebot_plugin_morning/resource/' pcr_flag=True server_status_per_cpu='True' read_inform_time=[{'HOUR': 7, 'MINUTE': 30}] qweather_apikey='ae2434efa50048cdb5e92ecb9a1c6b14' arknights_flag=True proxies_http='http://127.0.0.1:20171'
[36mATRI[0m | 03-03 20:35:50 | INFO src >> plugin_config:plugin_setting='default' driver='~fastapi' dc4_flag=False repeater_minlen=1 what2eat_path='./src/plugins/nonebot_plugin_what2eat-2/resource/' statistical_path='data/statistical/' groups_id=[] statistical_black_priority=[] command_start={'!', '/', 'ï¼'} setu_cd=180 granblue_fantasy_flag=True log_level='INFO' azure_flag=True read_qq_friends=[0, 0] arknights_flag=True session_expire_timeout=datetime.timedelta(seconds=120) environment='prod' fortune_path='/usr/local/python3/lib/python3.8/site-packages/nonebot_plugin_fortune/resource/' onmyoji_flag=True read_qq_groups=[277620613, 937760225, 958866763] debug='True' statistical_black_model=['nonebot_plugin_repeater'] qweather_apitype=0 vtuber_flag=True command_sep={' ', '.'} touhou_flag=True einstein_flag=True sweet_illusion_flag=True caiyunai_apikey='62142754f02461188d58b88f' sakura_flag=True server_status_only_superusers='False' hoshizora_flag=True punishing_flag=True pretty_derby_flag=True liqingge_flag=True eating_limit=5 touhou_old_flag=False port=9165 genshin_flag=True dir='~/Project/Kori-Bot/Kori-Bot' host=IPv4Address('127.0.0.1') nickname={'bot', 'Kori Bot', 'Kori'} superusers={'2560359315'} morning_path='/usr/local/python3/lib/python3.8/site-packages/nonebot_plugin_morning/resource/' pcr_flag=True api_timeout=30.0 server_status_per_cpu='True' read_inform_time=[{'HOUR': 7, 'MINUTE': 30}] qweather_apikey='ae2434efa50048cdb5e92ecb9a1c6b14' asoul_flag=True proxies_http='http://127.0.0.1:20171'
[36mATRI[0m | 03-03 20:35:50 | INFO src >> id:0,time:{'HOUR': 7, 'MINUTE': 30}
[36mATRI[0m | 03-03 20:35:50 | INFO apscheduler >> Adding job tentatively -- it will be properly scheduled when the scheduler starts
[36mATRI[0m | 03-03 20:35:50 | SUCCESS plugin.manager >> Succeeded to import "memes_from_feiyucans_space"
[36mATRI[0m | 03-03 20:35:50 | SUCCESS plugin.manager >> Succeeded to import "nonebot_plugin_songpicker2"
[36mATRI[0m | 03-03 20:35:50 | INFO apscheduler >> Adding job tentatively -- it will be properly scheduled when the scheduler starts
[36mATRI[0m | 03-03 20:35:50 | INFO apscheduler >> Adding job tentatively -- it will be properly scheduled when the scheduler starts
[36mATRI[0m | 03-03 20:35:50 | INFO apscheduler >> Adding job tentatively -- it will be properly scheduled when the scheduler starts
[36mATRI[0m | 03-03 20:35:50 | INFO apscheduler >> Adding job tentatively -- it will be properly scheduled when the scheduler starts
[36mATRI[0m | 03-03 20:35:50 | INFO apscheduler >> Adding job tentatively -- it will be properly scheduled when the scheduler starts
[36mATRI[0m | 03-03 20:35:50 | INFO apscheduler >> Adding job tentatively -- it will be properly scheduled when the scheduler starts
[36mATRI[0m | 03-03 20:35:50 | SUCCESS plugin.manager >> Succeeded to import "nonebot_plugin_what2eat-2"
[36mATRI[0m | 03-03 20:35:50 | SUCCESS plugin.manager >> Succeeded to import "nonebot_plugin_caiyunai"
[36mATRI[0m | 03-03 20:35:50 | SUCCESS plugin.manager >> Succeeded to import "text2pic"
[36mATRI[0m | 03-03 20:35:50 | SUCCESS plugin.manager >> Succeeded to import "nonebot_plugin_chatrecorder"
[36mATRI[0m | 03-03 20:35:50 | INFO src >> å·²é…ç½®httpä»£ç†
[36mATRI[0m | 03-03 20:35:50 | SUCCESS plugin.manager >> Succeeded to import "nonebot_plugin_setu-2"
[36mATRI[0m | 03-03 20:35:50 | SUCCESS nonebot >> Running NoneBot...
[36mATRI[0m | 03-03 20:35:50 | INFO uvicorn >> Started server process [11022]
[36mATRI[0m | 03-03 20:35:50 | INFO uvicorn >> Waiting for application startup.
[36mATRI[0m | 03-03 20:35:50 | INFO apscheduler >> Added job "_" to job store "default"
[36mATRI[0m | 03-03 20:35:50 | INFO apscheduler >> Added job "weeklyEpic" to job store "default"
[36mATRI[0m | 03-03 20:35:50 | INFO apscheduler >> Added job "_" to job store "default"
[36mATRI[0m | 03-03 20:35:50 | INFO apscheduler >> Added job "read60s" to job store "default"
[36mATRI[0m | 03-03 20:35:50 | INFO apscheduler >> Added job "_" to job store "default"
[36mATRI[0m | 03-03 20:35:50 | INFO apscheduler >> Added job "whitenight" to job store "default"
[36mATRI[0m | 03-03 20:35:50 | INFO apscheduler >> Added job "memesfeiyu" to job store "default"
[36mATRI[0m | 03-03 20:35:50 | INFO apscheduler >> Added job "_" to job store "default"
[36mATRI[0m | 03-03 20:35:50 | INFO apscheduler >> Added job "time_for_breakfast" to job store "default"
[36mATRI[0m | 03-03 20:35:50 | INFO apscheduler >> Added job "time_for_lunch" to job store "default"
[36mATRI[0m | 03-03 20:35:50 | INFO apscheduler >> Added job "time_for_snack" to job store "default"
[36mATRI[0m | 03-03 20:35:50 | INFO apscheduler >> Added job "time_for_dinner" to job store "default"
[36mATRI[0m | 03-03 20:35:50 | INFO apscheduler >> Added job "time_for_midnight" to job store "default"
[36mATRI[0m | 03-03 20:35:50 | INFO apscheduler >> Scheduler started
[36mATRI[0m | 03-03 20:35:50 | INFO src >> Scheduler Started
[36mATRI[0m | 03-03 20:35:51 | INFO nonebot_plugin_htmlrender >> Browser Started.
[36mATRI[0m | 03-03 20:35:51 | INFO src >> æ•°æ®åº“åˆå§‹åŒ–å®Œæˆ
[36mATRI[0m | 03-03 20:35:51 | INFO apscheduler >> Added job "é—²èŠè¯åº“æ£€æŸ¥æ›´æ–°" to job store "default"
[36mATRI[0m | 03-03 20:35:51 | INFO apscheduler >> Scheduler started
[36mATRI[0m | 03-03 20:35:51 | INFO ATRI >> Scheduler Started.
[36mATRI[0m | 03-03 20:35:51 | INFO nonebot_plugin_datastore >> æ•°æ®åº“åˆå§‹åŒ–å®Œæˆ
[36mATRI[0m | 03-03 20:35:52 | INFO src >> Browser Started.
[36mATRI[0m | 03-03 20:35:52 | INFO uvicorn >> Application startup complete.
[36mATRI[0m | 03-03 20:35:52 | INFO uvicorn >> Uvicorn running on http://127.0.0.1:9165 (Press CTRL+C to quit)
[36mATRI[0m | 03-03 20:35:54 | INFO uvicorn >> ('127.0.0.1', 48142) - "WebSocket /onebot/v11/ws/" [accepted]
[36mATRI[0m | 03-03 20:35:54 | INFO nonebot >> OneBot V11 | Bot 507346814 connected
[36mATRI[0m | 03-03 20:35:54 | INFO websockets >> connection open
[36mATRI[0m | 03-03 20:36:00 | INFO apscheduler >> Running job "memesfeiyu (trigger: cron[hour='20', minute='36'], next run at: 2022-03-04 20:36:00 CST)" (scheduled at 2022-03-03 20:36:00+08:00)
[36mATRI[0m | 03-03 20:36:00 | ERROR apscheduler >> Job "memesfeiyu (trigger: cron[hour='20', minute='36'], next run at: 2022-03-04 20:36:00 CST)" raised an exception
Traceback (most recent call last):

  File "/usr/bin/nb", line 8, in <module>
    sys.exit(main())
    â”‚   â”‚    â”” <ClickAliasedGroup main>
    â”‚   â”” <built-in function exit>
    â”” <module 'sys' (built-in)>
  File "/usr/local/python3/lib/python3.8/site-packages/click/core.py", line 1128, in __call__
    return self.main(*args, **kwargs)
           â”‚    â”‚     â”‚       â”” {}
           â”‚    â”‚     â”” ()
           â”‚    â”” <function BaseCommand.main at 0x7f7966be8040>
           â”” <ClickAliasedGroup main>
  File "/usr/local/python3/lib/python3.8/site-packages/click/core.py", line 1053, in main
    rv = self.invoke(ctx)
         â”‚    â”‚      â”” <click.core.Context object at 0x7f796ed5c130>
         â”‚    â”” <function MultiCommand.invoke at 0x7f7966bec0d0>
         â”” <ClickAliasedGroup main>
  File "/usr/local/python3/lib/python3.8/site-packages/click/core.py", line 1659, in invoke
    return _process_result(sub_ctx.command.invoke(sub_ctx))
           â”‚               â”‚       â”‚       â”‚      â”” <click.core.Context object at 0x7f796ed61ca0>
           â”‚               â”‚       â”‚       â”” <function Command.invoke at 0x7f7966be8af0>
           â”‚               â”‚       â”” <ClickAliasedCommand run>
           â”‚               â”” <click.core.Context object at 0x7f796ed61ca0>
           â”” <function MultiCommand.invoke.<locals>._process_result at 0x7f7967435a60>
  File "/usr/local/python3/lib/python3.8/site-packages/click/core.py", line 1395, in invoke
    return ctx.invoke(self.callback, **ctx.params)
           â”‚   â”‚      â”‚    â”‚           â”‚   â”” {'file': 'bot.py', 'app': 'app'}
           â”‚   â”‚      â”‚    â”‚           â”” <click.core.Context object at 0x7f796ed61ca0>
           â”‚   â”‚      â”‚    â”” <function run at 0x7f795dc345e0>
           â”‚   â”‚      â”” <ClickAliasedCommand run>
           â”‚   â”” <function Context.invoke at 0x7f7966e648b0>
           â”” <click.core.Context object at 0x7f796ed61ca0>
  File "/usr/local/python3/lib/python3.8/site-packages/click/core.py", line 754, in invoke
    return __callback(*args, **kwargs)
                       â”‚       â”” {'file': 'bot.py', 'app': 'app'}
                       â”” ()
  File "/usr/local/python3/lib/python3.8/site-packages/nb_cli/commands/main.py", line 30, in run
    run_bot(file, app)
    â”‚       â”‚     â”” 'app'
    â”‚       â”” 'bot.py'
    â”” <function run_bot at 0x7f795dc243a0>
  File "/usr/local/python3/lib/python3.8/site-packages/nb_cli/handlers/deploy.py", line 24, in run_bot
    nonebot.run(app=f"{module_name}:{app}")
    â”‚       â”” <function run at 0x7f795fd2d550>
    â”” <module 'nonebot' from '/usr/local/python3/lib/python3.8/site-packages/nonebot/__init__.py'>
  File "/usr/local/python3/lib/python3.8/site-packages/nonebot/__init__.py", line 258, in run
    get_driver().run(*args, **kwargs)
    â”‚                 â”‚       â”” {'app': 'bot:app'}
    â”‚                 â”” ()
    â”” <function get_driver at 0x7f795fd2d0d0>
  File "/usr/local/python3/lib/python3.8/site-packages/nonebot/drivers/fastapi.py", line 168, in run
    uvicorn.run(
    â”‚       â”” <function run at 0x7f795da30280>
    â”” <module 'uvicorn' from '/usr/local/python3/lib/python3.8/site-packages/uvicorn/__init__.py'>
  File "/usr/local/python3/lib/python3.8/site-packages/uvicorn/main.py", line 463, in run
    server.run()
    â”‚      â”” <function Server.run at 0x7f795da30670>
    â”” <uvicorn.server.Server object at 0x7f7940966c70>
  File "/usr/local/python3/lib/python3.8/site-packages/uvicorn/server.py", line 60, in run
    return asyncio.run(self.serve(sockets=sockets))
           â”‚       â”‚   â”‚    â”‚             â”” None
           â”‚       â”‚   â”‚    â”” <function Server.serve at 0x7f795da30700>
           â”‚       â”‚   â”” <uvicorn.server.Server object at 0x7f7940966c70>
           â”‚       â”” <function run at 0x7f796347a0d0>
           â”” <module 'asyncio' from '/usr/local/python3/lib/python3.8/asyncio/__init__.py'>
  File "/usr/local/python3/lib/python3.8/asyncio/runners.py", line 43, in run
    return loop.run_until_complete(main)
           â”‚    â”‚                  â”” <coroutine object Server.serve at 0x7f79408fba40>
           â”‚    â”” <method 'run_until_complete' of 'uvloop.loop.Loop' objects>
           â”” <uvloop.Loop running=True closed=False debug=False>
> File "/usr/local/python3/lib/python3.8/site-packages/apscheduler/executors/base_py3.py", line 30, in run_coroutine_job
    retval = await job.func(*job.args, **job.kwargs)
                   â”‚   â”‚     â”‚   â”‚       â”‚   â”” <member 'kwargs' of 'Job' objects>
                   â”‚   â”‚     â”‚   â”‚       â”” <Job (id=12745 name=memesfeiyu)>
                   â”‚   â”‚     â”‚   â”” <member 'args' of 'Job' objects>
                   â”‚   â”‚     â”” <Job (id=12745 name=memesfeiyu)>
                   â”‚   â”” <member 'func' of 'Job' objects>
                   â”” <Job (id=12745 name=memesfeiyu)>

  File "./src/plugins/memes_from_feiyucans_space/__init__.py", line 24, in memesfeiyu
    msg = await suijitu()
                â”” <function suijitu at 0x7f79409feca0>

  File "./src/plugins/memes_from_feiyucans_space/__init__.py", line 38, in suijitu
    now_timeArray = time.strptime(now_time, "%Y-%m-%d %H:%M:%S")
                    â”‚             â”” '2022-03-03 0:00:00'
                    â”” {'HOUR': 7, 'MINUTE': 30}

AttributeError: 'dict' object has no attribute 'strptime'
[36mATRI[0m | 03-03 21:01:12 | SUCCESS nonebot >> ONEBOT V11 507346814 | [message.group.normal]: Message 294920291 from 871389797@[ç¾¤:895076651] "[CQ:image,file=f6a914d7dd860ac5ff6f577717893bd9.image,url=https://gchat.qpic.cn/gchatpic_new/871389797/895076651-3202739999-F6A914D7DD860AC5FF6F577717893BD9/0?term=3,subType=1]"
[36mATRI[0m | 03-03 21:01:12 | INFO nonebot >> Event will be handled by <Matcher from src.plugins.nonebot_plugin_repeater, type=message, priority=10, temp=False>
[36mATRI[0m | 03-03 21:01:12 | INFO nonebot >> Matcher <Matcher from src.plugins.nonebot_plugin_repeater, type=message, priority=10, temp=False> running complete
[36mATRI[0m | 03-03 21:08:18 | INFO uvicorn >> Shutting down
[36mATRI[0m | 03-03 21:08:18 | WARNING nonebot >> OneBot V11 | WebSocket for Bot 507346814 closed by peer
[36mATRI[0m | 03-03 21:08:18 | INFO websockets >> connection closed
[36mATRI[0m | 03-03 21:08:18 | INFO uvicorn >> Waiting for application shutdown.
[36mATRI[0m | 03-03 21:08:18 | INFO nonebot_plugin_htmlrender >> Browser Stoped.
[36mATRI[0m | 03-03 21:08:18 | INFO src >> Browser Stoped.
[36mATRI[0m | 03-03 21:08:18 | INFO uvicorn >> Application shutdown complete.
[36mATRI[0m | 03-03 21:08:18 | INFO uvicorn >> Finished server process [11022]
