[36mATRI[0m | 03-13 08:34:28 | INFO apscheduler >> Adding job tentatively -- it will be properly scheduled when the scheduler starts
[36mATRI[0m | 03-13 08:34:28 | SUCCESS plugin.manager >> Succeeded to import "atri_setu"
[36mATRI[0m | 03-13 08:34:28 | INFO src >> global_config:driver='~fastapi' host=IPv4Address('127.0.0.1') port=9167 log_level='INFO' api_timeout=30.0 superusers={'2560359315'} nickname={'Kori', 'Kori Bot', 'bot'} command_start={'ï¼', '!', '/'} command_sep={' ', '.'} session_expire_timeout=datetime.timedelta(seconds=120) max_bet_fold=10000 what2eat_path='./src/plugins/nonebot_plugin_what2eat-2/resource/' groups_id=[] morning_path='/usr/local/python3/lib/python3.8/site-packages/nonebot_plugin_morning/resource/' qweather_apitype=0 sakura_flag=True environment='prod' setu_cd=180 debug='True' statistical_black_priority=[] eating_limit=5 repeater_minlen=1 server_status_only_superusers='False' touhou_flag=True fortune_path='/usr/local/python3/lib/python3.8/site-packages/nonebot_plugin_fortune/resource/' read_qq_groups=[277620613, 937760225, 958866763] vtuber_flag=True punishing_flag=True read_qq_friends=[0, 0] arknights_flag=True onmyoji_flag=True liqingge_flag=True http_port=5702 dc4_flag=False qweather_apikey='ae2434efa50048cdb5e92ecb9a1c6b14' server_status_per_cpu='True' statistical_path='data/statistical/' asoul_flag=True caiyunai_apikey='62142754f02461188d58b88f' pcr_flag=True pretty_derby_flag=True einstein_flag=True proxies_http='http://127.0.0.1:20171' azure_flag=True granblue_fantasy_flag=True hoshizora_flag=True statistical_black_model=['nonebot_plugin_repeater'] genshin_flag=True sweet_illusion_flag=True read_inform_time=[{'HOUR': 7, 'MINUTE': 30}] touhou_old_flag=False dir='~/Project/Kori-Bot/Kori-Bot'
[36mATRI[0m | 03-13 08:34:28 | INFO src >> plugin_config:plugin_setting='default' driver='~fastapi' api_timeout=30.0 max_bet_fold=10000 what2eat_path='./src/plugins/nonebot_plugin_what2eat-2/resource/' groups_id=[] morning_path='/usr/local/python3/lib/python3.8/site-packages/nonebot_plugin_morning/resource/' qweather_apitype=0 sakura_flag=True environment='prod' setu_cd=180 debug='True' command_sep={' ', '.'} statistical_black_priority=[] eating_limit=5 repeater_minlen=1 server_status_only_superusers='False' touhou_flag=True fortune_path='/usr/local/python3/lib/python3.8/site-packages/nonebot_plugin_fortune/resource/' read_qq_groups=[277620613, 937760225, 958866763] vtuber_flag=True punishing_flag=True command_start={'ï¼', '!', '/'} read_qq_friends=[0, 0] arknights_flag=True onmyoji_flag=True liqingge_flag=True http_port=5702 dc4_flag=False superusers={'2560359315'} session_expire_timeout=datetime.timedelta(seconds=120) port=9167 qweather_apikey='ae2434efa50048cdb5e92ecb9a1c6b14' server_status_per_cpu='True' statistical_path='data/statistical/' asoul_flag=True log_level='INFO' nickname={'Kori', 'Kori Bot', 'bot'} caiyunai_apikey='62142754f02461188d58b88f' pcr_flag=True pretty_derby_flag=True einstein_flag=True proxies_http='http://127.0.0.1:20171' azure_flag=True granblue_fantasy_flag=True hoshizora_flag=True statistical_black_model=['nonebot_plugin_repeater'] host=IPv4Address('127.0.0.1') genshin_flag=True sweet_illusion_flag=True read_inform_time=[{'HOUR': 7, 'MINUTE': 30}] touhou_old_flag=False dir='~/Project/Kori-Bot/Kori-Bot'
[36mATRI[0m | 03-13 08:34:28 | INFO src >> id:0,time:{'HOUR': 7, 'MINUTE': 30}
[36mATRI[0m | 03-13 08:34:28 | INFO apscheduler >> Adding job tentatively -- it will be properly scheduled when the scheduler starts
[36mATRI[0m | 03-13 08:34:28 | SUCCESS plugin.manager >> Succeeded to import "whitenight_from_feiyucans_space"
[36mATRI[0m | 03-13 08:34:28 | INFO src >> global_config:driver='~fastapi' host=IPv4Address('127.0.0.1') port=9167 log_level='INFO' api_timeout=30.0 superusers={'2560359315'} nickname={'Kori', 'Kori Bot', 'bot'} command_start={'ï¼', '!', '/'} command_sep={' ', '.'} session_expire_timeout=datetime.timedelta(seconds=120) max_bet_fold=10000 what2eat_path='./src/plugins/nonebot_plugin_what2eat-2/resource/' groups_id=[] morning_path='/usr/local/python3/lib/python3.8/site-packages/nonebot_plugin_morning/resource/' qweather_apitype=0 sakura_flag=True environment='prod' setu_cd=180 debug='True' statistical_black_priority=[] eating_limit=5 repeater_minlen=1 server_status_only_superusers='False' touhou_flag=True fortune_path='/usr/local/python3/lib/python3.8/site-packages/nonebot_plugin_fortune/resource/' read_qq_groups=[277620613, 937760225, 958866763] vtuber_flag=True punishing_flag=True read_qq_friends=[0, 0] arknights_flag=True onmyoji_flag=True liqingge_flag=True http_port=5702 dc4_flag=False qweather_apikey='ae2434efa50048cdb5e92ecb9a1c6b14' server_status_per_cpu='True' statistical_path='data/statistical/' asoul_flag=True caiyunai_apikey='62142754f02461188d58b88f' pcr_flag=True pretty_derby_flag=True einstein_flag=True proxies_http='http://127.0.0.1:20171' azure_flag=True granblue_fantasy_flag=True hoshizora_flag=True statistical_black_model=['nonebot_plugin_repeater'] genshin_flag=True sweet_illusion_flag=True read_inform_time=[{'HOUR': 7, 'MINUTE': 30}] touhou_old_flag=False dir='~/Project/Kori-Bot/Kori-Bot'
[36mATRI[0m | 03-13 08:34:28 | INFO src >> plugin_config:plugin_setting='default' driver='~fastapi' api_timeout=30.0 max_bet_fold=10000 what2eat_path='./src/plugins/nonebot_plugin_what2eat-2/resource/' groups_id=[] morning_path='/usr/local/python3/lib/python3.8/site-packages/nonebot_plugin_morning/resource/' qweather_apitype=0 sakura_flag=True environment='prod' setu_cd=180 debug='True' command_sep={' ', '.'} statistical_black_priority=[] eating_limit=5 repeater_minlen=1 server_status_only_superusers='False' touhou_flag=True fortune_path='/usr/local/python3/lib/python3.8/site-packages/nonebot_plugin_fortune/resource/' read_qq_groups=[277620613, 937760225, 958866763] vtuber_flag=True punishing_flag=True command_start={'ï¼', '!', '/'} read_qq_friends=[0, 0] arknights_flag=True onmyoji_flag=True liqingge_flag=True http_port=5702 dc4_flag=False superusers={'2560359315'} session_expire_timeout=datetime.timedelta(seconds=120) port=9167 qweather_apikey='ae2434efa50048cdb5e92ecb9a1c6b14' server_status_per_cpu='True' statistical_path='data/statistical/' asoul_flag=True log_level='INFO' nickname={'Kori', 'Kori Bot', 'bot'} caiyunai_apikey='62142754f02461188d58b88f' pcr_flag=True pretty_derby_flag=True einstein_flag=True proxies_http='http://127.0.0.1:20171' azure_flag=True granblue_fantasy_flag=True hoshizora_flag=True statistical_black_model=['nonebot_plugin_repeater'] host=IPv4Address('127.0.0.1') genshin_flag=True sweet_illusion_flag=True read_inform_time=[{'HOUR': 7, 'MINUTE': 30}] touhou_old_flag=False dir='~/Project/Kori-Bot/Kori-Bot'
[36mATRI[0m | 03-13 08:34:28 | INFO src >> id:0,time:{'HOUR': 7, 'MINUTE': 30}
[36mATRI[0m | 03-13 08:34:28 | INFO apscheduler >> Adding job tentatively -- it will be properly scheduled when the scheduler starts
[36mATRI[0m | 03-13 08:34:28 | SUCCESS plugin.manager >> Succeeded to import "nonebot_plugin_read_60s"
[36mATRI[0m | 03-13 08:34:31 | WARNING nonebot >> Duplicated prefix rule "ï¼lottery"
[36mATRI[0m | 03-13 08:34:31 | WARNING nonebot >> Duplicated prefix rule "!lottery"
[36mATRI[0m | 03-13 08:34:31 | WARNING nonebot >> Duplicated prefix rule "/lottery"
[36mATRI[0m | 03-13 08:34:31 | INFO apscheduler >> Adding job tentatively -- it will be properly scheduled when the scheduler starts
[36mATRI[0m | 03-13 08:34:31 | INFO apscheduler >> Adding job tentatively -- it will be properly scheduled when the scheduler starts
[36mATRI[0m | 03-13 08:34:31 | INFO apscheduler >> Adding job tentatively -- it will be properly scheduled when the scheduler starts
[36mATRI[0m | 03-13 08:34:31 | SUCCESS plugin.manager >> Succeeded to import "nonebot_plugin_russian"
[36mATRI[0m | 03-13 08:34:31 | SUCCESS plugin.manager >> Succeeded to import "nonebot_plugin_htmlrender"
[36mATRI[0m | 03-13 08:34:32 | SUCCESS plugin.manager >> Succeeded to import "saying"
[36mATRI[0m | 03-13 08:34:32 | SUCCESS plugin.manager >> Succeeded to import "nonebot_plugin_songpicker2"
[36mATRI[0m | 03-13 08:34:32 | SUCCESS plugin.manager >> Succeeded to import "ping"
[36mATRI[0m | 03-13 08:34:33 | SUCCESS plugin.manager >> Succeeded to import "wolfram"
[36mATRI[0m | 03-13 08:34:34 | INFO apscheduler >> Adding job tentatively -- it will be properly scheduled when the scheduler starts
[36mATRI[0m | 03-13 08:34:34 | SUCCESS plugin.manager >> Succeeded to import "nonebot_plugin_morning"
[36mATRI[0m | 03-13 08:34:36 | INFO apscheduler >> Adding job tentatively -- it will be properly scheduled when the scheduler starts
[36mATRI[0m | 03-13 08:34:36 | SUCCESS plugin.manager >> Succeeded to import "nonebot_plugin_fortune"
[36mATRI[0m | 03-13 08:34:36 | SUCCESS plugin.manager >> Succeeded to import "help"
[36mATRI[0m | 03-13 08:34:36 | SUCCESS plugin.manager >> Succeeded to import "ATRI"
[36mATRI[0m | 03-13 08:34:36 | SUCCESS plugin.manager >> Succeeded to import "nonebot_plugin_localstore"
[36mATRI[0m | 03-13 08:34:36 | SUCCESS plugin.manager >> Succeeded to import "nonebot_plugin_chatrecorder"
[36mATRI[0m | 03-13 08:34:36 | SUCCESS plugin.manager >> Succeeded to import "nonebot_plugin_localstore"
[36mATRI[0m | 03-13 08:34:36 | ERROR plugin.manager >> Failed to import "nonebot_plugin_statistical"
Traceback (most recent call last):

  File "/usr/bin/nb", line 8, in <module>
    sys.exit(main())
    â”‚   â”‚    â”” <ClickAliasedGroup main>
    â”‚   â”” <built-in function exit>
    â”” <module 'sys' (built-in)>
  File "/usr/local/python3/lib/python3.8/site-packages/click/core.py", line 1128, in __call__
    return self.main(*args, **kwargs)
           â”‚    â”‚     â”‚       â”” {}
           â”‚    â”‚     â”” ()
           â”‚    â”” <function BaseCommand.main at 0x7effc880b040>
           â”” <ClickAliasedGroup main>
  File "/usr/local/python3/lib/python3.8/site-packages/click/core.py", line 1053, in main
    rv = self.invoke(ctx)
         â”‚    â”‚      â”” <click.core.Context object at 0x7effc90914f0>
         â”‚    â”” <function MultiCommand.invoke at 0x7effc880f0d0>
         â”” <ClickAliasedGroup main>
  File "/usr/local/python3/lib/python3.8/site-packages/click/core.py", line 1659, in invoke
    return _process_result(sub_ctx.command.invoke(sub_ctx))
           â”‚               â”‚       â”‚       â”‚      â”” <click.core.Context object at 0x7effd097e370>
           â”‚               â”‚       â”‚       â”” <function Command.invoke at 0x7effc880baf0>
           â”‚               â”‚       â”” <ClickAliasedCommand run>
           â”‚               â”” <click.core.Context object at 0x7effd097e370>
           â”” <function MultiCommand.invoke.<locals>._process_result at 0x7effbf736a60>
  File "/usr/local/python3/lib/python3.8/site-packages/click/core.py", line 1395, in invoke
    return ctx.invoke(self.callback, **ctx.params)
           â”‚   â”‚      â”‚    â”‚           â”‚   â”” {'file': 'bot.py', 'app': 'app'}
           â”‚   â”‚      â”‚    â”‚           â”” <click.core.Context object at 0x7effd097e370>
           â”‚   â”‚      â”‚    â”” <function run at 0x7effbf861940>
           â”‚   â”‚      â”” <ClickAliasedCommand run>
           â”‚   â”” <function Context.invoke at 0x7effc88078b0>
           â”” <click.core.Context object at 0x7effd097e370>
  File "/usr/local/python3/lib/python3.8/site-packages/click/core.py", line 754, in invoke
    return __callback(*args, **kwargs)
                       â”‚       â”” {'file': 'bot.py', 'app': 'app'}
                       â”” ()
  File "/usr/local/python3/lib/python3.8/site-packages/nb_cli/commands/main.py", line 30, in run
    run_bot(file, app)
    â”‚       â”‚     â”” 'app'
    â”‚       â”” 'bot.py'
    â”” <function run_bot at 0x7effbf852700>
  File "/usr/local/python3/lib/python3.8/site-packages/nb_cli/handlers/deploy.py", line 19, in run_bot
    module = importlib.import_module(module_name)
             â”‚         â”‚             â”” 'bot'
             â”‚         â”” <function import_module at 0x7effd09bf940>
             â”” <module 'importlib' from '/usr/local/python3/lib/python3.8/importlib/__init__.py'>
  File "/usr/local/python3/lib/python3.8/importlib/__init__.py", line 127, in import_module
    return _bootstrap._gcd_import(name[level:], package, level)
           â”‚          â”‚           â”‚    â”‚        â”‚        â”” 0
           â”‚          â”‚           â”‚    â”‚        â”” None
           â”‚          â”‚           â”‚    â”” 0
           â”‚          â”‚           â”” 'bot'
           â”‚          â”” <function _gcd_import at 0x7effd0aed430>
           â”” <module 'importlib._bootstrap' (frozen)>
  File "<frozen importlib._bootstrap>", line 1014, in _gcd_import
  File "<frozen importlib._bootstrap>", line 991, in _find_and_load
  File "<frozen importlib._bootstrap>", line 975, in _find_and_load_unlocked
  File "<frozen importlib._bootstrap>", line 671, in _load_unlocked
  File "<frozen importlib._bootstrap_external>", line 783, in exec_module
  File "<frozen importlib._bootstrap>", line 219, in _call_with_frames_removed

  File "./bot.py", line 29, in <module>
    nonebot.load_plugins("src/plugins")
    â”‚       â”” <function load_plugins at 0x7effc66cf820>
    â”” <module 'nonebot' from '/usr/local/python3/lib/python3.8/site-packages/nonebot/__init__.py'>

  File "/usr/local/python3/lib/python3.8/site-packages/nonebot/plugin/load.py", line 39, in load_plugins
    return manager.load_all_plugins()
           â”‚       â”” <function PluginManager.load_all_plugins at 0x7effc66c83a0>
           â”” <nonebot.plugin.manager.PluginManager object at 0x7effbf0467f0>
  File "/usr/local/python3/lib/python3.8/site-packages/nonebot/plugin/manager.py", line 128, in load_all_plugins
    return set(
  File "/usr/local/python3/lib/python3.8/site-packages/nonebot/plugin/manager.py", line 129, in <genexpr>
    filter(None, (self.load_plugin(name) for name in self.list_plugins()))
                  â”‚    â”‚           â”‚         â”‚       â”‚    â”” <function PluginManager.list_plugins at 0x7effc66c8280>
                  â”‚    â”‚           â”‚         â”‚       â”” <nonebot.plugin.manager.PluginManager object at 0x7effbf0467f0>
                  â”‚    â”‚           â”‚         â”” 'nonebot_plugin_statistical'
                  â”‚    â”‚           â”” 'nonebot_plugin_statistical'
                  â”‚    â”” <function PluginManager.load_plugin at 0x7effc66c8310>
                  â”” <nonebot.plugin.manager.PluginManager object at 0x7effbf0467f0>
> File "/usr/local/python3/lib/python3.8/site-packages/nonebot/plugin/manager.py", line 106, in load_plugin
    module = importlib.import_module(
             â”‚         â”” <function import_module at 0x7effd09bf940>
             â”” <module 'importlib' from '/usr/local/python3/lib/python3.8/importlib/__init__.py'>
  File "/usr/local/python3/lib/python3.8/importlib/__init__.py", line 127, in import_module
    return _bootstrap._gcd_import(name[level:], package, level)
           â”‚          â”‚           â”‚    â”‚        â”‚        â”” 0
           â”‚          â”‚           â”‚    â”‚        â”” None
           â”‚          â”‚           â”‚    â”” 0
           â”‚          â”‚           â”” 'src.plugins.nonebot_plugin_statistical'
           â”‚          â”” <function _gcd_import at 0x7effd0aed430>
           â”” <module 'importlib._bootstrap' (frozen)>
  File "<frozen importlib._bootstrap>", line 1014, in _gcd_import
  File "<frozen importlib._bootstrap>", line 991, in _find_and_load
  File "<frozen importlib._bootstrap>", line 975, in _find_and_load_unlocked
  File "<frozen importlib._bootstrap>", line 671, in _load_unlocked
  File "/usr/local/python3/lib/python3.8/site-packages/nonebot/plugin/manager.py", line 194, in exec_module
    super().exec_module(module)
                        â”” <module 'src.plugins.nonebot_plugin_statistical' from './src/plugins/nonebot_plugin_statistical/__init__.py'>
  File "<frozen importlib._bootstrap_external>", line 783, in exec_module
  File "<frozen importlib._bootstrap>", line 219, in _call_with_frames_removed

  File "./src/plugins/nonebot_plugin_statistical/__init__.py", line 1, in <module>
    from .statistical_hook import *

  File "./src/plugins/nonebot_plugin_statistical/statistical_hook.py", line 7, in <module>
    from .config import save_data, get_prefix_group_count_dict, get_prefix_user_count_dict, \

  File "./src/plugins/nonebot_plugin_statistical/config.py", line 149, in <module>
    plugin2cmd: dict = json.load(f)
                       â”‚    â”‚    â”” <_io.TextIOWrapper name='/root/Projects/Kori-Bot/Kori-bot/data/statistical/plugin2cmd.json' mode='r' encoding='utf8'>
                       â”‚    â”” <built-in function load>
                       â”” <module 'ujson' from '/usr/local/python3/lib/python3.8/site-packages/ujson.cpython-38-x86_64-linux-gnu.so'>

ValueError: Expected object or value
[36mATRI[0m | 03-13 08:34:40 | SUCCESS plugin.manager >> Succeeded to import "nonebot_plugin_petpet"
[36mATRI[0m | 03-13 08:34:40 | SUCCESS plugin.manager >> Succeeded to import "nonebot_plugin_caiyunai"
[36mATRI[0m | 03-13 08:34:40 | SUCCESS plugin.manager >> Succeeded to import "nonebot_plugin_heweather"
[36mATRI[0m | 03-13 08:34:40 | INFO apscheduler >> Adding job tentatively -- it will be properly scheduled when the scheduler starts
[36mATRI[0m | 03-13 08:34:40 | SUCCESS plugin.manager >> Succeeded to import "atri_plugin_status"
[36mATRI[0m | 03-13 08:34:40 | SUCCESS plugin.manager >> Succeeded to import "nonebot_plugin_code"
[36mATRI[0m | 03-13 08:34:41 | INFO apscheduler >> Adding job tentatively -- it will be properly scheduled when the scheduler starts
[36mATRI[0m | 03-13 08:34:41 | SUCCESS plugin.manager >> Succeeded to import "chat"
[36mATRI[0m | 03-13 08:34:41 | SUCCESS plugin.manager >> Succeeded to import "nonebot_plugin_logo"
[36mATRI[0m | 03-13 08:34:43 | INFO apscheduler >> Adding job tentatively -- it will be properly scheduled when the scheduler starts
[36mATRI[0m | 03-13 08:34:43 | INFO apscheduler >> Adding job tentatively -- it will be properly scheduled when the scheduler starts
[36mATRI[0m | 03-13 08:34:43 | INFO apscheduler >> Adding job tentatively -- it will be properly scheduled when the scheduler starts
[36mATRI[0m | 03-13 08:34:43 | INFO apscheduler >> Adding job tentatively -- it will be properly scheduled when the scheduler starts
[36mATRI[0m | 03-13 08:34:43 | INFO apscheduler >> Adding job tentatively -- it will be properly scheduled when the scheduler starts
[36mATRI[0m | 03-13 08:34:43 | INFO apscheduler >> Adding job tentatively -- it will be properly scheduled when the scheduler starts
[36mATRI[0m | 03-13 08:34:43 | SUCCESS plugin.manager >> Succeeded to import "nonebot_plugin_what2eat-2"
[36mATRI[0m | 03-13 08:34:43 | SUCCESS plugin.manager >> Succeeded to import "nonebot_plugin_biliav"
[36mATRI[0m | 03-13 08:34:46 | SUCCESS plugin.manager >> Succeeded to import "nonebot_plugin_memes"
[36mATRI[0m | 03-13 08:34:47 | SUCCESS plugin.manager >> Succeeded to import "text2pic"
[36mATRI[0m | 03-13 08:34:47 | SUCCESS plugin.manager >> Succeeded to import "wife"
[36mATRI[0m | 03-13 08:34:47 | SUCCESS plugin.manager >> Succeeded to import "nonebot_plugin_emojimix"
[36mATRI[0m | 03-13 08:34:47 | SUCCESS plugin.manager >> Succeeded to import "nonebot_plugin_datastore"
[36mATRI[0m | 03-13 08:34:47 | SUCCESS plugin.manager >> Succeeded to import "nonebot_plugin_wordcloud"
[36mATRI[0m | 03-13 08:34:47 | SUCCESS nonebot >> Running NoneBot...
[36mATRI[0m | 03-13 08:34:47 | DEBUG nonebot.internal.driver.driver >> Loaded adapters: OneBot V11
[36mATRI[0m | 03-13 08:34:47 | INFO uvicorn >> Started server process [32230]
[36mATRI[0m | 03-13 08:34:47 | INFO uvicorn >> Waiting for application startup.
[36mATRI[0m | 03-13 08:34:52 | INFO nonebot_plugin_htmlrender >> Browser Started.
[36mATRI[0m | 03-13 08:34:52 | INFO apscheduler >> Added job "_" to job store "default"
[36mATRI[0m | 03-13 08:34:52 | INFO apscheduler >> Added job "memesfeiyu" to job store "default"
[36mATRI[0m | 03-13 08:34:52 | INFO apscheduler >> Added job "weeklyEpic" to job store "default"
[36mATRI[0m | 03-13 08:34:52 | INFO apscheduler >> Added job "whitenight" to job store "default"
[36mATRI[0m | 03-13 08:34:52 | INFO apscheduler >> Added job "read60s" to job store "default"
[36mATRI[0m | 03-13 08:34:52 | INFO apscheduler >> Added job "change_price" to job store "default"
[36mATRI[0m | 03-13 08:34:52 | INFO apscheduler >> Added job "start_stock" to job store "default"
[36mATRI[0m | 03-13 08:34:52 | INFO apscheduler >> Added job "_" to job store "default"
[36mATRI[0m | 03-13 08:34:52 | INFO apscheduler >> Added job "_" to job store "default"
[36mATRI[0m | 03-13 08:34:52 | INFO apscheduler >> Added job "_" to job store "default"
[36mATRI[0m | 03-13 08:34:52 | INFO apscheduler >> Added job "_" to job store "default"
[36mATRI[0m | 03-13 08:34:52 | INFO apscheduler >> Added job "time_for_breakfast" to job store "default"
[36mATRI[0m | 03-13 08:34:52 | INFO apscheduler >> Added job "time_for_lunch" to job store "default"
[36mATRI[0m | 03-13 08:34:52 | INFO apscheduler >> Added job "time_for_snack" to job store "default"
[36mATRI[0m | 03-13 08:34:52 | INFO apscheduler >> Added job "time_for_dinner" to job store "default"
[36mATRI[0m | 03-13 08:34:52 | INFO apscheduler >> Added job "time_for_midnight" to job store "default"
[36mATRI[0m | 03-13 08:34:52 | INFO apscheduler >> Scheduler started
[36mATRI[0m | 03-13 08:34:52 | INFO src >> Scheduler Started
[36mATRI[0m | 03-13 08:34:52 | INFO apscheduler >> Added job "æ¶©æ‰¹è¯±æ•å™¨" to job store "default"
[36mATRI[0m | 03-13 08:34:52 | INFO apscheduler >> Added job "çŠ¶æ€æ£€æŸ¥" to job store "default"
[36mATRI[0m | 03-13 08:34:52 | INFO apscheduler >> Added job "é—²èŠè¯åº“æ£€æŸ¥æ›´æ–°" to job store "default"
[36mATRI[0m | 03-13 08:34:52 | INFO apscheduler >> Scheduler started
[36mATRI[0m | 03-13 08:34:52 | INFO ATRI >> Scheduler Started.
[36mATRI[0m | 03-13 08:34:52 | DEBUG apscheduler.schedulers.base >> Looking for jobs to run
[36mATRI[0m | 03-13 08:34:52 | DEBUG apscheduler.schedulers.base >> Next wakeup is due at 2022-03-13 08:35:00+08:00 (in 7.412386 seconds)
[36mATRI[0m | 03-13 08:34:52 | DEBUG apscheduler.schedulers.base >> Looking for jobs to run
[36mATRI[0m | 03-13 08:34:52 | DEBUG apscheduler.schedulers.base >> Next wakeup is due at 2022-03-13 08:44:40.476016+08:00 (in 587.887192 seconds)
[36mATRI[0m | 03-13 08:35:00 | DEBUG apscheduler.schedulers.base >> Looking for jobs to run
[36mATRI[0m | 03-13 08:35:00 | DEBUG apscheduler.schedulers.base >> Next wakeup is due at 2022-03-13 08:35:30+08:00 (in 29.833596 seconds)
[36mATRI[0m | 03-13 08:35:00 | INFO apscheduler >> Running job "change_price (trigger: cron[hour='8-21', minute='*', second='*/30'], next run at: 2022-03-13 08:35:30 CST)" (scheduled at 2022-03-13 08:35:00+08:00)
[36mATRI[0m | 03-13 08:35:00 | INFO apscheduler >> Job "change_price (trigger: cron[hour='8-21', minute='*', second='*/30'], next run at: 2022-03-13 08:35:30 CST)" executed successfully
[36mATRI[0m | 03-13 08:35:00 | INFO apscheduler >> Running job "_ (trigger: cron[minute='*'], next run at: 2022-03-13 08:36:00 CST)" (scheduled at 2022-03-13 08:35:00+08:00)
[36mATRI[0m | 03-13 08:35:00 | INFO apscheduler >> Job "_ (trigger: cron[minute='*'], next run at: 2022-03-13 08:36:00 CST)" executed successfully
[36mATRI[0m | 03-13 08:35:01 | INFO src >> Browser Started.
[36mATRI[0m | 03-13 08:35:01 | INFO nonebot_plugin_datastore >> æ•°æ®åº“åˆå§‹åŒ–å®Œæˆ
[36mATRI[0m | 03-13 08:35:01 | INFO src >> æ•°æ®åº“åˆå§‹åŒ–å®Œæˆ
[36mATRI[0m | 03-13 08:35:01 | INFO uvicorn >> Application startup complete.
[36mATRI[0m | 03-13 08:35:01 | INFO uvicorn >> Uvicorn running on http://127.0.0.1:9167 (Press CTRL+C to quit)
[36mATRI[0m | 03-13 08:35:30 | DEBUG apscheduler.schedulers.base >> Looking for jobs to run
[36mATRI[0m | 03-13 08:35:30 | DEBUG apscheduler.schedulers.base >> Next wakeup is due at 2022-03-13 08:36:00+08:00 (in 29.785911 seconds)
[36mATRI[0m | 03-13 08:35:30 | INFO apscheduler >> Running job "change_price (trigger: cron[hour='8-21', minute='*', second='*/30'], next run at: 2022-03-13 08:36:00 CST)" (scheduled at 2022-03-13 08:35:30+08:00)
[36mATRI[0m | 03-13 08:35:30 | INFO apscheduler >> Job "change_price (trigger: cron[hour='8-21', minute='*', second='*/30'], next run at: 2022-03-13 08:36:00 CST)" executed successfully
[36mATRI[0m | 03-13 08:36:00 | DEBUG apscheduler.schedulers.base >> Looking for jobs to run
[36mATRI[0m | 03-13 08:36:00 | DEBUG apscheduler.schedulers.base >> Next wakeup is due at 2022-03-13 08:36:30+08:00 (in 29.997170 seconds)
[36mATRI[0m | 03-13 08:36:00 | INFO apscheduler >> Running job "change_price (trigger: cron[hour='8-21', minute='*', second='*/30'], next run at: 2022-03-13 08:36:30 CST)" (scheduled at 2022-03-13 08:36:00+08:00)
[36mATRI[0m | 03-13 08:36:00 | INFO apscheduler >> Job "change_price (trigger: cron[hour='8-21', minute='*', second='*/30'], next run at: 2022-03-13 08:36:30 CST)" executed successfully
[36mATRI[0m | 03-13 08:36:00 | INFO apscheduler >> Running job "_ (trigger: cron[minute='*'], next run at: 2022-03-13 08:37:00 CST)" (scheduled at 2022-03-13 08:36:00+08:00)
[36mATRI[0m | 03-13 08:36:00 | INFO apscheduler >> Job "_ (trigger: cron[minute='*'], next run at: 2022-03-13 08:37:00 CST)" executed successfully
[36mATRI[0m | 03-13 08:36:30 | DEBUG apscheduler.schedulers.base >> Looking for jobs to run
[36mATRI[0m | 03-13 08:36:30 | DEBUG apscheduler.schedulers.base >> Next wakeup is due at 2022-03-13 08:37:00+08:00 (in 29.998647 seconds)
[36mATRI[0m | 03-13 08:36:30 | INFO apscheduler >> Running job "change_price (trigger: cron[hour='8-21', minute='*', second='*/30'], next run at: 2022-03-13 08:37:00 CST)" (scheduled at 2022-03-13 08:36:30+08:00)
[36mATRI[0m | 03-13 08:36:30 | INFO apscheduler >> Job "change_price (trigger: cron[hour='8-21', minute='*', second='*/30'], next run at: 2022-03-13 08:37:00 CST)" executed successfully
[36mATRI[0m | 03-13 08:37:00 | DEBUG apscheduler.schedulers.base >> Looking for jobs to run
[36mATRI[0m | 03-13 08:37:00 | DEBUG apscheduler.schedulers.base >> Next wakeup is due at 2022-03-13 08:37:30+08:00 (in 29.998122 seconds)
[36mATRI[0m | 03-13 08:37:00 | INFO apscheduler >> Running job "change_price (trigger: cron[hour='8-21', minute='*', second='*/30'], next run at: 2022-03-13 08:37:30 CST)" (scheduled at 2022-03-13 08:37:00+08:00)
[36mATRI[0m | 03-13 08:37:00 | INFO apscheduler >> Job "change_price (trigger: cron[hour='8-21', minute='*', second='*/30'], next run at: 2022-03-13 08:37:30 CST)" executed successfully
[36mATRI[0m | 03-13 08:37:00 | INFO apscheduler >> Running job "_ (trigger: cron[minute='*'], next run at: 2022-03-13 08:38:00 CST)" (scheduled at 2022-03-13 08:37:00+08:00)
[36mATRI[0m | 03-13 08:37:00 | INFO apscheduler >> Job "_ (trigger: cron[minute='*'], next run at: 2022-03-13 08:38:00 CST)" executed successfully
[36mATRI[0m | 03-13 08:37:30 | DEBUG apscheduler.schedulers.base >> Looking for jobs to run
[36mATRI[0m | 03-13 08:37:30 | DEBUG apscheduler.schedulers.base >> Next wakeup is due at 2022-03-13 08:38:00+08:00 (in 29.998685 seconds)
[36mATRI[0m | 03-13 08:37:30 | INFO apscheduler >> Running job "change_price (trigger: cron[hour='8-21', minute='*', second='*/30'], next run at: 2022-03-13 08:38:00 CST)" (scheduled at 2022-03-13 08:37:30+08:00)
[36mATRI[0m | 03-13 08:37:30 | INFO apscheduler >> Job "change_price (trigger: cron[hour='8-21', minute='*', second='*/30'], next run at: 2022-03-13 08:38:00 CST)" executed successfully
[36mATRI[0m | 03-13 08:38:00 | DEBUG apscheduler.schedulers.base >> Looking for jobs to run
[36mATRI[0m | 03-13 08:38:00 | DEBUG apscheduler.schedulers.base >> Next wakeup is due at 2022-03-13 08:38:30+08:00 (in 29.998499 seconds)
[36mATRI[0m | 03-13 08:38:00 | INFO apscheduler >> Running job "change_price (trigger: cron[hour='8-21', minute='*', second='*/30'], next run at: 2022-03-13 08:38:30 CST)" (scheduled at 2022-03-13 08:38:00+08:00)
[36mATRI[0m | 03-13 08:38:00 | INFO apscheduler >> Job "change_price (trigger: cron[hour='8-21', minute='*', second='*/30'], next run at: 2022-03-13 08:38:30 CST)" executed successfully
[36mATRI[0m | 03-13 08:38:00 | INFO apscheduler >> Running job "_ (trigger: cron[minute='*'], next run at: 2022-03-13 08:39:00 CST)" (scheduled at 2022-03-13 08:38:00+08:00)
[36mATRI[0m | 03-13 08:38:00 | INFO apscheduler >> Job "_ (trigger: cron[minute='*'], next run at: 2022-03-13 08:39:00 CST)" executed successfully
[36mATRI[0m | 03-13 08:38:29 | DEBUG apscheduler.schedulers.base >> Looking for jobs to run
[36mATRI[0m | 03-13 08:38:30 | DEBUG apscheduler.schedulers.base >> Next wakeup is due at 2022-03-13 08:39:00+08:00 (in 29.999706 seconds)
[36mATRI[0m | 03-13 08:38:30 | INFO apscheduler >> Running job "change_price (trigger: cron[hour='8-21', minute='*', second='*/30'], next run at: 2022-03-13 08:39:00 CST)" (scheduled at 2022-03-13 08:38:30+08:00)
[36mATRI[0m | 03-13 08:38:30 | INFO apscheduler >> Job "change_price (trigger: cron[hour='8-21', minute='*', second='*/30'], next run at: 2022-03-13 08:39:00 CST)" executed successfully
[36mATRI[0m | 03-13 08:39:00 | DEBUG apscheduler.schedulers.base >> Looking for jobs to run
[36mATRI[0m | 03-13 08:39:00 | DEBUG apscheduler.schedulers.base >> Next wakeup is due at 2022-03-13 08:39:30+08:00 (in 29.998729 seconds)
[36mATRI[0m | 03-13 08:39:00 | INFO apscheduler >> Running job "change_price (trigger: cron[hour='8-21', minute='*', second='*/30'], next run at: 2022-03-13 08:39:30 CST)" (scheduled at 2022-03-13 08:39:00+08:00)
[36mATRI[0m | 03-13 08:39:00 | INFO apscheduler >> Job "change_price (trigger: cron[hour='8-21', minute='*', second='*/30'], next run at: 2022-03-13 08:39:30 CST)" executed successfully
[36mATRI[0m | 03-13 08:39:00 | INFO apscheduler >> Running job "_ (trigger: cron[minute='*'], next run at: 2022-03-13 08:40:00 CST)" (scheduled at 2022-03-13 08:39:00+08:00)
[36mATRI[0m | 03-13 08:39:00 | INFO apscheduler >> Job "_ (trigger: cron[minute='*'], next run at: 2022-03-13 08:40:00 CST)" executed successfully
[36mATRI[0m | 03-13 08:39:30 | DEBUG apscheduler.schedulers.base >> Looking for jobs to run
[36mATRI[0m | 03-13 08:39:30 | DEBUG apscheduler.schedulers.base >> Next wakeup is due at 2022-03-13 08:40:00+08:00 (in 29.997971 seconds)
[36mATRI[0m | 03-13 08:39:30 | INFO apscheduler >> Running job "change_price (trigger: cron[hour='8-21', minute='*', second='*/30'], next run at: 2022-03-13 08:40:00 CST)" (scheduled at 2022-03-13 08:39:30+08:00)
[36mATRI[0m | 03-13 08:39:30 | INFO apscheduler >> Job "change_price (trigger: cron[hour='8-21', minute='*', second='*/30'], next run at: 2022-03-13 08:40:00 CST)" executed successfully
[36mATRI[0m | 03-13 08:40:00 | DEBUG apscheduler.schedulers.base >> Looking for jobs to run
[36mATRI[0m | 03-13 08:40:00 | DEBUG apscheduler.schedulers.base >> Next wakeup is due at 2022-03-13 08:40:30+08:00 (in 29.998282 seconds)
[36mATRI[0m | 03-13 08:40:00 | INFO apscheduler >> Running job "change_price (trigger: cron[hour='8-21', minute='*', second='*/30'], next run at: 2022-03-13 08:40:30 CST)" (scheduled at 2022-03-13 08:40:00+08:00)
[36mATRI[0m | 03-13 08:40:00 | INFO apscheduler >> Job "change_price (trigger: cron[hour='8-21', minute='*', second='*/30'], next run at: 2022-03-13 08:40:30 CST)" executed successfully
[36mATRI[0m | 03-13 08:40:00 | INFO apscheduler >> Running job "_ (trigger: cron[minute='*'], next run at: 2022-03-13 08:41:00 CST)" (scheduled at 2022-03-13 08:40:00+08:00)
[36mATRI[0m | 03-13 08:40:00 | INFO apscheduler >> Job "_ (trigger: cron[minute='*'], next run at: 2022-03-13 08:41:00 CST)" executed successfully
[36mATRI[0m | 03-13 08:40:30 | DEBUG apscheduler.schedulers.base >> Looking for jobs to run
[36mATRI[0m | 03-13 08:40:30 | DEBUG apscheduler.schedulers.base >> Next wakeup is due at 2022-03-13 08:41:00+08:00 (in 29.998431 seconds)
[36mATRI[0m | 03-13 08:40:30 | INFO apscheduler >> Running job "change_price (trigger: cron[hour='8-21', minute='*', second='*/30'], next run at: 2022-03-13 08:41:00 CST)" (scheduled at 2022-03-13 08:40:30+08:00)
[36mATRI[0m | 03-13 08:40:30 | INFO apscheduler >> Job "change_price (trigger: cron[hour='8-21', minute='*', second='*/30'], next run at: 2022-03-13 08:41:00 CST)" executed successfully
[36mATRI[0m | 03-13 08:41:00 | DEBUG apscheduler.schedulers.base >> Looking for jobs to run
[36mATRI[0m | 03-13 08:41:00 | DEBUG apscheduler.schedulers.base >> Next wakeup is due at 2022-03-13 08:41:30+08:00 (in 29.999492 seconds)
[36mATRI[0m | 03-13 08:41:00 | INFO apscheduler >> Running job "change_price (trigger: cron[hour='8-21', minute='*', second='*/30'], next run at: 2022-03-13 08:41:30 CST)" (scheduled at 2022-03-13 08:41:00+08:00)
[36mATRI[0m | 03-13 08:41:00 | INFO apscheduler >> Job "change_price (trigger: cron[hour='8-21', minute='*', second='*/30'], next run at: 2022-03-13 08:41:30 CST)" executed successfully
[36mATRI[0m | 03-13 08:41:00 | INFO apscheduler >> Running job "_ (trigger: cron[minute='*'], next run at: 2022-03-13 08:42:00 CST)" (scheduled at 2022-03-13 08:41:00+08:00)
[36mATRI[0m | 03-13 08:41:00 | INFO apscheduler >> Job "_ (trigger: cron[minute='*'], next run at: 2022-03-13 08:42:00 CST)" executed successfully
[36mATRI[0m | 03-13 08:41:30 | DEBUG apscheduler.schedulers.base >> Looking for jobs to run
[36mATRI[0m | 03-13 08:41:30 | DEBUG apscheduler.schedulers.base >> Next wakeup is due at 2022-03-13 08:42:00+08:00 (in 29.998339 seconds)
[36mATRI[0m | 03-13 08:41:30 | INFO apscheduler >> Running job "change_price (trigger: cron[hour='8-21', minute='*', second='*/30'], next run at: 2022-03-13 08:42:00 CST)" (scheduled at 2022-03-13 08:41:30+08:00)
[36mATRI[0m | 03-13 08:41:30 | INFO apscheduler >> Job "change_price (trigger: cron[hour='8-21', minute='*', second='*/30'], next run at: 2022-03-13 08:42:00 CST)" executed successfully
[36mATRI[0m | 03-13 08:42:00 | DEBUG apscheduler.schedulers.base >> Looking for jobs to run
[36mATRI[0m | 03-13 08:42:00 | DEBUG apscheduler.schedulers.base >> Next wakeup is due at 2022-03-13 08:42:30+08:00 (in 29.999268 seconds)
[36mATRI[0m | 03-13 08:42:00 | INFO apscheduler >> Running job "change_price (trigger: cron[hour='8-21', minute='*', second='*/30'], next run at: 2022-03-13 08:42:30 CST)" (scheduled at 2022-03-13 08:42:00+08:00)
[36mATRI[0m | 03-13 08:42:00 | INFO apscheduler >> Job "change_price (trigger: cron[hour='8-21', minute='*', second='*/30'], next run at: 2022-03-13 08:42:30 CST)" executed successfully
[36mATRI[0m | 03-13 08:42:00 | INFO apscheduler >> Running job "_ (trigger: cron[minute='*'], next run at: 2022-03-13 08:43:00 CST)" (scheduled at 2022-03-13 08:42:00+08:00)
[36mATRI[0m | 03-13 08:42:00 | INFO apscheduler >> Job "_ (trigger: cron[minute='*'], next run at: 2022-03-13 08:43:00 CST)" executed successfully
[36mATRI[0m | 03-13 08:42:30 | DEBUG apscheduler.schedulers.base >> Looking for jobs to run
[36mATRI[0m | 03-13 08:42:30 | DEBUG apscheduler.schedulers.base >> Next wakeup is due at 2022-03-13 08:43:00+08:00 (in 29.998225 seconds)
[36mATRI[0m | 03-13 08:42:30 | INFO apscheduler >> Running job "change_price (trigger: cron[hour='8-21', minute='*', second='*/30'], next run at: 2022-03-13 08:43:00 CST)" (scheduled at 2022-03-13 08:42:30+08:00)
[36mATRI[0m | 03-13 08:42:30 | INFO apscheduler >> Job "change_price (trigger: cron[hour='8-21', minute='*', second='*/30'], next run at: 2022-03-13 08:43:00 CST)" executed successfully
[36mATRI[0m | 03-13 08:42:59 | DEBUG apscheduler.schedulers.base >> Looking for jobs to run
[36mATRI[0m | 03-13 08:43:00 | DEBUG apscheduler.schedulers.base >> Next wakeup is due at 2022-03-13 08:43:00+08:00 (in 0.000090 seconds)
[36mATRI[0m | 03-13 08:43:00 | DEBUG apscheduler.schedulers.base >> Looking for jobs to run
[36mATRI[0m | 03-13 08:43:00 | DEBUG apscheduler.schedulers.base >> Next wakeup is due at 2022-03-13 08:43:30+08:00 (in 29.997916 seconds)
[36mATRI[0m | 03-13 08:43:00 | INFO apscheduler >> Running job "change_price (trigger: cron[hour='8-21', minute='*', second='*/30'], next run at: 2022-03-13 08:43:30 CST)" (scheduled at 2022-03-13 08:43:00+08:00)
[36mATRI[0m | 03-13 08:43:00 | INFO apscheduler >> Job "change_price (trigger: cron[hour='8-21', minute='*', second='*/30'], next run at: 2022-03-13 08:43:30 CST)" executed successfully
[36mATRI[0m | 03-13 08:43:00 | INFO apscheduler >> Running job "_ (trigger: cron[minute='*'], next run at: 2022-03-13 08:44:00 CST)" (scheduled at 2022-03-13 08:43:00+08:00)
[36mATRI[0m | 03-13 08:43:00 | INFO apscheduler >> Job "_ (trigger: cron[minute='*'], next run at: 2022-03-13 08:44:00 CST)" executed successfully
[36mATRI[0m | 03-13 08:43:30 | DEBUG apscheduler.schedulers.base >> Looking for jobs to run
[36mATRI[0m | 03-13 08:43:30 | DEBUG apscheduler.schedulers.base >> Next wakeup is due at 2022-03-13 08:44:00+08:00 (in 29.998192 seconds)
[36mATRI[0m | 03-13 08:43:30 | INFO apscheduler >> Running job "change_price (trigger: cron[hour='8-21', minute='*', second='*/30'], next run at: 2022-03-13 08:44:00 CST)" (scheduled at 2022-03-13 08:43:30+08:00)
[36mATRI[0m | 03-13 08:43:30 | INFO apscheduler >> Job "change_price (trigger: cron[hour='8-21', minute='*', second='*/30'], next run at: 2022-03-13 08:44:00 CST)" executed successfully
[36mATRI[0m | 03-13 08:44:00 | DEBUG apscheduler.schedulers.base >> Looking for jobs to run
[36mATRI[0m | 03-13 08:44:00 | DEBUG apscheduler.schedulers.base >> Next wakeup is due at 2022-03-13 08:44:30+08:00 (in 29.998458 seconds)
[36mATRI[0m | 03-13 08:44:00 | INFO apscheduler >> Running job "change_price (trigger: cron[hour='8-21', minute='*', second='*/30'], next run at: 2022-03-13 08:44:30 CST)" (scheduled at 2022-03-13 08:44:00+08:00)
[36mATRI[0m | 03-13 08:44:00 | INFO apscheduler >> Job "change_price (trigger: cron[hour='8-21', minute='*', second='*/30'], next run at: 2022-03-13 08:44:30 CST)" executed successfully
[36mATRI[0m | 03-13 08:44:00 | INFO apscheduler >> Running job "_ (trigger: cron[minute='*'], next run at: 2022-03-13 08:45:00 CST)" (scheduled at 2022-03-13 08:44:00+08:00)
[36mATRI[0m | 03-13 08:44:00 | INFO apscheduler >> Job "_ (trigger: cron[minute='*'], next run at: 2022-03-13 08:45:00 CST)" executed successfully
[36mATRI[0m | 03-13 08:44:29 | DEBUG apscheduler.schedulers.base >> Looking for jobs to run
[36mATRI[0m | 03-13 08:44:29 | DEBUG apscheduler.schedulers.base >> Next wakeup is due at 2022-03-13 08:44:30+08:00 (in 0.000155 seconds)
[36mATRI[0m | 03-13 08:44:30 | DEBUG apscheduler.schedulers.base >> Looking for jobs to run
[36mATRI[0m | 03-13 08:44:30 | DEBUG apscheduler.schedulers.base >> Next wakeup is due at 2022-03-13 08:45:00+08:00 (in 29.999538 seconds)
[36mATRI[0m | 03-13 08:44:30 | INFO apscheduler >> Running job "change_price (trigger: cron[hour='8-21', minute='*', second='*/30'], next run at: 2022-03-13 08:45:00 CST)" (scheduled at 2022-03-13 08:44:30+08:00)
[36mATRI[0m | 03-13 08:44:30 | INFO apscheduler >> Job "change_price (trigger: cron[hour='8-21', minute='*', second='*/30'], next run at: 2022-03-13 08:45:00 CST)" executed successfully
[36mATRI[0m | 03-13 08:44:40 | DEBUG apscheduler.schedulers.base >> Looking for jobs to run
[36mATRI[0m | 03-13 08:44:40 | DEBUG apscheduler.schedulers.base >> Next wakeup is due at 2022-03-13 08:54:40.476016+08:00 (in 599.999562 seconds)
[36mATRI[0m | 03-13 08:44:40 | INFO apscheduler >> Running job "çŠ¶æ€æ£€æŸ¥ (trigger: interval[0:10:00], next run at: 2022-03-13 08:54:40 CST)" (scheduled at 2022-03-13 08:44:40.476016+08:00)
[36mATRI[0m | 03-13 08:44:40 | INFO src >> å¼€å§‹æ£€æŸ¥èµ„æºæ¶ˆè€—...
[36mATRI[0m | 03-13 08:45:00 | DEBUG apscheduler.schedulers.base >> Looking for jobs to run
[36mATRI[0m | 03-13 08:45:00 | DEBUG apscheduler.schedulers.base >> Next wakeup is due at 2022-03-13 08:45:30+08:00 (in 29.998170 seconds)
[36mATRI[0m | 03-13 08:45:00 | INFO apscheduler >> Running job "change_price (trigger: cron[hour='8-21', minute='*', second='*/30'], next run at: 2022-03-13 08:45:30 CST)" (scheduled at 2022-03-13 08:45:00+08:00)
[36mATRI[0m | 03-13 08:45:00 | INFO apscheduler >> Job "change_price (trigger: cron[hour='8-21', minute='*', second='*/30'], next run at: 2022-03-13 08:45:30 CST)" executed successfully
[36mATRI[0m | 03-13 08:45:00 | INFO apscheduler >> Running job "_ (trigger: cron[minute='*'], next run at: 2022-03-13 08:46:00 CST)" (scheduled at 2022-03-13 08:45:00+08:00)
[36mATRI[0m | 03-13 08:45:00 | INFO apscheduler >> Job "_ (trigger: cron[minute='*'], next run at: 2022-03-13 08:46:00 CST)" executed successfully
[36mATRI[0m | 03-13 08:45:30 | DEBUG apscheduler.schedulers.base >> Looking for jobs to run
[36mATRI[0m | 03-13 08:45:30 | DEBUG apscheduler.schedulers.base >> Next wakeup is due at 2022-03-13 08:46:00+08:00 (in 29.998253 seconds)
[36mATRI[0m | 03-13 08:45:30 | INFO apscheduler >> Running job "change_price (trigger: cron[hour='8-21', minute='*', second='*/30'], next run at: 2022-03-13 08:46:00 CST)" (scheduled at 2022-03-13 08:45:30+08:00)
[36mATRI[0m | 03-13 08:45:30 | INFO apscheduler >> Job "change_price (trigger: cron[hour='8-21', minute='*', second='*/30'], next run at: 2022-03-13 08:46:00 CST)" executed successfully
[36mATRI[0m | 03-13 08:45:59 | DEBUG apscheduler.schedulers.base >> Looking for jobs to run
[36mATRI[0m | 03-13 08:46:00 | DEBUG apscheduler.schedulers.base >> Next wakeup is due at 2022-03-13 08:46:30+08:00 (in 29.999994 seconds)
[36mATRI[0m | 03-13 08:46:00 | INFO apscheduler >> Running job "change_price (trigger: cron[hour='8-21', minute='*', second='*/30'], next run at: 2022-03-13 08:46:30 CST)" (scheduled at 2022-03-13 08:46:00+08:00)
[36mATRI[0m | 03-13 08:46:00 | INFO apscheduler >> Job "change_price (trigger: cron[hour='8-21', minute='*', second='*/30'], next run at: 2022-03-13 08:46:30 CST)" executed successfully
[36mATRI[0m | 03-13 08:46:00 | INFO apscheduler >> Running job "_ (trigger: cron[minute='*'], next run at: 2022-03-13 08:47:00 CST)" (scheduled at 2022-03-13 08:46:00+08:00)
[36mATRI[0m | 03-13 08:46:00 | INFO apscheduler >> Job "_ (trigger: cron[minute='*'], next run at: 2022-03-13 08:47:00 CST)" executed successfully
[36mATRI[0m | 03-13 08:46:30 | DEBUG apscheduler.schedulers.base >> Looking for jobs to run
[36mATRI[0m | 03-13 08:46:30 | DEBUG apscheduler.schedulers.base >> Next wakeup is due at 2022-03-13 08:47:00+08:00 (in 29.998572 seconds)
[36mATRI[0m | 03-13 08:46:30 | INFO apscheduler >> Running job "change_price (trigger: cron[hour='8-21', minute='*', second='*/30'], next run at: 2022-03-13 08:47:00 CST)" (scheduled at 2022-03-13 08:46:30+08:00)
[36mATRI[0m | 03-13 08:46:30 | INFO apscheduler >> Job "change_price (trigger: cron[hour='8-21', minute='*', second='*/30'], next run at: 2022-03-13 08:47:00 CST)" executed successfully
[36mATRI[0m | 03-13 08:47:00 | DEBUG apscheduler.schedulers.base >> Looking for jobs to run
[36mATRI[0m | 03-13 08:47:00 | DEBUG apscheduler.schedulers.base >> Next wakeup is due at 2022-03-13 08:47:30+08:00 (in 29.998488 seconds)
[36mATRI[0m | 03-13 08:47:00 | INFO apscheduler >> Running job "change_price (trigger: cron[hour='8-21', minute='*', second='*/30'], next run at: 2022-03-13 08:47:30 CST)" (scheduled at 2022-03-13 08:47:00+08:00)
[36mATRI[0m | 03-13 08:47:00 | INFO apscheduler >> Job "change_price (trigger: cron[hour='8-21', minute='*', second='*/30'], next run at: 2022-03-13 08:47:30 CST)" executed successfully
[36mATRI[0m | 03-13 08:47:00 | INFO apscheduler >> Running job "_ (trigger: cron[minute='*'], next run at: 2022-03-13 08:48:00 CST)" (scheduled at 2022-03-13 08:47:00+08:00)
[36mATRI[0m | 03-13 08:47:00 | INFO apscheduler >> Job "_ (trigger: cron[minute='*'], next run at: 2022-03-13 08:48:00 CST)" executed successfully
[36mATRI[0m | 03-13 08:47:29 | DEBUG apscheduler.schedulers.base >> Looking for jobs to run
[36mATRI[0m | 03-13 08:47:30 | DEBUG apscheduler.schedulers.base >> Next wakeup is due at 2022-03-13 08:47:30+08:00 (in 0.000005 seconds)
[36mATRI[0m | 03-13 08:47:30 | DEBUG apscheduler.schedulers.base >> Looking for jobs to run
[36mATRI[0m | 03-13 08:47:30 | DEBUG apscheduler.schedulers.base >> Next wakeup is due at 2022-03-13 08:48:00+08:00 (in 29.999293 seconds)
[36mATRI[0m | 03-13 08:47:30 | INFO apscheduler >> Running job "change_price (trigger: cron[hour='8-21', minute='*', second='*/30'], next run at: 2022-03-13 08:48:00 CST)" (scheduled at 2022-03-13 08:47:30+08:00)
[36mATRI[0m | 03-13 08:47:30 | INFO apscheduler >> Job "change_price (trigger: cron[hour='8-21', minute='*', second='*/30'], next run at: 2022-03-13 08:48:00 CST)" executed successfully
[36mATRI[0m | 03-13 08:48:00 | DEBUG apscheduler.schedulers.base >> Looking for jobs to run
[36mATRI[0m | 03-13 08:48:00 | DEBUG apscheduler.schedulers.base >> Next wakeup is due at 2022-03-13 08:48:30+08:00 (in 29.998384 seconds)
[36mATRI[0m | 03-13 08:48:00 | INFO apscheduler >> Running job "change_price (trigger: cron[hour='8-21', minute='*', second='*/30'], next run at: 2022-03-13 08:48:30 CST)" (scheduled at 2022-03-13 08:48:00+08:00)
[36mATRI[0m | 03-13 08:48:00 | INFO apscheduler >> Job "change_price (trigger: cron[hour='8-21', minute='*', second='*/30'], next run at: 2022-03-13 08:48:30 CST)" executed successfully
[36mATRI[0m | 03-13 08:48:00 | INFO apscheduler >> Running job "_ (trigger: cron[minute='*'], next run at: 2022-03-13 08:49:00 CST)" (scheduled at 2022-03-13 08:48:00+08:00)
[36mATRI[0m | 03-13 08:48:00 | INFO apscheduler >> Job "_ (trigger: cron[minute='*'], next run at: 2022-03-13 08:49:00 CST)" executed successfully
[36mATRI[0m | 03-13 08:48:30 | DEBUG apscheduler.schedulers.base >> Looking for jobs to run
[36mATRI[0m | 03-13 08:48:30 | DEBUG apscheduler.schedulers.base >> Next wakeup is due at 2022-03-13 08:49:00+08:00 (in 29.999428 seconds)
[36mATRI[0m | 03-13 08:48:30 | INFO apscheduler >> Running job "change_price (trigger: cron[hour='8-21', minute='*', second='*/30'], next run at: 2022-03-13 08:49:00 CST)" (scheduled at 2022-03-13 08:48:30+08:00)
[36mATRI[0m | 03-13 08:48:30 | INFO apscheduler >> Job "change_price (trigger: cron[hour='8-21', minute='*', second='*/30'], next run at: 2022-03-13 08:49:00 CST)" executed successfully
[36mATRI[0m | 03-13 08:49:00 | DEBUG apscheduler.schedulers.base >> Looking for jobs to run
[36mATRI[0m | 03-13 08:49:00 | DEBUG apscheduler.schedulers.base >> Next wakeup is due at 2022-03-13 08:49:30+08:00 (in 29.998217 seconds)
[36mATRI[0m | 03-13 08:49:00 | INFO apscheduler >> Running job "change_price (trigger: cron[hour='8-21', minute='*', second='*/30'], next run at: 2022-03-13 08:49:30 CST)" (scheduled at 2022-03-13 08:49:00+08:00)
[36mATRI[0m | 03-13 08:49:00 | INFO apscheduler >> Job "change_price (trigger: cron[hour='8-21', minute='*', second='*/30'], next run at: 2022-03-13 08:49:30 CST)" executed successfully
[36mATRI[0m | 03-13 08:49:00 | INFO apscheduler >> Running job "_ (trigger: cron[minute='*'], next run at: 2022-03-13 08:50:00 CST)" (scheduled at 2022-03-13 08:49:00+08:00)
[36mATRI[0m | 03-13 08:49:00 | INFO apscheduler >> Job "_ (trigger: cron[minute='*'], next run at: 2022-03-13 08:50:00 CST)" executed successfully
[36mATRI[0m | 03-13 08:49:30 | DEBUG apscheduler.schedulers.base >> Looking for jobs to run
[36mATRI[0m | 03-13 08:49:30 | DEBUG apscheduler.schedulers.base >> Next wakeup is due at 2022-03-13 08:50:00+08:00 (in 29.998293 seconds)
[36mATRI[0m | 03-13 08:49:30 | INFO apscheduler >> Running job "change_price (trigger: cron[hour='8-21', minute='*', second='*/30'], next run at: 2022-03-13 08:50:00 CST)" (scheduled at 2022-03-13 08:49:30+08:00)
[36mATRI[0m | 03-13 08:49:30 | INFO apscheduler >> Job "change_price (trigger: cron[hour='8-21', minute='*', second='*/30'], next run at: 2022-03-13 08:50:00 CST)" executed successfully
[36mATRI[0m | 03-13 08:50:00 | DEBUG apscheduler.schedulers.base >> Looking for jobs to run
[36mATRI[0m | 03-13 08:50:00 | DEBUG apscheduler.schedulers.base >> Next wakeup is due at 2022-03-13 08:50:30+08:00 (in 29.999206 seconds)
[36mATRI[0m | 03-13 08:50:00 | INFO apscheduler >> Running job "change_price (trigger: cron[hour='8-21', minute='*', second='*/30'], next run at: 2022-03-13 08:50:30 CST)" (scheduled at 2022-03-13 08:50:00+08:00)
[36mATRI[0m | 03-13 08:50:00 | INFO apscheduler >> Job "change_price (trigger: cron[hour='8-21', minute='*', second='*/30'], next run at: 2022-03-13 08:50:30 CST)" executed successfully
[36mATRI[0m | 03-13 08:50:00 | INFO apscheduler >> Running job "_ (trigger: cron[minute='*'], next run at: 2022-03-13 08:51:00 CST)" (scheduled at 2022-03-13 08:50:00+08:00)
[36mATRI[0m | 03-13 08:50:00 | INFO apscheduler >> Job "_ (trigger: cron[minute='*'], next run at: 2022-03-13 08:51:00 CST)" executed successfully
[36mATRI[0m | 03-13 08:50:30 | DEBUG apscheduler.schedulers.base >> Looking for jobs to run
[36mATRI[0m | 03-13 08:50:30 | DEBUG apscheduler.schedulers.base >> Next wakeup is due at 2022-03-13 08:51:00+08:00 (in 29.998162 seconds)
[36mATRI[0m | 03-13 08:50:30 | INFO apscheduler >> Running job "change_price (trigger: cron[hour='8-21', minute='*', second='*/30'], next run at: 2022-03-13 08:51:00 CST)" (scheduled at 2022-03-13 08:50:30+08:00)
[36mATRI[0m | 03-13 08:50:30 | INFO apscheduler >> Job "change_price (trigger: cron[hour='8-21', minute='*', second='*/30'], next run at: 2022-03-13 08:51:00 CST)" executed successfully
[36mATRI[0m | 03-13 08:51:00 | DEBUG apscheduler.schedulers.base >> Looking for jobs to run
[36mATRI[0m | 03-13 08:51:00 | DEBUG apscheduler.schedulers.base >> Next wakeup is due at 2022-03-13 08:51:30+08:00 (in 29.998104 seconds)
[36mATRI[0m | 03-13 08:51:00 | INFO apscheduler >> Running job "change_price (trigger: cron[hour='8-21', minute='*', second='*/30'], next run at: 2022-03-13 08:51:30 CST)" (scheduled at 2022-03-13 08:51:00+08:00)
[36mATRI[0m | 03-13 08:51:00 | INFO apscheduler >> Job "change_price (trigger: cron[hour='8-21', minute='*', second='*/30'], next run at: 2022-03-13 08:51:30 CST)" executed successfully
[36mATRI[0m | 03-13 08:51:00 | INFO apscheduler >> Running job "_ (trigger: cron[minute='*'], next run at: 2022-03-13 08:52:00 CST)" (scheduled at 2022-03-13 08:51:00+08:00)
[36mATRI[0m | 03-13 08:51:00 | INFO apscheduler >> Job "_ (trigger: cron[minute='*'], next run at: 2022-03-13 08:52:00 CST)" executed successfully
[36mATRI[0m | 03-13 08:51:30 | DEBUG apscheduler.schedulers.base >> Looking for jobs to run
[36mATRI[0m | 03-13 08:51:30 | DEBUG apscheduler.schedulers.base >> Next wakeup is due at 2022-03-13 08:52:00+08:00 (in 29.998272 seconds)
[36mATRI[0m | 03-13 08:51:30 | INFO apscheduler >> Running job "change_price (trigger: cron[hour='8-21', minute='*', second='*/30'], next run at: 2022-03-13 08:52:00 CST)" (scheduled at 2022-03-13 08:51:30+08:00)
[36mATRI[0m | 03-13 08:51:30 | INFO apscheduler >> Job "change_price (trigger: cron[hour='8-21', minute='*', second='*/30'], next run at: 2022-03-13 08:52:00 CST)" executed successfully
[36mATRI[0m | 03-13 08:52:00 | DEBUG apscheduler.schedulers.base >> Looking for jobs to run
[36mATRI[0m | 03-13 08:52:00 | DEBUG apscheduler.schedulers.base >> Next wakeup is due at 2022-03-13 08:52:30+08:00 (in 29.998573 seconds)
[36mATRI[0m | 03-13 08:52:00 | INFO apscheduler >> Running job "change_price (trigger: cron[hour='8-21', minute='*', second='*/30'], next run at: 2022-03-13 08:52:30 CST)" (scheduled at 2022-03-13 08:52:00+08:00)
[36mATRI[0m | 03-13 08:52:00 | INFO apscheduler >> Job "change_price (trigger: cron[hour='8-21', minute='*', second='*/30'], next run at: 2022-03-13 08:52:30 CST)" executed successfully
[36mATRI[0m | 03-13 08:52:00 | INFO apscheduler >> Running job "_ (trigger: cron[minute='*'], next run at: 2022-03-13 08:53:00 CST)" (scheduled at 2022-03-13 08:52:00+08:00)
[36mATRI[0m | 03-13 08:52:00 | INFO apscheduler >> Job "_ (trigger: cron[minute='*'], next run at: 2022-03-13 08:53:00 CST)" executed successfully
[36mATRI[0m | 03-13 08:52:30 | DEBUG apscheduler.schedulers.base >> Looking for jobs to run
[36mATRI[0m | 03-13 08:52:30 | DEBUG apscheduler.schedulers.base >> Next wakeup is due at 2022-03-13 08:53:00+08:00 (in 29.998336 seconds)
[36mATRI[0m | 03-13 08:52:30 | INFO apscheduler >> Running job "change_price (trigger: cron[hour='8-21', minute='*', second='*/30'], next run at: 2022-03-13 08:53:00 CST)" (scheduled at 2022-03-13 08:52:30+08:00)
[36mATRI[0m | 03-13 08:52:30 | INFO apscheduler >> Job "change_price (trigger: cron[hour='8-21', minute='*', second='*/30'], next run at: 2022-03-13 08:53:00 CST)" executed successfully
[36mATRI[0m | 03-13 08:52:59 | DEBUG apscheduler.schedulers.base >> Looking for jobs to run
[36mATRI[0m | 03-13 08:53:00 | DEBUG apscheduler.schedulers.base >> Next wakeup is due at 2022-03-13 08:53:30+08:00 (in 29.999562 seconds)
[36mATRI[0m | 03-13 08:53:00 | INFO apscheduler >> Running job "change_price (trigger: cron[hour='8-21', minute='*', second='*/30'], next run at: 2022-03-13 08:53:30 CST)" (scheduled at 2022-03-13 08:53:00+08:00)
[36mATRI[0m | 03-13 08:53:00 | INFO apscheduler >> Job "change_price (trigger: cron[hour='8-21', minute='*', second='*/30'], next run at: 2022-03-13 08:53:30 CST)" executed successfully
[36mATRI[0m | 03-13 08:53:00 | INFO apscheduler >> Running job "_ (trigger: cron[minute='*'], next run at: 2022-03-13 08:54:00 CST)" (scheduled at 2022-03-13 08:53:00+08:00)
[36mATRI[0m | 03-13 08:53:00 | INFO apscheduler >> Job "_ (trigger: cron[minute='*'], next run at: 2022-03-13 08:54:00 CST)" executed successfully
[36mATRI[0m | 03-13 08:53:30 | DEBUG apscheduler.schedulers.base >> Looking for jobs to run
[36mATRI[0m | 03-13 08:53:30 | DEBUG apscheduler.schedulers.base >> Next wakeup is due at 2022-03-13 08:54:00+08:00 (in 29.997521 seconds)
[36mATRI[0m | 03-13 08:53:30 | INFO apscheduler >> Running job "change_price (trigger: cron[hour='8-21', minute='*', second='*/30'], next run at: 2022-03-13 08:54:00 CST)" (scheduled at 2022-03-13 08:53:30+08:00)
[36mATRI[0m | 03-13 08:53:30 | INFO apscheduler >> Job "change_price (trigger: cron[hour='8-21', minute='*', second='*/30'], next run at: 2022-03-13 08:54:00 CST)" executed successfully
[36mATRI[0m | 03-13 08:54:00 | DEBUG apscheduler.schedulers.base >> Looking for jobs to run
[36mATRI[0m | 03-13 08:54:00 | DEBUG apscheduler.schedulers.base >> Next wakeup is due at 2022-03-13 08:54:30+08:00 (in 29.998839 seconds)
[36mATRI[0m | 03-13 08:54:00 | INFO apscheduler >> Running job "change_price (trigger: cron[hour='8-21', minute='*', second='*/30'], next run at: 2022-03-13 08:54:30 CST)" (scheduled at 2022-03-13 08:54:00+08:00)
[36mATRI[0m | 03-13 08:54:00 | INFO apscheduler >> Job "change_price (trigger: cron[hour='8-21', minute='*', second='*/30'], next run at: 2022-03-13 08:54:30 CST)" executed successfully
[36mATRI[0m | 03-13 08:54:00 | INFO apscheduler >> Running job "_ (trigger: cron[minute='*'], next run at: 2022-03-13 08:55:00 CST)" (scheduled at 2022-03-13 08:54:00+08:00)
[36mATRI[0m | 03-13 08:54:00 | INFO apscheduler >> Job "_ (trigger: cron[minute='*'], next run at: 2022-03-13 08:55:00 CST)" executed successfully
[36mATRI[0m | 03-13 08:54:30 | DEBUG apscheduler.schedulers.base >> Looking for jobs to run
[36mATRI[0m | 03-13 08:54:30 | DEBUG apscheduler.schedulers.base >> Next wakeup is due at 2022-03-13 08:55:00+08:00 (in 29.998262 seconds)
[36mATRI[0m | 03-13 08:54:30 | INFO apscheduler >> Running job "change_price (trigger: cron[hour='8-21', minute='*', second='*/30'], next run at: 2022-03-13 08:55:00 CST)" (scheduled at 2022-03-13 08:54:30+08:00)
[36mATRI[0m | 03-13 08:54:30 | INFO apscheduler >> Job "change_price (trigger: cron[hour='8-21', minute='*', second='*/30'], next run at: 2022-03-13 08:55:00 CST)" executed successfully
[36mATRI[0m | 03-13 08:54:40 | DEBUG apscheduler.schedulers.base >> Looking for jobs to run
[36mATRI[0m | 03-13 08:54:40 | DEBUG apscheduler.schedulers.base >> Next wakeup is due at 2022-03-13 09:04:40.476016+08:00 (in 599.998778 seconds)
[36mATRI[0m | 03-13 08:54:40 | INFO apscheduler >> Running job "çŠ¶æ€æ£€æŸ¥ (trigger: interval[0:10:00], next run at: 2022-03-13 09:04:40 CST)" (scheduled at 2022-03-13 08:54:40.476016+08:00)
[36mATRI[0m | 03-13 08:54:40 | INFO src >> å¼€å§‹æ£€æŸ¥èµ„æºæ¶ˆè€—...
[36mATRI[0m | 03-13 08:55:00 | DEBUG apscheduler.schedulers.base >> Looking for jobs to run
[36mATRI[0m | 03-13 08:55:00 | DEBUG apscheduler.schedulers.base >> Next wakeup is due at 2022-03-13 08:55:30+08:00 (in 29.999276 seconds)
[36mATRI[0m | 03-13 08:55:00 | INFO apscheduler >> Running job "change_price (trigger: cron[hour='8-21', minute='*', second='*/30'], next run at: 2022-03-13 08:55:30 CST)" (scheduled at 2022-03-13 08:55:00+08:00)
[36mATRI[0m | 03-13 08:55:00 | INFO apscheduler >> Job "change_price (trigger: cron[hour='8-21', minute='*', second='*/30'], next run at: 2022-03-13 08:55:30 CST)" executed successfully
[36mATRI[0m | 03-13 08:55:00 | INFO apscheduler >> Running job "_ (trigger: cron[minute='*'], next run at: 2022-03-13 08:56:00 CST)" (scheduled at 2022-03-13 08:55:00+08:00)
[36mATRI[0m | 03-13 08:55:00 | INFO apscheduler >> Job "_ (trigger: cron[minute='*'], next run at: 2022-03-13 08:56:00 CST)" executed successfully
[36mATRI[0m | 03-13 08:55:30 | DEBUG apscheduler.schedulers.base >> Looking for jobs to run
[36mATRI[0m | 03-13 08:55:30 | DEBUG apscheduler.schedulers.base >> Next wakeup is due at 2022-03-13 08:56:00+08:00 (in 29.998303 seconds)
[36mATRI[0m | 03-13 08:55:30 | INFO apscheduler >> Running job "change_price (trigger: cron[hour='8-21', minute='*', second='*/30'], next run at: 2022-03-13 08:56:00 CST)" (scheduled at 2022-03-13 08:55:30+08:00)
[36mATRI[0m | 03-13 08:55:30 | INFO apscheduler >> Job "change_price (trigger: cron[hour='8-21', minute='*', second='*/30'], next run at: 2022-03-13 08:56:00 CST)" executed successfully
[36mATRI[0m | 03-13 08:56:00 | DEBUG apscheduler.schedulers.base >> Looking for jobs to run
[36mATRI[0m | 03-13 08:56:00 | DEBUG apscheduler.schedulers.base >> Next wakeup is due at 2022-03-13 08:56:30+08:00 (in 29.999310 seconds)
[36mATRI[0m | 03-13 08:56:00 | INFO apscheduler >> Running job "change_price (trigger: cron[hour='8-21', minute='*', second='*/30'], next run at: 2022-03-13 08:56:30 CST)" (scheduled at 2022-03-13 08:56:00+08:00)
[36mATRI[0m | 03-13 08:56:00 | INFO apscheduler >> Job "change_price (trigger: cron[hour='8-21', minute='*', second='*/30'], next run at: 2022-03-13 08:56:30 CST)" executed successfully
[36mATRI[0m | 03-13 08:56:00 | INFO apscheduler >> Running job "_ (trigger: cron[minute='*'], next run at: 2022-03-13 08:57:00 CST)" (scheduled at 2022-03-13 08:56:00+08:00)
[36mATRI[0m | 03-13 08:56:00 | INFO apscheduler >> Job "_ (trigger: cron[minute='*'], next run at: 2022-03-13 08:57:00 CST)" executed successfully
[36mATRI[0m | 03-13 08:56:30 | DEBUG apscheduler.schedulers.base >> Looking for jobs to run
[36mATRI[0m | 03-13 08:56:30 | DEBUG apscheduler.schedulers.base >> Next wakeup is due at 2022-03-13 08:57:00+08:00 (in 29.998342 seconds)
[36mATRI[0m | 03-13 08:56:30 | INFO apscheduler >> Running job "change_price (trigger: cron[hour='8-21', minute='*', second='*/30'], next run at: 2022-03-13 08:57:00 CST)" (scheduled at 2022-03-13 08:56:30+08:00)
[36mATRI[0m | 03-13 08:56:30 | INFO apscheduler >> Job "change_price (trigger: cron[hour='8-21', minute='*', second='*/30'], next run at: 2022-03-13 08:57:00 CST)" executed successfully
[36mATRI[0m | 03-13 08:57:00 | DEBUG apscheduler.schedulers.base >> Looking for jobs to run
[36mATRI[0m | 03-13 08:57:00 | DEBUG apscheduler.schedulers.base >> Next wakeup is due at 2022-03-13 08:57:30+08:00 (in 29.999098 seconds)
[36mATRI[0m | 03-13 08:57:00 | INFO apscheduler >> Running job "change_price (trigger: cron[hour='8-21', minute='*', second='*/30'], next run at: 2022-03-13 08:57:30 CST)" (scheduled at 2022-03-13 08:57:00+08:00)
[36mATRI[0m | 03-13 08:57:00 | INFO apscheduler >> Job "change_price (trigger: cron[hour='8-21', minute='*', second='*/30'], next run at: 2022-03-13 08:57:30 CST)" executed successfully
[36mATRI[0m | 03-13 08:57:00 | INFO apscheduler >> Running job "_ (trigger: cron[minute='*'], next run at: 2022-03-13 08:58:00 CST)" (scheduled at 2022-03-13 08:57:00+08:00)
[36mATRI[0m | 03-13 08:57:00 | INFO apscheduler >> Job "_ (trigger: cron[minute='*'], next run at: 2022-03-13 08:58:00 CST)" executed successfully
[36mATRI[0m | 03-13 08:57:30 | DEBUG apscheduler.schedulers.base >> Looking for jobs to run
[36mATRI[0m | 03-13 08:57:30 | DEBUG apscheduler.schedulers.base >> Next wakeup is due at 2022-03-13 08:58:00+08:00 (in 29.998331 seconds)
[36mATRI[0m | 03-13 08:57:30 | INFO apscheduler >> Running job "change_price (trigger: cron[hour='8-21', minute='*', second='*/30'], next run at: 2022-03-13 08:58:00 CST)" (scheduled at 2022-03-13 08:57:30+08:00)
[36mATRI[0m | 03-13 08:57:30 | INFO apscheduler >> Job "change_price (trigger: cron[hour='8-21', minute='*', second='*/30'], next run at: 2022-03-13 08:58:00 CST)" executed successfully
[36mATRI[0m | 03-13 08:58:00 | DEBUG apscheduler.schedulers.base >> Looking for jobs to run
[36mATRI[0m | 03-13 08:58:00 | DEBUG apscheduler.schedulers.base >> Next wakeup is due at 2022-03-13 08:58:30+08:00 (in 29.999214 seconds)
[36mATRI[0m | 03-13 08:58:00 | INFO apscheduler >> Running job "change_price (trigger: cron[hour='8-21', minute='*', second='*/30'], next run at: 2022-03-13 08:58:30 CST)" (scheduled at 2022-03-13 08:58:00+08:00)
[36mATRI[0m | 03-13 08:58:00 | INFO apscheduler >> Job "change_price (trigger: cron[hour='8-21', minute='*', second='*/30'], next run at: 2022-03-13 08:58:30 CST)" executed successfully
[36mATRI[0m | 03-13 08:58:00 | INFO apscheduler >> Running job "_ (trigger: cron[minute='*'], next run at: 2022-03-13 08:59:00 CST)" (scheduled at 2022-03-13 08:58:00+08:00)
[36mATRI[0m | 03-13 08:58:00 | INFO apscheduler >> Job "_ (trigger: cron[minute='*'], next run at: 2022-03-13 08:59:00 CST)" executed successfully
[36mATRI[0m | 03-13 08:58:30 | DEBUG apscheduler.schedulers.base >> Looking for jobs to run
[36mATRI[0m | 03-13 08:58:30 | DEBUG apscheduler.schedulers.base >> Next wakeup is due at 2022-03-13 08:59:00+08:00 (in 29.998122 seconds)
[36mATRI[0m | 03-13 08:58:30 | INFO apscheduler >> Running job "change_price (trigger: cron[hour='8-21', minute='*', second='*/30'], next run at: 2022-03-13 08:59:00 CST)" (scheduled at 2022-03-13 08:58:30+08:00)
[36mATRI[0m | 03-13 08:58:30 | INFO apscheduler >> Job "change_price (trigger: cron[hour='8-21', minute='*', second='*/30'], next run at: 2022-03-13 08:59:00 CST)" executed successfully
[36mATRI[0m | 03-13 08:59:00 | DEBUG apscheduler.schedulers.base >> Looking for jobs to run
[36mATRI[0m | 03-13 08:59:00 | DEBUG apscheduler.schedulers.base >> Next wakeup is due at 2022-03-13 08:59:30+08:00 (in 29.998795 seconds)
[36mATRI[0m | 03-13 08:59:00 | INFO apscheduler >> Running job "change_price (trigger: cron[hour='8-21', minute='*', second='*/30'], next run at: 2022-03-13 08:59:30 CST)" (scheduled at 2022-03-13 08:59:00+08:00)
[36mATRI[0m | 03-13 08:59:00 | INFO apscheduler >> Job "change_price (trigger: cron[hour='8-21', minute='*', second='*/30'], next run at: 2022-03-13 08:59:30 CST)" executed successfully
[36mATRI[0m | 03-13 08:59:00 | INFO apscheduler >> Running job "_ (trigger: cron[minute='*'], next run at: 2022-03-13 09:00:00 CST)" (scheduled at 2022-03-13 08:59:00+08:00)
[36mATRI[0m | 03-13 08:59:00 | INFO apscheduler >> Job "_ (trigger: cron[minute='*'], next run at: 2022-03-13 09:00:00 CST)" executed successfully
[36mATRI[0m | 03-13 08:59:30 | DEBUG apscheduler.schedulers.base >> Looking for jobs to run
[36mATRI[0m | 03-13 08:59:30 | DEBUG apscheduler.schedulers.base >> Next wakeup is due at 2022-03-13 09:00:00+08:00 (in 29.998915 seconds)
[36mATRI[0m | 03-13 08:59:30 | INFO apscheduler >> Running job "change_price (trigger: cron[hour='8-21', minute='*', second='*/30'], next run at: 2022-03-13 09:00:00 CST)" (scheduled at 2022-03-13 08:59:30+08:00)
[36mATRI[0m | 03-13 08:59:30 | INFO apscheduler >> Job "change_price (trigger: cron[hour='8-21', minute='*', second='*/30'], next run at: 2022-03-13 09:00:00 CST)" executed successfully
[36mATRI[0m | 03-13 09:00:00 | DEBUG apscheduler.schedulers.base >> Looking for jobs to run
[36mATRI[0m | 03-13 09:00:00 | DEBUG apscheduler.schedulers.base >> Next wakeup is due at 2022-03-13 09:00:30+08:00 (in 29.998064 seconds)
[36mATRI[0m | 03-13 09:00:00 | INFO apscheduler >> Running job "change_price (trigger: cron[hour='8-21', minute='*', second='*/30'], next run at: 2022-03-13 09:00:30 CST)" (scheduled at 2022-03-13 09:00:00+08:00)
[36mATRI[0m | 03-13 09:00:00 | INFO apscheduler >> Job "change_price (trigger: cron[hour='8-21', minute='*', second='*/30'], next run at: 2022-03-13 09:00:30 CST)" executed successfully
[36mATRI[0m | 03-13 09:00:00 | INFO apscheduler >> Running job "_ (trigger: cron[minute='*'], next run at: 2022-03-13 09:01:00 CST)" (scheduled at 2022-03-13 09:00:00+08:00)
[36mATRI[0m | 03-13 09:00:00 | INFO apscheduler >> Job "_ (trigger: cron[minute='*'], next run at: 2022-03-13 09:01:00 CST)" executed successfully
[36mATRI[0m | 03-13 09:00:30 | DEBUG apscheduler.schedulers.base >> Looking for jobs to run
[36mATRI[0m | 03-13 09:00:30 | DEBUG apscheduler.schedulers.base >> Next wakeup is due at 2022-03-13 09:01:00+08:00 (in 29.998557 seconds)
[36mATRI[0m | 03-13 09:00:30 | INFO apscheduler >> Running job "change_price (trigger: cron[hour='8-21', minute='*', second='*/30'], next run at: 2022-03-13 09:01:00 CST)" (scheduled at 2022-03-13 09:00:30+08:00)
[36mATRI[0m | 03-13 09:00:30 | INFO apscheduler >> Job "change_price (trigger: cron[hour='8-21', minute='*', second='*/30'], next run at: 2022-03-13 09:01:00 CST)" executed successfully
[36mATRI[0m | 03-13 09:01:00 | DEBUG apscheduler.schedulers.base >> Looking for jobs to run
[36mATRI[0m | 03-13 09:01:00 | DEBUG apscheduler.schedulers.base >> Next wakeup is due at 2022-03-13 09:01:30+08:00 (in 29.998572 seconds)
[36mATRI[0m | 03-13 09:01:00 | INFO apscheduler >> Running job "change_price (trigger: cron[hour='8-21', minute='*', second='*/30'], next run at: 2022-03-13 09:01:30 CST)" (scheduled at 2022-03-13 09:01:00+08:00)
[36mATRI[0m | 03-13 09:01:00 | INFO apscheduler >> Job "change_price (trigger: cron[hour='8-21', minute='*', second='*/30'], next run at: 2022-03-13 09:01:30 CST)" executed successfully
[36mATRI[0m | 03-13 09:01:00 | INFO apscheduler >> Running job "_ (trigger: cron[minute='*'], next run at: 2022-03-13 09:02:00 CST)" (scheduled at 2022-03-13 09:01:00+08:00)
[36mATRI[0m | 03-13 09:01:00 | INFO apscheduler >> Job "_ (trigger: cron[minute='*'], next run at: 2022-03-13 09:02:00 CST)" executed successfully
[36mATRI[0m | 03-13 09:01:30 | DEBUG apscheduler.schedulers.base >> Looking for jobs to run
[36mATRI[0m | 03-13 09:01:30 | DEBUG apscheduler.schedulers.base >> Next wakeup is due at 2022-03-13 09:02:00+08:00 (in 29.998417 seconds)
[36mATRI[0m | 03-13 09:01:30 | INFO apscheduler >> Running job "change_price (trigger: cron[hour='8-21', minute='*', second='*/30'], next run at: 2022-03-13 09:02:00 CST)" (scheduled at 2022-03-13 09:01:30+08:00)
[36mATRI[0m | 03-13 09:01:30 | INFO apscheduler >> Job "change_price (trigger: cron[hour='8-21', minute='*', second='*/30'], next run at: 2022-03-13 09:02:00 CST)" executed successfully
[36mATRI[0m | 03-13 09:02:00 | DEBUG apscheduler.schedulers.base >> Looking for jobs to run
[36mATRI[0m | 03-13 09:02:00 | DEBUG apscheduler.schedulers.base >> Next wakeup is due at 2022-03-13 09:02:30+08:00 (in 29.999491 seconds)
[36mATRI[0m | 03-13 09:02:00 | INFO apscheduler >> Running job "change_price (trigger: cron[hour='8-21', minute='*', second='*/30'], next run at: 2022-03-13 09:02:30 CST)" (scheduled at 2022-03-13 09:02:00+08:00)
[36mATRI[0m | 03-13 09:02:00 | INFO apscheduler >> Job "change_price (trigger: cron[hour='8-21', minute='*', second='*/30'], next run at: 2022-03-13 09:02:30 CST)" executed successfully
[36mATRI[0m | 03-13 09:02:00 | INFO apscheduler >> Running job "_ (trigger: cron[minute='*'], next run at: 2022-03-13 09:03:00 CST)" (scheduled at 2022-03-13 09:02:00+08:00)
[36mATRI[0m | 03-13 09:02:00 | INFO apscheduler >> Job "_ (trigger: cron[minute='*'], next run at: 2022-03-13 09:03:00 CST)" executed successfully
[36mATRI[0m | 03-13 09:02:30 | DEBUG apscheduler.schedulers.base >> Looking for jobs to run
[36mATRI[0m | 03-13 09:02:30 | DEBUG apscheduler.schedulers.base >> Next wakeup is due at 2022-03-13 09:03:00+08:00 (in 29.998224 seconds)
[36mATRI[0m | 03-13 09:02:30 | INFO apscheduler >> Running job "change_price (trigger: cron[hour='8-21', minute='*', second='*/30'], next run at: 2022-03-13 09:03:00 CST)" (scheduled at 2022-03-13 09:02:30+08:00)
[36mATRI[0m | 03-13 09:02:30 | INFO apscheduler >> Job "change_price (trigger: cron[hour='8-21', minute='*', second='*/30'], next run at: 2022-03-13 09:03:00 CST)" executed successfully
[36mATRI[0m | 03-13 09:03:00 | DEBUG apscheduler.schedulers.base >> Looking for jobs to run
[36mATRI[0m | 03-13 09:03:00 | DEBUG apscheduler.schedulers.base >> Next wakeup is due at 2022-03-13 09:03:30+08:00 (in 29.981493 seconds)
[36mATRI[0m | 03-13 09:03:00 | INFO apscheduler >> Running job "change_price (trigger: cron[hour='8-21', minute='*', second='*/30'], next run at: 2022-03-13 09:03:30 CST)" (scheduled at 2022-03-13 09:03:00+08:00)
[36mATRI[0m | 03-13 09:03:00 | INFO apscheduler >> Job "change_price (trigger: cron[hour='8-21', minute='*', second='*/30'], next run at: 2022-03-13 09:03:30 CST)" executed successfully
[36mATRI[0m | 03-13 09:03:00 | INFO apscheduler >> Running job "_ (trigger: cron[minute='*'], next run at: 2022-03-13 09:04:00 CST)" (scheduled at 2022-03-13 09:03:00+08:00)
[36mATRI[0m | 03-13 09:03:00 | INFO apscheduler >> Job "_ (trigger: cron[minute='*'], next run at: 2022-03-13 09:04:00 CST)" executed successfully
[36mATRI[0m | 03-13 09:03:30 | DEBUG apscheduler.schedulers.base >> Looking for jobs to run
[36mATRI[0m | 03-13 09:03:30 | DEBUG apscheduler.schedulers.base >> Next wakeup is due at 2022-03-13 09:04:00+08:00 (in 29.996533 seconds)
[36mATRI[0m | 03-13 09:03:30 | INFO apscheduler >> Running job "change_price (trigger: cron[hour='8-21', minute='*', second='*/30'], next run at: 2022-03-13 09:04:00 CST)" (scheduled at 2022-03-13 09:03:30+08:00)
[36mATRI[0m | 03-13 09:03:30 | INFO apscheduler >> Job "change_price (trigger: cron[hour='8-21', minute='*', second='*/30'], next run at: 2022-03-13 09:04:00 CST)" executed successfully
[36mATRI[0m | 03-13 09:03:32 | INFO uvicorn >> Shutting down
[36mATRI[0m | 03-13 09:03:32 | INFO uvicorn >> Waiting for application shutdown.
[36mATRI[0m | 03-13 09:03:33 | INFO nonebot_plugin_htmlrender >> Browser Stoped.
[36mATRI[0m | 03-13 09:03:33 | INFO src >> Browser Stoped.
[36mATRI[0m | 03-13 09:03:33 | INFO uvicorn >> Application shutdown complete.
[36mATRI[0m | 03-13 09:03:33 | INFO uvicorn >> Finished server process [32230]
